2021-04-19 14:23:44 | check_barcodes.R ---------------------------------------- 
Experiment:
  id             created output_directory exp_name n_plates
1 13 2021-04-17 12:24:39  20210417_output   output        6

Warning message:
The `x` argument of `as_tibble.matrix()` must have unique column names if `.name_repair` is omitted as of tibble 2.0.0.
Using compatibility `.name_repair`.
This warning is displayed once every 8 hours.
Call `lifecycle::last_warnings()` to see where this warning was generated. 
All barcodes read ok?  TRUE 
DUPLICATE BARCODES!!
          carrier cartridge position    barcode
1  [StoreX_22Pos]         1        1 2021041725
2  [StoreX_22Pos]         1        2 2021041726
3  [StoreX_22Pos]         1        3 2021041727
4  [StoreX_22Pos]         1        4 2021041728
5  [StoreX_22Pos]         1        5 2021041729
6  [StoreX_22Pos]         1        6 2021041730
7  [StoreX_22Pos]         1        8 2021041707
8  [StoreX_22Pos]         1        9 2021041708
9  [StoreX_22Pos]         1       10 2021041709
10 [StoreX_22Pos]         1       11 2021041710
11 [StoreX_22Pos]         1       12 2021041711
12 [StoreX_22Pos]         1       13 2021041712
13 [StoreX_22Pos]         1       15 2021041713
14 [StoreX_22Pos]         1       16 2021041714
15 [StoreX_22Pos]         1       17 2021041715
16 [StoreX_22Pos]         1       18 2021041716
17 [StoreX_22Pos]         1       19 2021041717
18 [StoreX_22Pos]         1       20 2021041718
19 [StoreX_22Pos]         2        1 2021041725
20 [StoreX_22Pos]         2        2 2021041726
21 [StoreX_22Pos]         2        3 2021041727
22 [StoreX_22Pos]         2        4 2021041728
23 [StoreX_22Pos]         2        5 2021041729
24 [StoreX_22Pos]         2        6 2021041730
25 [StoreX_22Pos]         2        8 2021041707
26 [StoreX_22Pos]         2        9 2021041708
27 [StoreX_22Pos]         2       10 2021041709
28 [StoreX_22Pos]         2       11 2021041710
29 [StoreX_22Pos]         2       12 2021041711
30 [StoreX_22Pos]         2       13 2021041712
31 [StoreX_22Pos]         2       15 2021041713
32 [StoreX_22Pos]         2       16 2021041714
33 [StoreX_22Pos]         2       17 2021041715
34 [StoreX_22Pos]         2       18 2021041716
35 [StoreX_22Pos]         2       19 2021041717
36 [StoreX_22Pos]         2       20 2021041718

Some missing barcodes:
   transfer run  desc plate_n    barcode ab
1         1   1 assay       1 2021041801  N
2         1   1 assay       2 2021041802  N
3         1   1 assay       3 2021041803  N
4         1   1 assay       4 2021041804  N
5         1   1 assay       5 2021041805  N
6         1   1 assay       6 2021041806  N
7         2   1    on       1 2021041831  N
8         1   1  test       1 2021041832  N
9         1   1  test       1 2021041833  A
10        1   1  test       1 2021041834  B
11        1   1  test       1 2021041835 AB
12        2   1 assay       1 2021041901  N
13        2   1 assay       2 2021041902  N
14        2   1 assay       3 2021041903  N
15        2   1 assay       4 2021041904  N
16        2   1 assay       5 2021041905  N
17        2   1 assay       6 2021041906  N
18        2   1  test       1 2021041932  N
19        2   1  test       1 2021041933  A
20        2   1  test       1 2021041934  B
21        2   1  test       1 2021041935 AB

2021-04-19 14:23:44 | check_barcodes.R done.----------------------------------- 

2021-04-19 14:26:29 | check_barcodes.R ---------------------------------------- 
Experiment:
  id             created output_directory exp_name n_plates
1 13 2021-04-17 12:24:39  20210417_output   output        6

Warning message:
The `x` argument of `as_tibble.matrix()` must have unique column names if `.name_repair` is omitted as of tibble 2.0.0.
Using compatibility `.name_repair`.
This warning is displayed once every 8 hours.
Call `lifecycle::last_warnings()` to see where this warning was generated. 
All barcodes read ok?  TRUE 
no missing barcodes, as far as I know!
2021-04-19 14:26:29 | check_barcodes.R done.----------------------------------- 

