2021-04-29 10:56:14 | check_barcodes.R ---------------------------------------- 
Experiment:
  id             created output_directory exp_name n_plates
1 13 2021-04-17 12:24:39  20210417_output   output        6

Warning message:
The `x` argument of `as_tibble.matrix()` must have unique column names if `.name_repair` is omitted as of tibble 2.0.0.
Using compatibility `.name_repair`.
This warning is displayed once every 8 hours.
Call `lifecycle::last_warnings()` to see where this warning was generated. 
All barcodes read ok?  TRUE 
DUPLICATE BARCODES!!
          carrier cartridge position    barcode
1  [StoreX_22Pos]         1        1 2021042825
2  [StoreX_22Pos]         1        2 2021042826
3  [StoreX_22Pos]         1        3 2021042827
4  [StoreX_22Pos]         1        4 2021042828
5  [StoreX_22Pos]         1        5 2021042829
6  [StoreX_22Pos]         1        6 2021042830
7  [StoreX_22Pos]         1       17 2021042725
8  [StoreX_22Pos]         1       18 2021042726
9  [StoreX_22Pos]         1       19 2021042727
10 [StoreX_22Pos]         1       20 2021042728
11 [StoreX_22Pos]         1       21 2021042729
12 [StoreX_22Pos]         1       22 2021042730
13 [StoreX_22Pos]         4        1 2021042825
14 [StoreX_22Pos]         4        2 2021042826
15 [StoreX_22Pos]         4        3 2021042827
16 [StoreX_22Pos]         4        4 2021042828
17 [StoreX_22Pos]         4        5 2021042829
18 [StoreX_22Pos]         4        6 2021042830
19 [StoreX_22Pos]         4       17 2021042725
20 [StoreX_22Pos]         4       18 2021042726
21 [StoreX_22Pos]         4       19 2021042727
22 [StoreX_22Pos]         4       20 2021042728
23 [StoreX_22Pos]         4       21 2021042729
24 [StoreX_22Pos]         4       22 2021042730

Some missing barcodes:
   transfer run  desc plate_n    barcode ab
1        11   1 assay       1 2021042801  N
2        11   1 assay       2 2021042802  N
3        11   1 assay       3 2021042803  N
4        11   1 assay       4 2021042804  N
5        11   1 assay       5 2021042805  N
6        11   1 assay       6 2021042806  N
7        12   1    on       1 2021042831  N
8        11   1  test       1 2021042832  N
9        11   1  test       1 2021042833  A
10       11   1  test       1 2021042834  B
11       11   1  test       1 2021042835 AB
12       12   1 assay       1 2021042901  N
13       12   1 assay       2 2021042902  N
14       12   1 assay       3 2021042903  N
15       12   1 assay       4 2021042904  N
16       12   1 assay       5 2021042905  N
17       12   1 assay       6 2021042906  N
18       12   1  test       1 2021042932  N
19       12   1  test       1 2021042933  A
20       12   1  test       1 2021042934  B
21       12   1  test       1 2021042935 AB

2021-04-29 10:56:14 | check_barcodes.R done.----------------------------------- 

2021-04-29 19:23:19 | check_barcodes.R ---------------------------------------- 
Experiment:
  id             created output_directory exp_name n_plates
1 13 2021-04-17 12:24:39  20210417_output   output        6

Warning message:
The `x` argument of `as_tibble.matrix()` must have unique column names if `.name_repair` is omitted as of tibble 2.0.0.
Using compatibility `.name_repair`.
This warning is displayed once every 8 hours.
Call `lifecycle::last_warnings()` to see where this warning was generated. 
All barcodes read ok?  FALSE 
Some missing barcodes:
  transfer run  desc plate_n    barcode ab
1       11   1 assay       4 2021042804  N

2021-04-29 19:23:19 | check_barcodes.R done.----------------------------------- 

2021-04-29 19:24:37 | check_barcodes.R ---------------------------------------- 
Experiment:
  id             created output_directory exp_name n_plates
1 13 2021-04-17 12:24:39  20210417_output   output        6

Warning message:
The `x` argument of `as_tibble.matrix()` must have unique column names if `.name_repair` is omitted as of tibble 2.0.0.
Using compatibility `.name_repair`.
This warning is displayed once every 8 hours.
Call `lifecycle::last_warnings()` to see where this warning was generated. 
All barcodes read ok?  TRUE 
no missing barcodes, as far as I know!
2021-04-29 19:24:37 | check_barcodes.R done.----------------------------------- 

