2021-05-11 13:41:07 | check_barcodes.R ---------------------------------------- 
Experiment:
  id             created output_directory exp_name n_plates
1 13 2021-04-17 12:24:39  20210417_output   output        6

Warning message:
The `x` argument of `as_tibble.matrix()` must have unique column names if `.name_repair` is omitted as of tibble 2.0.0.
Using compatibility `.name_repair`.
This warning is displayed once every 8 hours.
Call `lifecycle::last_warnings()` to see where this warning was generated. 
All barcodes read ok?  TRUE 
Some missing barcodes:
  transfer run desc plate_n    barcode ab
1       19   1   on       1 2021051031  N

2021-05-11 13:41:07 | check_barcodes.R done.----------------------------------- 

2021-05-11 13:41:50 | check_barcodes.R ---------------------------------------- 
Experiment:
  id             created output_directory exp_name n_plates
1 13 2021-04-17 12:24:39  20210417_output   output        6

Warning message:
The `x` argument of `as_tibble.matrix()` must have unique column names if `.name_repair` is omitted as of tibble 2.0.0.
Using compatibility `.name_repair`.
This warning is displayed once every 8 hours.
Call `lifecycle::last_warnings()` to see where this warning was generated. 
All barcodes read ok?  TRUE 
Some missing barcodes:
  transfer run desc plate_n    barcode ab
1       19   1   on       1 2021051031  N

2021-05-11 13:41:50 | check_barcodes.R done.----------------------------------- 

