2021-05-10 12:12:56 | check_barcodes.R ---------------------------------------- 
Experiment:
  id             created output_directory exp_name n_plates
1 13 2021-04-17 12:24:39  20210417_output   output        6

Warning message:
The `x` argument of `as_tibble.matrix()` must have unique column names if `.name_repair` is omitted as of tibble 2.0.0.
Using compatibility `.name_repair`.
This warning is displayed once every 8 hours.
Call `lifecycle::last_warnings()` to see where this warning was generated. 
All barcodes read ok?  FALSE 
DUPLICATE BARCODES!!
          carrier cartridge position    barcode
1  [StoreX_22Pos]         1        1 2021050719
2  [StoreX_22Pos]         1        2 2021050720
3  [StoreX_22Pos]         1        3 2021050721
4  [StoreX_22Pos]         1        4 2021050722
5  [StoreX_22Pos]         1        5 2021050723
6  [StoreX_22Pos]         1        6 2021050724
7  [StoreX_22Pos]         1        8 2021050725
8  [StoreX_22Pos]         1        9 2021050726
9  [StoreX_22Pos]         1       10 2021050727
10 [StoreX_22Pos]         1       11 2021050728
11 [StoreX_22Pos]         1       12 2021050729
12 [StoreX_22Pos]         1       13 2021050730
13 [StoreX_22Pos]         4        1 2021050719
14 [StoreX_22Pos]         4        2 2021050720
15 [StoreX_22Pos]         4        3 2021050721
16 [StoreX_22Pos]         4        4 2021050722
17 [StoreX_22Pos]         4        5 2021050723
18 [StoreX_22Pos]         4        6 2021050724
19 [StoreX_22Pos]         4        8 2021050725
20 [StoreX_22Pos]         4        9 2021050726
21 [StoreX_22Pos]         4       10 2021050727
22 [StoreX_22Pos]         4       11 2021050728
23 [StoreX_22Pos]         4       12 2021050729
24 [StoreX_22Pos]         4       13 2021050730

Some missing barcodes:
   transfer run  desc plate_n    barcode ab
1        17   1 assay       1 2021050801  N
2        17   1 assay       2 2021050802  N
3        17   1 assay       3 2021050803  N
4        17   1 assay       4 2021050804  N
5        17   1 assay       5 2021050805  N
6        17   1 assay       6 2021050806  N
7        18   1    on       1 2021050831  N
8        17   1  test       1 2021050832  N
9        17   1  test       1 2021050833  A
10       17   1  test       1 2021050834  B
11       17   1  test       1 2021050835 AB
12       18   1 assay       1 2021051001  N
13       18   1 assay       2 2021051002  N
14       18   1 assay       3 2021051003  N
15       18   1 assay       4 2021051004  N
16       18   1 assay       5 2021051005  N
17       18   1 assay       6 2021051006  N
18       18   1  test       1 2021051032  N
19       18   1  test       1 2021051033  A
20       18   1  test       1 2021051034  B
21       18   1  test       1 2021051035 AB

2021-05-10 12:12:56 | check_barcodes.R done.----------------------------------- 

2021-05-10 12:13:48 | check_barcodes.R ---------------------------------------- 
Experiment:
  id             created output_directory exp_name n_plates
1 13 2021-04-17 12:24:39  20210417_output   output        6

Warning message:
The `x` argument of `as_tibble.matrix()` must have unique column names if `.name_repair` is omitted as of tibble 2.0.0.
Using compatibility `.name_repair`.
This warning is displayed once every 8 hours.
Call `lifecycle::last_warnings()` to see where this warning was generated. 
All barcodes read ok?  FALSE 
no missing barcodes, as far as I know!
2021-05-10 12:13:48 | check_barcodes.R done.----------------------------------- 

2021-05-11 13:32:18 | check_barcodes.R ---------------------------------------- 
Experiment:
  id             created output_directory exp_name n_plates
1 13 2021-04-17 12:24:39  20210417_output   output        6

Warning message:
The `x` argument of `as_tibble.matrix()` must have unique column names if `.name_repair` is omitted as of tibble 2.0.0.
Using compatibility `.name_repair`.
This warning is displayed once every 8 hours.
Call `lifecycle::last_warnings()` to see where this warning was generated. 
All barcodes read ok?  TRUE 
Some missing barcodes:
   transfer run  desc plate_n    barcode ab
1        16   1  agar       1 2021050707  N
2        16   1  agar       2 2021050708  N
3        16   1  agar       3 2021050709  N
4        16   1  agar       4 2021050710  N
5        16   1  agar       5 2021050711  N
6        16   1  agar       6 2021050712  N
7        16   1  agar       1 2021050713  A
8        16   1  agar       2 2021050714  A
9        16   1  agar       3 2021050715  A
10       16   1  agar       4 2021050716  A
11       16   1  agar       5 2021050717  A
12       16   1  agar       6 2021050718  A
13       16   1  agar       1 2021050719  B
14       16   1  agar       2 2021050720  B
15       16   1  agar       3 2021050721  B
16       16   1  agar       4 2021050722  B
17       16   1  agar       5 2021050723  B
18       16   1  agar       6 2021050724  B
19       16   1  agar       1 2021050725 AB
20       16   1  agar       2 2021050726 AB
21       16   1  agar       3 2021050727 AB
22       16   1  agar       4 2021050728 AB
23       16   1  agar       5 2021050729 AB
24       16   1  agar       6 2021050730 AB
25       17   1 assay       1 2021050801  N
26       17   1 assay       2 2021050802  N
27       17   1 assay       3 2021050803  N
28       17   1 assay       4 2021050804  N
29       17   1 assay       5 2021050805  N
30       17   1 assay       6 2021050806  N
31       18   1    on       1 2021050831  N
32       17   1  test       1 2021050832  N
33       17   1  test       1 2021050833  A
34       17   1  test       1 2021050834  B
35       17   1  test       1 2021050835 AB

2021-05-11 13:32:19 | check_barcodes.R done.----------------------------------- 

