2021-04-18 14:47:32 | generate_bc_files_transfer.R ---------------------------- 
generated BC file: bc_assay 
Warning messages:
1: The `path` argument of `write_delim()` is deprecated as of readr 1.4.0.
Please use the `file` argument instead.
This warning is displayed once every 8 hours.
Call `lifecycle::last_warnings()` to see where this warning was generated. 
2: The `path` argument of `write_csv()` is deprecated as of readr 1.4.0.
Please use the `file` argument instead.
This warning is displayed once every 8 hours.
Call `lifecycle::last_warnings()` to see where this warning was generated. 
generated BC file: bc_last_assay 
generated BC file: bc_on 
generated BC file: bc_test 
generated BC file: bc_agar_1 
generated BC file: bc_agar_2 
generated BC file: bc_agar_3 
generated BC file: bc_agar_4 
generated BC file: bc_agar_5 
generated BC file: bc_agar_6 
2021-04-18 14:47:32 | generate_bc_files_transfer.R done.----------------------- 

2021-04-19 14:26:41 | generate_bc_files_transfer.R ---------------------------- 
generated BC file: bc_assay 
Warning messages:
1: The `path` argument of `write_delim()` is deprecated as of readr 1.4.0.
Please use the `file` argument instead.
This warning is displayed once every 8 hours.
Call `lifecycle::last_warnings()` to see where this warning was generated. 
2: The `path` argument of `write_csv()` is deprecated as of readr 1.4.0.
Please use the `file` argument instead.
This warning is displayed once every 8 hours.
Call `lifecycle::last_warnings()` to see where this warning was generated. 
generated BC file: bc_last_assay 
generated BC file: bc_on 
generated BC file: bc_test 
generated BC file: bc_agar_1 
generated BC file: bc_agar_2 
generated BC file: bc_agar_3 
generated BC file: bc_agar_4 
generated BC file: bc_agar_5 
generated BC file: bc_agar_6 
generated BC file: bc_last_agar_source 
generated BC file: bc_last_agar_1 
generated BC file: bc_last_agar_2 
generated BC file: bc_last_agar_3 
generated BC file: bc_last_agar_4 
generated BC file: bc_last_agar_5 
generated BC file: bc_last_agar_6 
generated BC file: bc_last_test 
2021-04-19 14:26:41 | generate_bc_files_transfer.R done.----------------------- 

2021-04-20 13:24:34 | generate_bc_files_transfer.R ---------------------------- 
generated BC file: bc_assay 
Warning messages:
1: The `path` argument of `write_delim()` is deprecated as of readr 1.4.0.
Please use the `file` argument instead.
This warning is displayed once every 8 hours.
Call `lifecycle::last_warnings()` to see where this warning was generated. 
2: The `path` argument of `write_csv()` is deprecated as of readr 1.4.0.
Please use the `file` argument instead.
This warning is displayed once every 8 hours.
Call `lifecycle::last_warnings()` to see where this warning was generated. 
generated BC file: bc_last_assay 
generated BC file: bc_on 
generated BC file: bc_test 
generated BC file: bc_agar_1 
generated BC file: bc_agar_2 
generated BC file: bc_agar_3 
generated BC file: bc_agar_4 
generated BC file: bc_agar_5 
generated BC file: bc_agar_6 
generated BC file: bc_last_agar_source 
generated BC file: bc_last_agar_1 
generated BC file: bc_last_agar_2 
generated BC file: bc_last_agar_3 
generated BC file: bc_last_agar_4 
generated BC file: bc_last_agar_5 
generated BC file: bc_last_agar_6 
generated BC file: bc_last_test 
2021-04-20 13:24:34 | generate_bc_files_transfer.R done.----------------------- 

2021-04-21 14:47:53 | generate_bc_files_transfer.R ---------------------------- 
generated BC file: bc_assay 
Warning messages:
1: The `path` argument of `write_delim()` is deprecated as of readr 1.4.0.
Please use the `file` argument instead.
This warning is displayed once every 8 hours.
Call `lifecycle::last_warnings()` to see where this warning was generated. 
2: The `path` argument of `write_csv()` is deprecated as of readr 1.4.0.
Please use the `file` argument instead.
This warning is displayed once every 8 hours.
Call `lifecycle::last_warnings()` to see where this warning was generated. 
generated BC file: bc_last_assay 
generated BC file: bc_on 
generated BC file: bc_test 
generated BC file: bc_agar_1 
generated BC file: bc_agar_2 
generated BC file: bc_agar_3 
generated BC file: bc_agar_4 
generated BC file: bc_agar_5 
generated BC file: bc_agar_6 
generated BC file: bc_last_agar_source 
generated BC file: bc_last_agar_1 
generated BC file: bc_last_agar_2 
generated BC file: bc_last_agar_3 
generated BC file: bc_last_agar_4 
generated BC file: bc_last_agar_5 
generated BC file: bc_last_agar_6 
generated BC file: bc_last_test 
2021-04-21 14:47:53 | generate_bc_files_transfer.R done.----------------------- 

2021-04-22 11:39:26 | generate_bc_files_transfer.R ---------------------------- 
generated BC file: bc_assay 
Warning messages:
1: The `path` argument of `write_delim()` is deprecated as of readr 1.4.0.
Please use the `file` argument instead.
This warning is displayed once every 8 hours.
Call `lifecycle::last_warnings()` to see where this warning was generated. 
2: The `path` argument of `write_csv()` is deprecated as of readr 1.4.0.
Please use the `file` argument instead.
This warning is displayed once every 8 hours.
Call `lifecycle::last_warnings()` to see where this warning was generated. 
generated BC file: bc_last_assay 
generated BC file: bc_on 
generated BC file: bc_test 
generated BC file: bc_agar_1 
generated BC file: bc_agar_2 
generated BC file: bc_agar_3 
generated BC file: bc_agar_4 
generated BC file: bc_agar_5 
generated BC file: bc_agar_6 
generated BC file: bc_last_agar_source 
generated BC file: bc_last_agar_1 
generated BC file: bc_last_agar_2 
generated BC file: bc_last_agar_3 
generated BC file: bc_last_agar_4 
generated BC file: bc_last_agar_5 
generated BC file: bc_last_agar_6 
generated BC file: bc_last_test 
2021-04-22 11:39:27 | generate_bc_files_transfer.R done.----------------------- 

2021-04-23 15:54:16 | generate_bc_files_transfer.R ---------------------------- 
generated BC file: bc_assay 
Warning messages:
1: The `path` argument of `write_delim()` is deprecated as of readr 1.4.0.
Please use the `file` argument instead.
This warning is displayed once every 8 hours.
Call `lifecycle::last_warnings()` to see where this warning was generated. 
2: The `path` argument of `write_csv()` is deprecated as of readr 1.4.0.
Please use the `file` argument instead.
This warning is displayed once every 8 hours.
Call `lifecycle::last_warnings()` to see where this warning was generated. 
generated BC file: bc_last_assay 
generated BC file: bc_on 
generated BC file: bc_test 
generated BC file: bc_agar_1 
generated BC file: bc_agar_2 
generated BC file: bc_agar_3 
generated BC file: bc_agar_4 
generated BC file: bc_agar_5 
generated BC file: bc_agar_6 
generated BC file: bc_last_agar_source 
generated BC file: bc_last_agar_1 
generated BC file: bc_last_agar_2 
generated BC file: bc_last_agar_3 
generated BC file: bc_last_agar_4 
generated BC file: bc_last_agar_5 
generated BC file: bc_last_agar_6 
generated BC file: bc_last_test 
2021-04-23 15:54:16 | generate_bc_files_transfer.R done.----------------------- 

2021-04-24 16:37:28 | generate_bc_files_transfer.R ---------------------------- 
generated BC file: bc_assay 
Warning messages:
1: The `path` argument of `write_delim()` is deprecated as of readr 1.4.0.
Please use the `file` argument instead.
This warning is displayed once every 8 hours.
Call `lifecycle::last_warnings()` to see where this warning was generated. 
2: The `path` argument of `write_csv()` is deprecated as of readr 1.4.0.
Please use the `file` argument instead.
This warning is displayed once every 8 hours.
Call `lifecycle::last_warnings()` to see where this warning was generated. 
generated BC file: bc_last_assay 
generated BC file: bc_on 
generated BC file: bc_test 
generated BC file: bc_agar_1 
generated BC file: bc_agar_2 
generated BC file: bc_agar_3 
generated BC file: bc_agar_4 
generated BC file: bc_agar_5 
generated BC file: bc_agar_6 
generated BC file: bc_last_agar_source 
generated BC file: bc_last_agar_1 
generated BC file: bc_last_agar_2 
generated BC file: bc_last_agar_3 
generated BC file: bc_last_agar_4 
generated BC file: bc_last_agar_5 
generated BC file: bc_last_agar_6 
generated BC file: bc_last_test 
2021-04-24 16:37:28 | generate_bc_files_transfer.R done.----------------------- 

2021-04-25 15:46:55 | generate_bc_files_transfer.R ---------------------------- 
generated BC file: bc_assay 
Warning messages:
1: The `path` argument of `write_delim()` is deprecated as of readr 1.4.0.
Please use the `file` argument instead.
This warning is displayed once every 8 hours.
Call `lifecycle::last_warnings()` to see where this warning was generated. 
2: The `path` argument of `write_csv()` is deprecated as of readr 1.4.0.
Please use the `file` argument instead.
This warning is displayed once every 8 hours.
Call `lifecycle::last_warnings()` to see where this warning was generated. 
generated BC file: bc_last_assay 
generated BC file: bc_on 
generated BC file: bc_test 
generated BC file: bc_agar_1 
generated BC file: bc_agar_2 
generated BC file: bc_agar_3 
generated BC file: bc_agar_4 
generated BC file: bc_agar_5 
generated BC file: bc_agar_6 
generated BC file: bc_last_agar_source 
generated BC file: bc_last_agar_1 
generated BC file: bc_last_agar_2 
generated BC file: bc_last_agar_3 
generated BC file: bc_last_agar_4 
generated BC file: bc_last_agar_5 
generated BC file: bc_last_agar_6 
generated BC file: bc_last_test 
2021-04-25 15:46:55 | generate_bc_files_transfer.R done.----------------------- 

2021-04-26 11:06:31 | generate_bc_files_transfer.R ---------------------------- 
generated BC file: bc_assay 
Warning messages:
1: The `path` argument of `write_delim()` is deprecated as of readr 1.4.0.
Please use the `file` argument instead.
This warning is displayed once every 8 hours.
Call `lifecycle::last_warnings()` to see where this warning was generated. 
2: The `path` argument of `write_csv()` is deprecated as of readr 1.4.0.
Please use the `file` argument instead.
This warning is displayed once every 8 hours.
Call `lifecycle::last_warnings()` to see where this warning was generated. 
generated BC file: bc_last_assay 
generated BC file: bc_on 
generated BC file: bc_test 
generated BC file: bc_agar_1 
generated BC file: bc_agar_2 
generated BC file: bc_agar_3 
generated BC file: bc_agar_4 
generated BC file: bc_agar_5 
generated BC file: bc_agar_6 
generated BC file: bc_last_agar_source 
generated BC file: bc_last_agar_1 
generated BC file: bc_last_agar_2 
generated BC file: bc_last_agar_3 
generated BC file: bc_last_agar_4 
generated BC file: bc_last_agar_5 
generated BC file: bc_last_agar_6 
generated BC file: bc_last_test 
2021-04-26 11:06:31 | generate_bc_files_transfer.R done.----------------------- 

2021-04-26 15:00:40 | generate_bc_files_transfer.R ---------------------------- 
generated BC file: bc_assay 
Warning messages:
1: The `path` argument of `write_delim()` is deprecated as of readr 1.4.0.
Please use the `file` argument instead.
This warning is displayed once every 8 hours.
Call `lifecycle::last_warnings()` to see where this warning was generated. 
2: The `path` argument of `write_csv()` is deprecated as of readr 1.4.0.
Please use the `file` argument instead.
This warning is displayed once every 8 hours.
Call `lifecycle::last_warnings()` to see where this warning was generated. 
generated BC file: bc_last_assay 
generated BC file: bc_on 
generated BC file: bc_test 
generated BC file: bc_agar_1 
generated BC file: bc_agar_2 
generated BC file: bc_agar_3 
generated BC file: bc_agar_4 
generated BC file: bc_agar_5 
generated BC file: bc_agar_6 
generated BC file: bc_last_agar_source 
generated BC file: bc_last_agar_1 
generated BC file: bc_last_agar_2 
generated BC file: bc_last_agar_3 
generated BC file: bc_last_agar_4 
generated BC file: bc_last_agar_5 
generated BC file: bc_last_agar_6 
generated BC file: bc_last_test 
2021-04-26 15:00:40 | generate_bc_files_transfer.R done.----------------------- 

2021-04-27 14:07:46 | generate_bc_files_transfer.R ---------------------------- 
generated BC file: bc_assay 
Warning messages:
1: The `path` argument of `write_delim()` is deprecated as of readr 1.4.0.
Please use the `file` argument instead.
This warning is displayed once every 8 hours.
Call `lifecycle::last_warnings()` to see where this warning was generated. 
2: The `path` argument of `write_csv()` is deprecated as of readr 1.4.0.
Please use the `file` argument instead.
This warning is displayed once every 8 hours.
Call `lifecycle::last_warnings()` to see where this warning was generated. 
generated BC file: bc_last_assay 
generated BC file: bc_on 
generated BC file: bc_test 
generated BC file: bc_agar_1 
generated BC file: bc_agar_2 
generated BC file: bc_agar_3 
generated BC file: bc_agar_4 
generated BC file: bc_agar_5 
generated BC file: bc_agar_6 
generated BC file: bc_last_agar_source 
generated BC file: bc_last_agar_1 
generated BC file: bc_last_agar_2 
generated BC file: bc_last_agar_3 
generated BC file: bc_last_agar_4 
generated BC file: bc_last_agar_5 
generated BC file: bc_last_agar_6 
generated BC file: bc_last_test 
2021-04-27 14:07:46 | generate_bc_files_transfer.R done.----------------------- 

2021-04-28 13:59:42 | generate_bc_files_transfer.R ---------------------------- 
generated BC file: bc_assay 
Warning messages:
1: The `path` argument of `write_delim()` is deprecated as of readr 1.4.0.
Please use the `file` argument instead.
This warning is displayed once every 8 hours.
Call `lifecycle::last_warnings()` to see where this warning was generated. 
2: The `path` argument of `write_csv()` is deprecated as of readr 1.4.0.
Please use the `file` argument instead.
This warning is displayed once every 8 hours.
Call `lifecycle::last_warnings()` to see where this warning was generated. 
generated BC file: bc_last_assay 
generated BC file: bc_on 
generated BC file: bc_test 
generated BC file: bc_agar_1 
generated BC file: bc_agar_2 
generated BC file: bc_agar_3 
generated BC file: bc_agar_4 
generated BC file: bc_agar_5 
generated BC file: bc_agar_6 
generated BC file: bc_last_agar_source 
generated BC file: bc_last_agar_1 
generated BC file: bc_last_agar_2 
generated BC file: bc_last_agar_3 
generated BC file: bc_last_agar_4 
generated BC file: bc_last_agar_5 
generated BC file: bc_last_agar_6 
generated BC file: bc_last_test 
2021-04-28 13:59:42 | generate_bc_files_transfer.R done.----------------------- 

2021-04-29 19:24:51 | generate_bc_files_transfer.R ---------------------------- 
generated BC file: bc_assay 
Warning messages:
1: The `path` argument of `write_delim()` is deprecated as of readr 1.4.0.
Please use the `file` argument instead.
This warning is displayed once every 8 hours.
Call `lifecycle::last_warnings()` to see where this warning was generated. 
2: The `path` argument of `write_csv()` is deprecated as of readr 1.4.0.
Please use the `file` argument instead.
This warning is displayed once every 8 hours.
Call `lifecycle::last_warnings()` to see where this warning was generated. 
generated BC file: bc_last_assay 
generated BC file: bc_on 
generated BC file: bc_test 
generated BC file: bc_agar_1 
generated BC file: bc_agar_2 
generated BC file: bc_agar_3 
generated BC file: bc_agar_4 
generated BC file: bc_agar_5 
generated BC file: bc_agar_6 
generated BC file: bc_last_agar_source 
generated BC file: bc_last_agar_1 
generated BC file: bc_last_agar_2 
generated BC file: bc_last_agar_3 
generated BC file: bc_last_agar_4 
generated BC file: bc_last_agar_5 
generated BC file: bc_last_agar_6 
generated BC file: bc_last_test 
2021-04-29 19:24:52 | generate_bc_files_transfer.R done.----------------------- 

2021-05-03 13:57:10 | generate_bc_files_transfer.R ---------------------------- 
generated BC file: bc_assay 
Warning messages:
1: The `path` argument of `write_delim()` is deprecated as of readr 1.4.0.
Please use the `file` argument instead.
This warning is displayed once every 8 hours.
Call `lifecycle::last_warnings()` to see where this warning was generated. 
2: The `path` argument of `write_csv()` is deprecated as of readr 1.4.0.
Please use the `file` argument instead.
This warning is displayed once every 8 hours.
Call `lifecycle::last_warnings()` to see where this warning was generated. 
generated BC file: bc_last_assay 
generated BC file: bc_on 
generated BC file: bc_test 
generated BC file: bc_agar_1 
generated BC file: bc_agar_2 
generated BC file: bc_agar_3 
generated BC file: bc_agar_4 
generated BC file: bc_agar_5 
generated BC file: bc_agar_6 
generated BC file: bc_last_agar_source 
generated BC file: bc_last_agar_1 
generated BC file: bc_last_agar_2 
generated BC file: bc_last_agar_3 
generated BC file: bc_last_agar_4 
generated BC file: bc_last_agar_5 
generated BC file: bc_last_agar_6 
generated BC file: bc_last_test 
2021-05-03 13:57:10 | generate_bc_files_transfer.R done.----------------------- 

2021-05-04 16:54:29 | generate_bc_files_transfer.R ---------------------------- 
generated BC file: bc_assay 
Warning messages:
1: The `path` argument of `write_delim()` is deprecated as of readr 1.4.0.
Please use the `file` argument instead.
This warning is displayed once every 8 hours.
Call `lifecycle::last_warnings()` to see where this warning was generated. 
2: The `path` argument of `write_csv()` is deprecated as of readr 1.4.0.
Please use the `file` argument instead.
This warning is displayed once every 8 hours.
Call `lifecycle::last_warnings()` to see where this warning was generated. 
generated BC file: bc_last_assay 
generated BC file: bc_on 
generated BC file: bc_test 
generated BC file: bc_agar_1 
generated BC file: bc_agar_2 
generated BC file: bc_agar_3 
generated BC file: bc_agar_4 
generated BC file: bc_agar_5 
generated BC file: bc_agar_6 
generated BC file: bc_last_agar_source 
generated BC file: bc_last_agar_1 
generated BC file: bc_last_agar_2 
generated BC file: bc_last_agar_3 
generated BC file: bc_last_agar_4 
generated BC file: bc_last_agar_5 
generated BC file: bc_last_agar_6 
generated BC file: bc_last_test 
2021-05-04 16:54:29 | generate_bc_files_transfer.R done.----------------------- 

2021-05-06 11:58:37 | generate_bc_files_transfer.R ---------------------------- 
generated BC file: bc_assay 
Warning messages:
1: The `path` argument of `write_delim()` is deprecated as of readr 1.4.0.
Please use the `file` argument instead.
This warning is displayed once every 8 hours.
Call `lifecycle::last_warnings()` to see where this warning was generated. 
2: The `path` argument of `write_csv()` is deprecated as of readr 1.4.0.
Please use the `file` argument instead.
This warning is displayed once every 8 hours.
Call `lifecycle::last_warnings()` to see where this warning was generated. 
generated BC file: bc_last_assay 
generated BC file: bc_on 
generated BC file: bc_test 
generated BC file: bc_agar_1 
generated BC file: bc_agar_2 
generated BC file: bc_agar_3 
generated BC file: bc_agar_4 
generated BC file: bc_agar_5 
generated BC file: bc_agar_6 
generated BC file: bc_last_agar_source 
generated BC file: bc_last_agar_1 
generated BC file: bc_last_agar_2 
generated BC file: bc_last_agar_3 
generated BC file: bc_last_agar_4 
generated BC file: bc_last_agar_5 
generated BC file: bc_last_agar_6 
generated BC file: bc_last_test 
2021-05-06 11:58:38 | generate_bc_files_transfer.R done.----------------------- 

2021-05-07 14:06:08 | generate_bc_files_transfer.R ---------------------------- 
generated BC file: bc_assay 
Warning messages:
1: The `path` argument of `write_delim()` is deprecated as of readr 1.4.0.
Please use the `file` argument instead.
This warning is displayed once every 8 hours.
Call `lifecycle::last_warnings()` to see where this warning was generated. 
2: The `path` argument of `write_csv()` is deprecated as of readr 1.4.0.
Please use the `file` argument instead.
This warning is displayed once every 8 hours.
Call `lifecycle::last_warnings()` to see where this warning was generated. 
generated BC file: bc_last_assay 
generated BC file: bc_on 
generated BC file: bc_test 
generated BC file: bc_agar_1 
generated BC file: bc_agar_2 
generated BC file: bc_agar_3 
generated BC file: bc_agar_4 
generated BC file: bc_agar_5 
generated BC file: bc_agar_6 
generated BC file: bc_last_agar_source 
generated BC file: bc_last_agar_1 
generated BC file: bc_last_agar_2 
generated BC file: bc_last_agar_3 
generated BC file: bc_last_agar_4 
generated BC file: bc_last_agar_5 
generated BC file: bc_last_agar_6 
generated BC file: bc_last_test 
2021-05-07 14:06:09 | generate_bc_files_transfer.R done.----------------------- 

2021-05-07 14:10:07 | generate_bc_files_transfer.R ---------------------------- 
generated BC file: bc_assay 
Warning messages:
1: The `path` argument of `write_delim()` is deprecated as of readr 1.4.0.
Please use the `file` argument instead.
This warning is displayed once every 8 hours.
Call `lifecycle::last_warnings()` to see where this warning was generated. 
2: The `path` argument of `write_csv()` is deprecated as of readr 1.4.0.
Please use the `file` argument instead.
This warning is displayed once every 8 hours.
Call `lifecycle::last_warnings()` to see where this warning was generated. 
generated BC file: bc_last_assay 
generated BC file: bc_on 
generated BC file: bc_test 
generated BC file: bc_agar_1 
generated BC file: bc_agar_2 
generated BC file: bc_agar_3 
generated BC file: bc_agar_4 
generated BC file: bc_agar_5 
generated BC file: bc_agar_6 
generated BC file: bc_last_agar_source 
generated BC file: bc_last_agar_1 
generated BC file: bc_last_agar_2 
generated BC file: bc_last_agar_3 
generated BC file: bc_last_agar_4 
generated BC file: bc_last_agar_5 
generated BC file: bc_last_agar_6 
generated BC file: bc_last_test 
2021-05-07 14:10:07 | generate_bc_files_transfer.R done.----------------------- 

2021-05-08 14:58:17 | generate_bc_files_transfer.R ---------------------------- 
generated BC file: bc_assay 
Warning messages:
1: The `path` argument of `write_delim()` is deprecated as of readr 1.4.0.
Please use the `file` argument instead.
This warning is displayed once every 8 hours.
Call `lifecycle::last_warnings()` to see where this warning was generated. 
2: The `path` argument of `write_csv()` is deprecated as of readr 1.4.0.
Please use the `file` argument instead.
This warning is displayed once every 8 hours.
Call `lifecycle::last_warnings()` to see where this warning was generated. 
generated BC file: bc_last_assay 
generated BC file: bc_on 
generated BC file: bc_test 
generated BC file: bc_agar_1 
generated BC file: bc_agar_2 
generated BC file: bc_agar_3 
generated BC file: bc_agar_4 
generated BC file: bc_agar_5 
generated BC file: bc_agar_6 
generated BC file: bc_last_agar_source 
generated BC file: bc_last_agar_1 
generated BC file: bc_last_agar_2 
generated BC file: bc_last_agar_3 
generated BC file: bc_last_agar_4 
generated BC file: bc_last_agar_5 
generated BC file: bc_last_agar_6 
generated BC file: bc_last_test 
2021-05-08 14:58:17 | generate_bc_files_transfer.R done.----------------------- 

2021-05-10 12:14:03 | generate_bc_files_transfer.R ---------------------------- 
generated BC file: bc_assay 
Warning messages:
1: The `path` argument of `write_delim()` is deprecated as of readr 1.4.0.
Please use the `file` argument instead.
This warning is displayed once every 8 hours.
Call `lifecycle::last_warnings()` to see where this warning was generated. 
2: The `path` argument of `write_csv()` is deprecated as of readr 1.4.0.
Please use the `file` argument instead.
This warning is displayed once every 8 hours.
Call `lifecycle::last_warnings()` to see where this warning was generated. 
generated BC file: bc_last_assay 
generated BC file: bc_on 
generated BC file: bc_test 
generated BC file: bc_agar_1 
generated BC file: bc_agar_2 
generated BC file: bc_agar_3 
generated BC file: bc_agar_4 
generated BC file: bc_agar_5 
generated BC file: bc_agar_6 
generated BC file: bc_last_agar_source 
generated BC file: bc_last_agar_1 
generated BC file: bc_last_agar_2 
generated BC file: bc_last_agar_3 
generated BC file: bc_last_agar_4 
generated BC file: bc_last_agar_5 
generated BC file: bc_last_agar_6 
generated BC file: bc_last_test 
2021-05-10 12:14:03 | generate_bc_files_transfer.R done.----------------------- 

