2021-05-11 13:41:52 | generate_bc_files_end.R --------------------------------- 
generated BC file: bc_last_assay 
Warning messages:
1: The `path` argument of `write_delim()` is deprecated as of readr 1.4.0.
Please use the `file` argument instead.
This warning is displayed once every 8 hours.
Call `lifecycle::last_warnings()` to see where this warning was generated. 
2: The `path` argument of `write_csv()` is deprecated as of readr 1.4.0.
Please use the `file` argument instead.
This warning is displayed once every 8 hours.
Call `lifecycle::last_warnings()` to see where this warning was generated. 
generated BC file: bc_agar_1 
generated BC file: bc_agar_2 
generated BC file: bc_agar_3 
generated BC file: bc_agar_4 
generated BC file: bc_agar_5 
generated BC file: bc_agar_6 
generated BC file: bc_last_agar_source 
generated BC file: bc_last_agar_1 
generated BC file: bc_last_agar_2 
generated BC file: bc_last_agar_3 
generated BC file: bc_last_agar_4 
generated BC file: bc_last_agar_5 
generated BC file: bc_last_agar_6 
2021-05-11 13:41:53 | generate_bc_files_end.R done.---------------------------- 

