2021-04-17 14:24:41 | new_transfer.R ------------------------------------------ 
Experiment: 
# A tibble: 1 x 5
     id created             output_directory exp_name n_plates
  <int> <dttm>              <chr>            <chr>       <int>
1    13 2021-04-17 12:24:39 20210417_output  output          6
turnover:
A_r B_r  bl  UI  wt 
  5   5   2  14  70 

Infection: ( 0 )< table of extent 0 >

Treatment: 
 - Plate  1
none 
  96 
 - Plate  2
none 
  96 
 - Plate  3
none 
  96 
 - Plate  4
none 
  96 
 - Plate  5
none 
  96 
 - Plate  6
none 
  96 

new transfer: 
# A tibble: 1 x 4
      n   run created             type 
  <int> <int> <dttm>              <chr>
1     0     1 2021-04-17 14:24:41 setup
new plate file saved to:  experiments/20210417_output/platefiles/transfer_0.csv 
2021-04-17 14:24:41 | new_transfer.R done ------------------------------------- 

2021-04-18 14:20:37 | new_transfer.R ------------------------------------------ 
Experiment: 
# A tibble: 1 x 5
     id created             output_directory exp_name n_plates
  <int> <dttm>              <chr>            <chr>       <int>
1    13 2021-04-17 12:24:39 20210417_output  output          6
turnover:
bl UI wt 
 2  3 14 

Infection: ( 26 )
 5  9 10 11 12 22 26 28 29 30 39 45 48 57 60 62 66 67 71 83 84 88 92 93 
 1  1  1  1  1  1  1  1  2  1  1  1  1  1  1  2  1  1  1  1  1  1  1  1 

Treatment: 
 - Plate  1
none 
  96 
 - Plate  2
   A none 
  94    2 
 - Plate  3
   B none 
  94    2 
 - Plate  4
  AB none 
  94    2 
 - Plate  5
   A none 
  94    2 
 - Plate  6
   A    B none 
  48   46    2 

new transfer: 
# A tibble: 1 x 4
      n   run created             type    
  <int> <int> <dttm>              <chr>   
1     1     1 2021-04-18 14:20:38 transfer
new plate file saved to:  experiments/20210417_output/platefiles/transfer_1.csv 
2021-04-18 14:20:38 | new_transfer.R done ------------------------------------- 

2021-04-19 14:14:08 | new_transfer.R ------------------------------------------ 
Experiment: 
# A tibble: 1 x 5
     id created             output_directory exp_name n_plates
  <int> <dttm>              <chr>            <chr>       <int>
1    13 2021-04-17 12:24:39 20210417_output  output          6
turnover:
A_r B_r  bl  UI  wt 
  1   2   2   4  14 

Infection: ( 21 )
 3  6 22 30 38 39 45 46 53 57 59 60 66 81 85 96 
 1  1  1  2  1  1  1  1  1  1  2  1  2  1  3  1 

Treatment: 
 - Plate  1
none 
  96 
 - Plate  2
   A none 
  94    2 
 - Plate  3
   B none 
  94    2 
 - Plate  4
  AB none 
  94    2 
 - Plate  5
   A none 
  94    2 
 - Plate  6
   A    B none 
  43   51    2 

new transfer: 
# A tibble: 1 x 4
      n   run created             type    
  <int> <int> <dttm>              <chr>   
1     2     1 2021-04-19 14:14:08 transfer
new plate file saved to:  experiments/20210417_output/platefiles/transfer_2.csv 
2021-04-19 14:14:08 | new_transfer.R done ------------------------------------- 

2021-04-20 13:09:16 | new_transfer.R ------------------------------------------ 
Experiment: 
# A tibble: 1 x 5
     id created             output_directory exp_name n_plates
  <int> <dttm>              <chr>            <chr>       <int>
1    13 2021-04-17 12:24:39 20210417_output  output          6
turnover:
A_r B_r  bl  UI  wt 
  1   1   2   3  14 

Infection: ( 25 )
12 14 19 20 32 34 35 44 48 49 58 61 63 67 70 77 80 84 89 90 93 94 
 1  1  2  1  2  1  1  1  1  2  1  1  1  1  1  1  1  1  1  1  1  1 

Treatment: 
 - Plate  1
none 
  96 
 - Plate  2
   A none 
  94    2 
 - Plate  3
   B none 
  94    2 
 - Plate  4
  AB none 
  94    2 
 - Plate  5
   B none 
  94    2 
 - Plate  6
   A    B none 
  49   45    2 

new transfer: 
# A tibble: 1 x 4
      n   run created             type    
  <int> <int> <dttm>              <chr>   
1     3     1 2021-04-20 13:09:16 transfer
new plate file saved to:  experiments/20210417_output/platefiles/transfer_3.csv 
2021-04-20 13:09:16 | new_transfer.R done ------------------------------------- 

2021-04-21 14:15:58 | new_transfer.R ------------------------------------------ 
Experiment: 
# A tibble: 1 x 5
     id created             output_directory exp_name n_plates
  <int> <dttm>              <chr>            <chr>       <int>
1    13 2021-04-17 12:24:39 20210417_output  output          6
turnover:
A_r B_r  bl  UI  wt 
  2   1   2   3  11 

Infection: ( 29 )
 3 12 18 19 22 27 30 36 38 43 44 47 55 58 60 63 68 69 71 76 79 81 84 90 91 96 
 1  1  2  1  2  1  1  1  2  1  1  1  1  1  1  1  1  1  1  1  1  1  1  1  1  1 

Treatment: 
 - Plate  1
none 
  96 
 - Plate  2
   A none 
  94    2 
 - Plate  3
   B none 
  94    2 
 - Plate  4
  AB none 
  94    2 
 - Plate  5
   B none 
  94    2 
 - Plate  6
   A    B none 
  46   48    2 

new transfer: 
# A tibble: 1 x 4
      n   run created             type    
  <int> <int> <dttm>              <chr>   
1     4     1 2021-04-21 14:15:58 transfer
new plate file saved to:  experiments/20210417_output/platefiles/transfer_4.csv 
2021-04-21 14:15:58 | new_transfer.R done ------------------------------------- 

2021-04-22 11:29:15 | new_transfer.R ------------------------------------------ 
Experiment: 
# A tibble: 1 x 5
     id created             output_directory exp_name n_plates
  <int> <dttm>              <chr>            <chr>       <int>
1    13 2021-04-17 12:24:39 20210417_output  output          6
turnover:
B_r  bl  UI  wt 
  1   2   4   8 

Infection: ( 28 )
 1  2  4 11 13 24 25 30 35 39 40 48 57 59 68 72 74 76 78 81 82 83 85 87 89 
 2  1  1  2  1  1  1  1  1  1  1  2  1  1  1  1  1  1  1  1  1  1  1  1  1 

Treatment: 
 - Plate  1
none 
  96 
 - Plate  2
   A none 
  94    2 
 - Plate  3
   B none 
  94    2 
 - Plate  4
  AB none 
  94    2 
 - Plate  5
   A none 
  94    2 
 - Plate  6
   A    B none 
  51   43    2 

new transfer: 
# A tibble: 1 x 4
      n   run created             type    
  <int> <int> <dttm>              <chr>   
1     5     1 2021-04-22 11:29:16 transfer
new plate file saved to:  experiments/20210417_output/platefiles/transfer_5.csv 
2021-04-22 11:29:16 | new_transfer.R done ------------------------------------- 

2021-04-23 15:50:16 | new_transfer.R ------------------------------------------ 
Experiment: 
# A tibble: 1 x 5
     id created             output_directory exp_name n_plates
  <int> <dttm>              <chr>            <chr>       <int>
1    13 2021-04-17 12:24:39 20210417_output  output          6
turnover:
A_r B_r  bl  UI  wt 
  1   1   2   3   8 

Infection: ( 28 )
 4  5  9 12 19 25 28 35 39 44 47 55 66 68 70 75 81 85 86 87 88 91 
 1  2  1  1  1  1  1  1  1  1  1  1  2  1  1  1  2  2  1  1  3  1 

Treatment: 
 - Plate  1
none 
  96 
 - Plate  2
   A none 
  94    2 
 - Plate  3
   B none 
  94    2 
 - Plate  4
  AB none 
  94    2 
 - Plate  5
   A none 
  94    2 
 - Plate  6
   A    B none 
  37   57    2 

new transfer: 
# A tibble: 1 x 4
      n   run created             type    
  <int> <int> <dttm>              <chr>   
1     6     1 2021-04-23 15:50:16 transfer
new plate file saved to:  experiments/20210417_output/platefiles/transfer_6.csv 
2021-04-23 15:50:16 | new_transfer.R done ------------------------------------- 

2021-04-24 16:34:21 | new_transfer.R ------------------------------------------ 
Experiment: 
# A tibble: 1 x 5
     id created             output_directory exp_name n_plates
  <int> <dttm>              <chr>            <chr>       <int>
1    13 2021-04-17 12:24:39 20210417_output  output          6
turnover:
A_r  bl  UI  wt 
  1   2   2  13 

Infection: ( 24 )
12 19 29 30 32 33 36 40 43 46 47 53 57 58 61 66 70 72 79 81 82 88 
 1  1  1  1  1  1  1  1  1  1  1  1  1  1  1  2  1  2  1  1  1  1 

Treatment: 
 - Plate  1
none 
  96 
 - Plate  2
   A none 
  94    2 
 - Plate  3
   B none 
  94    2 
 - Plate  4
  AB none 
  94    2 
 - Plate  5
   B none 
  94    2 
 - Plate  6
   A    B none 
  49   45    2 

new transfer: 
# A tibble: 1 x 4
      n   run created             type    
  <int> <int> <dttm>              <chr>   
1     7     1 2021-04-24 16:34:21 transfer
new plate file saved to:  experiments/20210417_output/platefiles/transfer_7.csv 
2021-04-24 16:34:21 | new_transfer.R done ------------------------------------- 

2021-04-25 15:43:44 | new_transfer.R ------------------------------------------ 
Experiment: 
# A tibble: 1 x 5
     id created             output_directory exp_name n_plates
  <int> <dttm>              <chr>            <chr>       <int>
1    13 2021-04-17 12:24:39 20210417_output  output          6
turnover:
A_r B_r  bl  UI  wt 
  2   1   2   5  15 

Infection: ( 28 )
 7 13 15 18 22 30 31 35 37 39 45 53 62 65 66 68 69 74 77 78 82 90 91 
 1  1  1  2  1  1  1  1  1  1  1  2  2  1  1  1  1  1  1  1  2  2  1 

Treatment: 
 - Plate  1
none 
  96 
 - Plate  2
   A none 
  94    2 
 - Plate  3
   B none 
  94    2 
 - Plate  4
  AB none 
  94    2 
 - Plate  5
   B none 
  94    2 
 - Plate  6
   A    B none 
  40   54    2 

new transfer: 
# A tibble: 1 x 4
      n   run created             type    
  <int> <int> <dttm>              <chr>   
1     8     1 2021-04-25 15:43:44 transfer
new plate file saved to:  experiments/20210417_output/platefiles/transfer_8.csv 
2021-04-25 15:43:44 | new_transfer.R done ------------------------------------- 

2021-04-26 10:41:32 | new_transfer.R ------------------------------------------ 
Experiment: 
# A tibble: 1 x 5
     id created             output_directory exp_name n_plates
  <int> <dttm>              <chr>            <chr>       <int>
1    13 2021-04-17 12:24:39 20210417_output  output          6
turnover:
A_r B_r  bl  UI  wt 
  2   2   2   3  11 

Infection: ( 24 )
 1  6 22 25 26 35 36 37 40 42 52 53 56 69 71 74 83 89 93 96 
 1  2  1  3  1  1  2  1  1  1  1  1  1  1  1  1  1  1  1  1 

Treatment: 
 - Plate  1
none 
  96 
 - Plate  2
   A none 
  94    2 
 - Plate  3
   B none 
  94    2 
 - Plate  4
  AB none 
  94    2 
 - Plate  5
   A none 
  94    2 
 - Plate  6
   A    B none 
  52   42    2 

new transfer: 
# A tibble: 1 x 4
      n   run created             type    
  <int> <int> <dttm>              <chr>   
1     9     1 2021-04-26 10:41:32 transfer
new plate file saved to:  experiments/20210417_output/platefiles/transfer_9.csv 
2021-04-26 10:41:32 | new_transfer.R done ------------------------------------- 

2021-04-27 13:33:14 | new_transfer.R ------------------------------------------ 
Experiment: 
# A tibble: 1 x 5
     id created             output_directory exp_name n_plates
  <int> <dttm>              <chr>            <chr>       <int>
1    13 2021-04-17 12:24:39 20210417_output  output          6
turnover:
A_r B_r  bl  UI  wt 
  1   1   2   3  11 

Infection: ( 30 )
 5  8  9 10 14 20 30 35 38 39 42 47 48 56 57 71 73 80 82 88 89 91 94 96 
 1  1  1  1  2  1  1  2  1  1  1  1  2  1  2  1  2  1  1  1  2  1  1  1 

Treatment: 
 - Plate  1
none 
  96 
 - Plate  2
   A none 
  94    2 
 - Plate  3
   B none 
  94    2 
 - Plate  4
  AB none 
  94    2 
 - Plate  5
   A none 
  94    2 
 - Plate  6
   A    B none 
  41   53    2 

new transfer: 
# A tibble: 1 x 4
      n   run created             type    
  <int> <int> <dttm>              <chr>   
1    10     1 2021-04-27 13:33:14 transfer
new plate file saved to:  experiments/20210417_output/platefiles/transfer_10.csv 
2021-04-27 13:33:14 | new_transfer.R done ------------------------------------- 

2021-04-28 13:00:28 | new_transfer.R ------------------------------------------ 
Experiment: 
# A tibble: 1 x 5
     id created             output_directory exp_name n_plates
  <int> <dttm>              <chr>            <chr>       <int>
1    13 2021-04-17 12:24:39 20210417_output  output          6
turnover:
B_r  bl  UI  wt 
  2   2   4  18 

Infection: ( 23 )
 5 10 16 18 21 23 25 27 29 32 33 38 43 45 52 59 60 67 72 76 91 
 1  1  1  1  1  1  1  1  1  1  1  2  1  1  1  2  1  1  1  1  1 

Treatment: 
 - Plate  1
none 
  96 
 - Plate  2
   A none 
  94    2 
 - Plate  3
   B none 
  94    2 
 - Plate  4
  AB none 
  94    2 
 - Plate  5
   B none 
  94    2 
 - Plate  6
   A    B none 
  42   52    2 

new transfer: 
# A tibble: 1 x 4
      n   run created             type    
  <int> <int> <dttm>              <chr>   
1    11     1 2021-04-28 13:00:28 transfer
new plate file saved to:  experiments/20210417_output/platefiles/transfer_11.csv 
2021-04-28 13:00:28 | new_transfer.R done ------------------------------------- 

2021-04-29 10:37:01 | new_transfer.R ------------------------------------------ 
Experiment: 
# A tibble: 1 x 5
     id created             output_directory exp_name n_plates
  <int> <dttm>              <chr>            <chr>       <int>
1    13 2021-04-17 12:24:39 20210417_output  output          6
turnover:
A_r  bl  UI  wt 
  1   2   1  16 

Infection: ( 22 )
 6 10 11 18 20 22 26 29 33 36 46 66 76 77 78 82 93 
 1  1  1  2  1  1  2  2  1  1  2  1  1  1  2  1  1 

Treatment: 
 - Plate  1
none 
  96 
 - Plate  2
   A none 
  94    2 
 - Plate  3
   B none 
  94    2 
 - Plate  4
  AB none 
  94    2 
 - Plate  5
   B none 
  94    2 
 - Plate  6
   A    B none 
  48   46    2 

new transfer: 
# A tibble: 1 x 4
      n   run created             type    
  <int> <int> <dttm>              <chr>   
1    12     1 2021-04-29 10:37:01 transfer
new plate file saved to:  experiments/20210417_output/platefiles/transfer_12.csv 
2021-04-29 10:37:01 | new_transfer.R done ------------------------------------- 

2021-04-29 19:19:42 | new_transfer.R ------------------------------------------ 
Experiment: 
# A tibble: 1 x 5
     id created             output_directory exp_name n_plates
  <int> <dttm>              <chr>            <chr>       <int>
1    13 2021-04-17 12:24:39 20210417_output  output          6
turnover:
bl UI wt 
 2  2 20 
!! Forced turnover for wells: 
   46 82 21 92
Infection: ( 33 )
 3  8  9 13 18 21 22 24 30 38 42 43 53 55 58 60 63 70 71 73 78 79 85 94 
 2  1  2  1  1  4  1  1  1  1  3  1  1  1  1  1  1  1  3  1  1  1  1  1 

Treatment: 
 - Plate  1
none 
  96 
 - Plate  2
   A none 
  94    2 
 - Plate  3
   B none 
  94    2 
 - Plate  4
  AB none 
  94    2 
 - Plate  5
   B none 
  94    2 
 - Plate  6
   A    B none 
  45   49    2 

new transfer: 
# A tibble: 1 x 4
      n   run created             type    
  <int> <int> <dttm>              <chr>   
1    12     1 2021-04-29 19:19:42 transfer
new plate file saved to:  experiments/20210417_output/platefiles/transfer_12.csv 
2021-04-29 19:19:42 | new_transfer.R done ------------------------------------- 

2021-05-03 13:41:17 | new_transfer.R ------------------------------------------ 
Experiment: 
# A tibble: 1 x 5
     id created             output_directory exp_name n_plates
  <int> <dttm>              <chr>            <chr>       <int>
1    13 2021-04-17 12:24:39 20210417_output  output          6
turnover:
A_r B_r  bl  UI  wt 
  1   1   2   8  20 
!! Forced turnover for wells: 
   46 82 21 92 94
Error in gen_infection(pars, transfer = transfer_n, ignoreRWell = forceTurnoverWells) : 
  unused argument (ignoreRWell = forceTurnoverWells)
Execution halted
2021-05-03 13:43:46 | new_transfer.R ------------------------------------------ 
Experiment: 
# A tibble: 1 x 5
     id created             output_directory exp_name n_plates
  <int> <dttm>              <chr>            <chr>       <int>
1    13 2021-04-17 12:24:39 20210417_output  output          6
Warning message:
In pars$format$rwells_p[[1]] == forceTurnover :
  longer object length is not a multiple of shorter object length
turnover:
A_r B_r  bl  UI  wt 
  3   1   2   1  14 
!! Forced turnover for wells: 
   46 82 21 92 94
Infection: ( 21 )
 3  4 10 15 19 20 23 31 32 50 53 56 68 71 75 77 84 
 1  1  2  1  1  2  2  2  1  1  1  1  1  1  1  1  1 

Treatment: 
 - Plate  1
none 
  96 
 - Plate  2
   A none 
  94    2 
 - Plate  3
   B none 
  94    2 
 - Plate  4
  AB none 
  94    2 
 - Plate  5
   A none 
  94    2 
 - Plate  6
   A    B none 
  53   41    2 

new transfer: 
# A tibble: 1 x 4
      n   run created             type    
  <int> <int> <dttm>              <chr>   
1    13     1 2021-05-03 13:43:46 transfer
new plate file saved to:  experiments/20210417_output/platefiles/transfer_13.csv 
2021-05-03 13:43:46 | new_transfer.R done ------------------------------------- 

2021-05-04 15:10:30 | new_transfer.R ------------------------------------------ 
Experiment: 
# A tibble: 1 x 5
     id created             output_directory exp_name n_plates
  <int> <dttm>              <chr>            <chr>       <int>
1    13 2021-04-17 12:24:39 20210417_output  output          6
turnover:
A_r B_r  bl  UI  wt 
  1   1   2   3  15 

Infection: ( 20 )
15 19 22 25 30 33 38 44 46 47 48 61 64 70 82 84 87 90 92 
 1  1  1  2  1  1  1  1  1  1  1  1  1  1  1  1  1  1  1 

Treatment: 
 - Plate  1
none 
  96 
 - Plate  2
   A none 
  94    2 
 - Plate  3
   B none 
  94    2 
 - Plate  4
  AB none 
  94    2 
 - Plate  5
   A none 
  94    2 
 - Plate  6
   A    B none 
  45   49    2 

new transfer: 
# A tibble: 1 x 4
      n   run created             type    
  <int> <int> <dttm>              <chr>   
1    14     1 2021-05-04 15:10:30 transfer
new plate file saved to:  experiments/20210417_output/platefiles/transfer_14.csv 
2021-05-04 15:10:30 | new_transfer.R done ------------------------------------- 

2021-05-06 11:39:08 | new_transfer.R ------------------------------------------ 
Experiment: 
# A tibble: 1 x 5
     id created             output_directory exp_name n_plates
  <int> <dttm>              <chr>            <chr>       <int>
1    13 2021-04-17 12:24:39 20210417_output  output          6
turnover:
A_r B_r  bl  UI  wt 
  2   2   2   4  10 

Infection: ( 24 )
 8 24 31 40 43 44 65 66 67 70 71 78 84 86 87 90 95 96 
 1  1  1  1  1  2  1  1  2  2  1  1  3  1  2  1  1  1 

Treatment: 
 - Plate  1
none 
  96 
 - Plate  2
   A none 
  94    2 
 - Plate  3
   B none 
  94    2 
 - Plate  4
  AB none 
  94    2 
 - Plate  5
   B none 
  94    2 
 - Plate  6
   A    B none 
  52   42    2 

new transfer: 
# A tibble: 1 x 4
      n   run created             type    
  <int> <int> <dttm>              <chr>   
1    15     1 2021-05-06 11:39:08 transfer
new plate file saved to:  experiments/20210417_output/platefiles/transfer_15.csv 
2021-05-06 11:39:08 | new_transfer.R done ------------------------------------- 

2021-05-07 13:42:34 | new_transfer.R ------------------------------------------ 
Experiment: 
# A tibble: 1 x 5
     id created             output_directory exp_name n_plates
  <int> <dttm>              <chr>            <chr>       <int>
1    13 2021-04-17 12:24:39 20210417_output  output          6
turnover:
B_r  bl  UI  wt 
  1   2   2  15 

Infection: ( 35 )
 2  4  9 23 25 34 35 38 39 42 44 45 49 50 53 60 68 70 71 72 76 81 84 89 93 94 
 1  1  1  1  1  1  1  1  1  3  1  1  2  1  1  1  1  1  3  1  1  2  2  1  2  2 

Treatment: 
 - Plate  1
none 
  96 
 - Plate  2
   A none 
  94    2 
 - Plate  3
   B none 
  94    2 
 - Plate  4
  AB none 
  94    2 
 - Plate  5
   B none 
  94    2 
 - Plate  6
   A    B none 
  54   40    2 

new transfer: 
# A tibble: 1 x 4
      n   run created             type    
  <int> <int> <dttm>              <chr>   
1    16     1 2021-05-07 13:42:34 transfer
new plate file saved to:  experiments/20210417_output/platefiles/transfer_16.csv 
2021-05-07 13:42:34 | new_transfer.R done ------------------------------------- 

2021-05-08 14:38:24 | new_transfer.R ------------------------------------------ 
Experiment: 
# A tibble: 1 x 5
     id created             output_directory exp_name n_plates
  <int> <dttm>              <chr>            <chr>       <int>
1    13 2021-04-17 12:24:39 20210417_output  output          6
turnover:
B_r  bl  UI  wt 
  4   2   3  13 

Infection: ( 35 )
 2  3  6  7 26 28 43 45 52 56 57 61 63 64 66 70 72 73 76 77 79 85 89 90 94 95 
 1  3  2  1  1  1  1  1  1  1  1  1  2  2  2  2  3  1  1  1  1  1  1  1  1  1 

Treatment: 
 - Plate  1
none 
  96 
 - Plate  2
   A none 
  94    2 
 - Plate  3
   B none 
  94    2 
 - Plate  4
  AB none 
  94    2 
 - Plate  5
   A none 
  94    2 
 - Plate  6
   A    B none 
  37   57    2 

new transfer: 
# A tibble: 1 x 4
      n   run created             type    
  <int> <int> <dttm>              <chr>   
1    17     1 2021-05-08 14:38:25 transfer
new plate file saved to:  experiments/20210417_output/platefiles/transfer_17.csv 
2021-05-08 14:38:25 | new_transfer.R done ------------------------------------- 

2021-05-10 11:53:17 | new_transfer.R ------------------------------------------ 
Experiment: 
# A tibble: 1 x 5
     id created             output_directory exp_name n_plates
  <int> <dttm>              <chr>            <chr>       <int>
1    13 2021-04-17 12:24:39 20210417_output  output          6
turnover:
A_r B_r  bl  UI  wt 
  1   1   2   1  15 

Infection: ( 31 )
 1  4  8 11 12 17 19 26 31 36 40 41 43 52 61 69 70 72 77 88 90 92 
 1  3  3  1  1  1  2  1  1  2  1  3  1  1  1  1  1  1  1  1  1  2 

Treatment: 
 - Plate  1
none 
  96 
 - Plate  2
   A none 
  94    2 
 - Plate  3
   B none 
  94    2 
 - Plate  4
  AB none 
  94    2 
 - Plate  5
   A none 
  94    2 
 - Plate  6
   A    B none 
  54   40    2 

new transfer: 
# A tibble: 1 x 4
      n   run created             type    
  <int> <int> <dttm>              <chr>   
1    18     1 2021-05-10 11:53:17 transfer
new plate file saved to:  experiments/20210417_output/platefiles/transfer_18.csv 
2021-05-10 11:53:17 | new_transfer.R done ------------------------------------- 

