2022-04-20 10:27:53 | check_barcodes.R ---------------------------------------- 
Experiment:
  id             created output_directory exp_name n_plates
1 15 2022-04-12 09:10:57  20220412_output   output        6

Warning message:
The `x` argument of `as_tibble.matrix()` must have unique column names if `.name_repair` is omitted as of tibble 2.0.0.
Using compatibility `.name_repair`.
This warning is displayed once every 8 hours.
Call `lifecycle::last_warnings()` to see where this warning was generated. 
All barcodes read ok?  TRUE 
Some missing barcodes:
   transfer run desc plate_n    barcode ab
1         7   1 agar       1 2022042007  N
2         7   1 agar       2 2022042008  N
3         7   1 agar       3 2022042009  N
4         7   1 agar       4 2022042010  N
5         7   1 agar       5 2022042011  N
6         7   1 agar       6 2022042012  N
7         7   1 agar       1 2022042013  A
8         7   1 agar       2 2022042014  A
9         7   1 agar       3 2022042015  A
10        7   1 agar       4 2022042016  A
11        7   1 agar       5 2022042017  A
12        7   1 agar       6 2022042018  A
13        7   1 agar       1 2022042019  B
14        7   1 agar       2 2022042020  B
15        7   1 agar       3 2022042021  B
16        7   1 agar       4 2022042022  B
17        7   1 agar       5 2022042023  B
18        7   1 agar       6 2022042024  B
19        7   1 agar       1 2022042025 AB
20        7   1 agar       2 2022042026 AB
21        7   1 agar       3 2022042027 AB
22        7   1 agar       4 2022042028 AB
23        7   1 agar       5 2022042029 AB
24        7   1 agar       6 2022042030 AB
25        8   1   on       1 2022042031  N
26        8   1 agar       1 2022042007  N
27        8   1 agar       2 2022042008  N
28        8   1 agar       3 2022042009  N
29        8   1 agar       4 2022042010  N
30        8   1 agar       5 2022042011  N
31        8   1 agar       6 2022042012  N
32        8   1 agar       1 2022042013  A
33        8   1 agar       2 2022042014  A
34        8   1 agar       3 2022042015  A
35        8   1 agar       4 2022042016  A
36        8   1 agar       5 2022042017  A
37        8   1 agar       6 2022042018  A
38        8   1 agar       1 2022042019  B
39        8   1 agar       2 2022042020  B
40        8   1 agar       3 2022042021  B
41        8   1 agar       4 2022042022  B
42        8   1 agar       5 2022042023  B
43        8   1 agar       6 2022042024  B
44        8   1 agar       1 2022042025 AB
45        8   1 agar       2 2022042026 AB
46        8   1 agar       3 2022042027 AB
47        8   1 agar       4 2022042028 AB
48        8   1 agar       5 2022042029 AB
49        8   1 agar       6 2022042030 AB
50        9   1   on       1 2022042031  N
51        9   1 agar       1 2022042007  N
52        9   1 agar       2 2022042008  N
53        9   1 agar       3 2022042009  N
54        9   1 agar       4 2022042010  N
55        9   1 agar       5 2022042011  N
56        9   1 agar       6 2022042012  N
57        9   1 agar       1 2022042013  A
58        9   1 agar       2 2022042014  A
59        9   1 agar       3 2022042015  A
60        9   1 agar       4 2022042016  A
61        9   1 agar       5 2022042017  A
62        9   1 agar       6 2022042018  A
63        9   1 agar       1 2022042019  B
64        9   1 agar       2 2022042020  B
65        9   1 agar       3 2022042021  B
66        9   1 agar       4 2022042022  B
67        9   1 agar       5 2022042023  B
68        9   1 agar       6 2022042024  B
69        9   1 agar       1 2022042025 AB
70        9   1 agar       2 2022042026 AB
71        9   1 agar       3 2022042027 AB
72        9   1 agar       4 2022042028 AB
73        9   1 agar       5 2022042029 AB
74        9   1 agar       6 2022042030 AB
75       10   1   on       1 2022042031  N

2022-04-20 10:27:53 | check_barcodes.R done.----------------------------------- 

2022-04-20 10:31:08 | check_barcodes.R ---------------------------------------- 
Experiment:
  id             created output_directory exp_name n_plates
1 15 2022-04-12 09:10:57  20220412_output   output        6

Warning message:
The `x` argument of `as_tibble.matrix()` must have unique column names if `.name_repair` is omitted as of tibble 2.0.0.
Using compatibility `.name_repair`.
This warning is displayed once every 8 hours.
Call `lifecycle::last_warnings()` to see where this warning was generated. 
All barcodes read ok?  TRUE 
Some missing barcodes:
   transfer run desc plate_n    barcode ab
1         7   1 agar       1 2022042007  N
2         7   1 agar       2 2022042008  N
3         7   1 agar       3 2022042009  N
4         7   1 agar       4 2022042010  N
5         7   1 agar       5 2022042011  N
6         7   1 agar       6 2022042012  N
7         7   1 agar       1 2022042013  A
8         7   1 agar       2 2022042014  A
9         7   1 agar       3 2022042015  A
10        7   1 agar       4 2022042016  A
11        7   1 agar       5 2022042017  A
12        7   1 agar       6 2022042018  A
13        7   1 agar       1 2022042019  B
14        7   1 agar       2 2022042020  B
15        7   1 agar       3 2022042021  B
16        7   1 agar       4 2022042022  B
17        7   1 agar       5 2022042023  B
18        7   1 agar       6 2022042024  B
19        7   1 agar       1 2022042025 AB
20        7   1 agar       2 2022042026 AB
21        7   1 agar       3 2022042027 AB
22        7   1 agar       4 2022042028 AB
23        7   1 agar       5 2022042029 AB
24        7   1 agar       6 2022042030 AB
25        8   1   on       1 2022042031  N
26        8   1 agar       1 2022042007  N
27        8   1 agar       2 2022042008  N
28        8   1 agar       3 2022042009  N
29        8   1 agar       4 2022042010  N
30        8   1 agar       5 2022042011  N
31        8   1 agar       6 2022042012  N
32        8   1 agar       1 2022042013  A
33        8   1 agar       2 2022042014  A
34        8   1 agar       3 2022042015  A
35        8   1 agar       4 2022042016  A
36        8   1 agar       5 2022042017  A
37        8   1 agar       6 2022042018  A
38        8   1 agar       1 2022042019  B
39        8   1 agar       2 2022042020  B
40        8   1 agar       3 2022042021  B
41        8   1 agar       4 2022042022  B
42        8   1 agar       5 2022042023  B
43        8   1 agar       6 2022042024  B
44        8   1 agar       1 2022042025 AB
45        8   1 agar       2 2022042026 AB
46        8   1 agar       3 2022042027 AB
47        8   1 agar       4 2022042028 AB
48        8   1 agar       5 2022042029 AB
49        8   1 agar       6 2022042030 AB
50        9   1   on       1 2022042031  N
51        9   1 agar       1 2022042007  N
52        9   1 agar       2 2022042008  N
53        9   1 agar       3 2022042009  N
54        9   1 agar       4 2022042010  N
55        9   1 agar       5 2022042011  N
56        9   1 agar       6 2022042012  N
57        9   1 agar       1 2022042013  A
58        9   1 agar       2 2022042014  A
59        9   1 agar       3 2022042015  A
60        9   1 agar       4 2022042016  A
61        9   1 agar       5 2022042017  A
62        9   1 agar       6 2022042018  A
63        9   1 agar       1 2022042019  B
64        9   1 agar       2 2022042020  B
65        9   1 agar       3 2022042021  B
66        9   1 agar       4 2022042022  B
67        9   1 agar       5 2022042023  B
68        9   1 agar       6 2022042024  B
69        9   1 agar       1 2022042025 AB
70        9   1 agar       2 2022042026 AB
71        9   1 agar       3 2022042027 AB
72        9   1 agar       4 2022042028 AB
73        9   1 agar       5 2022042029 AB
74        9   1 agar       6 2022042030 AB
75       10   1   on       1 2022042031  N

2022-04-20 10:31:08 | check_barcodes.R done.----------------------------------- 

2022-04-22 11:43:55 | check_barcodes.R ---------------------------------------- 
Experiment:
  id             created output_directory exp_name n_plates
1 15 2022-04-12 09:10:57  20220412_output   output        6

Warning message:
The `x` argument of `as_tibble.matrix()` must have unique column names if `.name_repair` is omitted as of tibble 2.0.0.
Using compatibility `.name_repair`.
This warning is displayed once every 8 hours.
Call `lifecycle::last_warnings()` to see where this warning was generated. 
All barcodes read ok?  FALSE 
Some missing barcodes:
   transfer run  desc plate_n    barcode ab
1         7   1  agar       1 2022042025 AB
2         7   1  agar       2 2022042026 AB
3         7   1  agar       3 2022042027 AB
4         7   1  agar       4 2022042028 AB
5         7   1  agar       5 2022042029 AB
6         7   1  agar       6 2022042030 AB
7         8   1 assay       1 2022042101  N
8         8   1 assay       2 2022042102  N
9         8   1 assay       3 2022042103  N
10        8   1 assay       4 2022042104  N
11        8   1 assay       5 2022042105  N
12        8   1 assay       6 2022042106  N
13        8   1  test       1 2022042132  N
14        8   1  test       1 2022042133  A
15        8   1  test       1 2022042134  B
16        8   1  test       1 2022042135 AB

2022-04-22 11:43:55 | check_barcodes.R done.----------------------------------- 

2022-04-22 11:52:27 | check_barcodes.R ---------------------------------------- 
Experiment:
  id             created output_directory exp_name n_plates
1 15 2022-04-12 09:10:57  20220412_output   output        6

Warning message:
The `x` argument of `as_tibble.matrix()` must have unique column names if `.name_repair` is omitted as of tibble 2.0.0.
Using compatibility `.name_repair`.
This warning is displayed once every 8 hours.
Call `lifecycle::last_warnings()` to see where this warning was generated. 
All barcodes read ok?  FALSE 
DUPLICATE BARCODES!!
   cartridge position    barcode
1          1        1 2022042007
2          1        2 2022042008
3          1        3 2022042009
4          1        4 2022042010
5          1        5 2022042011
6          1        6 2022042012
7          1        8 2022042013
8          1        9 2022042014
9          1       10 2022042015
10         1       11 2022042016
11         1       12 2022042017
12         1       13 2022042018
13         1       15 2022042019
14         1       16 2022042020
15         1       17 2022042021
16         1       18 2022042022
17         1       19 2022042023
18         1       20 2022042024
19         5        1 2022042007
20         5        2 2022042008
21         5        3 2022042009
22         5        4 2022042010
23         5        5 2022042011
24         5        6 2022042012
25         5        8 2022042013
26         5        9 2022042014
27         5       10 2022042015
28         5       11 2022042016
29         5       12 2022042017
30         5       13 2022042018
31         5       15 2022042019
32         5       16 2022042020
33         5       17 2022042021
34         5       18 2022042022
35         5       19 2022042023
36         5       20 2022042024

Some missing barcodes:
   transfer run  desc plate_n    barcode ab
1         7   1  agar       1 2022042025 AB
2         7   1  agar       2 2022042026 AB
3         7   1  agar       3 2022042027 AB
4         7   1  agar       4 2022042028 AB
5         7   1  agar       5 2022042029 AB
6         7   1  agar       6 2022042030 AB
7         8   1 assay       1 2022042101  N
8         8   1 assay       2 2022042102  N
9         8   1 assay       3 2022042103  N
10        8   1 assay       4 2022042104  N
11        8   1 assay       5 2022042105  N
12        8   1 assay       6 2022042106  N
13        8   1  test       1 2022042132  N
14        8   1  test       1 2022042133  A
15        8   1  test       1 2022042134  B
16        8   1  test       1 2022042135 AB

2022-04-22 11:52:27 | check_barcodes.R done.----------------------------------- 

2022-04-22 12:04:26 | check_barcodes.R ---------------------------------------- 
Experiment:
  id             created output_directory exp_name n_plates
1 15 2022-04-12 09:10:57  20220412_output   output        6

Warning message:
The `x` argument of `as_tibble.matrix()` must have unique column names if `.name_repair` is omitted as of tibble 2.0.0.
Using compatibility `.name_repair`.
This warning is displayed once every 8 hours.
Call `lifecycle::last_warnings()` to see where this warning was generated. 
All barcodes read ok?  TRUE 
no missing barcodes, as far as I know!
2022-04-22 12:04:27 | check_barcodes.R done.----------------------------------- 

