2022-04-28 14:16:51 | check_barcodes.R ---------------------------------------- 
Experiment:
  id             created output_directory exp_name n_plates
1 15 2022-04-12 09:10:57  20220412_output   output        6

Warning message:
The `x` argument of `as_tibble.matrix()` must have unique column names if `.name_repair` is omitted as of tibble 2.0.0.
Using compatibility `.name_repair`.
This warning is displayed once every 8 hours.
Call `lifecycle::last_warnings()` to see where this warning was generated. 
All barcodes read ok?  TRUE 
Some missing barcodes:
   transfer run desc plate_n    barcode ab
1        14   1 agar       1 2022042707  N
2        14   1 agar       2 2022042708  N
3        14   1 agar       3 2022042709  N
4        14   1 agar       4 2022042710  N
5        14   1 agar       5 2022042711  N
6        14   1 agar       6 2022042712  N
7        14   1 agar       1 2022042713  A
8        14   1 agar       2 2022042714  A
9        14   1 agar       3 2022042715  A
10       14   1 agar       4 2022042716  A
11       14   1 agar       5 2022042717  A
12       14   1 agar       6 2022042718  A
13       14   1 agar       1 2022042719  B
14       14   1 agar       2 2022042720  B
15       14   1 agar       3 2022042721  B
16       14   1 agar       4 2022042722  B
17       14   1 agar       5 2022042723  B
18       14   1 agar       6 2022042724  B
19       14   1 agar       1 2022042725 AB
20       14   1 agar       2 2022042726 AB
21       14   1 agar       3 2022042727 AB
22       14   1 agar       4 2022042728 AB
23       14   1 agar       5 2022042729 AB
24       14   1 agar       6 2022042730 AB
25       15   1   on       1 2022042731  N

2022-04-28 14:16:51 | check_barcodes.R done.----------------------------------- 

2022-04-28 14:19:35 | check_barcodes.R ---------------------------------------- 
Experiment:
  id             created output_directory exp_name n_plates
1 15 2022-04-12 09:10:57  20220412_output   output        6

Warning message:
The `x` argument of `as_tibble.matrix()` must have unique column names if `.name_repair` is omitted as of tibble 2.0.0.
Using compatibility `.name_repair`.
This warning is displayed once every 8 hours.
Call `lifecycle::last_warnings()` to see where this warning was generated. 
All barcodes read ok?  FALSE 
Some missing barcodes:
  transfer run desc plate_n    barcode ab
1       15   1   on       1 2022042731  N

2022-04-28 14:19:35 | check_barcodes.R done.----------------------------------- 

2022-04-28 14:19:39 | check_barcodes.R ---------------------------------------- 
Experiment:
  id             created output_directory exp_name n_plates
1 15 2022-04-12 09:10:57  20220412_output   output        6

Warning message:
The `x` argument of `as_tibble.matrix()` must have unique column names if `.name_repair` is omitted as of tibble 2.0.0.
Using compatibility `.name_repair`.
This warning is displayed once every 8 hours.
Call `lifecycle::last_warnings()` to see where this warning was generated. 
All barcodes read ok?  FALSE 
Some missing barcodes:
  transfer run desc plate_n    barcode ab
1       15   1   on       1 2022042731  N

2022-04-28 14:19:39 | check_barcodes.R done.----------------------------------- 

2022-04-28 14:21:27 | check_barcodes.R ---------------------------------------- 
Experiment:
  id             created output_directory exp_name n_plates
1 15 2022-04-12 09:10:57  20220412_output   output        6

Warning message:
The `x` argument of `as_tibble.matrix()` must have unique column names if `.name_repair` is omitted as of tibble 2.0.0.
Using compatibility `.name_repair`.
This warning is displayed once every 8 hours.
Call `lifecycle::last_warnings()` to see where this warning was generated. 
All barcodes read ok?  FALSE 
Some missing barcodes:
  transfer run desc plate_n    barcode ab
1       15   1   on       1 2022042731  N

2022-04-28 14:21:28 | check_barcodes.R done.----------------------------------- 

