2022-04-17 12:27:52 | check_barcodes.R ---------------------------------------- 
Experiment:
  id             created output_directory exp_name n_plates
1 15 2022-04-12 09:10:57  20220412_output   output        6

Warning message:
The `x` argument of `as_tibble.matrix()` must have unique column names if `.name_repair` is omitted as of tibble 2.0.0.
Using compatibility `.name_repair`.
This warning is displayed once every 8 hours.
Call `lifecycle::last_warnings()` to see where this warning was generated. 
All barcodes read ok?  FALSE 
Some missing barcodes:
   transfer run  desc plate_n    barcode ab
1         2   1  agar       1 2022041407  N
2         2   1  agar       2 2022041408  N
3         2   1  agar       3 2022041409  N
4         2   1  agar       4 2022041410  N
5         2   1  agar       5 2022041411  N
6         2   1  agar       6 2022041412  N
7         3   1 assay       1 2022041601  N
8         3   1 assay       2 2022041602  N
9         3   1 assay       3 2022041603  N
10        3   1 assay       4 2022041604  N
11        3   1 assay       5 2022041605  N
12        3   1 assay       6 2022041606  N

2022-04-17 12:27:52 | check_barcodes.R done.----------------------------------- 

2022-04-17 12:28:58 | check_barcodes.R ---------------------------------------- 
Experiment:
  id             created output_directory exp_name n_plates
1 15 2022-04-12 09:10:57  20220412_output   output        6

Warning message:
The `x` argument of `as_tibble.matrix()` must have unique column names if `.name_repair` is omitted as of tibble 2.0.0.
Using compatibility `.name_repair`.
This warning is displayed once every 8 hours.
Call `lifecycle::last_warnings()` to see where this warning was generated. 
All barcodes read ok?  TRUE 
no missing barcodes, as far as I know!
2022-04-17 12:28:58 | check_barcodes.R done.----------------------------------- 

