2022-04-13 10:10:07 | generate_bc_files_transfer.R ---------------------------- 
generated BC file: bc_assay 
Warning messages:
1: The `path` argument of `write_delim()` is deprecated as of readr 1.4.0.
Please use the `file` argument instead.
This warning is displayed once every 8 hours.
Call `lifecycle::last_warnings()` to see where this warning was generated. 
2: The `path` argument of `write_csv()` is deprecated as of readr 1.4.0.
Please use the `file` argument instead.
This warning is displayed once every 8 hours.
Call `lifecycle::last_warnings()` to see where this warning was generated. 
generated BC file: bc_last_assay 
generated BC file: bc_on 
generated BC file: bc_test 
generated BC file: bc_agar_1 
generated BC file: bc_agar_2 
generated BC file: bc_agar_3 
generated BC file: bc_agar_4 
generated BC file: bc_agar_5 
generated BC file: bc_agar_6 
2022-04-13 10:10:07 | generate_bc_files_transfer.R done.----------------------- 

2022-04-14 11:10:16 | generate_bc_files_transfer.R ---------------------------- 
generated BC file: bc_assay 
Warning messages:
1: The `path` argument of `write_delim()` is deprecated as of readr 1.4.0.
Please use the `file` argument instead.
This warning is displayed once every 8 hours.
Call `lifecycle::last_warnings()` to see where this warning was generated. 
2: The `path` argument of `write_csv()` is deprecated as of readr 1.4.0.
Please use the `file` argument instead.
This warning is displayed once every 8 hours.
Call `lifecycle::last_warnings()` to see where this warning was generated. 
generated BC file: bc_last_assay 
generated BC file: bc_on 
generated BC file: bc_test 
generated BC file: bc_agar_1 
generated BC file: bc_agar_2 
generated BC file: bc_agar_3 
generated BC file: bc_agar_4 
generated BC file: bc_agar_5 
generated BC file: bc_agar_6 
generated BC file: bc_last_agar_source 
generated BC file: bc_last_agar_1 
generated BC file: bc_last_agar_2 
generated BC file: bc_last_agar_3 
generated BC file: bc_last_agar_4 
generated BC file: bc_last_agar_5 
generated BC file: bc_last_agar_6 
generated BC file: bc_last_test 
2022-04-14 11:10:16 | generate_bc_files_transfer.R done.----------------------- 

2022-04-16 11:56:46 | generate_bc_files_transfer.R ---------------------------- 
generated BC file: bc_assay 
Warning messages:
1: The `path` argument of `write_delim()` is deprecated as of readr 1.4.0.
Please use the `file` argument instead.
This warning is displayed once every 8 hours.
Call `lifecycle::last_warnings()` to see where this warning was generated. 
2: The `path` argument of `write_csv()` is deprecated as of readr 1.4.0.
Please use the `file` argument instead.
This warning is displayed once every 8 hours.
Call `lifecycle::last_warnings()` to see where this warning was generated. 
generated BC file: bc_last_assay 
generated BC file: bc_on 
generated BC file: bc_test 
generated BC file: bc_agar_1 
generated BC file: bc_agar_2 
generated BC file: bc_agar_3 
generated BC file: bc_agar_4 
generated BC file: bc_agar_5 
generated BC file: bc_agar_6 
generated BC file: bc_last_agar_source 
generated BC file: bc_last_agar_1 
generated BC file: bc_last_agar_2 
generated BC file: bc_last_agar_3 
generated BC file: bc_last_agar_4 
generated BC file: bc_last_agar_5 
generated BC file: bc_last_agar_6 
generated BC file: bc_last_test 
2022-04-16 11:56:46 | generate_bc_files_transfer.R done.----------------------- 

2022-04-17 12:31:11 | generate_bc_files_transfer.R ---------------------------- 
generated BC file: bc_assay 
Warning messages:
1: The `path` argument of `write_delim()` is deprecated as of readr 1.4.0.
Please use the `file` argument instead.
This warning is displayed once every 8 hours.
Call `lifecycle::last_warnings()` to see where this warning was generated. 
2: The `path` argument of `write_csv()` is deprecated as of readr 1.4.0.
Please use the `file` argument instead.
This warning is displayed once every 8 hours.
Call `lifecycle::last_warnings()` to see where this warning was generated. 
generated BC file: bc_last_assay 
generated BC file: bc_on 
generated BC file: bc_test 
generated BC file: bc_agar_1 
generated BC file: bc_agar_2 
generated BC file: bc_agar_3 
generated BC file: bc_agar_4 
generated BC file: bc_agar_5 
generated BC file: bc_agar_6 
generated BC file: bc_last_agar_source 
generated BC file: bc_last_agar_1 
generated BC file: bc_last_agar_2 
generated BC file: bc_last_agar_3 
generated BC file: bc_last_agar_4 
generated BC file: bc_last_agar_5 
generated BC file: bc_last_agar_6 
generated BC file: bc_last_test 
2022-04-17 12:31:11 | generate_bc_files_transfer.R done.----------------------- 

2022-04-18 13:30:45 | generate_bc_files_transfer.R ---------------------------- 
generated BC file: bc_assay 
Warning messages:
1: The `path` argument of `write_delim()` is deprecated as of readr 1.4.0.
Please use the `file` argument instead.
This warning is displayed once every 8 hours.
Call `lifecycle::last_warnings()` to see where this warning was generated. 
2: The `path` argument of `write_csv()` is deprecated as of readr 1.4.0.
Please use the `file` argument instead.
This warning is displayed once every 8 hours.
Call `lifecycle::last_warnings()` to see where this warning was generated. 
generated BC file: bc_last_assay 
generated BC file: bc_on 
generated BC file: bc_test 
generated BC file: bc_agar_1 
generated BC file: bc_agar_2 
generated BC file: bc_agar_3 
generated BC file: bc_agar_4 
generated BC file: bc_agar_5 
generated BC file: bc_agar_6 
generated BC file: bc_last_agar_source 
generated BC file: bc_last_agar_1 
generated BC file: bc_last_agar_2 
generated BC file: bc_last_agar_3 
generated BC file: bc_last_agar_4 
generated BC file: bc_last_agar_5 
generated BC file: bc_last_agar_6 
generated BC file: bc_last_test 
2022-04-18 13:30:45 | generate_bc_files_transfer.R done.----------------------- 

2022-04-19 11:58:58 | generate_bc_files_transfer.R ---------------------------- 
generated BC file: bc_assay 
Warning messages:
1: The `path` argument of `write_delim()` is deprecated as of readr 1.4.0.
Please use the `file` argument instead.
This warning is displayed once every 8 hours.
Call `lifecycle::last_warnings()` to see where this warning was generated. 
2: The `path` argument of `write_csv()` is deprecated as of readr 1.4.0.
Please use the `file` argument instead.
This warning is displayed once every 8 hours.
Call `lifecycle::last_warnings()` to see where this warning was generated. 
generated BC file: bc_last_assay 
generated BC file: bc_on 
generated BC file: bc_test 
generated BC file: bc_agar_1 
generated BC file: bc_agar_2 
generated BC file: bc_agar_3 
generated BC file: bc_agar_4 
generated BC file: bc_agar_5 
generated BC file: bc_agar_6 
generated BC file: bc_last_agar_source 
generated BC file: bc_last_agar_1 
generated BC file: bc_last_agar_2 
generated BC file: bc_last_agar_3 
generated BC file: bc_last_agar_4 
generated BC file: bc_last_agar_5 
generated BC file: bc_last_agar_6 
generated BC file: bc_last_test 
2022-04-19 11:58:58 | generate_bc_files_transfer.R done.----------------------- 

2022-04-20 10:52:48 | generate_bc_files_transfer.R ---------------------------- 
generated BC file: bc_assay 
Warning messages:
1: The `path` argument of `write_delim()` is deprecated as of readr 1.4.0.
Please use the `file` argument instead.
This warning is displayed once every 8 hours.
Call `lifecycle::last_warnings()` to see where this warning was generated. 
2: The `path` argument of `write_csv()` is deprecated as of readr 1.4.0.
Please use the `file` argument instead.
This warning is displayed once every 8 hours.
Call `lifecycle::last_warnings()` to see where this warning was generated. 
generated BC file: bc_last_assay 
generated BC file: bc_on 
generated BC file: bc_test 
generated BC file: bc_agar_1 
generated BC file: bc_agar_2 
generated BC file: bc_agar_3 
generated BC file: bc_agar_4 
generated BC file: bc_agar_5 
generated BC file: bc_agar_6 
generated BC file: bc_last_agar_source 
generated BC file: bc_last_agar_1 
generated BC file: bc_last_agar_2 
generated BC file: bc_last_agar_3 
generated BC file: bc_last_agar_4 
generated BC file: bc_last_agar_5 
generated BC file: bc_last_agar_6 
generated BC file: bc_last_test 
2022-04-20 10:52:48 | generate_bc_files_transfer.R done.----------------------- 

2022-04-21 12:57:23 | generate_bc_files_transfer.R ---------------------------- 
generated BC file: bc_assay 
Warning messages:
1: The `path` argument of `write_delim()` is deprecated as of readr 1.4.0.
Please use the `file` argument instead.
This warning is displayed once every 8 hours.
Call `lifecycle::last_warnings()` to see where this warning was generated. 
2: The `path` argument of `write_csv()` is deprecated as of readr 1.4.0.
Please use the `file` argument instead.
This warning is displayed once every 8 hours.
Call `lifecycle::last_warnings()` to see where this warning was generated. 
generated BC file: bc_last_assay 
generated BC file: bc_on 
generated BC file: bc_test 
generated BC file: bc_agar_1 
generated BC file: bc_agar_2 
generated BC file: bc_agar_3 
generated BC file: bc_agar_4 
generated BC file: bc_agar_5 
generated BC file: bc_agar_6 
generated BC file: bc_last_agar_source 
generated BC file: bc_last_agar_1 
generated BC file: bc_last_agar_2 
generated BC file: bc_last_agar_3 
generated BC file: bc_last_agar_4 
generated BC file: bc_last_agar_5 
generated BC file: bc_last_agar_6 
generated BC file: bc_last_test 
2022-04-21 12:57:23 | generate_bc_files_transfer.R done.----------------------- 

2022-04-22 12:04:37 | generate_bc_files_transfer.R ---------------------------- 
generated BC file: bc_assay 
Warning messages:
1: The `path` argument of `write_delim()` is deprecated as of readr 1.4.0.
Please use the `file` argument instead.
This warning is displayed once every 8 hours.
Call `lifecycle::last_warnings()` to see where this warning was generated. 
2: The `path` argument of `write_csv()` is deprecated as of readr 1.4.0.
Please use the `file` argument instead.
This warning is displayed once every 8 hours.
Call `lifecycle::last_warnings()` to see where this warning was generated. 
generated BC file: bc_last_assay 
generated BC file: bc_on 
generated BC file: bc_test 
generated BC file: bc_agar_1 
generated BC file: bc_agar_2 
generated BC file: bc_agar_3 
generated BC file: bc_agar_4 
generated BC file: bc_agar_5 
generated BC file: bc_agar_6 
generated BC file: bc_last_agar_source 
generated BC file: bc_last_agar_1 
generated BC file: bc_last_agar_2 
generated BC file: bc_last_agar_3 
generated BC file: bc_last_agar_4 
generated BC file: bc_last_agar_5 
generated BC file: bc_last_agar_6 
generated BC file: bc_last_test 
2022-04-22 12:04:38 | generate_bc_files_transfer.R done.----------------------- 

2022-04-23 12:48:27 | generate_bc_files_transfer.R ---------------------------- 
generated BC file: bc_assay 
Warning messages:
1: The `path` argument of `write_delim()` is deprecated as of readr 1.4.0.
Please use the `file` argument instead.
This warning is displayed once every 8 hours.
Call `lifecycle::last_warnings()` to see where this warning was generated. 
2: The `path` argument of `write_csv()` is deprecated as of readr 1.4.0.
Please use the `file` argument instead.
This warning is displayed once every 8 hours.
Call `lifecycle::last_warnings()` to see where this warning was generated. 
generated BC file: bc_last_assay 
generated BC file: bc_on 
generated BC file: bc_test 
generated BC file: bc_agar_1 
generated BC file: bc_agar_2 
generated BC file: bc_agar_3 
generated BC file: bc_agar_4 
generated BC file: bc_agar_5 
generated BC file: bc_agar_6 
generated BC file: bc_last_agar_source 
generated BC file: bc_last_agar_1 
generated BC file: bc_last_agar_2 
generated BC file: bc_last_agar_3 
generated BC file: bc_last_agar_4 
generated BC file: bc_last_agar_5 
generated BC file: bc_last_agar_6 
generated BC file: bc_last_test 
2022-04-23 12:48:28 | generate_bc_files_transfer.R done.----------------------- 

2022-04-24 12:47:18 | generate_bc_files_transfer.R ---------------------------- 
generated BC file: bc_assay 
Warning messages:
1: The `path` argument of `write_delim()` is deprecated as of readr 1.4.0.
Please use the `file` argument instead.
This warning is displayed once every 8 hours.
Call `lifecycle::last_warnings()` to see where this warning was generated. 
2: The `path` argument of `write_csv()` is deprecated as of readr 1.4.0.
Please use the `file` argument instead.
This warning is displayed once every 8 hours.
Call `lifecycle::last_warnings()` to see where this warning was generated. 
generated BC file: bc_last_assay 
generated BC file: bc_on 
generated BC file: bc_test 
generated BC file: bc_agar_1 
generated BC file: bc_agar_2 
generated BC file: bc_agar_3 
generated BC file: bc_agar_4 
generated BC file: bc_agar_5 
generated BC file: bc_agar_6 
generated BC file: bc_last_agar_source 
generated BC file: bc_last_agar_1 
generated BC file: bc_last_agar_2 
generated BC file: bc_last_agar_3 
generated BC file: bc_last_agar_4 
generated BC file: bc_last_agar_5 
generated BC file: bc_last_agar_6 
generated BC file: bc_last_test 
2022-04-24 12:47:19 | generate_bc_files_transfer.R done.----------------------- 

2022-04-25 12:55:55 | generate_bc_files_transfer.R ---------------------------- 
generated BC file: bc_assay 
Warning messages:
1: The `path` argument of `write_delim()` is deprecated as of readr 1.4.0.
Please use the `file` argument instead.
This warning is displayed once every 8 hours.
Call `lifecycle::last_warnings()` to see where this warning was generated. 
2: The `path` argument of `write_csv()` is deprecated as of readr 1.4.0.
Please use the `file` argument instead.
This warning is displayed once every 8 hours.
Call `lifecycle::last_warnings()` to see where this warning was generated. 
generated BC file: bc_last_assay 
generated BC file: bc_on 
generated BC file: bc_test 
generated BC file: bc_agar_1 
generated BC file: bc_agar_2 
generated BC file: bc_agar_3 
generated BC file: bc_agar_4 
generated BC file: bc_agar_5 
generated BC file: bc_agar_6 
generated BC file: bc_last_agar_source 
generated BC file: bc_last_agar_1 
generated BC file: bc_last_agar_2 
generated BC file: bc_last_agar_3 
generated BC file: bc_last_agar_4 
generated BC file: bc_last_agar_5 
generated BC file: bc_last_agar_6 
generated BC file: bc_last_test 
2022-04-25 12:55:55 | generate_bc_files_transfer.R done.----------------------- 

2022-04-26 10:57:33 | generate_bc_files_transfer.R ---------------------------- 
generated BC file: bc_assay 
Warning messages:
1: The `path` argument of `write_delim()` is deprecated as of readr 1.4.0.
Please use the `file` argument instead.
This warning is displayed once every 8 hours.
Call `lifecycle::last_warnings()` to see where this warning was generated. 
2: The `path` argument of `write_csv()` is deprecated as of readr 1.4.0.
Please use the `file` argument instead.
This warning is displayed once every 8 hours.
Call `lifecycle::last_warnings()` to see where this warning was generated. 
generated BC file: bc_last_assay 
generated BC file: bc_on 
generated BC file: bc_test 
generated BC file: bc_agar_1 
generated BC file: bc_agar_2 
generated BC file: bc_agar_3 
generated BC file: bc_agar_4 
generated BC file: bc_agar_5 
generated BC file: bc_agar_6 
generated BC file: bc_last_agar_source 
generated BC file: bc_last_agar_1 
generated BC file: bc_last_agar_2 
generated BC file: bc_last_agar_3 
generated BC file: bc_last_agar_4 
generated BC file: bc_last_agar_5 
generated BC file: bc_last_agar_6 
generated BC file: bc_last_test 
2022-04-26 10:57:33 | generate_bc_files_transfer.R done.----------------------- 

2022-04-27 10:14:29 | generate_bc_files_transfer.R ---------------------------- 
generated BC file: bc_assay 
Warning messages:
1: The `path` argument of `write_delim()` is deprecated as of readr 1.4.0.
Please use the `file` argument instead.
This warning is displayed once every 8 hours.
Call `lifecycle::last_warnings()` to see where this warning was generated. 
2: The `path` argument of `write_csv()` is deprecated as of readr 1.4.0.
Please use the `file` argument instead.
This warning is displayed once every 8 hours.
Call `lifecycle::last_warnings()` to see where this warning was generated. 
generated BC file: bc_last_assay 
generated BC file: bc_on 
generated BC file: bc_test 
generated BC file: bc_agar_1 
generated BC file: bc_agar_2 
generated BC file: bc_agar_3 
generated BC file: bc_agar_4 
generated BC file: bc_agar_5 
generated BC file: bc_agar_6 
generated BC file: bc_last_agar_source 
generated BC file: bc_last_agar_1 
generated BC file: bc_last_agar_2 
generated BC file: bc_last_agar_3 
generated BC file: bc_last_agar_4 
generated BC file: bc_last_agar_5 
generated BC file: bc_last_agar_6 
generated BC file: bc_last_test 
2022-04-27 10:14:30 | generate_bc_files_transfer.R done.----------------------- 

