2022-04-12 11:12:16 | make_barcodes.R ----------------------------------------- 
generated new barcodes 2022041201 to 2022041235 
2022-04-12 11:12:16 | make_barcodes.R done.------------------------------------ 

2022-04-13 09:57:30 | make_barcodes.R ----------------------------------------- 
generated new barcodes 2022041301 to 2022041335 
2022-04-13 09:57:30 | make_barcodes.R done.------------------------------------ 

2022-04-14 10:45:49 | make_barcodes.R ----------------------------------------- 
generated new barcodes 2022041401 to 2022041435 
2022-04-14 10:45:49 | make_barcodes.R done.------------------------------------ 

2022-04-16 11:27:53 | make_barcodes.R ----------------------------------------- 
generated new barcodes 2022041601 to 2022041635 
2022-04-16 11:27:53 | make_barcodes.R done.------------------------------------ 

2022-04-17 12:12:38 | make_barcodes.R ----------------------------------------- 
generated new barcodes 2022041701 to 2022041735 
2022-04-17 12:12:38 | make_barcodes.R done.------------------------------------ 

2022-04-18 12:27:04 | make_barcodes.R ----------------------------------------- 
generated new barcodes 2022041801 to 2022041835 
2022-04-18 12:27:04 | make_barcodes.R done.------------------------------------ 

2022-04-19 11:46:57 | make_barcodes.R ----------------------------------------- 
generated new barcodes 2022041901 to 2022041935 
2022-04-19 11:46:57 | make_barcodes.R done.------------------------------------ 

2022-04-20 10:02:43 | make_barcodes.R ----------------------------------------- 
generated new barcodes 2022042001 to 2022042035 
2022-04-20 10:02:43 | make_barcodes.R done.------------------------------------ 

2022-04-20 10:19:59 | make_barcodes.R ----------------------------------------- 
generated new barcodes 2022042001 to 2022042035 
2022-04-20 10:19:59 | make_barcodes.R done.------------------------------------ 

2022-04-20 10:25:01 | make_barcodes.R ----------------------------------------- 
generated new barcodes 2022042001 to 2022042035 
2022-04-20 10:25:01 | make_barcodes.R done.------------------------------------ 

2022-04-20 10:41:01 | make_barcodes.R ----------------------------------------- 
Warning message:
Barcodes for transfer 7, run 1 allready present! 
2022-04-20 10:41:01 | make_barcodes.R done.------------------------------------ 

2022-04-20 10:43:29 | make_barcodes.R ----------------------------------------- 
Warning message:
Barcodes for transfer 7, run 1 allready present! 
2022-04-20 10:43:29 | make_barcodes.R done.------------------------------------ 

2022-04-20 10:49:40 | make_barcodes.R ----------------------------------------- 
Warning message:
Barcodes for transfer 7, run 1 allready present! 
2022-04-20 10:49:40 | make_barcodes.R done.------------------------------------ 

2022-04-21 12:33:11 | make_barcodes.R ----------------------------------------- 
generated new barcodes 2022042101 to 2022042135 
2022-04-21 12:33:11 | make_barcodes.R done.------------------------------------ 

2022-04-21 12:53:37 | make_barcodes.R ----------------------------------------- 
Warning message:
Barcodes for transfer 8, run 1 allready present! 
2022-04-21 12:53:37 | make_barcodes.R done.------------------------------------ 

2022-04-22 11:30:50 | make_barcodes.R ----------------------------------------- 
generated new barcodes 2022042201 to 2022042235 
2022-04-22 11:30:50 | make_barcodes.R done.------------------------------------ 

2022-04-23 12:31:12 | make_barcodes.R ----------------------------------------- 
generated new barcodes 2022042301 to 2022042335 
2022-04-23 12:31:12 | make_barcodes.R done.------------------------------------ 

2022-04-24 12:12:54 | make_barcodes.R ----------------------------------------- 
generated new barcodes 2022042401 to 2022042435 
2022-04-24 12:12:54 | make_barcodes.R done.------------------------------------ 

2022-04-25 12:26:03 | make_barcodes.R ----------------------------------------- 
generated new barcodes 2022042501 to 2022042535 
2022-04-25 12:26:03 | make_barcodes.R done.------------------------------------ 

2022-04-26 10:36:08 | make_barcodes.R ----------------------------------------- 
generated new barcodes 2022042601 to 2022042635 
2022-04-26 10:36:08 | make_barcodes.R done.------------------------------------ 

2022-04-27 10:02:26 | make_barcodes.R ----------------------------------------- 
generated new barcodes 2022042701 to 2022042735 
2022-04-27 10:02:26 | make_barcodes.R done.------------------------------------ 

