2022-04-13 09:56:54 | mkgwl_transfer.R ---------------------------------------- 
creating worklists for transfer 1 
Experiment: 
  id             created output_directory exp_name n_plates
1 15 2022-04-12 09:10:57  20220412_output   output        6
creating plate_turnover worklists...done.
plate transfer gwls done.
plate infection gwl done.
creating treatment worklists: plate 1 2 3 4 5 6 
treatment gwls done.
2022-04-13 09:57:29 | mkgwl_transfer.R done.----------------------------------- 

2022-04-13 15:38:34 | mkgwl_transfer.R ---------------------------------------- 
creating worklists for transfer 1 
Experiment: 
  id             created output_directory exp_name n_plates
1 15 2022-04-12 09:10:57  20220412_output   output        6
creating plate_turnover worklists...done.
plate transfer gwls done.
plate infection gwl done.
creating treatment worklists: plate 1 2 3 4 5 6 
treatment gwls done.
2022-04-13 15:39:08 | mkgwl_transfer.R done.----------------------------------- 

2022-04-14 10:45:12 | mkgwl_transfer.R ---------------------------------------- 
creating worklists for transfer 2 
Experiment: 
  id             created output_directory exp_name n_plates
1 15 2022-04-12 09:10:57  20220412_output   output        6
creating plate_turnover worklists...done.
plate transfer gwls done.
plate infection gwl done.
creating treatment worklists: plate 1 2 3 4 5 6 
treatment gwls done.
2022-04-14 10:45:48 | mkgwl_transfer.R done.----------------------------------- 

2022-04-16 11:27:13 | mkgwl_transfer.R ---------------------------------------- 
creating worklists for transfer 3 
Experiment: 
  id             created output_directory exp_name n_plates
1 15 2022-04-12 09:10:57  20220412_output   output        6
creating plate_turnover worklists...done.
plate transfer gwls done.
plate infection gwl done.
creating treatment worklists: plate 1 2 3 4 5 6 
treatment gwls done.
2022-04-16 11:27:51 | mkgwl_transfer.R done.----------------------------------- 

2022-04-17 12:11:55 | mkgwl_transfer.R ---------------------------------------- 
creating worklists for transfer 4 
Experiment: 
  id             created output_directory exp_name n_plates
1 15 2022-04-12 09:10:57  20220412_output   output        6
creating plate_turnover worklists...done.
plate transfer gwls done.
plate infection gwl done.
creating treatment worklists: plate 1 2 3 4 5 6 
treatment gwls done.
2022-04-17 12:12:36 | mkgwl_transfer.R done.----------------------------------- 

2022-04-18 12:26:22 | mkgwl_transfer.R ---------------------------------------- 
creating worklists for transfer 5 
Experiment: 
  id             created output_directory exp_name n_plates
1 15 2022-04-12 09:10:57  20220412_output   output        6
creating plate_turnover worklists...done.
plate transfer gwls done.
plate infection gwl done.
creating treatment worklists: plate 1 2 3 4 5 6 
treatment gwls done.
2022-04-18 12:27:03 | mkgwl_transfer.R done.----------------------------------- 

2022-04-19 11:46:17 | mkgwl_transfer.R ---------------------------------------- 
creating worklists for transfer 6 
Experiment: 
  id             created output_directory exp_name n_plates
1 15 2022-04-12 09:10:57  20220412_output   output        6
creating plate_turnover worklists...done.
plate transfer gwls done.
plate infection gwl done.
creating treatment worklists: plate 1 2 3 4 5 6 
treatment gwls done.
2022-04-19 11:46:55 | mkgwl_transfer.R done.----------------------------------- 

2022-04-20 10:02:01 | mkgwl_transfer.R ---------------------------------------- 
creating worklists for transfer 7 
Experiment: 
  id             created output_directory exp_name n_plates
1 15 2022-04-12 09:10:57  20220412_output   output        6
creating plate_turnover worklists...done.
plate transfer gwls done.
plate infection gwl done.
creating treatment worklists: plate 1 2 3 4 5 6 
treatment gwls done.
2022-04-20 10:02:41 | mkgwl_transfer.R done.----------------------------------- 

2022-04-20 10:19:21 | mkgwl_transfer.R ---------------------------------------- 
creating worklists for transfer 8 
Experiment: 
  id             created output_directory exp_name n_plates
1 15 2022-04-12 09:10:57  20220412_output   output        6
creating plate_turnover worklists...done.
plate transfer gwls done.
plate infection gwl done.
creating treatment worklists: plate 1 2 3 4 5 6 
treatment gwls done.
2022-04-20 10:19:58 | mkgwl_transfer.R done.----------------------------------- 

2022-04-20 10:36:01 | mkgwl_transfer.R ---------------------------------------- 
creating worklists for transfer 10 
Experiment: 
  id             created output_directory exp_name n_plates
1 15 2022-04-12 09:10:57  20220412_output   output        6
creating plate_turnover worklists...done.
plate transfer gwls done.
plate infection gwl done.
creating treatment worklists: plate 1 2 3 4 5 
2022-04-20 10:40:25 | mkgwl_transfer.R ---------------------------------------- 
creating worklists for transfer 7 
Experiment: 
  id             created output_directory exp_name n_plates
1 15 2022-04-12 09:10:57  20220412_output   output        6
creating plate_turnover worklists...done.
plate transfer gwls done.
plate infection gwl done.
creating treatment worklists: plate 1 2 3 4 5 6 
treatment gwls done.
2022-04-20 10:40:58 | mkgwl_transfer.R done.----------------------------------- 

2022-04-20 10:42:44 | mkgwl_transfer.R ---------------------------------------- 
creating worklists for transfer 7 
Experiment: 
  id             created output_directory exp_name n_plates
1 15 2022-04-12 09:10:57  20220412_output   output        6
creating plate_turnover worklists...done.
plate transfer gwls done.
plate infection gwl done.
creating treatment worklists: plate 1 2 3 4 5 6 
treatment gwls done.
2022-04-20 10:43:27 | mkgwl_transfer.R done.----------------------------------- 

2022-04-20 10:49:00 | mkgwl_transfer.R ---------------------------------------- 
creating worklists for transfer 7 
Experiment: 
  id             created output_directory exp_name n_plates
1 15 2022-04-12 09:10:57  20220412_output   output        6
creating plate_turnover worklists...done.
plate transfer gwls done.
plate infection gwl done.
creating treatment worklists: plate 1 2 3 4 5 6 
treatment gwls done.
2022-04-20 10:49:39 | mkgwl_transfer.R done.----------------------------------- 

2022-04-21 12:32:38 | mkgwl_transfer.R ---------------------------------------- 
creating worklists for transfer 8 
Experiment: 
  id             created output_directory exp_name n_plates
1 15 2022-04-12 09:10:57  20220412_output   output        6
creating plate_turnover worklists...done.
plate transfer gwls done.
plate infection gwl done.
creating treatment worklists: plate 1 2 3 4 5 6 
treatment gwls done.
2022-04-21 12:33:10 | mkgwl_transfer.R done.----------------------------------- 

2022-04-21 12:53:02 | mkgwl_transfer.R ---------------------------------------- 
creating worklists for transfer 8 
Experiment: 
  id             created output_directory exp_name n_plates
1 15 2022-04-12 09:10:57  20220412_output   output        6
creating plate_turnover worklists...done.
plate transfer gwls done.
plate infection gwl done.
creating treatment worklists: plate 1 2 3 4 5 6 
treatment gwls done.
2022-04-21 12:53:36 | mkgwl_transfer.R done.----------------------------------- 

2022-04-22 11:30:11 | mkgwl_transfer.R ---------------------------------------- 
creating worklists for transfer 9 
Experiment: 
  id             created output_directory exp_name n_plates
1 15 2022-04-12 09:10:57  20220412_output   output        6
creating plate_turnover worklists...done.
plate transfer gwls done.
plate infection gwl done.
creating treatment worklists: plate 1 2 3 4 5 6 
treatment gwls done.
2022-04-22 11:30:48 | mkgwl_transfer.R done.----------------------------------- 

2022-04-23 12:30:33 | mkgwl_transfer.R ---------------------------------------- 
creating worklists for transfer 10 
Experiment: 
  id             created output_directory exp_name n_plates
1 15 2022-04-12 09:10:57  20220412_output   output        6
creating plate_turnover worklists...done.
plate transfer gwls done.
plate infection gwl done.
creating treatment worklists: plate 1 2 3 4 5 6 
treatment gwls done.
2022-04-23 12:31:10 | mkgwl_transfer.R done.----------------------------------- 

2022-04-24 12:12:11 | mkgwl_transfer.R ---------------------------------------- 
creating worklists for transfer 11 
Experiment: 
  id             created output_directory exp_name n_plates
1 15 2022-04-12 09:10:57  20220412_output   output        6
creating plate_turnover worklists...done.
plate transfer gwls done.
plate infection gwl done.
creating treatment worklists: plate 1 2 3 4 5 6 
treatment gwls done.
2022-04-24 12:12:53 | mkgwl_transfer.R done.----------------------------------- 

2022-04-25 12:25:23 | mkgwl_transfer.R ---------------------------------------- 
creating worklists for transfer 12 
Experiment: 
  id             created output_directory exp_name n_plates
1 15 2022-04-12 09:10:57  20220412_output   output        6
creating plate_turnover worklists...done.
plate transfer gwls done.
plate infection gwl done.
creating treatment worklists: plate 1 2 3 4 5 6 
treatment gwls done.
2022-04-25 12:26:01 | mkgwl_transfer.R done.----------------------------------- 

2022-04-26 10:35:31 | mkgwl_transfer.R ---------------------------------------- 
creating worklists for transfer 13 
Experiment: 
  id             created output_directory exp_name n_plates
1 15 2022-04-12 09:10:57  20220412_output   output        6
creating plate_turnover worklists...done.
plate transfer gwls done.
plate infection gwl done.
creating treatment worklists: plate 1 2 3 4 5 6 
treatment gwls done.
2022-04-26 10:36:07 | mkgwl_transfer.R done.----------------------------------- 

2022-04-27 10:01:40 | mkgwl_transfer.R ---------------------------------------- 
creating worklists for transfer 14 
Experiment: 
  id             created output_directory exp_name n_plates
1 15 2022-04-12 09:10:57  20220412_output   output        6
creating plate_turnover worklists...done.
plate transfer gwls done.
plate infection gwl done.
creating treatment worklists: plate 1 2 3 4 5 6 
treatment gwls done.
2022-04-27 10:02:24 | mkgwl_transfer.R done.----------------------------------- 

