2022-04-12 11:12:02 | new_transfer.R ------------------------------------------ 
Experiment: 
# A tibble: 1 x 5
     id created             output_directory exp_name n_plates
  <int> <dttm>              <chr>            <chr>       <int>
1    15 2022-04-12 09:10:57 20220412_output  output          6
turnover:
A_r B_r  bl 
 47  47   2 

Infection: ( 0 )< table of extent 0 >

Treatment: 
 - Plate  1
none 
  96 
 - Plate  2
none 
  96 
 - Plate  3
none 
  96 
 - Plate  4
none 
  96 
 - Plate  5
none 
  96 
 - Plate  6
none 
  96 

new transfer: 
# A tibble: 1 x 4
      n   run created             type 
  <int> <int> <dttm>              <chr>
1     0     1 2022-04-12 11:12:02 setup
new plate file saved to:  experiments/20220412_output/platefiles/transfer_0.csv 
2022-04-12 11:12:03 | new_transfer.R done ------------------------------------- 

2022-04-13 09:56:51 | new_transfer.R ------------------------------------------ 
Experiment: 
# A tibble: 1 x 5
     id created             output_directory exp_name n_plates
  <int> <dttm>              <chr>            <chr>       <int>
1    15 2022-04-12 09:10:57 20220412_output  output          6
turnover:
A_r B_r  bl 
 24  16   2 

Infection: ( 17 )
 1  2  3  4 11 18 19 21 30 34 46 54 68 72 82 
 1  1  1  1  1  1  1  1  2  1  2  1  1  1  1 

Treatment: 
 - Plate  1
none 
  96 
 - Plate  2
   A none 
  94    2 
 - Plate  3
   B none 
  94    2 
 - Plate  4
  AB none 
  94    2 
 - Plate  5
   A none 
  94    2 
 - Plate  6
   A    B none 
  50   44    2 

new transfer: 
# A tibble: 1 x 4
      n   run created             type    
  <int> <int> <dttm>              <chr>   
1     1     1 2022-04-13 09:56:51 transfer
new plate file saved to:  experiments/20220412_output/platefiles/transfer_1.csv 
2022-04-13 09:56:51 | new_transfer.R done ------------------------------------- 

2022-04-14 10:45:10 | new_transfer.R ------------------------------------------ 
Experiment: 
# A tibble: 1 x 5
     id created             output_directory exp_name n_plates
  <int> <dttm>              <chr>            <chr>       <int>
1    15 2022-04-12 09:10:57 20220412_output  output          6
turnover:
A_r B_r  bl 
 18  22   2 

Infection: ( 29 )
 3  4  8 11 19 21 25 26 35 42 45 51 60 61 62 70 76 80 81 89 93 94 95 
 1  1  1  1  2  1  1  1  1  1  1  2  1  1  3  2  2  1  1  1  1  1  1 

Treatment: 
 - Plate  1
none 
  96 
 - Plate  2
   A none 
  94    2 
 - Plate  3
   B none 
  94    2 
 - Plate  4
  AB none 
  94    2 
 - Plate  5
   A none 
  94    2 
 - Plate  6
   A    B none 
  57   37    2 

new transfer: 
# A tibble: 1 x 4
      n   run created             type    
  <int> <int> <dttm>              <chr>   
1     2     1 2022-04-14 10:45:10 transfer
new plate file saved to:  experiments/20220412_output/platefiles/transfer_2.csv 
2022-04-14 10:45:11 | new_transfer.R done ------------------------------------- 

2022-04-16 11:27:12 | new_transfer.R ------------------------------------------ 
Experiment: 
# A tibble: 1 x 5
     id created             output_directory exp_name n_plates
  <int> <dttm>              <chr>            <chr>       <int>
1    15 2022-04-12 09:10:57 20220412_output  output          6
turnover:
A_r B_r  bl 
 19  27   2 

Infection: ( 24 )
 1  8 11 16 17 19 23 33 40 43 44 45 47 64 65 69 71 72 77 79 88 91 93 
 1  1  1  1  1  1  1  2  1  1  1  1  1  1  1  1  1  1  1  1  1  1  1 

Treatment: 
 - Plate  1
none 
  96 
 - Plate  2
   A none 
  94    2 
 - Plate  3
   B none 
  94    2 
 - Plate  4
  AB none 
  94    2 
 - Plate  5
   B none 
  94    2 
 - Plate  6
   A    B none 
  46   48    2 

new transfer: 
# A tibble: 1 x 4
      n   run created             type    
  <int> <int> <dttm>              <chr>   
1     3     1 2022-04-16 11:27:12 transfer
new plate file saved to:  experiments/20220412_output/platefiles/transfer_3.csv 
2022-04-16 11:27:12 | new_transfer.R done ------------------------------------- 

2022-04-17 12:11:53 | new_transfer.R ------------------------------------------ 
Experiment: 
# A tibble: 1 x 5
     id created             output_directory exp_name n_plates
  <int> <dttm>              <chr>            <chr>       <int>
1    15 2022-04-12 09:10:57 20220412_output  output          6
turnover:
A_r B_r  bl 
 27  22   2 

Infection: ( 25 )
 9 11 16 23 25 29 32 39 50 51 57 58 59 61 63 65 67 70 80 82 84 88 
 1  1  1  1  1  1  1  1  1  1  1  1  1  1  1  1  1  2  1  1  1  3 

Treatment: 
 - Plate  1
none 
  96 
 - Plate  2
   A none 
  94    2 
 - Plate  3
   B none 
  94    2 
 - Plate  4
  AB none 
  94    2 
 - Plate  5
   B none 
  94    2 
 - Plate  6
   A    B none 
  56   38    2 

new transfer: 
# A tibble: 1 x 4
      n   run created             type    
  <int> <int> <dttm>              <chr>   
1     4     1 2022-04-17 12:11:53 transfer
new plate file saved to:  experiments/20220412_output/platefiles/transfer_4.csv 
2022-04-17 12:11:53 | new_transfer.R done ------------------------------------- 

2022-04-18 12:26:20 | new_transfer.R ------------------------------------------ 
Experiment: 
# A tibble: 1 x 5
     id created             output_directory exp_name n_plates
  <int> <dttm>              <chr>            <chr>       <int>
1    15 2022-04-12 09:10:57 20220412_output  output          6
turnover:
A_r B_r  bl 
 22  30   2 

Infection: ( 23 )
 8 10 11 19 20 28 32 33 40 42 43 48 53 55 58 59 71 78 83 84 89 
 1  1  1  1  1  1  1  1  1  1  1  1  1  3  1  1  1  1  1  1  1 

Treatment: 
 - Plate  1
none 
  96 
 - Plate  2
   A none 
  94    2 
 - Plate  3
   B none 
  94    2 
 - Plate  4
  AB none 
  94    2 
 - Plate  5
   A none 
  94    2 
 - Plate  6
   A    B none 
  46   48    2 

new transfer: 
# A tibble: 1 x 4
      n   run created             type    
  <int> <int> <dttm>              <chr>   
1     5     1 2022-04-18 12:26:20 transfer
new plate file saved to:  experiments/20220412_output/platefiles/transfer_5.csv 
2022-04-18 12:26:20 | new_transfer.R done ------------------------------------- 

2022-04-19 11:46:15 | new_transfer.R ------------------------------------------ 
Experiment: 
# A tibble: 1 x 5
     id created             output_directory exp_name n_plates
  <int> <dttm>              <chr>            <chr>       <int>
1    15 2022-04-12 09:10:57 20220412_output  output          6
turnover:
A_r B_r  bl 
 19  21   2 

Infection: ( 27 )
 4  7 10 13 15 17 27 34 42 43 53 55 57 66 69 73 75 77 78 81 84 93 96 
 1  2  1  1  1  1  1  1  2  1  1  2  1  1  2  1  1  1  1  1  1  1  1 

Treatment: 
 - Plate  1
none 
  96 
 - Plate  2
   A none 
  94    2 
 - Plate  3
   B none 
  94    2 
 - Plate  4
  AB none 
  94    2 
 - Plate  5
   A none 
  94    2 
 - Plate  6
   A    B none 
  46   48    2 

new transfer: 
# A tibble: 1 x 4
      n   run created             type    
  <int> <int> <dttm>              <chr>   
1     6     1 2022-04-19 11:46:15 transfer
new plate file saved to:  experiments/20220412_output/platefiles/transfer_6.csv 
2022-04-19 11:46:15 | new_transfer.R done ------------------------------------- 

2022-04-20 10:01:58 | new_transfer.R ------------------------------------------ 
Experiment: 
# A tibble: 1 x 5
     id created             output_directory exp_name n_plates
  <int> <dttm>              <chr>            <chr>       <int>
1    15 2022-04-12 09:10:57 20220412_output  output          6
turnover:
A_r B_r  bl 
 28  24   2 

Infection: ( 24 )
 3  9 10 17 29 31 32 40 45 48 53 56 57 59 67 68 73 74 75 83 84 
 1  1  1  1  1  1  1  1  1  1  1  1  1  2  1  2  2  1  1  1  1 

Treatment: 
 - Plate  1
none 
  96 
 - Plate  2
   A none 
  94    2 
 - Plate  3
   B none 
  94    2 
 - Plate  4
  AB none 
  94    2 
 - Plate  5
   B none 
  94    2 
 - Plate  6
   A    B none 
  51   43    2 

new transfer: 
# A tibble: 1 x 4
      n   run created             type    
  <int> <int> <dttm>              <chr>   
1     7     1 2022-04-20 10:01:58 transfer
new plate file saved to:  experiments/20220412_output/platefiles/transfer_7.csv 
2022-04-20 10:01:59 | new_transfer.R done ------------------------------------- 

2022-04-20 10:19:19 | new_transfer.R ------------------------------------------ 
Experiment: 
# A tibble: 1 x 5
     id created             output_directory exp_name n_plates
  <int> <dttm>              <chr>            <chr>       <int>
1    15 2022-04-12 09:10:57 20220412_output  output          6
turnover:
A_r B_r  bl 
 18  26   2 

Infection: ( 25 )
 1  3  7 16 21 24 36 39 43 53 54 57 60 62 68 73 76 80 88 93 94 
 1  1  1  1  1  2  1  1  1  2  1  1  1  2  1  1  1  1  1  2  1 

Treatment: 
 - Plate  1
none 
  96 
 - Plate  2
   A none 
  94    2 
 - Plate  3
   B none 
  94    2 
 - Plate  4
  AB none 
  94    2 
 - Plate  5
   B none 
  94    2 
 - Plate  6
   A    B none 
  46   48    2 

new transfer: 
# A tibble: 1 x 4
      n   run created             type    
  <int> <int> <dttm>              <chr>   
1     8     1 2022-04-20 10:19:19 transfer
new plate file saved to:  experiments/20220412_output/platefiles/transfer_8.csv 
2022-04-20 10:19:19 | new_transfer.R done ------------------------------------- 

2022-04-20 10:20:46 | new_transfer.R ------------------------------------------ 
Experiment: 
# A tibble: 1 x 5
     id created             output_directory exp_name n_plates
  <int> <dttm>              <chr>            <chr>       <int>
1    15 2022-04-12 09:10:57 20220412_output  output          6
turnover:
A_r B_r  bl 
 26  20   2 

Infection: ( 24 )
 2  4 11 15 21 22 27 41 43 45 51 55 57 58 59 65 69 70 75 77 84 94 
 1  1  1  1  1  1  1  1  1  1  1  1  1  1  1  1  1  2  1  1  2  1 

Treatment: 
 - Plate  1
none 
  96 
 - Plate  2
   A none 
  94    2 
 - Plate  3
   B none 
  94    2 
 - Plate  4
  AB none 
  94    2 
 - Plate  5
   A none 
  94    2 
 - Plate  6
   A    B none 
  43   51    2 

new transfer: 
# A tibble: 1 x 4
      n   run created             type    
  <int> <int> <dttm>              <chr>   
1     9     1 2022-04-20 10:20:46 transfer
new plate file saved to:  experiments/20220412_output/platefiles/transfer_9.csv 
2022-04-20 10:20:46 | new_transfer.R done ------------------------------------- 

2022-04-20 10:35:59 | new_transfer.R ------------------------------------------ 
Experiment: 
# A tibble: 1 x 5
     id created             output_directory exp_name n_plates
  <int> <dttm>              <chr>            <chr>       <int>
1    15 2022-04-12 09:10:57 20220412_output  output          6
turnover:
A_r B_r  bl 
 27  27   2 

Infection: ( 24 )
 1  2  3 11 17 24 34 36 37 43 45 46 56 60 69 70 73 74 84 92 93 
 3  1  1  1  1  1  1  1  2  1  1  1  1  1  1  1  1  1  1  1  1 

Treatment: 
 - Plate  1
none 
  96 
 - Plate  2
   A none 
  94    2 
 - Plate  3
   B none 
  94    2 
 - Plate  4
  AB none 
  94    2 
 - Plate  5
   A none 
  94    2 
 - Plate  6
   A    B none 
  56   38    2 

new transfer: 
# A tibble: 1 x 4
      n   run created             type    
  <int> <int> <dttm>              <chr>   
1    10     1 2022-04-20 10:35:59 transfer
new plate file saved to:  experiments/20220412_output/platefiles/transfer_10.csv 
2022-04-20 10:35:59 | new_transfer.R done ------------------------------------- 

2022-04-20 10:40:23 | new_transfer.R ------------------------------------------ 
Experiment: 
# A tibble: 1 x 5
     id created             output_directory exp_name n_plates
  <int> <dttm>              <chr>            <chr>       <int>
1    15 2022-04-12 09:10:57 20220412_output  output          6
turnover:
A_r B_r  bl 
 19  18   2 

Infection: ( 26 )
 3 11 23 27 29 31 32 35 36 40 45 46 75 76 78 84 85 88 93 95 
 1  1  1  2  1  2  2  1  1  2  1  1  1  1  1  1  1  1  2  2 

Treatment: 
 - Plate  1
none 
  96 
 - Plate  2
   A none 
  94    2 
 - Plate  3
   B none 
  94    2 
 - Plate  4
  AB none 
  94    2 
 - Plate  5
   B none 
  94    2 
 - Plate  6
   A    B none 
  59   35    2 

new transfer: 
# A tibble: 1 x 4
      n   run created             type    
  <int> <int> <dttm>              <chr>   
1     7     1 2022-04-20 10:40:23 transfer
new plate file saved to:  experiments/20220412_output/platefiles/transfer_7.csv 
2022-04-20 10:40:23 | new_transfer.R done ------------------------------------- 

2022-04-20 10:42:43 | new_transfer.R ------------------------------------------ 
Experiment: 
# A tibble: 1 x 5
     id created             output_directory exp_name n_plates
  <int> <dttm>              <chr>            <chr>       <int>
1    15 2022-04-12 09:10:57 20220412_output  output          6
turnover:
A_r B_r  bl 
 25  26   2 

Infection: ( 28 )
 5  9 14 15 18 22 24 28 37 38 41 47 48 51 53 56 68 69 71 73 94 96 
 1  1  1  1  1  1  1  1  2  1  1  1  1  2  1  3  1  1  1  2  1  2 

Treatment: 
 - Plate  1
none 
  96 
 - Plate  2
   A none 
  94    2 
 - Plate  3
   B none 
  94    2 
 - Plate  4
  AB none 
  94    2 
 - Plate  5
   B none 
  94    2 
 - Plate  6
   A    B none 
  42   52    2 

new transfer: 
# A tibble: 1 x 4
      n   run created             type    
  <int> <int> <dttm>              <chr>   
1     7     1 2022-04-20 10:42:43 transfer
new plate file saved to:  experiments/20220412_output/platefiles/transfer_7.csv 
2022-04-20 10:42:43 | new_transfer.R done ------------------------------------- 

2022-04-20 10:48:58 | new_transfer.R ------------------------------------------ 
Experiment: 
# A tibble: 1 x 5
     id created             output_directory exp_name n_plates
  <int> <dttm>              <chr>            <chr>       <int>
1    15 2022-04-12 09:10:57 20220412_output  output          6
turnover:
A_r B_r  bl 
 24  24   2 

Infection: ( 23 )
 4 11 16 18 31 42 43 54 55 56 61 66 69 74 78 87 88 96 
 1  2  1  1  1  2  1  1  1  1  1  1  1  2  2  2  1  1 

Treatment: 
 - Plate  1
none 
  96 
 - Plate  2
   A none 
  94    2 
 - Plate  3
   B none 
  94    2 
 - Plate  4
  AB none 
  94    2 
 - Plate  5
   B none 
  94    2 
 - Plate  6
   A    B none 
  45   49    2 

new transfer: 
# A tibble: 1 x 4
      n   run created             type    
  <int> <int> <dttm>              <chr>   
1     7     1 2022-04-20 10:48:58 transfer
new plate file saved to:  experiments/20220412_output/platefiles/transfer_7.csv 
2022-04-20 10:48:58 | new_transfer.R done ------------------------------------- 

2022-04-21 12:32:36 | new_transfer.R ------------------------------------------ 
Experiment: 
# A tibble: 1 x 5
     id created             output_directory exp_name n_plates
  <int> <dttm>              <chr>            <chr>       <int>
1    15 2022-04-12 09:10:57 20220412_output  output          6
turnover:
A_r B_r  bl 
 23  13   2 

Infection: ( 21 )
 1  5 10 14 16 19 22 24 28 42 44 45 63 65 77 81 96 
 1  1  2  1  2  1  1  1  2  2  1  1  1  1  1  1  1 

Treatment: 
 - Plate  1
none 
  96 
 - Plate  2
   A none 
  94    2 
 - Plate  3
   B none 
  94    2 
 - Plate  4
  AB none 
  94    2 
 - Plate  5
   B none 
  94    2 
 - Plate  6
   A    B none 
  50   44    2 

new transfer: 
# A tibble: 1 x 4
      n   run created             type    
  <int> <int> <dttm>              <chr>   
1     8     1 2022-04-21 12:32:36 transfer
new plate file saved to:  experiments/20220412_output/platefiles/transfer_8.csv 
2022-04-21 12:32:36 | new_transfer.R done ------------------------------------- 

2022-04-21 12:53:00 | new_transfer.R ------------------------------------------ 
Experiment: 
# A tibble: 1 x 5
     id created             output_directory exp_name n_plates
  <int> <dttm>              <chr>            <chr>       <int>
1    15 2022-04-12 09:10:57 20220412_output  output          6
turnover:
A_r B_r  bl 
 15  23   2 

Infection: ( 24 )
 1  4  7 14 18 24 29 37 50 52 57 61 62 63 64 69 71 77 84 85 87 88 
 1  1  1  1  1  1  1  1  2  1  1  1  1  1  1  1  1  2  1  1  1  1 

Treatment: 
 - Plate  1
none 
  96 
 - Plate  2
   A none 
  94    2 
 - Plate  3
   B none 
  94    2 
 - Plate  4
  AB none 
  94    2 
 - Plate  5
   B none 
  94    2 
 - Plate  6
   A    B none 
  52   42    2 

new transfer: 
# A tibble: 1 x 4
      n   run created             type    
  <int> <int> <dttm>              <chr>   
1     8     1 2022-04-21 12:53:00 transfer
new plate file saved to:  experiments/20220412_output/platefiles/transfer_8.csv 
2022-04-21 12:53:00 | new_transfer.R done ------------------------------------- 

2022-04-22 11:30:09 | new_transfer.R ------------------------------------------ 
Experiment: 
# A tibble: 1 x 5
     id created             output_directory exp_name n_plates
  <int> <dttm>              <chr>            <chr>       <int>
1    15 2022-04-12 09:10:57 20220412_output  output          6
turnover:
A_r B_r  bl 
 23  22   2 

Infection: ( 23 )
 1  7 11 15 16 18 31 32 35 41 44 46 51 56 58 61 62 78 80 83 94 
 1  1  1  1  1  1  1  1  1  1  1  1  1  2  1  1  1  1  1  1  2 

Treatment: 
 - Plate  1
none 
  96 
 - Plate  2
   A none 
  94    2 
 - Plate  3
   B none 
  94    2 
 - Plate  4
  AB none 
  94    2 
 - Plate  5
   A none 
  94    2 
 - Plate  6
   A    B none 
  49   45    2 

new transfer: 
# A tibble: 1 x 4
      n   run created             type    
  <int> <int> <dttm>              <chr>   
1     9     1 2022-04-22 11:30:09 transfer
new plate file saved to:  experiments/20220412_output/platefiles/transfer_9.csv 
2022-04-22 11:30:09 | new_transfer.R done ------------------------------------- 

2022-04-23 12:30:30 | new_transfer.R ------------------------------------------ 
Experiment: 
# A tibble: 1 x 5
     id created             output_directory exp_name n_plates
  <int> <dttm>              <chr>            <chr>       <int>
1    15 2022-04-12 09:10:57 20220412_output  output          6
turnover:
A_r B_r  bl 
 16  30   2 

Infection: ( 25 )
 9 16 23 24 39 41 45 46 50 51 52 58 60 61 62 70 71 81 86 94 95 
 1  1  1  2  1  1  1  1  1  1  1  1  1  2  1  1  1  1  1  3  1 

Treatment: 
 - Plate  1
none 
  96 
 - Plate  2
   A none 
  94    2 
 - Plate  3
   B none 
  94    2 
 - Plate  4
  AB none 
  94    2 
 - Plate  5
   A none 
  94    2 
 - Plate  6
   A    B none 
  46   48    2 

new transfer: 
# A tibble: 1 x 4
      n   run created             type    
  <int> <int> <dttm>              <chr>   
1    10     1 2022-04-23 12:30:31 transfer
new plate file saved to:  experiments/20220412_output/platefiles/transfer_10.csv 
2022-04-23 12:30:31 | new_transfer.R done ------------------------------------- 

2022-04-24 12:12:09 | new_transfer.R ------------------------------------------ 
Experiment: 
# A tibble: 1 x 5
     id created             output_directory exp_name n_plates
  <int> <dttm>              <chr>            <chr>       <int>
1    15 2022-04-12 09:10:57 20220412_output  output          6
turnover:
A_r B_r  bl 
 25  28   2 

Infection: ( 25 )
 7 11 14 19 21 23 26 43 44 46 47 48 49 54 63 84 85 87 91 94 95 
 1  1  1  1  2  2  1  1  1  1  1  1  1  1  1  2  1  1  2  1  1 

Treatment: 
 - Plate  1
none 
  96 
 - Plate  2
   A none 
  94    2 
 - Plate  3
   B none 
  94    2 
 - Plate  4
  AB none 
  94    2 
 - Plate  5
   B none 
  94    2 
 - Plate  6
   A    B none 
  38   56    2 

new transfer: 
# A tibble: 1 x 4
      n   run created             type    
  <int> <int> <dttm>              <chr>   
1    11     1 2022-04-24 12:12:09 transfer
new plate file saved to:  experiments/20220412_output/platefiles/transfer_11.csv 
2022-04-24 12:12:09 | new_transfer.R done ------------------------------------- 

2022-04-25 12:25:21 | new_transfer.R ------------------------------------------ 
Experiment: 
# A tibble: 1 x 5
     id created             output_directory exp_name n_plates
  <int> <dttm>              <chr>            <chr>       <int>
1    15 2022-04-12 09:10:57 20220412_output  output          6
turnover:
A_r B_r  bl 
 20  28   2 

Infection: ( 23 )
 3  5  8 11 14 15 20 33 34 44 45 47 63 72 77 84 85 87 89 
 1  1  1  1  1  1  1  1  1  2  1  2  1  1  1  2  1  2  1 

Treatment: 
 - Plate  1
none 
  96 
 - Plate  2
   A none 
  94    2 
 - Plate  3
   B none 
  94    2 
 - Plate  4
  AB none 
  94    2 
 - Plate  5
   B none 
  94    2 
 - Plate  6
   A    B none 
  42   52    2 

new transfer: 
# A tibble: 1 x 4
      n   run created             type    
  <int> <int> <dttm>              <chr>   
1    12     1 2022-04-25 12:25:21 transfer
new plate file saved to:  experiments/20220412_output/platefiles/transfer_12.csv 
2022-04-25 12:25:21 | new_transfer.R done ------------------------------------- 

2022-04-26 10:35:29 | new_transfer.R ------------------------------------------ 
Experiment: 
# A tibble: 1 x 5
     id created             output_directory exp_name n_plates
  <int> <dttm>              <chr>            <chr>       <int>
1    15 2022-04-12 09:10:57 20220412_output  output          6
turnover:
A_r B_r  bl 
 25  17   2 

Infection: ( 23 )
 4  5 12 15 18 20 21 31 33 35 37 46 47 50 56 62 76 80 87 89 96 
 1  1  1  1  2  1  1  1  1  1  1  1  1  1  1  1  2  1  1  1  1 

Treatment: 
 - Plate  1
none 
  96 
 - Plate  2
   A none 
  94    2 
 - Plate  3
   B none 
  94    2 
 - Plate  4
  AB none 
  94    2 
 - Plate  5
   A none 
  94    2 
 - Plate  6
   A    B none 
  54   40    2 

new transfer: 
# A tibble: 1 x 4
      n   run created             type    
  <int> <int> <dttm>              <chr>   
1    13     1 2022-04-26 10:35:29 transfer
new plate file saved to:  experiments/20220412_output/platefiles/transfer_13.csv 
2022-04-26 10:35:29 | new_transfer.R done ------------------------------------- 

2022-04-27 10:01:38 | new_transfer.R ------------------------------------------ 
Experiment: 
# A tibble: 1 x 5
     id created             output_directory exp_name n_plates
  <int> <dttm>              <chr>            <chr>       <int>
1    15 2022-04-12 09:10:57 20220412_output  output          6
turnover:
A_r B_r  bl 
 31  26   2 

Infection: ( 30 )
 3  8  9 14 19 22 29 32 34 35 36 41 48 50 55 56 61 63 64 77 79 82 83 86 87 
 1  1  1  1  1  1  2  1  1  1  1  1  3  1  1  2  1  1  1  1  1  1  1  2  1 

Treatment: 
 - Plate  1
none 
  96 
 - Plate  2
   A none 
  94    2 
 - Plate  3
   B none 
  94    2 
 - Plate  4
  AB none 
  94    2 
 - Plate  5
   A none 
  94    2 
 - Plate  6
   A    B none 
  45   49    2 

new transfer: 
# A tibble: 1 x 4
      n   run created             type    
  <int> <int> <dttm>              <chr>   
1    14     1 2022-04-27 10:01:38 transfer
new plate file saved to:  experiments/20220412_output/platefiles/transfer_14.csv 
2022-04-27 10:01:39 | new_transfer.R done ------------------------------------- 

