2022-04-24 12:49:13 | record_time.R ------------------------------------------- 
Timestamp: 2022-04-24 12:49:13 added.
2022-04-24 12:49:13 | record_time.R done.-------------------------------------- 

2022-04-24 12:49:15 | record_time.R ------------------------------------------- 
Timestamp: 2022-04-24 12:49:15 added.
2022-04-24 12:49:15 | record_time.R done.-------------------------------------- 

2022-04-24 12:59:47 | record_time.R ------------------------------------------- 
Timestamp: 2022-04-24 12:59:47 added.
2022-04-24 12:59:47 | record_time.R done.-------------------------------------- 

2022-04-24 13:00:18 | record_time.R ------------------------------------------- 
Timestamp: 2022-04-24 13:00:18 added.
2022-04-24 13:00:18 | record_time.R done.-------------------------------------- 

2022-04-24 13:21:27 | record_time.R ------------------------------------------- 
Timestamp: 2022-04-24 13:21:27 added.
2022-04-24 13:21:27 | record_time.R done.-------------------------------------- 

2022-04-24 13:22:06 | record_time.R ------------------------------------------- 
Timestamp: 2022-04-24 13:22:06 added.
2022-04-24 13:22:06 | record_time.R done.-------------------------------------- 

2022-04-24 13:46:34 | record_time.R ------------------------------------------- 
Timestamp: 2022-04-24 13:46:34 added.
2022-04-24 13:46:34 | record_time.R done.-------------------------------------- 

2022-04-24 13:47:14 | record_time.R ------------------------------------------- 
Timestamp: 2022-04-24 13:47:14 added.
2022-04-24 13:47:14 | record_time.R done.-------------------------------------- 

2022-04-24 14:11:42 | record_time.R ------------------------------------------- 
Timestamp: 2022-04-24 14:11:42 added.
2022-04-24 14:11:42 | record_time.R done.-------------------------------------- 

2022-04-24 14:12:22 | record_time.R ------------------------------------------- 
Timestamp: 2022-04-24 14:12:22 added.
2022-04-24 14:12:22 | record_time.R done.-------------------------------------- 

2022-04-24 14:36:52 | record_time.R ------------------------------------------- 
Timestamp: 2022-04-24 14:36:52 added.
2022-04-24 14:36:52 | record_time.R done.-------------------------------------- 

2022-04-24 14:37:32 | record_time.R ------------------------------------------- 
Timestamp: 2022-04-24 14:37:32 added.
2022-04-24 14:37:32 | record_time.R done.-------------------------------------- 

2022-04-24 15:02:05 | record_time.R ------------------------------------------- 
Timestamp: 2022-04-24 15:02:05 added.
2022-04-24 15:02:05 | record_time.R done.-------------------------------------- 

2022-04-24 15:02:44 | record_time.R ------------------------------------------- 
Timestamp: 2022-04-24 15:02:44 added.
2022-04-24 15:02:44 | record_time.R done.-------------------------------------- 

2022-04-24 15:48:53 | record_time.R ------------------------------------------- 
Timestamp: 2022-04-24 15:48:53 added.
2022-04-24 15:48:53 | record_time.R done.-------------------------------------- 

2022-04-24 15:51:13 | record_time.R ------------------------------------------- 
Timestamp: 2022-04-24 15:51:13 added.
2022-04-24 15:51:13 | record_time.R done.-------------------------------------- 

2022-04-24 16:01:11 | record_time.R ------------------------------------------- 
Warning: 2 parsing failures.
row      col   expected actual                                    file
  1 plate    an integer   none 'experiments/20220412_output/times.csv'
  1 transfer an integer   none 'experiments/20220412_output/times.csv'

Timestamp: 2022-04-24 16:01:11 added.
2022-04-24 16:01:11 | record_time.R done.-------------------------------------- 

2022-04-24 16:03:04 | record_time.R ------------------------------------------- 
Timestamp: 2022-04-24 16:03:04 added.
2022-04-24 16:03:04 | record_time.R done.-------------------------------------- 

2022-04-24 16:07:10 | record_time.R ------------------------------------------- 
Timestamp: 2022-04-24 16:07:10 added.
2022-04-24 16:07:10 | record_time.R done.-------------------------------------- 

2022-04-24 16:07:32 | record_time.R ------------------------------------------- 
Timestamp: 2022-04-24 16:07:32 added.
2022-04-24 16:07:32 | record_time.R done.-------------------------------------- 

2022-04-24 16:11:39 | record_time.R ------------------------------------------- 
Timestamp: 2022-04-24 16:11:39 added.
2022-04-24 16:11:39 | record_time.R done.-------------------------------------- 

2022-04-24 16:16:36 | record_time.R ------------------------------------------- 
Timestamp: 2022-04-24 16:16:36 added.
2022-04-24 16:16:36 | record_time.R done.-------------------------------------- 

2022-04-24 16:39:45 | record_time.R ------------------------------------------- 
Timestamp: 2022-04-24 16:39:45 added.
2022-04-24 16:39:45 | record_time.R done.-------------------------------------- 

2022-04-24 16:40:52 | record_time.R ------------------------------------------- 
Timestamp: 2022-04-24 16:40:52 added.
2022-04-24 16:40:52 | record_time.R done.-------------------------------------- 

2022-04-24 16:45:43 | record_time.R ------------------------------------------- 
Timestamp: 2022-04-24 16:45:43 added.
2022-04-24 16:45:43 | record_time.R done.-------------------------------------- 

2022-04-24 16:46:24 | record_time.R ------------------------------------------- 
Timestamp: 2022-04-24 16:46:24 added.
2022-04-24 16:46:24 | record_time.R done.-------------------------------------- 

2022-04-24 17:54:17 | record_time.R ------------------------------------------- 
Timestamp: 2022-04-24 17:54:17 added.
2022-04-24 17:54:17 | record_time.R done.-------------------------------------- 

2022-04-24 17:59:02 | record_time.R ------------------------------------------- 
Timestamp: 2022-04-24 17:59:02 added.
2022-04-24 17:59:02 | record_time.R done.-------------------------------------- 

2022-04-24 18:01:18 | record_time.R ------------------------------------------- 
Timestamp: 2022-04-24 18:01:18 added.
2022-04-24 18:01:18 | record_time.R done.-------------------------------------- 

2022-04-24 18:02:09 | record_time.R ------------------------------------------- 
Timestamp: 2022-04-24 18:02:09 added.
2022-04-24 18:02:10 | record_time.R done.-------------------------------------- 

2022-04-24 18:06:56 | record_time.R ------------------------------------------- 
Timestamp: 2022-04-24 18:06:56 added.
2022-04-24 18:06:56 | record_time.R done.-------------------------------------- 

2022-04-24 18:07:26 | record_time.R ------------------------------------------- 
Timestamp: 2022-04-24 18:07:26 added.
2022-04-24 18:07:26 | record_time.R done.-------------------------------------- 

2022-04-24 18:07:56 | record_time.R ------------------------------------------- 
Timestamp: 2022-04-24 18:07:56 added.
2022-04-24 18:07:56 | record_time.R done.-------------------------------------- 

2022-04-24 18:16:20 | record_time.R ------------------------------------------- 
Timestamp: 2022-04-24 18:16:20 added.
2022-04-24 18:16:20 | record_time.R done.-------------------------------------- 

2022-04-24 18:18:43 | record_time.R ------------------------------------------- 
Timestamp: 2022-04-24 18:18:43 added.
2022-04-24 18:18:43 | record_time.R done.-------------------------------------- 

2022-04-24 18:22:37 | record_time.R ------------------------------------------- 
Timestamp: 2022-04-24 18:22:37 added.
2022-04-24 18:22:37 | record_time.R done.-------------------------------------- 

2022-04-24 18:27:33 | record_time.R ------------------------------------------- 
Timestamp: 2022-04-24 18:27:33 added.
2022-04-24 18:27:33 | record_time.R done.-------------------------------------- 

2022-04-24 18:50:38 | record_time.R ------------------------------------------- 
Timestamp: 2022-04-24 18:50:38 added.
2022-04-24 18:50:38 | record_time.R done.-------------------------------------- 

2022-04-24 18:51:43 | record_time.R ------------------------------------------- 
Timestamp: 2022-04-24 18:51:43 added.
2022-04-24 18:51:43 | record_time.R done.-------------------------------------- 

2022-04-24 18:56:34 | record_time.R ------------------------------------------- 
Timestamp: 2022-04-24 18:56:34 added.
2022-04-24 18:56:34 | record_time.R done.-------------------------------------- 

2022-04-24 18:57:14 | record_time.R ------------------------------------------- 
Timestamp: 2022-04-24 18:57:14 added.
2022-04-24 18:57:14 | record_time.R done.-------------------------------------- 

2022-04-24 20:05:04 | record_time.R ------------------------------------------- 
Timestamp: 2022-04-24 20:05:04 added.
2022-04-24 20:05:04 | record_time.R done.-------------------------------------- 

2022-04-24 20:09:46 | record_time.R ------------------------------------------- 
Timestamp: 2022-04-24 20:09:46 added.
2022-04-24 20:09:46 | record_time.R done.-------------------------------------- 

2022-04-24 20:12:04 | record_time.R ------------------------------------------- 
Timestamp: 2022-04-24 20:12:04 added.
2022-04-24 20:12:04 | record_time.R done.-------------------------------------- 

2022-04-24 20:12:56 | record_time.R ------------------------------------------- 
Timestamp: 2022-04-24 20:12:56 added.
2022-04-24 20:12:56 | record_time.R done.-------------------------------------- 

2022-04-24 20:17:43 | record_time.R ------------------------------------------- 
Timestamp: 2022-04-24 20:17:43 added.
2022-04-24 20:17:43 | record_time.R done.-------------------------------------- 

2022-04-24 20:18:12 | record_time.R ------------------------------------------- 
Timestamp: 2022-04-24 20:18:12 added.
2022-04-24 20:18:12 | record_time.R done.-------------------------------------- 

2022-04-24 20:18:42 | record_time.R ------------------------------------------- 
Timestamp: 2022-04-24 20:18:42 added.
2022-04-24 20:18:42 | record_time.R done.-------------------------------------- 

2022-04-24 20:27:06 | record_time.R ------------------------------------------- 
Timestamp: 2022-04-24 20:27:06 added.
2022-04-24 20:27:06 | record_time.R done.-------------------------------------- 

2022-04-24 20:29:29 | record_time.R ------------------------------------------- 
Timestamp: 2022-04-24 20:29:29 added.
2022-04-24 20:29:29 | record_time.R done.-------------------------------------- 

2022-04-24 20:33:20 | record_time.R ------------------------------------------- 
Timestamp: 2022-04-24 20:33:20 added.
2022-04-24 20:33:20 | record_time.R done.-------------------------------------- 

2022-04-24 20:38:16 | record_time.R ------------------------------------------- 
Timestamp: 2022-04-24 20:38:16 added.
2022-04-24 20:38:16 | record_time.R done.-------------------------------------- 

2022-04-24 21:01:18 | record_time.R ------------------------------------------- 
Timestamp: 2022-04-24 21:01:18 added.
2022-04-24 21:01:18 | record_time.R done.-------------------------------------- 

2022-04-24 21:02:23 | record_time.R ------------------------------------------- 
Timestamp: 2022-04-24 21:02:23 added.
2022-04-24 21:02:23 | record_time.R done.-------------------------------------- 

2022-04-24 21:07:13 | record_time.R ------------------------------------------- 
Timestamp: 2022-04-24 21:07:13 added.
2022-04-24 21:07:13 | record_time.R done.-------------------------------------- 

2022-04-24 21:07:54 | record_time.R ------------------------------------------- 
Timestamp: 2022-04-24 21:07:54 added.
2022-04-24 21:07:54 | record_time.R done.-------------------------------------- 

2022-04-24 22:15:44 | record_time.R ------------------------------------------- 
Timestamp: 2022-04-24 22:15:44 added.
2022-04-24 22:15:44 | record_time.R done.-------------------------------------- 

2022-04-24 22:20:29 | record_time.R ------------------------------------------- 
Timestamp: 2022-04-24 22:20:29 added.
2022-04-24 22:20:29 | record_time.R done.-------------------------------------- 

2022-04-24 22:22:44 | record_time.R ------------------------------------------- 
Timestamp: 2022-04-24 22:22:44 added.
2022-04-24 22:22:44 | record_time.R done.-------------------------------------- 

2022-04-24 22:23:36 | record_time.R ------------------------------------------- 
Timestamp: 2022-04-24 22:23:36 added.
2022-04-24 22:23:36 | record_time.R done.-------------------------------------- 

2022-04-24 22:28:23 | record_time.R ------------------------------------------- 
Timestamp: 2022-04-24 22:28:23 added.
2022-04-24 22:28:23 | record_time.R done.-------------------------------------- 

2022-04-24 22:28:53 | record_time.R ------------------------------------------- 
Timestamp: 2022-04-24 22:28:53 added.
2022-04-24 22:28:53 | record_time.R done.-------------------------------------- 

2022-04-24 22:29:22 | record_time.R ------------------------------------------- 
Timestamp: 2022-04-24 22:29:22 added.
2022-04-24 22:29:22 | record_time.R done.-------------------------------------- 

2022-04-24 22:37:47 | record_time.R ------------------------------------------- 
Timestamp: 2022-04-24 22:37:47 added.
2022-04-24 22:37:47 | record_time.R done.-------------------------------------- 

2022-04-24 22:40:10 | record_time.R ------------------------------------------- 
Timestamp: 2022-04-24 22:40:10 added.
2022-04-24 22:40:10 | record_time.R done.-------------------------------------- 

2022-04-24 22:44:08 | record_time.R ------------------------------------------- 
Timestamp: 2022-04-24 22:44:08 added.
2022-04-24 22:44:08 | record_time.R done.-------------------------------------- 

2022-04-24 22:49:04 | record_time.R ------------------------------------------- 
Timestamp: 2022-04-24 22:49:04 added.
2022-04-24 22:49:04 | record_time.R done.-------------------------------------- 

2022-04-24 23:12:02 | record_time.R ------------------------------------------- 
Timestamp: 2022-04-24 23:12:02 added.
2022-04-24 23:12:02 | record_time.R done.-------------------------------------- 

2022-04-24 23:13:07 | record_time.R ------------------------------------------- 
Timestamp: 2022-04-24 23:13:07 added.
2022-04-24 23:13:07 | record_time.R done.-------------------------------------- 

2022-04-24 23:17:57 | record_time.R ------------------------------------------- 
Timestamp: 2022-04-24 23:17:57 added.
2022-04-24 23:17:57 | record_time.R done.-------------------------------------- 

2022-04-24 23:18:37 | record_time.R ------------------------------------------- 
Timestamp: 2022-04-24 23:18:37 added.
2022-04-24 23:18:37 | record_time.R done.-------------------------------------- 

2022-04-25 00:26:32 | record_time.R ------------------------------------------- 
Timestamp: 2022-04-25 00:26:32 added.
2022-04-25 00:26:32 | record_time.R done.-------------------------------------- 

2022-04-25 00:31:16 | record_time.R ------------------------------------------- 
Timestamp: 2022-04-25 00:31:16 added.
2022-04-25 00:31:16 | record_time.R done.-------------------------------------- 

2022-04-25 00:33:32 | record_time.R ------------------------------------------- 
Timestamp: 2022-04-25 00:33:32 added.
2022-04-25 00:33:32 | record_time.R done.-------------------------------------- 

2022-04-25 00:34:24 | record_time.R ------------------------------------------- 
Timestamp: 2022-04-25 00:34:24 added.
2022-04-25 00:34:24 | record_time.R done.-------------------------------------- 

2022-04-25 00:39:11 | record_time.R ------------------------------------------- 
Timestamp: 2022-04-25 00:39:11 added.
2022-04-25 00:39:11 | record_time.R done.-------------------------------------- 

2022-04-25 00:39:44 | record_time.R ------------------------------------------- 
Timestamp: 2022-04-25 00:39:44 added.
2022-04-25 00:39:44 | record_time.R done.-------------------------------------- 

2022-04-25 00:40:14 | record_time.R ------------------------------------------- 
Timestamp: 2022-04-25 00:40:14 added.
2022-04-25 00:40:14 | record_time.R done.-------------------------------------- 

2022-04-25 00:48:38 | record_time.R ------------------------------------------- 
Timestamp: 2022-04-25 00:48:38 added.
2022-04-25 00:48:38 | record_time.R done.-------------------------------------- 

2022-04-25 00:51:00 | record_time.R ------------------------------------------- 
Timestamp: 2022-04-25 00:51:00 added.
2022-04-25 00:51:00 | record_time.R done.-------------------------------------- 

2022-04-25 00:54:55 | record_time.R ------------------------------------------- 
Timestamp: 2022-04-25 00:54:55 added.
2022-04-25 00:54:55 | record_time.R done.-------------------------------------- 

2022-04-25 00:59:50 | record_time.R ------------------------------------------- 
Timestamp: 2022-04-25 00:59:50 added.
2022-04-25 00:59:50 | record_time.R done.-------------------------------------- 

2022-04-25 01:22:45 | record_time.R ------------------------------------------- 
Timestamp: 2022-04-25 01:22:45 added.
2022-04-25 01:22:45 | record_time.R done.-------------------------------------- 

2022-04-25 01:23:49 | record_time.R ------------------------------------------- 
Timestamp: 2022-04-25 01:23:49 added.
2022-04-25 01:23:49 | record_time.R done.-------------------------------------- 

2022-04-25 01:28:39 | record_time.R ------------------------------------------- 
Timestamp: 2022-04-25 01:28:39 added.
2022-04-25 01:28:39 | record_time.R done.-------------------------------------- 

2022-04-25 01:29:19 | record_time.R ------------------------------------------- 
Timestamp: 2022-04-25 01:29:20 added.
2022-04-25 01:29:20 | record_time.R done.-------------------------------------- 

2022-04-25 02:37:13 | record_time.R ------------------------------------------- 
Timestamp: 2022-04-25 02:37:13 added.
2022-04-25 02:37:13 | record_time.R done.-------------------------------------- 

2022-04-25 02:41:58 | record_time.R ------------------------------------------- 
Timestamp: 2022-04-25 02:41:58 added.
2022-04-25 02:41:58 | record_time.R done.-------------------------------------- 

2022-04-25 02:44:14 | record_time.R ------------------------------------------- 
Timestamp: 2022-04-25 02:44:14 added.
2022-04-25 02:44:14 | record_time.R done.-------------------------------------- 

2022-04-25 02:45:07 | record_time.R ------------------------------------------- 
Timestamp: 2022-04-25 02:45:07 added.
2022-04-25 02:45:07 | record_time.R done.-------------------------------------- 

2022-04-25 02:49:55 | record_time.R ------------------------------------------- 
Timestamp: 2022-04-25 02:49:55 added.
2022-04-25 02:49:55 | record_time.R done.-------------------------------------- 

2022-04-25 02:50:27 | record_time.R ------------------------------------------- 
Timestamp: 2022-04-25 02:50:27 added.
2022-04-25 02:50:27 | record_time.R done.-------------------------------------- 

2022-04-25 02:50:56 | record_time.R ------------------------------------------- 
Timestamp: 2022-04-25 02:50:56 added.
2022-04-25 02:50:56 | record_time.R done.-------------------------------------- 

2022-04-25 02:59:20 | record_time.R ------------------------------------------- 
Timestamp: 2022-04-25 02:59:20 added.
2022-04-25 02:59:20 | record_time.R done.-------------------------------------- 

2022-04-25 03:01:43 | record_time.R ------------------------------------------- 
Timestamp: 2022-04-25 03:01:43 added.
2022-04-25 03:01:43 | record_time.R done.-------------------------------------- 

2022-04-25 03:05:34 | record_time.R ------------------------------------------- 
Timestamp: 2022-04-25 03:05:34 added.
2022-04-25 03:05:34 | record_time.R done.-------------------------------------- 

2022-04-25 03:10:28 | record_time.R ------------------------------------------- 
Timestamp: 2022-04-25 03:10:28 added.
2022-04-25 03:10:28 | record_time.R done.-------------------------------------- 

2022-04-25 03:33:20 | record_time.R ------------------------------------------- 
Timestamp: 2022-04-25 03:33:20 added.
2022-04-25 03:33:20 | record_time.R done.-------------------------------------- 

2022-04-25 03:34:24 | record_time.R ------------------------------------------- 
Timestamp: 2022-04-25 03:34:24 added.
2022-04-25 03:34:24 | record_time.R done.-------------------------------------- 

2022-04-25 03:39:14 | record_time.R ------------------------------------------- 
Timestamp: 2022-04-25 03:39:14 added.
2022-04-25 03:39:14 | record_time.R done.-------------------------------------- 

2022-04-25 03:39:54 | record_time.R ------------------------------------------- 
Timestamp: 2022-04-25 03:39:54 added.
2022-04-25 03:39:54 | record_time.R done.-------------------------------------- 

2022-04-25 04:47:50 | record_time.R ------------------------------------------- 
Timestamp: 2022-04-25 04:47:50 added.
2022-04-25 04:47:50 | record_time.R done.-------------------------------------- 

2022-04-25 04:52:33 | record_time.R ------------------------------------------- 
Timestamp: 2022-04-25 04:52:33 added.
2022-04-25 04:52:33 | record_time.R done.-------------------------------------- 

2022-04-25 04:54:50 | record_time.R ------------------------------------------- 
Timestamp: 2022-04-25 04:54:50 added.
2022-04-25 04:54:50 | record_time.R done.-------------------------------------- 

2022-04-25 04:55:42 | record_time.R ------------------------------------------- 
Timestamp: 2022-04-25 04:55:42 added.
2022-04-25 04:55:42 | record_time.R done.-------------------------------------- 

2022-04-25 05:00:29 | record_time.R ------------------------------------------- 
Timestamp: 2022-04-25 05:00:29 added.
2022-04-25 05:00:29 | record_time.R done.-------------------------------------- 

2022-04-25 05:01:02 | record_time.R ------------------------------------------- 
Timestamp: 2022-04-25 05:01:02 added.
2022-04-25 05:01:02 | record_time.R done.-------------------------------------- 

2022-04-25 05:01:32 | record_time.R ------------------------------------------- 
Timestamp: 2022-04-25 05:01:32 added.
2022-04-25 05:01:32 | record_time.R done.-------------------------------------- 

2022-04-25 05:09:57 | record_time.R ------------------------------------------- 
Timestamp: 2022-04-25 05:09:57 added.
2022-04-25 05:09:57 | record_time.R done.-------------------------------------- 

2022-04-25 05:12:09 | record_time.R ------------------------------------------- 
Timestamp: 2022-04-25 05:12:09 added.
2022-04-25 05:12:09 | record_time.R done.-------------------------------------- 

2022-04-25 18:41:21 | record_time.R ------------------------------------------- 
Timestamp: 2022-04-25 18:41:21 added.
2022-04-25 18:41:21 | record_time.R done.-------------------------------------- 

2022-04-25 20:44:30 | record_time.R ------------------------------------------- 
Timestamp: 2022-04-25 20:44:30 added.
2022-04-25 20:44:30 | record_time.R done.-------------------------------------- 

2022-04-25 22:47:37 | record_time.R ------------------------------------------- 
Timestamp: 2022-04-25 22:47:37 added.
2022-04-25 22:47:37 | record_time.R done.-------------------------------------- 

2022-04-26 00:50:46 | record_time.R ------------------------------------------- 
Timestamp: 2022-04-26 00:50:46 added.
2022-04-26 00:50:46 | record_time.R done.-------------------------------------- 

2022-04-26 02:53:47 | record_time.R ------------------------------------------- 
Timestamp: 2022-04-26 02:53:47 added.
2022-04-26 02:53:47 | record_time.R done.-------------------------------------- 

2022-04-26 04:56:45 | record_time.R ------------------------------------------- 
Timestamp: 2022-04-26 04:56:45 added.
2022-04-26 04:56:45 | record_time.R done.-------------------------------------- 

