2022-04-19 11:59:27 | record_time.R ------------------------------------------- 
Timestamp: 2022-04-19 11:59:27 added.
2022-04-19 11:59:27 | record_time.R done.-------------------------------------- 

2022-04-19 11:59:29 | record_time.R ------------------------------------------- 
Timestamp: 2022-04-19 11:59:29 added.
2022-04-19 11:59:29 | record_time.R done.-------------------------------------- 

2022-04-19 12:10:01 | record_time.R ------------------------------------------- 
Timestamp: 2022-04-19 12:10:01 added.
2022-04-19 12:10:01 | record_time.R done.-------------------------------------- 

2022-04-19 12:10:32 | record_time.R ------------------------------------------- 
Timestamp: 2022-04-19 12:10:32 added.
2022-04-19 12:10:32 | record_time.R done.-------------------------------------- 

2022-04-19 12:32:06 | record_time.R ------------------------------------------- 
Timestamp: 2022-04-19 12:32:06 added.
2022-04-19 12:32:06 | record_time.R done.-------------------------------------- 

2022-04-19 12:32:46 | record_time.R ------------------------------------------- 
Timestamp: 2022-04-19 12:32:46 added.
2022-04-19 12:32:46 | record_time.R done.-------------------------------------- 

2022-04-19 12:57:39 | record_time.R ------------------------------------------- 
Timestamp: 2022-04-19 12:57:39 added.
2022-04-19 12:57:39 | record_time.R done.-------------------------------------- 

2022-04-19 12:58:18 | record_time.R ------------------------------------------- 
Timestamp: 2022-04-19 12:58:18 added.
2022-04-19 12:58:18 | record_time.R done.-------------------------------------- 

2022-04-19 13:23:14 | record_time.R ------------------------------------------- 
Timestamp: 2022-04-19 13:23:14 added.
2022-04-19 13:23:14 | record_time.R done.-------------------------------------- 

2022-04-19 13:23:53 | record_time.R ------------------------------------------- 
Timestamp: 2022-04-19 13:23:53 added.
2022-04-19 13:23:53 | record_time.R done.-------------------------------------- 

2022-04-19 13:48:49 | record_time.R ------------------------------------------- 
Timestamp: 2022-04-19 13:48:50 added.
2022-04-19 13:48:50 | record_time.R done.-------------------------------------- 

2022-04-19 13:49:29 | record_time.R ------------------------------------------- 
Timestamp: 2022-04-19 13:49:29 added.
2022-04-19 13:49:29 | record_time.R done.-------------------------------------- 

2022-04-19 14:14:27 | record_time.R ------------------------------------------- 
Timestamp: 2022-04-19 14:14:27 added.
2022-04-19 14:14:27 | record_time.R done.-------------------------------------- 

2022-04-19 14:15:06 | record_time.R ------------------------------------------- 
Timestamp: 2022-04-19 14:15:06 added.
2022-04-19 14:15:06 | record_time.R done.-------------------------------------- 

2022-04-19 14:56:46 | record_time.R ------------------------------------------- 
Timestamp: 2022-04-19 14:56:46 added.
2022-04-19 14:56:46 | record_time.R done.-------------------------------------- 

2022-04-19 14:59:09 | record_time.R ------------------------------------------- 
Timestamp: 2022-04-19 14:59:09 added.
2022-04-19 14:59:09 | record_time.R done.-------------------------------------- 

2022-04-19 15:09:07 | record_time.R ------------------------------------------- 
Warning: 2 parsing failures.
row      col   expected actual                                    file
  1 plate    an integer   none 'experiments/20220412_output/times.csv'
  1 transfer an integer   none 'experiments/20220412_output/times.csv'

Timestamp: 2022-04-19 15:09:07 added.
2022-04-19 15:09:07 | record_time.R done.-------------------------------------- 

2022-04-19 15:11:00 | record_time.R ------------------------------------------- 
Timestamp: 2022-04-19 15:11:00 added.
2022-04-19 15:11:00 | record_time.R done.-------------------------------------- 

2022-04-19 15:15:07 | record_time.R ------------------------------------------- 
Timestamp: 2022-04-19 15:15:07 added.
2022-04-19 15:15:07 | record_time.R done.-------------------------------------- 

2022-04-19 15:15:29 | record_time.R ------------------------------------------- 
Timestamp: 2022-04-19 15:15:29 added.
2022-04-19 15:15:29 | record_time.R done.-------------------------------------- 

2022-04-19 15:19:34 | record_time.R ------------------------------------------- 
Timestamp: 2022-04-19 15:19:34 added.
2022-04-19 15:19:34 | record_time.R done.-------------------------------------- 

2022-04-19 15:24:32 | record_time.R ------------------------------------------- 
Timestamp: 2022-04-19 15:24:32 added.
2022-04-19 15:24:32 | record_time.R done.-------------------------------------- 

2022-04-19 15:42:58 | record_time.R ------------------------------------------- 
Timestamp: 2022-04-19 15:42:58 added.
2022-04-19 15:42:58 | record_time.R done.-------------------------------------- 

2022-04-19 15:44:01 | record_time.R ------------------------------------------- 
Timestamp: 2022-04-19 15:44:01 added.
2022-04-19 15:44:01 | record_time.R done.-------------------------------------- 

2022-04-19 15:48:51 | record_time.R ------------------------------------------- 
Timestamp: 2022-04-19 15:48:51 added.
2022-04-19 15:48:51 | record_time.R done.-------------------------------------- 

2022-04-19 15:49:32 | record_time.R ------------------------------------------- 
Timestamp: 2022-04-19 15:49:32 added.
2022-04-19 15:49:32 | record_time.R done.-------------------------------------- 

2022-04-19 17:02:58 | record_time.R ------------------------------------------- 
Timestamp: 2022-04-19 17:02:58 added.
2022-04-19 17:02:58 | record_time.R done.-------------------------------------- 

2022-04-19 17:07:08 | record_time.R ------------------------------------------- 
Timestamp: 2022-04-19 17:07:08 added.
2022-04-19 17:07:08 | record_time.R done.-------------------------------------- 

2022-04-19 17:09:24 | record_time.R ------------------------------------------- 
Timestamp: 2022-04-19 17:09:24 added.
2022-04-19 17:09:24 | record_time.R done.-------------------------------------- 

2022-04-19 17:10:17 | record_time.R ------------------------------------------- 
Timestamp: 2022-04-19 17:10:17 added.
2022-04-19 17:10:17 | record_time.R done.-------------------------------------- 

2022-04-19 17:15:04 | record_time.R ------------------------------------------- 
Timestamp: 2022-04-19 17:15:04 added.
2022-04-19 17:15:04 | record_time.R done.-------------------------------------- 

2022-04-19 17:15:32 | record_time.R ------------------------------------------- 
Timestamp: 2022-04-19 17:15:32 added.
2022-04-19 17:15:32 | record_time.R done.-------------------------------------- 

2022-04-19 17:16:01 | record_time.R ------------------------------------------- 
Timestamp: 2022-04-19 17:16:01 added.
2022-04-19 17:16:01 | record_time.R done.-------------------------------------- 

2022-04-19 17:24:24 | record_time.R ------------------------------------------- 
Timestamp: 2022-04-19 17:24:24 added.
2022-04-19 17:24:24 | record_time.R done.-------------------------------------- 

2022-04-19 17:26:47 | record_time.R ------------------------------------------- 
Timestamp: 2022-04-19 17:26:47 added.
2022-04-19 17:26:47 | record_time.R done.-------------------------------------- 

2022-04-19 17:30:40 | record_time.R ------------------------------------------- 
Timestamp: 2022-04-19 17:30:41 added.
2022-04-19 17:30:41 | record_time.R done.-------------------------------------- 

2022-04-19 17:35:37 | record_time.R ------------------------------------------- 
Timestamp: 2022-04-19 17:35:37 added.
2022-04-19 17:35:37 | record_time.R done.-------------------------------------- 

2022-04-19 17:54:00 | record_time.R ------------------------------------------- 
Timestamp: 2022-04-19 17:54:00 added.
2022-04-19 17:54:00 | record_time.R done.-------------------------------------- 

2022-04-19 17:55:03 | record_time.R ------------------------------------------- 
Timestamp: 2022-04-19 17:55:03 added.
2022-04-19 17:55:03 | record_time.R done.-------------------------------------- 

2022-04-19 17:59:54 | record_time.R ------------------------------------------- 
Timestamp: 2022-04-19 17:59:54 added.
2022-04-19 17:59:54 | record_time.R done.-------------------------------------- 

2022-04-19 18:00:34 | record_time.R ------------------------------------------- 
Timestamp: 2022-04-19 18:00:34 added.
2022-04-19 18:00:34 | record_time.R done.-------------------------------------- 

2022-04-19 19:13:59 | record_time.R ------------------------------------------- 
Timestamp: 2022-04-19 19:13:59 added.
2022-04-19 19:13:59 | record_time.R done.-------------------------------------- 

2022-04-19 19:18:09 | record_time.R ------------------------------------------- 
Timestamp: 2022-04-19 19:18:09 added.
2022-04-19 19:18:09 | record_time.R done.-------------------------------------- 

2022-04-19 19:20:25 | record_time.R ------------------------------------------- 
Timestamp: 2022-04-19 19:20:25 added.
2022-04-19 19:20:25 | record_time.R done.-------------------------------------- 

2022-04-19 19:21:18 | record_time.R ------------------------------------------- 
Timestamp: 2022-04-19 19:21:18 added.
2022-04-19 19:21:18 | record_time.R done.-------------------------------------- 

2022-04-19 19:26:04 | record_time.R ------------------------------------------- 
Timestamp: 2022-04-19 19:26:04 added.
2022-04-19 19:26:05 | record_time.R done.-------------------------------------- 

2022-04-19 19:26:33 | record_time.R ------------------------------------------- 
Timestamp: 2022-04-19 19:26:33 added.
2022-04-19 19:26:33 | record_time.R done.-------------------------------------- 

2022-04-19 19:27:02 | record_time.R ------------------------------------------- 
Timestamp: 2022-04-19 19:27:02 added.
2022-04-19 19:27:02 | record_time.R done.-------------------------------------- 

2022-04-19 19:35:24 | record_time.R ------------------------------------------- 
Timestamp: 2022-04-19 19:35:24 added.
2022-04-19 19:35:24 | record_time.R done.-------------------------------------- 

2022-04-19 19:37:46 | record_time.R ------------------------------------------- 
Timestamp: 2022-04-19 19:37:46 added.
2022-04-19 19:37:46 | record_time.R done.-------------------------------------- 

2022-04-19 19:41:37 | record_time.R ------------------------------------------- 
Timestamp: 2022-04-19 19:41:37 added.
2022-04-19 19:41:37 | record_time.R done.-------------------------------------- 

2022-04-19 19:46:33 | record_time.R ------------------------------------------- 
Timestamp: 2022-04-19 19:46:33 added.
2022-04-19 19:46:33 | record_time.R done.-------------------------------------- 

2022-04-19 20:04:55 | record_time.R ------------------------------------------- 
Timestamp: 2022-04-19 20:04:56 added.
2022-04-19 20:04:56 | record_time.R done.-------------------------------------- 

2022-04-19 20:05:59 | record_time.R ------------------------------------------- 
Timestamp: 2022-04-19 20:05:59 added.
2022-04-19 20:05:59 | record_time.R done.-------------------------------------- 

2022-04-19 20:10:49 | record_time.R ------------------------------------------- 
Timestamp: 2022-04-19 20:10:49 added.
2022-04-19 20:10:49 | record_time.R done.-------------------------------------- 

2022-04-19 20:11:29 | record_time.R ------------------------------------------- 
Timestamp: 2022-04-19 20:11:29 added.
2022-04-19 20:11:29 | record_time.R done.-------------------------------------- 

2022-04-19 21:24:58 | record_time.R ------------------------------------------- 
Timestamp: 2022-04-19 21:24:59 added.
2022-04-19 21:24:59 | record_time.R done.-------------------------------------- 

2022-04-19 21:29:08 | record_time.R ------------------------------------------- 
Timestamp: 2022-04-19 21:29:08 added.
2022-04-19 21:29:09 | record_time.R done.-------------------------------------- 

2022-04-19 21:31:25 | record_time.R ------------------------------------------- 
Timestamp: 2022-04-19 21:31:25 added.
2022-04-19 21:31:25 | record_time.R done.-------------------------------------- 

2022-04-19 21:32:17 | record_time.R ------------------------------------------- 
Timestamp: 2022-04-19 21:32:17 added.
2022-04-19 21:32:17 | record_time.R done.-------------------------------------- 

2022-04-19 21:37:03 | record_time.R ------------------------------------------- 
Timestamp: 2022-04-19 21:37:04 added.
2022-04-19 21:37:04 | record_time.R done.-------------------------------------- 

2022-04-19 21:37:32 | record_time.R ------------------------------------------- 
Timestamp: 2022-04-19 21:37:32 added.
2022-04-19 21:37:32 | record_time.R done.-------------------------------------- 

2022-04-19 21:38:02 | record_time.R ------------------------------------------- 
Timestamp: 2022-04-19 21:38:02 added.
2022-04-19 21:38:02 | record_time.R done.-------------------------------------- 

2022-04-19 21:46:25 | record_time.R ------------------------------------------- 
Timestamp: 2022-04-19 21:46:25 added.
2022-04-19 21:46:25 | record_time.R done.-------------------------------------- 

2022-04-19 21:48:48 | record_time.R ------------------------------------------- 
Timestamp: 2022-04-19 21:48:48 added.
2022-04-19 21:48:48 | record_time.R done.-------------------------------------- 

2022-04-19 21:52:45 | record_time.R ------------------------------------------- 
Timestamp: 2022-04-19 21:52:45 added.
2022-04-19 21:52:45 | record_time.R done.-------------------------------------- 

2022-04-19 21:57:41 | record_time.R ------------------------------------------- 
Timestamp: 2022-04-19 21:57:41 added.
2022-04-19 21:57:41 | record_time.R done.-------------------------------------- 

2022-04-19 22:16:00 | record_time.R ------------------------------------------- 
Timestamp: 2022-04-19 22:16:00 added.
2022-04-19 22:16:00 | record_time.R done.-------------------------------------- 

2022-04-19 22:17:05 | record_time.R ------------------------------------------- 
Timestamp: 2022-04-19 22:17:05 added.
2022-04-19 22:17:05 | record_time.R done.-------------------------------------- 

2022-04-19 22:21:55 | record_time.R ------------------------------------------- 
Timestamp: 2022-04-19 22:21:55 added.
2022-04-19 22:21:55 | record_time.R done.-------------------------------------- 

2022-04-19 22:22:36 | record_time.R ------------------------------------------- 
Timestamp: 2022-04-19 22:22:36 added.
2022-04-19 22:22:36 | record_time.R done.-------------------------------------- 

2022-04-19 23:36:03 | record_time.R ------------------------------------------- 
Timestamp: 2022-04-19 23:36:03 added.
2022-04-19 23:36:03 | record_time.R done.-------------------------------------- 

2022-04-19 23:40:12 | record_time.R ------------------------------------------- 
Timestamp: 2022-04-19 23:40:12 added.
2022-04-19 23:40:12 | record_time.R done.-------------------------------------- 

2022-04-19 23:42:28 | record_time.R ------------------------------------------- 
Timestamp: 2022-04-19 23:42:28 added.
2022-04-19 23:42:28 | record_time.R done.-------------------------------------- 

2022-04-19 23:43:21 | record_time.R ------------------------------------------- 
Timestamp: 2022-04-19 23:43:21 added.
2022-04-19 23:43:21 | record_time.R done.-------------------------------------- 

2022-04-19 23:48:08 | record_time.R ------------------------------------------- 
Timestamp: 2022-04-19 23:48:08 added.
2022-04-19 23:48:08 | record_time.R done.-------------------------------------- 

2022-04-19 23:48:36 | record_time.R ------------------------------------------- 
Timestamp: 2022-04-19 23:48:36 added.
2022-04-19 23:48:36 | record_time.R done.-------------------------------------- 

2022-04-19 23:49:06 | record_time.R ------------------------------------------- 
Timestamp: 2022-04-19 23:49:06 added.
2022-04-19 23:49:06 | record_time.R done.-------------------------------------- 

2022-04-19 23:57:29 | record_time.R ------------------------------------------- 
Timestamp: 2022-04-19 23:57:29 added.
2022-04-19 23:57:29 | record_time.R done.-------------------------------------- 

2022-04-19 23:59:51 | record_time.R ------------------------------------------- 
Timestamp: 2022-04-19 23:59:51 added.
2022-04-19 23:59:51 | record_time.R done.-------------------------------------- 

2022-04-20 00:03:46 | record_time.R ------------------------------------------- 
Timestamp: 2022-04-20 00:03:46 added.
2022-04-20 00:03:46 | record_time.R done.-------------------------------------- 

2022-04-20 00:08:41 | record_time.R ------------------------------------------- 
Timestamp: 2022-04-20 00:08:41 added.
2022-04-20 00:08:41 | record_time.R done.-------------------------------------- 

2022-04-20 00:26:58 | record_time.R ------------------------------------------- 
Timestamp: 2022-04-20 00:26:58 added.
2022-04-20 00:26:58 | record_time.R done.-------------------------------------- 

2022-04-20 00:28:00 | record_time.R ------------------------------------------- 
Timestamp: 2022-04-20 00:28:00 added.
2022-04-20 00:28:01 | record_time.R done.-------------------------------------- 

2022-04-20 00:32:51 | record_time.R ------------------------------------------- 
Timestamp: 2022-04-20 00:32:51 added.
2022-04-20 00:32:51 | record_time.R done.-------------------------------------- 

2022-04-20 00:33:31 | record_time.R ------------------------------------------- 
Timestamp: 2022-04-20 00:33:31 added.
2022-04-20 00:33:31 | record_time.R done.-------------------------------------- 

2022-04-20 01:46:57 | record_time.R ------------------------------------------- 
Timestamp: 2022-04-20 01:46:57 added.
2022-04-20 01:46:57 | record_time.R done.-------------------------------------- 

2022-04-20 01:51:06 | record_time.R ------------------------------------------- 
Timestamp: 2022-04-20 01:51:06 added.
2022-04-20 01:51:06 | record_time.R done.-------------------------------------- 

2022-04-20 01:53:24 | record_time.R ------------------------------------------- 
Timestamp: 2022-04-20 01:53:24 added.
2022-04-20 01:53:24 | record_time.R done.-------------------------------------- 

2022-04-20 01:54:17 | record_time.R ------------------------------------------- 
Timestamp: 2022-04-20 01:54:17 added.
2022-04-20 01:54:17 | record_time.R done.-------------------------------------- 

2022-04-20 01:59:04 | record_time.R ------------------------------------------- 
Timestamp: 2022-04-20 01:59:04 added.
2022-04-20 01:59:04 | record_time.R done.-------------------------------------- 

2022-04-20 01:59:32 | record_time.R ------------------------------------------- 
Timestamp: 2022-04-20 01:59:32 added.
2022-04-20 01:59:32 | record_time.R done.-------------------------------------- 

2022-04-20 02:00:02 | record_time.R ------------------------------------------- 
Timestamp: 2022-04-20 02:00:02 added.
2022-04-20 02:00:02 | record_time.R done.-------------------------------------- 

2022-04-20 02:08:26 | record_time.R ------------------------------------------- 
Timestamp: 2022-04-20 02:08:26 added.
2022-04-20 02:08:26 | record_time.R done.-------------------------------------- 

2022-04-20 02:10:48 | record_time.R ------------------------------------------- 
Timestamp: 2022-04-20 02:10:48 added.
2022-04-20 02:10:48 | record_time.R done.-------------------------------------- 

2022-04-20 02:14:39 | record_time.R ------------------------------------------- 
Timestamp: 2022-04-20 02:14:39 added.
2022-04-20 02:14:39 | record_time.R done.-------------------------------------- 

2022-04-20 02:19:34 | record_time.R ------------------------------------------- 
Timestamp: 2022-04-20 02:19:34 added.
2022-04-20 02:19:34 | record_time.R done.-------------------------------------- 

2022-04-20 02:37:47 | record_time.R ------------------------------------------- 
Timestamp: 2022-04-20 02:37:47 added.
2022-04-20 02:37:47 | record_time.R done.-------------------------------------- 

2022-04-20 02:38:50 | record_time.R ------------------------------------------- 
Timestamp: 2022-04-20 02:38:50 added.
2022-04-20 02:38:50 | record_time.R done.-------------------------------------- 

2022-04-20 02:43:41 | record_time.R ------------------------------------------- 
Timestamp: 2022-04-20 02:43:41 added.
2022-04-20 02:43:41 | record_time.R done.-------------------------------------- 

2022-04-20 02:44:21 | record_time.R ------------------------------------------- 
Timestamp: 2022-04-20 02:44:21 added.
2022-04-20 02:44:21 | record_time.R done.-------------------------------------- 

2022-04-20 03:57:43 | record_time.R ------------------------------------------- 
Timestamp: 2022-04-20 03:57:43 added.
2022-04-20 03:57:43 | record_time.R done.-------------------------------------- 

2022-04-20 04:01:53 | record_time.R ------------------------------------------- 
Timestamp: 2022-04-20 04:01:53 added.
2022-04-20 04:01:53 | record_time.R done.-------------------------------------- 

2022-04-20 04:04:09 | record_time.R ------------------------------------------- 
Timestamp: 2022-04-20 04:04:09 added.
2022-04-20 04:04:09 | record_time.R done.-------------------------------------- 

2022-04-20 04:05:01 | record_time.R ------------------------------------------- 
Timestamp: 2022-04-20 04:05:01 added.
2022-04-20 04:05:01 | record_time.R done.-------------------------------------- 

2022-04-20 04:09:47 | record_time.R ------------------------------------------- 
Timestamp: 2022-04-20 04:09:48 added.
2022-04-20 04:09:48 | record_time.R done.-------------------------------------- 

2022-04-20 04:10:16 | record_time.R ------------------------------------------- 
Timestamp: 2022-04-20 04:10:16 added.
2022-04-20 04:10:16 | record_time.R done.-------------------------------------- 

2022-04-20 04:10:46 | record_time.R ------------------------------------------- 
Timestamp: 2022-04-20 04:10:46 added.
2022-04-20 04:10:46 | record_time.R done.-------------------------------------- 

2022-04-20 04:19:10 | record_time.R ------------------------------------------- 
Timestamp: 2022-04-20 04:19:10 added.
2022-04-20 04:19:10 | record_time.R done.-------------------------------------- 

2022-04-20 04:21:23 | record_time.R ------------------------------------------- 
Timestamp: 2022-04-20 04:21:23 added.
2022-04-20 04:21:23 | record_time.R done.-------------------------------------- 

2022-04-20 14:46:43 | record_time.R ------------------------------------------- 
Timestamp: 2022-04-20 14:46:43 added.
2022-04-20 14:46:43 | record_time.R done.-------------------------------------- 

2022-04-20 16:49:50 | record_time.R ------------------------------------------- 
Timestamp: 2022-04-20 16:49:50 added.
2022-04-20 16:49:50 | record_time.R done.-------------------------------------- 

2022-04-20 18:52:47 | record_time.R ------------------------------------------- 
Timestamp: 2022-04-20 18:52:47 added.
2022-04-20 18:52:47 | record_time.R done.-------------------------------------- 

2022-04-20 20:55:51 | record_time.R ------------------------------------------- 
Timestamp: 2022-04-20 20:55:51 added.
2022-04-20 20:55:51 | record_time.R done.-------------------------------------- 

2022-04-20 22:58:51 | record_time.R ------------------------------------------- 
Timestamp: 2022-04-20 22:58:51 added.
2022-04-20 22:58:51 | record_time.R done.-------------------------------------- 

2022-04-21 01:01:34 | record_time.R ------------------------------------------- 
Timestamp: 2022-04-21 01:01:34 added.
2022-04-21 01:01:34 | record_time.R done.-------------------------------------- 

