2022-04-20 10:53:21 | record_time.R ------------------------------------------- 
Timestamp: 2022-04-20 10:53:21 added.
2022-04-20 10:53:21 | record_time.R done.-------------------------------------- 

2022-04-20 10:53:23 | record_time.R ------------------------------------------- 
Timestamp: 2022-04-20 10:53:23 added.
2022-04-20 10:53:23 | record_time.R done.-------------------------------------- 

2022-04-20 11:04:01 | record_time.R ------------------------------------------- 
Timestamp: 2022-04-20 11:04:01 added.
2022-04-20 11:04:01 | record_time.R done.-------------------------------------- 

2022-04-20 11:04:32 | record_time.R ------------------------------------------- 
Timestamp: 2022-04-20 11:04:32 added.
2022-04-20 11:04:32 | record_time.R done.-------------------------------------- 

2022-04-20 11:26:19 | record_time.R ------------------------------------------- 
Timestamp: 2022-04-20 11:26:19 added.
2022-04-20 11:26:19 | record_time.R done.-------------------------------------- 

2022-04-20 11:26:58 | record_time.R ------------------------------------------- 
Timestamp: 2022-04-20 11:26:58 added.
2022-04-20 11:26:58 | record_time.R done.-------------------------------------- 

2022-04-20 11:52:04 | record_time.R ------------------------------------------- 
Timestamp: 2022-04-20 11:52:04 added.
2022-04-20 11:52:04 | record_time.R done.-------------------------------------- 

2022-04-20 11:52:43 | record_time.R ------------------------------------------- 
Timestamp: 2022-04-20 11:52:44 added.
2022-04-20 11:52:44 | record_time.R done.-------------------------------------- 

2022-04-20 12:18:03 | record_time.R ------------------------------------------- 
Timestamp: 2022-04-20 12:18:03 added.
2022-04-20 12:18:03 | record_time.R done.-------------------------------------- 

2022-04-20 12:18:42 | record_time.R ------------------------------------------- 
Timestamp: 2022-04-20 12:18:42 added.
2022-04-20 12:18:42 | record_time.R done.-------------------------------------- 

2022-04-20 12:44:26 | record_time.R ------------------------------------------- 
Timestamp: 2022-04-20 12:44:26 added.
2022-04-20 12:44:26 | record_time.R done.-------------------------------------- 

2022-04-20 12:45:06 | record_time.R ------------------------------------------- 
Timestamp: 2022-04-20 12:45:06 added.
2022-04-20 12:45:06 | record_time.R done.-------------------------------------- 

2022-04-20 13:10:55 | record_time.R ------------------------------------------- 
Timestamp: 2022-04-20 13:10:55 added.
2022-04-20 13:10:55 | record_time.R done.-------------------------------------- 

2022-04-20 13:11:34 | record_time.R ------------------------------------------- 
Timestamp: 2022-04-20 13:11:34 added.
2022-04-20 13:11:34 | record_time.R done.-------------------------------------- 

2022-04-20 13:56:36 | record_time.R ------------------------------------------- 
Timestamp: 2022-04-20 13:56:36 added.
2022-04-20 13:56:36 | record_time.R done.-------------------------------------- 

2022-04-20 13:59:02 | record_time.R ------------------------------------------- 
Timestamp: 2022-04-20 13:59:02 added.
2022-04-20 13:59:02 | record_time.R done.-------------------------------------- 

2022-04-20 14:09:02 | record_time.R ------------------------------------------- 
Warning: 2 parsing failures.
row      col   expected actual                                    file
  1 plate    an integer   none 'experiments/20220412_output/times.csv'
  1 transfer an integer   none 'experiments/20220412_output/times.csv'

Timestamp: 2022-04-20 14:09:02 added.
2022-04-20 14:09:02 | record_time.R done.-------------------------------------- 

2022-04-20 14:10:55 | record_time.R ------------------------------------------- 
Timestamp: 2022-04-20 14:10:55 added.
2022-04-20 14:10:55 | record_time.R done.-------------------------------------- 

2022-04-20 14:14:57 | record_time.R ------------------------------------------- 
Timestamp: 2022-04-20 14:14:57 added.
2022-04-20 14:14:57 | record_time.R done.-------------------------------------- 

2022-04-20 14:15:20 | record_time.R ------------------------------------------- 
Timestamp: 2022-04-20 14:15:20 added.
2022-04-20 14:15:20 | record_time.R done.-------------------------------------- 

2022-04-20 14:19:27 | record_time.R ------------------------------------------- 
Timestamp: 2022-04-20 14:19:27 added.
2022-04-20 14:19:27 | record_time.R done.-------------------------------------- 

2022-04-20 14:24:25 | record_time.R ------------------------------------------- 
Timestamp: 2022-04-20 14:24:25 added.
2022-04-20 14:24:25 | record_time.R done.-------------------------------------- 

2022-04-20 14:45:48 | record_time.R ------------------------------------------- 
Timestamp: 2022-04-20 14:45:48 added.
2022-04-20 14:45:48 | record_time.R done.-------------------------------------- 

2022-04-20 14:46:45 | record_time.R ------------------------------------------- 
Timestamp: 2022-04-20 14:46:45 added.
2022-04-20 14:46:45 | record_time.R done.-------------------------------------- 

2022-04-20 14:51:36 | record_time.R ------------------------------------------- 
Timestamp: 2022-04-20 14:51:36 added.
2022-04-20 14:51:36 | record_time.R done.-------------------------------------- 

2022-04-20 14:52:17 | record_time.R ------------------------------------------- 
Timestamp: 2022-04-20 14:52:17 added.
2022-04-20 14:52:17 | record_time.R done.-------------------------------------- 

2022-04-20 15:54:34 | record_time.R ------------------------------------------- 
Timestamp: 2022-04-20 15:54:34 added.
2022-04-20 15:54:34 | record_time.R done.-------------------------------------- 

2022-04-20 15:59:05 | record_time.R ------------------------------------------- 
Timestamp: 2022-04-20 15:59:05 added.
2022-04-20 15:59:05 | record_time.R done.-------------------------------------- 

2022-04-20 16:01:21 | record_time.R ------------------------------------------- 
Timestamp: 2022-04-20 16:01:21 added.
2022-04-20 16:01:21 | record_time.R done.-------------------------------------- 

2022-04-20 16:02:13 | record_time.R ------------------------------------------- 
Timestamp: 2022-04-20 16:02:13 added.
2022-04-20 16:02:13 | record_time.R done.-------------------------------------- 

2022-04-20 16:07:00 | record_time.R ------------------------------------------- 
Timestamp: 2022-04-20 16:07:00 added.
2022-04-20 16:07:00 | record_time.R done.-------------------------------------- 

2022-04-20 16:07:29 | record_time.R ------------------------------------------- 
Timestamp: 2022-04-20 16:07:29 added.
2022-04-20 16:07:29 | record_time.R done.-------------------------------------- 

2022-04-20 16:07:59 | record_time.R ------------------------------------------- 
Timestamp: 2022-04-20 16:07:59 added.
2022-04-20 16:07:59 | record_time.R done.-------------------------------------- 

2022-04-20 16:16:21 | record_time.R ------------------------------------------- 
Timestamp: 2022-04-20 16:16:21 added.
2022-04-20 16:16:21 | record_time.R done.-------------------------------------- 

2022-04-20 16:18:44 | record_time.R ------------------------------------------- 
Timestamp: 2022-04-20 16:18:44 added.
2022-04-20 16:18:44 | record_time.R done.-------------------------------------- 

2022-04-20 16:22:39 | record_time.R ------------------------------------------- 
Timestamp: 2022-04-20 16:22:39 added.
2022-04-20 16:22:39 | record_time.R done.-------------------------------------- 

2022-04-20 16:27:35 | record_time.R ------------------------------------------- 
Timestamp: 2022-04-20 16:27:35 added.
2022-04-20 16:27:35 | record_time.R done.-------------------------------------- 

2022-04-20 16:48:54 | record_time.R ------------------------------------------- 
Timestamp: 2022-04-20 16:48:54 added.
2022-04-20 16:48:54 | record_time.R done.-------------------------------------- 

2022-04-20 16:49:52 | record_time.R ------------------------------------------- 
Timestamp: 2022-04-20 16:49:52 added.
2022-04-20 16:49:52 | record_time.R done.-------------------------------------- 

2022-04-20 16:54:42 | record_time.R ------------------------------------------- 
Timestamp: 2022-04-20 16:54:42 added.
2022-04-20 16:54:42 | record_time.R done.-------------------------------------- 

2022-04-20 16:55:23 | record_time.R ------------------------------------------- 
Timestamp: 2022-04-20 16:55:23 added.
2022-04-20 16:55:23 | record_time.R done.-------------------------------------- 

2022-04-20 17:57:40 | record_time.R ------------------------------------------- 
Timestamp: 2022-04-20 17:57:40 added.
2022-04-20 17:57:40 | record_time.R done.-------------------------------------- 

2022-04-20 18:02:10 | record_time.R ------------------------------------------- 
Timestamp: 2022-04-20 18:02:10 added.
2022-04-20 18:02:10 | record_time.R done.-------------------------------------- 

2022-04-20 18:04:27 | record_time.R ------------------------------------------- 
Timestamp: 2022-04-20 18:04:27 added.
2022-04-20 18:04:27 | record_time.R done.-------------------------------------- 

2022-04-20 18:05:19 | record_time.R ------------------------------------------- 
Timestamp: 2022-04-20 18:05:19 added.
2022-04-20 18:05:19 | record_time.R done.-------------------------------------- 

2022-04-20 18:10:07 | record_time.R ------------------------------------------- 
Timestamp: 2022-04-20 18:10:07 added.
2022-04-20 18:10:07 | record_time.R done.-------------------------------------- 

2022-04-20 18:10:35 | record_time.R ------------------------------------------- 
Timestamp: 2022-04-20 18:10:35 added.
2022-04-20 18:10:36 | record_time.R done.-------------------------------------- 

2022-04-20 18:11:05 | record_time.R ------------------------------------------- 
Timestamp: 2022-04-20 18:11:05 added.
2022-04-20 18:11:05 | record_time.R done.-------------------------------------- 

2022-04-20 18:19:25 | record_time.R ------------------------------------------- 
Timestamp: 2022-04-20 18:19:25 added.
2022-04-20 18:19:25 | record_time.R done.-------------------------------------- 

2022-04-20 18:21:48 | record_time.R ------------------------------------------- 
Timestamp: 2022-04-20 18:21:48 added.
2022-04-20 18:21:48 | record_time.R done.-------------------------------------- 

2022-04-20 18:25:39 | record_time.R ------------------------------------------- 
Timestamp: 2022-04-20 18:25:39 added.
2022-04-20 18:25:39 | record_time.R done.-------------------------------------- 

2022-04-20 18:30:35 | record_time.R ------------------------------------------- 
Timestamp: 2022-04-20 18:30:35 added.
2022-04-20 18:30:35 | record_time.R done.-------------------------------------- 

2022-04-20 18:51:52 | record_time.R ------------------------------------------- 
Timestamp: 2022-04-20 18:51:52 added.
2022-04-20 18:51:52 | record_time.R done.-------------------------------------- 

2022-04-20 18:52:49 | record_time.R ------------------------------------------- 
Timestamp: 2022-04-20 18:52:49 added.
2022-04-20 18:52:49 | record_time.R done.-------------------------------------- 

2022-04-20 18:57:39 | record_time.R ------------------------------------------- 
Timestamp: 2022-04-20 18:57:39 added.
2022-04-20 18:57:39 | record_time.R done.-------------------------------------- 

2022-04-20 18:58:20 | record_time.R ------------------------------------------- 
Timestamp: 2022-04-20 18:58:20 added.
2022-04-20 18:58:20 | record_time.R done.-------------------------------------- 

2022-04-20 20:00:38 | record_time.R ------------------------------------------- 
Timestamp: 2022-04-20 20:00:38 added.
2022-04-20 20:00:38 | record_time.R done.-------------------------------------- 

2022-04-20 20:05:10 | record_time.R ------------------------------------------- 
Timestamp: 2022-04-20 20:05:10 added.
2022-04-20 20:05:10 | record_time.R done.-------------------------------------- 

2022-04-20 20:07:26 | record_time.R ------------------------------------------- 
Timestamp: 2022-04-20 20:07:26 added.
2022-04-20 20:07:26 | record_time.R done.-------------------------------------- 

2022-04-20 20:08:18 | record_time.R ------------------------------------------- 
Timestamp: 2022-04-20 20:08:18 added.
2022-04-20 20:08:18 | record_time.R done.-------------------------------------- 

2022-04-20 20:13:05 | record_time.R ------------------------------------------- 
Timestamp: 2022-04-20 20:13:05 added.
2022-04-20 20:13:05 | record_time.R done.-------------------------------------- 

2022-04-20 20:13:35 | record_time.R ------------------------------------------- 
Timestamp: 2022-04-20 20:13:35 added.
2022-04-20 20:13:35 | record_time.R done.-------------------------------------- 

2022-04-20 20:14:04 | record_time.R ------------------------------------------- 
Timestamp: 2022-04-20 20:14:04 added.
2022-04-20 20:14:04 | record_time.R done.-------------------------------------- 

2022-04-20 20:22:26 | record_time.R ------------------------------------------- 
Timestamp: 2022-04-20 20:22:26 added.
2022-04-20 20:22:26 | record_time.R done.-------------------------------------- 

2022-04-20 20:24:49 | record_time.R ------------------------------------------- 
Timestamp: 2022-04-20 20:24:49 added.
2022-04-20 20:24:49 | record_time.R done.-------------------------------------- 

2022-04-20 20:28:47 | record_time.R ------------------------------------------- 
Timestamp: 2022-04-20 20:28:47 added.
2022-04-20 20:28:47 | record_time.R done.-------------------------------------- 

2022-04-20 20:33:43 | record_time.R ------------------------------------------- 
Timestamp: 2022-04-20 20:33:43 added.
2022-04-20 20:33:43 | record_time.R done.-------------------------------------- 

2022-04-20 20:54:56 | record_time.R ------------------------------------------- 
Timestamp: 2022-04-20 20:54:56 added.
2022-04-20 20:54:56 | record_time.R done.-------------------------------------- 

2022-04-20 20:55:53 | record_time.R ------------------------------------------- 
Timestamp: 2022-04-20 20:55:53 added.
2022-04-20 20:55:53 | record_time.R done.-------------------------------------- 

2022-04-20 21:00:43 | record_time.R ------------------------------------------- 
Timestamp: 2022-04-20 21:00:43 added.
2022-04-20 21:00:43 | record_time.R done.-------------------------------------- 

2022-04-20 21:01:24 | record_time.R ------------------------------------------- 
Timestamp: 2022-04-20 21:01:24 added.
2022-04-20 21:01:24 | record_time.R done.-------------------------------------- 

2022-04-20 22:03:42 | record_time.R ------------------------------------------- 
Timestamp: 2022-04-20 22:03:42 added.
2022-04-20 22:03:42 | record_time.R done.-------------------------------------- 

2022-04-20 22:08:13 | record_time.R ------------------------------------------- 
Timestamp: 2022-04-20 22:08:13 added.
2022-04-20 22:08:13 | record_time.R done.-------------------------------------- 

2022-04-20 22:10:30 | record_time.R ------------------------------------------- 
Timestamp: 2022-04-20 22:10:30 added.
2022-04-20 22:10:30 | record_time.R done.-------------------------------------- 

2022-04-20 22:11:23 | record_time.R ------------------------------------------- 
Timestamp: 2022-04-20 22:11:23 added.
2022-04-20 22:11:23 | record_time.R done.-------------------------------------- 

2022-04-20 22:16:10 | record_time.R ------------------------------------------- 
Timestamp: 2022-04-20 22:16:10 added.
2022-04-20 22:16:10 | record_time.R done.-------------------------------------- 

2022-04-20 22:16:40 | record_time.R ------------------------------------------- 
Timestamp: 2022-04-20 22:16:40 added.
2022-04-20 22:16:40 | record_time.R done.-------------------------------------- 

2022-04-20 22:17:09 | record_time.R ------------------------------------------- 
Timestamp: 2022-04-20 22:17:09 added.
2022-04-20 22:17:09 | record_time.R done.-------------------------------------- 

2022-04-20 22:25:31 | record_time.R ------------------------------------------- 
Timestamp: 2022-04-20 22:25:31 added.
2022-04-20 22:25:31 | record_time.R done.-------------------------------------- 

2022-04-20 22:27:54 | record_time.R ------------------------------------------- 
Timestamp: 2022-04-20 22:27:54 added.
2022-04-20 22:27:54 | record_time.R done.-------------------------------------- 

2022-04-20 22:31:49 | record_time.R ------------------------------------------- 
Timestamp: 2022-04-20 22:31:49 added.
2022-04-20 22:31:49 | record_time.R done.-------------------------------------- 

2022-04-20 22:36:44 | record_time.R ------------------------------------------- 
Timestamp: 2022-04-20 22:36:44 added.
2022-04-20 22:36:44 | record_time.R done.-------------------------------------- 

2022-04-20 22:57:56 | record_time.R ------------------------------------------- 
Timestamp: 2022-04-20 22:57:57 added.
2022-04-20 22:57:57 | record_time.R done.-------------------------------------- 

2022-04-20 22:58:54 | record_time.R ------------------------------------------- 
Timestamp: 2022-04-20 22:58:54 added.
2022-04-20 22:58:54 | record_time.R done.-------------------------------------- 

2022-04-20 23:03:44 | record_time.R ------------------------------------------- 
Timestamp: 2022-04-20 23:03:44 added.
2022-04-20 23:03:44 | record_time.R done.-------------------------------------- 

2022-04-20 23:04:24 | record_time.R ------------------------------------------- 
Timestamp: 2022-04-20 23:04:24 added.
2022-04-20 23:04:24 | record_time.R done.-------------------------------------- 

2022-04-21 00:06:36 | record_time.R ------------------------------------------- 
Timestamp: 2022-04-21 00:06:36 added.
2022-04-21 00:06:36 | record_time.R done.-------------------------------------- 

2022-04-21 00:11:03 | record_time.R ------------------------------------------- 
Timestamp: 2022-04-21 00:11:03 added.
2022-04-21 00:11:03 | record_time.R done.-------------------------------------- 

2022-04-21 00:13:22 | record_time.R ------------------------------------------- 
Timestamp: 2022-04-21 00:13:22 added.
2022-04-21 00:13:22 | record_time.R done.-------------------------------------- 

2022-04-21 00:14:13 | record_time.R ------------------------------------------- 
Timestamp: 2022-04-21 00:14:13 added.
2022-04-21 00:14:13 | record_time.R done.-------------------------------------- 

2022-04-21 00:19:00 | record_time.R ------------------------------------------- 
Timestamp: 2022-04-21 00:19:00 added.
2022-04-21 00:19:00 | record_time.R done.-------------------------------------- 

2022-04-21 00:19:30 | record_time.R ------------------------------------------- 
Timestamp: 2022-04-21 00:19:30 added.
2022-04-21 00:19:30 | record_time.R done.-------------------------------------- 

2022-04-21 00:20:00 | record_time.R ------------------------------------------- 
Timestamp: 2022-04-21 00:20:00 added.
2022-04-21 00:20:00 | record_time.R done.-------------------------------------- 

2022-04-21 00:28:21 | record_time.R ------------------------------------------- 
Timestamp: 2022-04-21 00:28:21 added.
2022-04-21 00:28:21 | record_time.R done.-------------------------------------- 

2022-04-21 00:30:43 | record_time.R ------------------------------------------- 
Timestamp: 2022-04-21 00:30:43 added.
2022-04-21 00:30:43 | record_time.R done.-------------------------------------- 

2022-04-21 00:34:34 | record_time.R ------------------------------------------- 
Timestamp: 2022-04-21 00:34:34 added.
2022-04-21 00:34:34 | record_time.R done.-------------------------------------- 

2022-04-21 00:39:29 | record_time.R ------------------------------------------- 
Timestamp: 2022-04-21 00:39:29 added.
2022-04-21 00:39:29 | record_time.R done.-------------------------------------- 

2022-04-21 01:00:37 | record_time.R ------------------------------------------- 
Timestamp: 2022-04-21 01:00:37 added.
2022-04-21 01:00:37 | record_time.R done.-------------------------------------- 

2022-04-21 01:01:36 | record_time.R ------------------------------------------- 
Timestamp: 2022-04-21 01:01:36 added.
2022-04-21 01:01:36 | record_time.R done.-------------------------------------- 

2022-04-21 01:06:27 | record_time.R ------------------------------------------- 
Timestamp: 2022-04-21 01:06:27 added.
2022-04-21 01:06:27 | record_time.R done.-------------------------------------- 

2022-04-21 01:07:07 | record_time.R ------------------------------------------- 
Timestamp: 2022-04-21 01:07:07 added.
2022-04-21 01:07:07 | record_time.R done.-------------------------------------- 

2022-04-21 02:09:26 | record_time.R ------------------------------------------- 
Timestamp: 2022-04-21 02:09:26 added.
2022-04-21 02:09:26 | record_time.R done.-------------------------------------- 

2022-04-21 02:13:56 | record_time.R ------------------------------------------- 
Timestamp: 2022-04-21 02:13:56 added.
2022-04-21 02:13:56 | record_time.R done.-------------------------------------- 

2022-04-21 02:16:12 | record_time.R ------------------------------------------- 
Timestamp: 2022-04-21 02:16:12 added.
2022-04-21 02:16:12 | record_time.R done.-------------------------------------- 

2022-04-21 02:17:05 | record_time.R ------------------------------------------- 
Timestamp: 2022-04-21 02:17:05 added.
2022-04-21 02:17:05 | record_time.R done.-------------------------------------- 

2022-04-21 02:21:52 | record_time.R ------------------------------------------- 
Timestamp: 2022-04-21 02:21:52 added.
2022-04-21 02:21:52 | record_time.R done.-------------------------------------- 

2022-04-21 02:22:21 | record_time.R ------------------------------------------- 
Timestamp: 2022-04-21 02:22:21 added.
2022-04-21 02:22:21 | record_time.R done.-------------------------------------- 

2022-04-21 02:22:50 | record_time.R ------------------------------------------- 
Timestamp: 2022-04-21 02:22:50 added.
2022-04-21 02:22:50 | record_time.R done.-------------------------------------- 

2022-04-21 02:31:13 | record_time.R ------------------------------------------- 
Timestamp: 2022-04-21 02:31:13 added.
2022-04-21 02:31:13 | record_time.R done.-------------------------------------- 

2022-04-21 02:33:26 | record_time.R ------------------------------------------- 
Timestamp: 2022-04-21 02:33:26 added.
2022-04-21 02:33:26 | record_time.R done.-------------------------------------- 

2022-04-21 17:46:32 | record_time.R ------------------------------------------- 
Timestamp: 2022-04-21 17:46:32 added.
2022-04-21 17:46:32 | record_time.R done.-------------------------------------- 

2022-04-21 19:48:27 | record_time.R ------------------------------------------- 
Timestamp: 2022-04-21 19:48:27 added.
2022-04-21 19:48:27 | record_time.R done.-------------------------------------- 

2022-04-21 21:50:18 | record_time.R ------------------------------------------- 
Timestamp: 2022-04-21 21:50:18 added.
2022-04-21 21:50:18 | record_time.R done.-------------------------------------- 

2022-04-21 23:52:14 | record_time.R ------------------------------------------- 
Timestamp: 2022-04-21 23:52:14 added.
2022-04-21 23:52:14 | record_time.R done.-------------------------------------- 

2022-04-22 01:54:09 | record_time.R ------------------------------------------- 
Timestamp: 2022-04-22 01:54:09 added.
2022-04-22 01:54:09 | record_time.R done.-------------------------------------- 

2022-04-22 03:55:53 | record_time.R ------------------------------------------- 
Timestamp: 2022-04-22 03:55:53 added.
2022-04-22 03:55:53 | record_time.R done.-------------------------------------- 

