2022-04-26 10:58:04 | record_time.R ------------------------------------------- 
Timestamp: 2022-04-26 10:58:04 added.
2022-04-26 10:58:04 | record_time.R done.-------------------------------------- 

2022-04-26 10:58:06 | record_time.R ------------------------------------------- 
Timestamp: 2022-04-26 10:58:06 added.
2022-04-26 10:58:06 | record_time.R done.-------------------------------------- 

2022-04-26 11:08:29 | record_time.R ------------------------------------------- 
Timestamp: 2022-04-26 11:08:29 added.
2022-04-26 11:08:29 | record_time.R done.-------------------------------------- 

2022-04-26 11:08:59 | record_time.R ------------------------------------------- 
Timestamp: 2022-04-26 11:08:59 added.
2022-04-26 11:08:59 | record_time.R done.-------------------------------------- 

2022-04-26 11:30:14 | record_time.R ------------------------------------------- 
Timestamp: 2022-04-26 11:30:14 added.
2022-04-26 11:30:14 | record_time.R done.-------------------------------------- 

2022-04-26 11:30:52 | record_time.R ------------------------------------------- 
Timestamp: 2022-04-26 11:30:52 added.
2022-04-26 11:30:52 | record_time.R done.-------------------------------------- 

2022-04-26 11:55:25 | record_time.R ------------------------------------------- 
Timestamp: 2022-04-26 11:55:25 added.
2022-04-26 11:55:25 | record_time.R done.-------------------------------------- 

2022-04-26 11:56:04 | record_time.R ------------------------------------------- 
Timestamp: 2022-04-26 11:56:04 added.
2022-04-26 11:56:04 | record_time.R done.-------------------------------------- 

2022-04-26 12:20:38 | record_time.R ------------------------------------------- 
Timestamp: 2022-04-26 12:20:38 added.
2022-04-26 12:20:38 | record_time.R done.-------------------------------------- 

2022-04-26 12:21:17 | record_time.R ------------------------------------------- 
Timestamp: 2022-04-26 12:21:17 added.
2022-04-26 12:21:17 | record_time.R done.-------------------------------------- 

2022-04-26 12:45:52 | record_time.R ------------------------------------------- 
Timestamp: 2022-04-26 12:45:52 added.
2022-04-26 12:45:52 | record_time.R done.-------------------------------------- 

2022-04-26 12:46:32 | record_time.R ------------------------------------------- 
Timestamp: 2022-04-26 12:46:32 added.
2022-04-26 12:46:32 | record_time.R done.-------------------------------------- 

2022-04-26 13:11:09 | record_time.R ------------------------------------------- 
Timestamp: 2022-04-26 13:11:09 added.
2022-04-26 13:11:09 | record_time.R done.-------------------------------------- 

2022-04-26 13:11:46 | record_time.R ------------------------------------------- 
Timestamp: 2022-04-26 13:11:46 added.
2022-04-26 13:11:46 | record_time.R done.-------------------------------------- 

2022-04-26 13:53:52 | record_time.R ------------------------------------------- 
Timestamp: 2022-04-26 13:53:52 added.
2022-04-26 13:53:52 | record_time.R done.-------------------------------------- 

2022-04-26 13:56:13 | record_time.R ------------------------------------------- 
Timestamp: 2022-04-26 13:56:13 added.
2022-04-26 13:56:13 | record_time.R done.-------------------------------------- 

2022-04-26 14:06:02 | record_time.R ------------------------------------------- 
Warning: 2 parsing failures.
row      col   expected actual                                    file
  1 plate    an integer   none 'experiments/20220412_output/times.csv'
  1 transfer an integer   none 'experiments/20220412_output/times.csv'

Timestamp: 2022-04-26 14:06:02 added.
2022-04-26 14:06:02 | record_time.R done.-------------------------------------- 

2022-04-26 14:07:55 | record_time.R ------------------------------------------- 
Timestamp: 2022-04-26 14:07:55 added.
2022-04-26 14:07:55 | record_time.R done.-------------------------------------- 

2022-04-26 14:12:00 | record_time.R ------------------------------------------- 
Timestamp: 2022-04-26 14:12:00 added.
2022-04-26 14:12:00 | record_time.R done.-------------------------------------- 

2022-04-26 14:12:22 | record_time.R ------------------------------------------- 
Timestamp: 2022-04-26 14:12:22 added.
2022-04-26 14:12:22 | record_time.R done.-------------------------------------- 

2022-04-26 14:16:28 | record_time.R ------------------------------------------- 
Timestamp: 2022-04-26 14:16:28 added.
2022-04-26 14:16:28 | record_time.R done.-------------------------------------- 

2022-04-26 14:21:25 | record_time.R ------------------------------------------- 
Timestamp: 2022-04-26 14:21:25 added.
2022-04-26 14:21:25 | record_time.R done.-------------------------------------- 

2022-04-26 14:40:37 | record_time.R ------------------------------------------- 
Timestamp: 2022-04-26 14:40:37 added.
2022-04-26 14:40:37 | record_time.R done.-------------------------------------- 

2022-04-26 14:41:39 | record_time.R ------------------------------------------- 
Timestamp: 2022-04-26 14:41:39 added.
2022-04-26 14:41:39 | record_time.R done.-------------------------------------- 

2022-04-26 14:46:29 | record_time.R ------------------------------------------- 
Timestamp: 2022-04-26 14:46:29 added.
2022-04-26 14:46:29 | record_time.R done.-------------------------------------- 

2022-04-26 14:47:10 | record_time.R ------------------------------------------- 
Timestamp: 2022-04-26 14:47:10 added.
2022-04-26 14:47:10 | record_time.R done.-------------------------------------- 

2022-04-26 15:49:29 | record_time.R ------------------------------------------- 
Timestamp: 2022-04-26 15:49:29 added.
2022-04-26 15:49:29 | record_time.R done.-------------------------------------- 

2022-04-26 15:53:43 | record_time.R ------------------------------------------- 
Timestamp: 2022-04-26 15:53:43 added.
2022-04-26 15:53:43 | record_time.R done.-------------------------------------- 

2022-04-26 15:55:59 | record_time.R ------------------------------------------- 
Timestamp: 2022-04-26 15:56:00 added.
2022-04-26 15:56:00 | record_time.R done.-------------------------------------- 

2022-04-26 15:56:52 | record_time.R ------------------------------------------- 
Timestamp: 2022-04-26 15:56:52 added.
2022-04-26 15:56:52 | record_time.R done.-------------------------------------- 

2022-04-26 16:01:38 | record_time.R ------------------------------------------- 
Timestamp: 2022-04-26 16:01:39 added.
2022-04-26 16:01:39 | record_time.R done.-------------------------------------- 

2022-04-26 16:02:08 | record_time.R ------------------------------------------- 
Timestamp: 2022-04-26 16:02:08 added.
2022-04-26 16:02:08 | record_time.R done.-------------------------------------- 

2022-04-26 16:02:38 | record_time.R ------------------------------------------- 
Timestamp: 2022-04-26 16:02:38 added.
2022-04-26 16:02:38 | record_time.R done.-------------------------------------- 

2022-04-26 16:11:01 | record_time.R ------------------------------------------- 
Timestamp: 2022-04-26 16:11:01 added.
2022-04-26 16:11:01 | record_time.R done.-------------------------------------- 

2022-04-26 16:13:24 | record_time.R ------------------------------------------- 
Timestamp: 2022-04-26 16:13:24 added.
2022-04-26 16:13:24 | record_time.R done.-------------------------------------- 

2022-04-26 16:17:18 | record_time.R ------------------------------------------- 
Timestamp: 2022-04-26 16:17:18 added.
2022-04-26 16:17:18 | record_time.R done.-------------------------------------- 

2022-04-26 16:22:13 | record_time.R ------------------------------------------- 
Timestamp: 2022-04-26 16:22:13 added.
2022-04-26 16:22:13 | record_time.R done.-------------------------------------- 

2022-04-26 16:41:22 | record_time.R ------------------------------------------- 
Timestamp: 2022-04-26 16:41:22 added.
2022-04-26 16:41:22 | record_time.R done.-------------------------------------- 

2022-04-26 16:42:24 | record_time.R ------------------------------------------- 
Timestamp: 2022-04-26 16:42:24 added.
2022-04-26 16:42:24 | record_time.R done.-------------------------------------- 

2022-04-26 16:47:14 | record_time.R ------------------------------------------- 
Timestamp: 2022-04-26 16:47:14 added.
2022-04-26 16:47:14 | record_time.R done.-------------------------------------- 

2022-04-26 16:47:54 | record_time.R ------------------------------------------- 
Timestamp: 2022-04-26 16:47:54 added.
2022-04-26 16:47:54 | record_time.R done.-------------------------------------- 

2022-04-26 17:50:12 | record_time.R ------------------------------------------- 
Timestamp: 2022-04-26 17:50:12 added.
2022-04-26 17:50:12 | record_time.R done.-------------------------------------- 

2022-04-26 17:54:27 | record_time.R ------------------------------------------- 
Timestamp: 2022-04-26 17:54:27 added.
2022-04-26 17:54:27 | record_time.R done.-------------------------------------- 

2022-04-26 17:56:43 | record_time.R ------------------------------------------- 
Timestamp: 2022-04-26 17:56:43 added.
2022-04-26 17:56:43 | record_time.R done.-------------------------------------- 

2022-04-26 17:57:36 | record_time.R ------------------------------------------- 
Timestamp: 2022-04-26 17:57:36 added.
2022-04-26 17:57:36 | record_time.R done.-------------------------------------- 

2022-04-26 18:02:23 | record_time.R ------------------------------------------- 
Timestamp: 2022-04-26 18:02:23 added.
2022-04-26 18:02:23 | record_time.R done.-------------------------------------- 

2022-04-26 18:02:52 | record_time.R ------------------------------------------- 
Timestamp: 2022-04-26 18:02:52 added.
2022-04-26 18:02:52 | record_time.R done.-------------------------------------- 

2022-04-26 18:03:22 | record_time.R ------------------------------------------- 
Timestamp: 2022-04-26 18:03:22 added.
2022-04-26 18:03:22 | record_time.R done.-------------------------------------- 

2022-04-26 18:11:45 | record_time.R ------------------------------------------- 
Timestamp: 2022-04-26 18:11:45 added.
2022-04-26 18:11:45 | record_time.R done.-------------------------------------- 

2022-04-26 18:14:08 | record_time.R ------------------------------------------- 
Timestamp: 2022-04-26 18:14:08 added.
2022-04-26 18:14:08 | record_time.R done.-------------------------------------- 

2022-04-26 18:17:59 | record_time.R ------------------------------------------- 
Timestamp: 2022-04-26 18:17:59 added.
2022-04-26 18:17:59 | record_time.R done.-------------------------------------- 

2022-04-26 18:22:55 | record_time.R ------------------------------------------- 
Timestamp: 2022-04-26 18:22:55 added.
2022-04-26 18:22:55 | record_time.R done.-------------------------------------- 

2022-04-26 18:42:00 | record_time.R ------------------------------------------- 
Timestamp: 2022-04-26 18:42:01 added.
2022-04-26 18:42:01 | record_time.R done.-------------------------------------- 

2022-04-26 18:43:02 | record_time.R ------------------------------------------- 
Timestamp: 2022-04-26 18:43:02 added.
2022-04-26 18:43:02 | record_time.R done.-------------------------------------- 

2022-04-26 18:47:52 | record_time.R ------------------------------------------- 
Timestamp: 2022-04-26 18:47:52 added.
2022-04-26 18:47:52 | record_time.R done.-------------------------------------- 

2022-04-26 18:48:33 | record_time.R ------------------------------------------- 
Timestamp: 2022-04-26 18:48:33 added.
2022-04-26 18:48:33 | record_time.R done.-------------------------------------- 

2022-04-26 19:50:52 | record_time.R ------------------------------------------- 
Timestamp: 2022-04-26 19:50:52 added.
2022-04-26 19:50:52 | record_time.R done.-------------------------------------- 

2022-04-26 19:55:06 | record_time.R ------------------------------------------- 
Timestamp: 2022-04-26 19:55:06 added.
2022-04-26 19:55:06 | record_time.R done.-------------------------------------- 

2022-04-26 19:57:22 | record_time.R ------------------------------------------- 
Timestamp: 2022-04-26 19:57:22 added.
2022-04-26 19:57:22 | record_time.R done.-------------------------------------- 

2022-04-26 19:58:14 | record_time.R ------------------------------------------- 
Timestamp: 2022-04-26 19:58:14 added.
2022-04-26 19:58:14 | record_time.R done.-------------------------------------- 

2022-04-26 20:03:00 | record_time.R ------------------------------------------- 
Timestamp: 2022-04-26 20:03:00 added.
2022-04-26 20:03:00 | record_time.R done.-------------------------------------- 

2022-04-26 20:03:30 | record_time.R ------------------------------------------- 
Timestamp: 2022-04-26 20:03:30 added.
2022-04-26 20:03:30 | record_time.R done.-------------------------------------- 

2022-04-26 20:03:59 | record_time.R ------------------------------------------- 
Timestamp: 2022-04-26 20:03:59 added.
2022-04-26 20:03:59 | record_time.R done.-------------------------------------- 

2022-04-26 20:12:22 | record_time.R ------------------------------------------- 
Timestamp: 2022-04-26 20:12:22 added.
2022-04-26 20:12:22 | record_time.R done.-------------------------------------- 

2022-04-26 20:14:44 | record_time.R ------------------------------------------- 
Timestamp: 2022-04-26 20:14:44 added.
2022-04-26 20:14:45 | record_time.R done.-------------------------------------- 

2022-04-26 20:18:42 | record_time.R ------------------------------------------- 
Timestamp: 2022-04-26 20:18:42 added.
2022-04-26 20:18:42 | record_time.R done.-------------------------------------- 

2022-04-26 20:23:38 | record_time.R ------------------------------------------- 
Timestamp: 2022-04-26 20:23:38 added.
2022-04-26 20:23:38 | record_time.R done.-------------------------------------- 

2022-04-26 20:42:41 | record_time.R ------------------------------------------- 
Timestamp: 2022-04-26 20:42:41 added.
2022-04-26 20:42:41 | record_time.R done.-------------------------------------- 

2022-04-26 20:43:43 | record_time.R ------------------------------------------- 
Timestamp: 2022-04-26 20:43:43 added.
2022-04-26 20:43:43 | record_time.R done.-------------------------------------- 

2022-04-26 20:48:33 | record_time.R ------------------------------------------- 
Timestamp: 2022-04-26 20:48:33 added.
2022-04-26 20:48:33 | record_time.R done.-------------------------------------- 

2022-04-26 20:49:13 | record_time.R ------------------------------------------- 
Timestamp: 2022-04-26 20:49:13 added.
2022-04-26 20:49:13 | record_time.R done.-------------------------------------- 

2022-04-26 21:51:27 | record_time.R ------------------------------------------- 
Timestamp: 2022-04-26 21:51:28 added.
2022-04-26 21:51:28 | record_time.R done.-------------------------------------- 

2022-04-26 21:55:40 | record_time.R ------------------------------------------- 
Timestamp: 2022-04-26 21:55:40 added.
2022-04-26 21:55:40 | record_time.R done.-------------------------------------- 

2022-04-26 21:57:58 | record_time.R ------------------------------------------- 
Timestamp: 2022-04-26 21:57:58 added.
2022-04-26 21:57:58 | record_time.R done.-------------------------------------- 

2022-04-26 21:58:51 | record_time.R ------------------------------------------- 
Timestamp: 2022-04-26 21:58:51 added.
2022-04-26 21:58:51 | record_time.R done.-------------------------------------- 

2022-04-26 22:03:38 | record_time.R ------------------------------------------- 
Timestamp: 2022-04-26 22:03:38 added.
2022-04-26 22:03:38 | record_time.R done.-------------------------------------- 

2022-04-26 22:04:07 | record_time.R ------------------------------------------- 
Timestamp: 2022-04-26 22:04:07 added.
2022-04-26 22:04:07 | record_time.R done.-------------------------------------- 

2022-04-26 22:04:37 | record_time.R ------------------------------------------- 
Timestamp: 2022-04-26 22:04:37 added.
2022-04-26 22:04:37 | record_time.R done.-------------------------------------- 

2022-04-26 22:13:00 | record_time.R ------------------------------------------- 
Timestamp: 2022-04-26 22:13:00 added.
2022-04-26 22:13:00 | record_time.R done.-------------------------------------- 

2022-04-26 22:15:23 | record_time.R ------------------------------------------- 
Timestamp: 2022-04-26 22:15:23 added.
2022-04-26 22:15:23 | record_time.R done.-------------------------------------- 

2022-04-26 22:19:17 | record_time.R ------------------------------------------- 
Timestamp: 2022-04-26 22:19:17 added.
2022-04-26 22:19:17 | record_time.R done.-------------------------------------- 

2022-04-26 22:24:11 | record_time.R ------------------------------------------- 
Timestamp: 2022-04-26 22:24:11 added.
2022-04-26 22:24:12 | record_time.R done.-------------------------------------- 

2022-04-26 22:43:12 | record_time.R ------------------------------------------- 
Timestamp: 2022-04-26 22:43:12 added.
2022-04-26 22:43:12 | record_time.R done.-------------------------------------- 

2022-04-26 22:44:13 | record_time.R ------------------------------------------- 
Timestamp: 2022-04-26 22:44:13 added.
2022-04-26 22:44:13 | record_time.R done.-------------------------------------- 

2022-04-26 22:49:03 | record_time.R ------------------------------------------- 
Timestamp: 2022-04-26 22:49:03 added.
2022-04-26 22:49:03 | record_time.R done.-------------------------------------- 

2022-04-26 22:49:43 | record_time.R ------------------------------------------- 
Timestamp: 2022-04-26 22:49:43 added.
2022-04-26 22:49:44 | record_time.R done.-------------------------------------- 

2022-04-26 23:52:02 | record_time.R ------------------------------------------- 
Timestamp: 2022-04-26 23:52:02 added.
2022-04-26 23:52:02 | record_time.R done.-------------------------------------- 

2022-04-26 23:56:16 | record_time.R ------------------------------------------- 
Timestamp: 2022-04-26 23:56:16 added.
2022-04-26 23:56:16 | record_time.R done.-------------------------------------- 

2022-04-26 23:58:33 | record_time.R ------------------------------------------- 
Timestamp: 2022-04-26 23:58:33 added.
2022-04-26 23:58:33 | record_time.R done.-------------------------------------- 

2022-04-26 23:59:25 | record_time.R ------------------------------------------- 
Timestamp: 2022-04-26 23:59:25 added.
2022-04-26 23:59:25 | record_time.R done.-------------------------------------- 

2022-04-27 00:04:12 | record_time.R ------------------------------------------- 
Timestamp: 2022-04-27 00:04:12 added.
2022-04-27 00:04:12 | record_time.R done.-------------------------------------- 

2022-04-27 00:04:41 | record_time.R ------------------------------------------- 
Timestamp: 2022-04-27 00:04:41 added.
2022-04-27 00:04:41 | record_time.R done.-------------------------------------- 

2022-04-27 00:05:10 | record_time.R ------------------------------------------- 
Timestamp: 2022-04-27 00:05:10 added.
2022-04-27 00:05:11 | record_time.R done.-------------------------------------- 

2022-04-27 00:13:35 | record_time.R ------------------------------------------- 
Timestamp: 2022-04-27 00:13:35 added.
2022-04-27 00:13:35 | record_time.R done.-------------------------------------- 

2022-04-27 00:15:57 | record_time.R ------------------------------------------- 
Timestamp: 2022-04-27 00:15:57 added.
2022-04-27 00:15:58 | record_time.R done.-------------------------------------- 

2022-04-27 00:19:48 | record_time.R ------------------------------------------- 
Timestamp: 2022-04-27 00:19:48 added.
2022-04-27 00:19:48 | record_time.R done.-------------------------------------- 

2022-04-27 00:24:43 | record_time.R ------------------------------------------- 
Timestamp: 2022-04-27 00:24:43 added.
2022-04-27 00:24:43 | record_time.R done.-------------------------------------- 

2022-04-27 00:43:41 | record_time.R ------------------------------------------- 
Timestamp: 2022-04-27 00:43:41 added.
2022-04-27 00:43:41 | record_time.R done.-------------------------------------- 

2022-04-27 00:44:42 | record_time.R ------------------------------------------- 
Timestamp: 2022-04-27 00:44:42 added.
2022-04-27 00:44:42 | record_time.R done.-------------------------------------- 

2022-04-27 00:49:32 | record_time.R ------------------------------------------- 
Timestamp: 2022-04-27 00:49:32 added.
2022-04-27 00:49:32 | record_time.R done.-------------------------------------- 

2022-04-27 00:50:12 | record_time.R ------------------------------------------- 
Timestamp: 2022-04-27 00:50:12 added.
2022-04-27 00:50:12 | record_time.R done.-------------------------------------- 

2022-04-27 01:52:29 | record_time.R ------------------------------------------- 
Timestamp: 2022-04-27 01:52:29 added.
2022-04-27 01:52:29 | record_time.R done.-------------------------------------- 

2022-04-27 01:56:44 | record_time.R ------------------------------------------- 
Timestamp: 2022-04-27 01:56:44 added.
2022-04-27 01:56:44 | record_time.R done.-------------------------------------- 

2022-04-27 01:59:00 | record_time.R ------------------------------------------- 
Timestamp: 2022-04-27 01:59:00 added.
2022-04-27 01:59:01 | record_time.R done.-------------------------------------- 

2022-04-27 01:59:52 | record_time.R ------------------------------------------- 
Timestamp: 2022-04-27 01:59:53 added.
2022-04-27 01:59:53 | record_time.R done.-------------------------------------- 

2022-04-27 02:04:40 | record_time.R ------------------------------------------- 
Timestamp: 2022-04-27 02:04:40 added.
2022-04-27 02:04:40 | record_time.R done.-------------------------------------- 

2022-04-27 02:05:09 | record_time.R ------------------------------------------- 
Timestamp: 2022-04-27 02:05:09 added.
2022-04-27 02:05:09 | record_time.R done.-------------------------------------- 

2022-04-27 02:05:39 | record_time.R ------------------------------------------- 
Timestamp: 2022-04-27 02:05:39 added.
2022-04-27 02:05:39 | record_time.R done.-------------------------------------- 

2022-04-27 02:14:03 | record_time.R ------------------------------------------- 
Timestamp: 2022-04-27 02:14:03 added.
2022-04-27 02:14:03 | record_time.R done.-------------------------------------- 

2022-04-27 02:16:16 | record_time.R ------------------------------------------- 
Timestamp: 2022-04-27 02:16:16 added.
2022-04-27 02:16:16 | record_time.R done.-------------------------------------- 

2022-04-27 14:01:29 | record_time.R ------------------------------------------- 
Timestamp: 2022-04-27 14:01:29 added.
2022-04-27 14:01:29 | record_time.R done.-------------------------------------- 

2022-04-27 16:27:43 | record_time.R ------------------------------------------- 
Timestamp: 2022-04-27 16:27:43 added.
2022-04-27 16:27:43 | record_time.R done.-------------------------------------- 

2022-04-27 18:53:56 | record_time.R ------------------------------------------- 
Timestamp: 2022-04-27 18:53:56 added.
2022-04-27 18:53:56 | record_time.R done.-------------------------------------- 

2022-04-27 21:20:13 | record_time.R ------------------------------------------- 
Timestamp: 2022-04-27 21:20:13 added.
2022-04-27 21:20:13 | record_time.R done.-------------------------------------- 

2022-04-27 23:46:27 | record_time.R ------------------------------------------- 
Timestamp: 2022-04-27 23:46:27 added.
2022-04-27 23:46:27 | record_time.R done.-------------------------------------- 

2022-04-28 02:12:35 | record_time.R ------------------------------------------- 
Timestamp: 2022-04-28 02:12:35 added.
2022-04-28 02:12:35 | record_time.R done.-------------------------------------- 

2022-04-28 15:23:29 | record_time.R ------------------------------------------- 
Timestamp: 2022-04-28 15:23:29 added.
2022-04-28 15:23:29 | record_time.R done.-------------------------------------- 

2022-04-28 15:43:47 | record_time.R ------------------------------------------- 
Timestamp: 2022-04-28 15:43:47 added.
2022-04-28 15:43:47 | record_time.R done.-------------------------------------- 

2022-04-28 16:03:58 | record_time.R ------------------------------------------- 
Timestamp: 2022-04-28 16:03:58 added.
2022-04-28 16:03:58 | record_time.R done.-------------------------------------- 

2022-04-28 16:24:17 | record_time.R ------------------------------------------- 
Timestamp: 2022-04-28 16:24:17 added.
2022-04-28 16:24:17 | record_time.R done.-------------------------------------- 

2022-04-28 16:44:42 | record_time.R ------------------------------------------- 
Timestamp: 2022-04-28 16:44:42 added.
2022-04-28 16:44:42 | record_time.R done.-------------------------------------- 

2022-04-28 17:04:56 | record_time.R ------------------------------------------- 
Timestamp: 2022-04-28 17:04:56 added.
2022-04-28 17:04:56 | record_time.R done.-------------------------------------- 

