2022-04-25 12:57:04 | record_time.R ------------------------------------------- 
Timestamp: 2022-04-25 12:57:04 added.
2022-04-25 12:57:04 | record_time.R done.-------------------------------------- 

2022-04-25 12:57:06 | record_time.R ------------------------------------------- 
Timestamp: 2022-04-25 12:57:06 added.
2022-04-25 12:57:06 | record_time.R done.-------------------------------------- 

2022-04-25 13:07:38 | record_time.R ------------------------------------------- 
Timestamp: 2022-04-25 13:07:38 added.
2022-04-25 13:07:38 | record_time.R done.-------------------------------------- 

2022-04-25 13:08:09 | record_time.R ------------------------------------------- 
Timestamp: 2022-04-25 13:08:09 added.
2022-04-25 13:08:09 | record_time.R done.-------------------------------------- 

2022-04-25 13:31:19 | record_time.R ------------------------------------------- 
Timestamp: 2022-04-25 13:31:19 added.
2022-04-25 13:31:19 | record_time.R done.-------------------------------------- 

2022-04-25 13:31:58 | record_time.R ------------------------------------------- 
Timestamp: 2022-04-25 13:31:58 added.
2022-04-25 13:31:58 | record_time.R done.-------------------------------------- 

2022-04-25 13:58:38 | record_time.R ------------------------------------------- 
Timestamp: 2022-04-25 13:58:38 added.
2022-04-25 13:58:38 | record_time.R done.-------------------------------------- 

2022-04-25 13:59:17 | record_time.R ------------------------------------------- 
Timestamp: 2022-04-25 13:59:17 added.
2022-04-25 13:59:17 | record_time.R done.-------------------------------------- 

2022-04-25 14:24:09 | record_time.R ------------------------------------------- 
Timestamp: 2022-04-25 14:24:09 added.
2022-04-25 14:24:09 | record_time.R done.-------------------------------------- 

2022-04-25 14:24:48 | record_time.R ------------------------------------------- 
Timestamp: 2022-04-25 14:24:48 added.
2022-04-25 14:24:48 | record_time.R done.-------------------------------------- 

2022-04-25 14:49:09 | record_time.R ------------------------------------------- 
Timestamp: 2022-04-25 14:49:09 added.
2022-04-25 14:49:09 | record_time.R done.-------------------------------------- 

2022-04-25 14:49:48 | record_time.R ------------------------------------------- 
Timestamp: 2022-04-25 14:49:48 added.
2022-04-25 14:49:48 | record_time.R done.-------------------------------------- 

2022-04-25 15:14:11 | record_time.R ------------------------------------------- 
Timestamp: 2022-04-25 15:14:11 added.
2022-04-25 15:14:11 | record_time.R done.-------------------------------------- 

2022-04-25 15:14:50 | record_time.R ------------------------------------------- 
Timestamp: 2022-04-25 15:14:50 added.
2022-04-25 15:14:50 | record_time.R done.-------------------------------------- 

2022-04-25 15:54:43 | record_time.R ------------------------------------------- 
Timestamp: 2022-04-25 15:54:43 added.
2022-04-25 15:54:43 | record_time.R done.-------------------------------------- 

2022-04-25 15:57:02 | record_time.R ------------------------------------------- 
Timestamp: 2022-04-25 15:57:02 added.
2022-04-25 15:57:02 | record_time.R done.-------------------------------------- 

2022-04-25 17:04:26 | record_time.R ------------------------------------------- 
Warning: 2 parsing failures.
row      col   expected actual                                    file
  1 plate    an integer   none 'experiments/20220412_output/times.csv'
  1 transfer an integer   none 'experiments/20220412_output/times.csv'

Timestamp: 2022-04-25 17:04:26 added.
2022-04-25 17:04:26 | record_time.R done.-------------------------------------- 

2022-04-25 17:08:31 | record_time.R ------------------------------------------- 
Timestamp: 2022-04-25 17:08:31 added.
2022-04-25 17:08:31 | record_time.R done.-------------------------------------- 

2022-04-25 17:08:53 | record_time.R ------------------------------------------- 
Timestamp: 2022-04-25 17:08:53 added.
2022-04-25 17:08:53 | record_time.R done.-------------------------------------- 

2022-04-25 17:13:00 | record_time.R ------------------------------------------- 
Timestamp: 2022-04-25 17:13:00 added.
2022-04-25 17:13:00 | record_time.R done.-------------------------------------- 

2022-04-25 18:18:57 | record_time.R ------------------------------------------- 
Timestamp: 2022-04-25 18:18:58 added.
2022-04-25 18:18:58 | record_time.R done.-------------------------------------- 

2022-04-25 18:40:19 | record_time.R ------------------------------------------- 
Timestamp: 2022-04-25 18:40:19 added.
2022-04-25 18:40:19 | record_time.R done.-------------------------------------- 

2022-04-25 18:41:23 | record_time.R ------------------------------------------- 
Timestamp: 2022-04-25 18:41:23 added.
2022-04-25 18:41:23 | record_time.R done.-------------------------------------- 

2022-04-25 18:46:14 | record_time.R ------------------------------------------- 
Timestamp: 2022-04-25 18:46:14 added.
2022-04-25 18:46:14 | record_time.R done.-------------------------------------- 

2022-04-25 18:46:54 | record_time.R ------------------------------------------- 
Timestamp: 2022-04-25 18:46:55 added.
2022-04-25 18:46:55 | record_time.R done.-------------------------------------- 

2022-04-25 19:49:11 | record_time.R ------------------------------------------- 
Timestamp: 2022-04-25 19:49:11 added.
2022-04-25 19:49:11 | record_time.R done.-------------------------------------- 

2022-04-25 19:53:43 | record_time.R ------------------------------------------- 
Timestamp: 2022-04-25 19:53:43 added.
2022-04-25 19:53:43 | record_time.R done.-------------------------------------- 

2022-04-25 19:55:59 | record_time.R ------------------------------------------- 
Timestamp: 2022-04-25 19:55:59 added.
2022-04-25 19:55:59 | record_time.R done.-------------------------------------- 

2022-04-25 19:56:51 | record_time.R ------------------------------------------- 
Timestamp: 2022-04-25 19:56:51 added.
2022-04-25 19:56:51 | record_time.R done.-------------------------------------- 

2022-04-25 20:01:38 | record_time.R ------------------------------------------- 
Timestamp: 2022-04-25 20:01:38 added.
2022-04-25 20:01:38 | record_time.R done.-------------------------------------- 

2022-04-25 20:02:07 | record_time.R ------------------------------------------- 
Timestamp: 2022-04-25 20:02:07 added.
2022-04-25 20:02:07 | record_time.R done.-------------------------------------- 

2022-04-25 20:02:37 | record_time.R ------------------------------------------- 
Timestamp: 2022-04-25 20:02:37 added.
2022-04-25 20:02:37 | record_time.R done.-------------------------------------- 

2022-04-25 20:11:00 | record_time.R ------------------------------------------- 
Timestamp: 2022-04-25 20:11:00 added.
2022-04-25 20:11:00 | record_time.R done.-------------------------------------- 

2022-04-25 20:13:18 | record_time.R ------------------------------------------- 
Timestamp: 2022-04-25 20:13:18 added.
2022-04-25 20:13:18 | record_time.R done.-------------------------------------- 

2022-04-25 20:17:11 | record_time.R ------------------------------------------- 
Timestamp: 2022-04-25 20:17:11 added.
2022-04-25 20:17:11 | record_time.R done.-------------------------------------- 

2022-04-25 20:22:07 | record_time.R ------------------------------------------- 
Timestamp: 2022-04-25 20:22:07 added.
2022-04-25 20:22:07 | record_time.R done.-------------------------------------- 

2022-04-25 20:43:27 | record_time.R ------------------------------------------- 
Timestamp: 2022-04-25 20:43:27 added.
2022-04-25 20:43:27 | record_time.R done.-------------------------------------- 

2022-04-25 20:44:32 | record_time.R ------------------------------------------- 
Timestamp: 2022-04-25 20:44:33 added.
2022-04-25 20:44:33 | record_time.R done.-------------------------------------- 

2022-04-25 20:49:22 | record_time.R ------------------------------------------- 
Timestamp: 2022-04-25 20:49:22 added.
2022-04-25 20:49:22 | record_time.R done.-------------------------------------- 

2022-04-25 20:50:03 | record_time.R ------------------------------------------- 
Timestamp: 2022-04-25 20:50:03 added.
2022-04-25 20:50:03 | record_time.R done.-------------------------------------- 

2022-04-25 21:52:22 | record_time.R ------------------------------------------- 
Timestamp: 2022-04-25 21:52:22 added.
2022-04-25 21:52:22 | record_time.R done.-------------------------------------- 

2022-04-25 21:56:54 | record_time.R ------------------------------------------- 
Timestamp: 2022-04-25 21:56:54 added.
2022-04-25 21:56:54 | record_time.R done.-------------------------------------- 

2022-04-25 21:59:10 | record_time.R ------------------------------------------- 
Timestamp: 2022-04-25 21:59:10 added.
2022-04-25 21:59:10 | record_time.R done.-------------------------------------- 

2022-04-25 22:00:02 | record_time.R ------------------------------------------- 
Timestamp: 2022-04-25 22:00:02 added.
2022-04-25 22:00:02 | record_time.R done.-------------------------------------- 

2022-04-25 22:04:49 | record_time.R ------------------------------------------- 
Timestamp: 2022-04-25 22:04:49 added.
2022-04-25 22:04:49 | record_time.R done.-------------------------------------- 

2022-04-25 22:05:18 | record_time.R ------------------------------------------- 
Timestamp: 2022-04-25 22:05:18 added.
2022-04-25 22:05:18 | record_time.R done.-------------------------------------- 

2022-04-25 22:05:48 | record_time.R ------------------------------------------- 
Timestamp: 2022-04-25 22:05:48 added.
2022-04-25 22:05:48 | record_time.R done.-------------------------------------- 

2022-04-25 22:14:09 | record_time.R ------------------------------------------- 
Timestamp: 2022-04-25 22:14:09 added.
2022-04-25 22:14:09 | record_time.R done.-------------------------------------- 

2022-04-25 22:16:32 | record_time.R ------------------------------------------- 
Timestamp: 2022-04-25 22:16:32 added.
2022-04-25 22:16:32 | record_time.R done.-------------------------------------- 

2022-04-25 22:20:23 | record_time.R ------------------------------------------- 
Timestamp: 2022-04-25 22:20:23 added.
2022-04-25 22:20:23 | record_time.R done.-------------------------------------- 

2022-04-25 22:25:19 | record_time.R ------------------------------------------- 
Timestamp: 2022-04-25 22:25:19 added.
2022-04-25 22:25:19 | record_time.R done.-------------------------------------- 

2022-04-25 22:46:34 | record_time.R ------------------------------------------- 
Timestamp: 2022-04-25 22:46:34 added.
2022-04-25 22:46:34 | record_time.R done.-------------------------------------- 

2022-04-25 22:47:39 | record_time.R ------------------------------------------- 
Timestamp: 2022-04-25 22:47:39 added.
2022-04-25 22:47:39 | record_time.R done.-------------------------------------- 

2022-04-25 22:52:29 | record_time.R ------------------------------------------- 
Timestamp: 2022-04-25 22:52:29 added.
2022-04-25 22:52:29 | record_time.R done.-------------------------------------- 

2022-04-25 22:53:10 | record_time.R ------------------------------------------- 
Timestamp: 2022-04-25 22:53:10 added.
2022-04-25 22:53:10 | record_time.R done.-------------------------------------- 

2022-04-25 23:55:29 | record_time.R ------------------------------------------- 
Timestamp: 2022-04-25 23:55:29 added.
2022-04-25 23:55:29 | record_time.R done.-------------------------------------- 

2022-04-26 00:00:00 | record_time.R ------------------------------------------- 
Timestamp: 2022-04-26 00:00:00 added.
2022-04-26 00:00:00 | record_time.R done.-------------------------------------- 

2022-04-26 00:02:16 | record_time.R ------------------------------------------- 
Timestamp: 2022-04-26 00:02:16 added.
2022-04-26 00:02:16 | record_time.R done.-------------------------------------- 

2022-04-26 00:03:09 | record_time.R ------------------------------------------- 
Timestamp: 2022-04-26 00:03:09 added.
2022-04-26 00:03:09 | record_time.R done.-------------------------------------- 

2022-04-26 00:07:56 | record_time.R ------------------------------------------- 
Timestamp: 2022-04-26 00:07:56 added.
2022-04-26 00:07:56 | record_time.R done.-------------------------------------- 

2022-04-26 00:08:25 | record_time.R ------------------------------------------- 
Timestamp: 2022-04-26 00:08:25 added.
2022-04-26 00:08:25 | record_time.R done.-------------------------------------- 

2022-04-26 00:08:54 | record_time.R ------------------------------------------- 
Timestamp: 2022-04-26 00:08:54 added.
2022-04-26 00:08:54 | record_time.R done.-------------------------------------- 

2022-04-26 00:17:13 | record_time.R ------------------------------------------- 
Timestamp: 2022-04-26 00:17:13 added.
2022-04-26 00:17:13 | record_time.R done.-------------------------------------- 

2022-04-26 00:19:36 | record_time.R ------------------------------------------- 
Timestamp: 2022-04-26 00:19:36 added.
2022-04-26 00:19:36 | record_time.R done.-------------------------------------- 

2022-04-26 00:23:34 | record_time.R ------------------------------------------- 
Timestamp: 2022-04-26 00:23:34 added.
2022-04-26 00:23:34 | record_time.R done.-------------------------------------- 

2022-04-26 00:28:30 | record_time.R ------------------------------------------- 
Timestamp: 2022-04-26 00:28:30 added.
2022-04-26 00:28:30 | record_time.R done.-------------------------------------- 

2022-04-26 00:49:42 | record_time.R ------------------------------------------- 
Timestamp: 2022-04-26 00:49:42 added.
2022-04-26 00:49:42 | record_time.R done.-------------------------------------- 

2022-04-26 00:50:48 | record_time.R ------------------------------------------- 
Timestamp: 2022-04-26 00:50:48 added.
2022-04-26 00:50:48 | record_time.R done.-------------------------------------- 

2022-04-26 00:55:38 | record_time.R ------------------------------------------- 
Timestamp: 2022-04-26 00:55:38 added.
2022-04-26 00:55:38 | record_time.R done.-------------------------------------- 

2022-04-26 00:56:18 | record_time.R ------------------------------------------- 
Timestamp: 2022-04-26 00:56:18 added.
2022-04-26 00:56:18 | record_time.R done.-------------------------------------- 

2022-04-26 01:58:36 | record_time.R ------------------------------------------- 
Timestamp: 2022-04-26 01:58:36 added.
2022-04-26 01:58:36 | record_time.R done.-------------------------------------- 

2022-04-26 02:03:08 | record_time.R ------------------------------------------- 
Timestamp: 2022-04-26 02:03:08 added.
2022-04-26 02:03:08 | record_time.R done.-------------------------------------- 

2022-04-26 02:05:24 | record_time.R ------------------------------------------- 
Timestamp: 2022-04-26 02:05:24 added.
2022-04-26 02:05:24 | record_time.R done.-------------------------------------- 

2022-04-26 02:06:16 | record_time.R ------------------------------------------- 
Timestamp: 2022-04-26 02:06:16 added.
2022-04-26 02:06:16 | record_time.R done.-------------------------------------- 

2022-04-26 02:11:03 | record_time.R ------------------------------------------- 
Timestamp: 2022-04-26 02:11:03 added.
2022-04-26 02:11:03 | record_time.R done.-------------------------------------- 

2022-04-26 02:11:32 | record_time.R ------------------------------------------- 
Timestamp: 2022-04-26 02:11:32 added.
2022-04-26 02:11:32 | record_time.R done.-------------------------------------- 

2022-04-26 02:12:02 | record_time.R ------------------------------------------- 
Timestamp: 2022-04-26 02:12:02 added.
2022-04-26 02:12:02 | record_time.R done.-------------------------------------- 

2022-04-26 02:20:22 | record_time.R ------------------------------------------- 
Timestamp: 2022-04-26 02:20:22 added.
2022-04-26 02:20:22 | record_time.R done.-------------------------------------- 

2022-04-26 02:22:45 | record_time.R ------------------------------------------- 
Timestamp: 2022-04-26 02:22:45 added.
2022-04-26 02:22:45 | record_time.R done.-------------------------------------- 

2022-04-26 02:26:39 | record_time.R ------------------------------------------- 
Timestamp: 2022-04-26 02:26:39 added.
2022-04-26 02:26:39 | record_time.R done.-------------------------------------- 

2022-04-26 02:31:34 | record_time.R ------------------------------------------- 
Timestamp: 2022-04-26 02:31:34 added.
2022-04-26 02:31:34 | record_time.R done.-------------------------------------- 

2022-04-26 02:52:44 | record_time.R ------------------------------------------- 
Timestamp: 2022-04-26 02:52:44 added.
2022-04-26 02:52:44 | record_time.R done.-------------------------------------- 

2022-04-26 02:53:49 | record_time.R ------------------------------------------- 
Timestamp: 2022-04-26 02:53:49 added.
2022-04-26 02:53:49 | record_time.R done.-------------------------------------- 

2022-04-26 02:58:39 | record_time.R ------------------------------------------- 
Timestamp: 2022-04-26 02:58:39 added.
2022-04-26 02:58:39 | record_time.R done.-------------------------------------- 

2022-04-26 02:59:19 | record_time.R ------------------------------------------- 
Timestamp: 2022-04-26 02:59:19 added.
2022-04-26 02:59:19 | record_time.R done.-------------------------------------- 

2022-04-26 04:01:36 | record_time.R ------------------------------------------- 
Timestamp: 2022-04-26 04:01:36 added.
2022-04-26 04:01:36 | record_time.R done.-------------------------------------- 

2022-04-26 04:06:07 | record_time.R ------------------------------------------- 
Timestamp: 2022-04-26 04:06:07 added.
2022-04-26 04:06:07 | record_time.R done.-------------------------------------- 

2022-04-26 04:08:24 | record_time.R ------------------------------------------- 
Timestamp: 2022-04-26 04:08:24 added.
2022-04-26 04:08:24 | record_time.R done.-------------------------------------- 

2022-04-26 04:09:16 | record_time.R ------------------------------------------- 
Timestamp: 2022-04-26 04:09:16 added.
2022-04-26 04:09:16 | record_time.R done.-------------------------------------- 

2022-04-26 04:14:03 | record_time.R ------------------------------------------- 
Timestamp: 2022-04-26 04:14:03 added.
2022-04-26 04:14:03 | record_time.R done.-------------------------------------- 

2022-04-26 04:14:32 | record_time.R ------------------------------------------- 
Timestamp: 2022-04-26 04:14:32 added.
2022-04-26 04:14:32 | record_time.R done.-------------------------------------- 

2022-04-26 04:15:02 | record_time.R ------------------------------------------- 
Timestamp: 2022-04-26 04:15:02 added.
2022-04-26 04:15:02 | record_time.R done.-------------------------------------- 

2022-04-26 04:23:26 | record_time.R ------------------------------------------- 
Timestamp: 2022-04-26 04:23:26 added.
2022-04-26 04:23:26 | record_time.R done.-------------------------------------- 

2022-04-26 04:25:48 | record_time.R ------------------------------------------- 
Timestamp: 2022-04-26 04:25:48 added.
2022-04-26 04:25:48 | record_time.R done.-------------------------------------- 

2022-04-26 04:29:39 | record_time.R ------------------------------------------- 
Timestamp: 2022-04-26 04:29:39 added.
2022-04-26 04:29:39 | record_time.R done.-------------------------------------- 

2022-04-26 04:34:34 | record_time.R ------------------------------------------- 
Timestamp: 2022-04-26 04:34:34 added.
2022-04-26 04:34:34 | record_time.R done.-------------------------------------- 

2022-04-26 04:55:41 | record_time.R ------------------------------------------- 
Timestamp: 2022-04-26 04:55:41 added.
2022-04-26 04:55:41 | record_time.R done.-------------------------------------- 

2022-04-26 04:56:47 | record_time.R ------------------------------------------- 
Timestamp: 2022-04-26 04:56:47 added.
2022-04-26 04:56:47 | record_time.R done.-------------------------------------- 

2022-04-26 05:01:37 | record_time.R ------------------------------------------- 
Timestamp: 2022-04-26 05:01:37 added.
2022-04-26 05:01:37 | record_time.R done.-------------------------------------- 

2022-04-26 05:02:18 | record_time.R ------------------------------------------- 
Timestamp: 2022-04-26 05:02:18 added.
2022-04-26 05:02:18 | record_time.R done.-------------------------------------- 

2022-04-26 06:04:39 | record_time.R ------------------------------------------- 
Timestamp: 2022-04-26 06:04:39 added.
2022-04-26 06:04:39 | record_time.R done.-------------------------------------- 

2022-04-26 06:09:10 | record_time.R ------------------------------------------- 
Timestamp: 2022-04-26 06:09:10 added.
2022-04-26 06:09:10 | record_time.R done.-------------------------------------- 

2022-04-26 06:11:27 | record_time.R ------------------------------------------- 
Timestamp: 2022-04-26 06:11:27 added.
2022-04-26 06:11:27 | record_time.R done.-------------------------------------- 

2022-04-26 06:12:19 | record_time.R ------------------------------------------- 
Timestamp: 2022-04-26 06:12:19 added.
2022-04-26 06:12:19 | record_time.R done.-------------------------------------- 

2022-04-26 06:17:06 | record_time.R ------------------------------------------- 
Timestamp: 2022-04-26 06:17:06 added.
2022-04-26 06:17:06 | record_time.R done.-------------------------------------- 

2022-04-26 06:17:36 | record_time.R ------------------------------------------- 
Timestamp: 2022-04-26 06:17:36 added.
2022-04-26 06:17:36 | record_time.R done.-------------------------------------- 

2022-04-26 06:18:06 | record_time.R ------------------------------------------- 
Timestamp: 2022-04-26 06:18:06 added.
2022-04-26 06:18:06 | record_time.R done.-------------------------------------- 

2022-04-26 06:26:29 | record_time.R ------------------------------------------- 
Timestamp: 2022-04-26 06:26:29 added.
2022-04-26 06:26:29 | record_time.R done.-------------------------------------- 

2022-04-26 06:28:42 | record_time.R ------------------------------------------- 
Timestamp: 2022-04-26 06:28:42 added.
2022-04-26 06:28:42 | record_time.R done.-------------------------------------- 

2022-04-26 14:41:36 | record_time.R ------------------------------------------- 
Timestamp: 2022-04-26 14:41:36 added.
2022-04-26 14:41:36 | record_time.R done.-------------------------------------- 

2022-04-26 16:42:22 | record_time.R ------------------------------------------- 
Timestamp: 2022-04-26 16:42:22 added.
2022-04-26 16:42:22 | record_time.R done.-------------------------------------- 

2022-04-26 18:43:00 | record_time.R ------------------------------------------- 
Timestamp: 2022-04-26 18:43:00 added.
2022-04-26 18:43:00 | record_time.R done.-------------------------------------- 

2022-04-26 20:43:41 | record_time.R ------------------------------------------- 
Timestamp: 2022-04-26 20:43:41 added.
2022-04-26 20:43:41 | record_time.R done.-------------------------------------- 

2022-04-26 22:44:11 | record_time.R ------------------------------------------- 
Timestamp: 2022-04-26 22:44:11 added.
2022-04-26 22:44:11 | record_time.R done.-------------------------------------- 

2022-04-27 00:44:40 | record_time.R ------------------------------------------- 
Timestamp: 2022-04-27 00:44:40 added.
2022-04-27 00:44:40 | record_time.R done.-------------------------------------- 

