2022-04-21 12:58:02 | record_time.R ------------------------------------------- 
Timestamp: 2022-04-21 12:58:02 added.
2022-04-21 12:58:03 | record_time.R done.-------------------------------------- 

2022-04-21 12:58:04 | record_time.R ------------------------------------------- 
Timestamp: 2022-04-21 12:58:04 added.
2022-04-21 12:58:04 | record_time.R done.-------------------------------------- 

2022-04-21 13:08:35 | record_time.R ------------------------------------------- 
Timestamp: 2022-04-21 13:08:35 added.
2022-04-21 13:08:35 | record_time.R done.-------------------------------------- 

2022-04-21 13:09:06 | record_time.R ------------------------------------------- 
Timestamp: 2022-04-21 13:09:06 added.
2022-04-21 13:09:06 | record_time.R done.-------------------------------------- 

2022-04-21 13:30:21 | record_time.R ------------------------------------------- 
Timestamp: 2022-04-21 13:30:21 added.
2022-04-21 13:30:21 | record_time.R done.-------------------------------------- 

2022-04-21 13:31:00 | record_time.R ------------------------------------------- 
Timestamp: 2022-04-21 13:31:00 added.
2022-04-21 13:31:00 | record_time.R done.-------------------------------------- 

2022-04-21 13:55:31 | record_time.R ------------------------------------------- 
Timestamp: 2022-04-21 13:55:31 added.
2022-04-21 13:55:31 | record_time.R done.-------------------------------------- 

2022-04-21 13:56:10 | record_time.R ------------------------------------------- 
Timestamp: 2022-04-21 13:56:10 added.
2022-04-21 13:56:10 | record_time.R done.-------------------------------------- 

2022-04-21 14:20:43 | record_time.R ------------------------------------------- 
Timestamp: 2022-04-21 14:20:43 added.
2022-04-21 14:20:43 | record_time.R done.-------------------------------------- 

2022-04-21 14:21:22 | record_time.R ------------------------------------------- 
Timestamp: 2022-04-21 14:21:22 added.
2022-04-21 14:21:22 | record_time.R done.-------------------------------------- 

2022-04-21 15:51:28 | record_time.R ------------------------------------------- 
Timestamp: 2022-04-21 15:51:28 added.
2022-04-21 15:51:28 | record_time.R done.-------------------------------------- 

2022-04-21 15:52:07 | record_time.R ------------------------------------------- 
Timestamp: 2022-04-21 15:52:07 added.
2022-04-21 15:52:07 | record_time.R done.-------------------------------------- 

2022-04-21 16:16:44 | record_time.R ------------------------------------------- 
Timestamp: 2022-04-21 16:16:44 added.
2022-04-21 16:16:44 | record_time.R done.-------------------------------------- 

2022-04-21 16:17:23 | record_time.R ------------------------------------------- 
Timestamp: 2022-04-21 16:17:23 added.
2022-04-21 16:17:23 | record_time.R done.-------------------------------------- 

2022-04-21 17:00:02 | record_time.R ------------------------------------------- 
Timestamp: 2022-04-21 17:00:02 added.
2022-04-21 17:00:02 | record_time.R done.-------------------------------------- 

2022-04-21 17:02:22 | record_time.R ------------------------------------------- 
Timestamp: 2022-04-21 17:02:22 added.
2022-04-21 17:02:22 | record_time.R done.-------------------------------------- 

2022-04-21 17:12:27 | record_time.R ------------------------------------------- 
Warning: 2 parsing failures.
row      col   expected actual                                    file
  1 plate    an integer   none 'experiments/20220412_output/times.csv'
  1 transfer an integer   none 'experiments/20220412_output/times.csv'

Timestamp: 2022-04-21 17:12:27 added.
2022-04-21 17:12:27 | record_time.R done.-------------------------------------- 

2022-04-21 17:14:20 | record_time.R ------------------------------------------- 
Timestamp: 2022-04-21 17:14:20 added.
2022-04-21 17:14:20 | record_time.R done.-------------------------------------- 

2022-04-21 17:18:19 | record_time.R ------------------------------------------- 
Timestamp: 2022-04-21 17:18:19 added.
2022-04-21 17:18:19 | record_time.R done.-------------------------------------- 

2022-04-21 17:18:41 | record_time.R ------------------------------------------- 
Timestamp: 2022-04-21 17:18:41 added.
2022-04-21 17:18:41 | record_time.R done.-------------------------------------- 

2022-04-21 17:22:50 | record_time.R ------------------------------------------- 
Timestamp: 2022-04-21 17:22:50 added.
2022-04-21 17:22:50 | record_time.R done.-------------------------------------- 

2022-04-21 17:27:48 | record_time.R ------------------------------------------- 
Timestamp: 2022-04-21 17:27:48 added.
2022-04-21 17:27:48 | record_time.R done.-------------------------------------- 

2022-04-21 17:45:28 | record_time.R ------------------------------------------- 
Timestamp: 2022-04-21 17:45:28 added.
2022-04-21 17:45:28 | record_time.R done.-------------------------------------- 

2022-04-21 17:46:34 | record_time.R ------------------------------------------- 
Timestamp: 2022-04-21 17:46:34 added.
2022-04-21 17:46:34 | record_time.R done.-------------------------------------- 

2022-04-21 17:51:25 | record_time.R ------------------------------------------- 
Timestamp: 2022-04-21 17:51:25 added.
2022-04-21 17:51:25 | record_time.R done.-------------------------------------- 

2022-04-21 17:52:05 | record_time.R ------------------------------------------- 
Timestamp: 2022-04-21 17:52:05 added.
2022-04-21 17:52:05 | record_time.R done.-------------------------------------- 

2022-04-21 18:57:08 | record_time.R ------------------------------------------- 
Timestamp: 2022-04-21 18:57:08 added.
2022-04-21 18:57:08 | record_time.R done.-------------------------------------- 

2022-04-21 19:01:12 | record_time.R ------------------------------------------- 
Timestamp: 2022-04-21 19:01:12 added.
2022-04-21 19:01:12 | record_time.R done.-------------------------------------- 

2022-04-21 19:03:29 | record_time.R ------------------------------------------- 
Timestamp: 2022-04-21 19:03:29 added.
2022-04-21 19:03:29 | record_time.R done.-------------------------------------- 

2022-04-21 19:04:21 | record_time.R ------------------------------------------- 
Timestamp: 2022-04-21 19:04:21 added.
2022-04-21 19:04:21 | record_time.R done.-------------------------------------- 

2022-04-21 19:09:08 | record_time.R ------------------------------------------- 
Timestamp: 2022-04-21 19:09:08 added.
2022-04-21 19:09:08 | record_time.R done.-------------------------------------- 

2022-04-21 19:09:36 | record_time.R ------------------------------------------- 
Timestamp: 2022-04-21 19:09:36 added.
2022-04-21 19:09:36 | record_time.R done.-------------------------------------- 

2022-04-21 19:10:05 | record_time.R ------------------------------------------- 
Timestamp: 2022-04-21 19:10:05 added.
2022-04-21 19:10:05 | record_time.R done.-------------------------------------- 

2022-04-21 19:18:31 | record_time.R ------------------------------------------- 
Timestamp: 2022-04-21 19:18:31 added.
2022-04-21 19:18:31 | record_time.R done.-------------------------------------- 

2022-04-21 19:20:55 | record_time.R ------------------------------------------- 
Timestamp: 2022-04-21 19:20:55 added.
2022-04-21 19:20:55 | record_time.R done.-------------------------------------- 

2022-04-21 19:24:48 | record_time.R ------------------------------------------- 
Timestamp: 2022-04-21 19:24:48 added.
2022-04-21 19:24:48 | record_time.R done.-------------------------------------- 

2022-04-21 19:29:44 | record_time.R ------------------------------------------- 
Timestamp: 2022-04-21 19:29:44 added.
2022-04-21 19:29:44 | record_time.R done.-------------------------------------- 

2022-04-21 19:47:23 | record_time.R ------------------------------------------- 
Timestamp: 2022-04-21 19:47:23 added.
2022-04-21 19:47:23 | record_time.R done.-------------------------------------- 

2022-04-21 19:48:30 | record_time.R ------------------------------------------- 
Timestamp: 2022-04-21 19:48:30 added.
2022-04-21 19:48:30 | record_time.R done.-------------------------------------- 

2022-04-21 19:53:20 | record_time.R ------------------------------------------- 
Timestamp: 2022-04-21 19:53:20 added.
2022-04-21 19:53:20 | record_time.R done.-------------------------------------- 

2022-04-21 19:54:01 | record_time.R ------------------------------------------- 
Timestamp: 2022-04-21 19:54:01 added.
2022-04-21 19:54:01 | record_time.R done.-------------------------------------- 

2022-04-21 20:59:05 | record_time.R ------------------------------------------- 
Timestamp: 2022-04-21 20:59:05 added.
2022-04-21 20:59:05 | record_time.R done.-------------------------------------- 

2022-04-21 21:03:08 | record_time.R ------------------------------------------- 
Timestamp: 2022-04-21 21:03:08 added.
2022-04-21 21:03:08 | record_time.R done.-------------------------------------- 

2022-04-21 21:05:24 | record_time.R ------------------------------------------- 
Timestamp: 2022-04-21 21:05:24 added.
2022-04-21 21:05:24 | record_time.R done.-------------------------------------- 

2022-04-21 21:06:16 | record_time.R ------------------------------------------- 
Timestamp: 2022-04-21 21:06:16 added.
2022-04-21 21:06:16 | record_time.R done.-------------------------------------- 

2022-04-21 21:11:03 | record_time.R ------------------------------------------- 
Timestamp: 2022-04-21 21:11:03 added.
2022-04-21 21:11:03 | record_time.R done.-------------------------------------- 

2022-04-21 21:11:31 | record_time.R ------------------------------------------- 
Timestamp: 2022-04-21 21:11:31 added.
2022-04-21 21:11:31 | record_time.R done.-------------------------------------- 

2022-04-21 21:12:00 | record_time.R ------------------------------------------- 
Timestamp: 2022-04-21 21:12:01 added.
2022-04-21 21:12:01 | record_time.R done.-------------------------------------- 

2022-04-21 21:20:26 | record_time.R ------------------------------------------- 
Timestamp: 2022-04-21 21:20:26 added.
2022-04-21 21:20:26 | record_time.R done.-------------------------------------- 

2022-04-21 21:22:49 | record_time.R ------------------------------------------- 
Timestamp: 2022-04-21 21:22:49 added.
2022-04-21 21:22:49 | record_time.R done.-------------------------------------- 

2022-04-21 21:26:39 | record_time.R ------------------------------------------- 
Timestamp: 2022-04-21 21:26:39 added.
2022-04-21 21:26:39 | record_time.R done.-------------------------------------- 

2022-04-21 21:31:36 | record_time.R ------------------------------------------- 
Timestamp: 2022-04-21 21:31:36 added.
2022-04-21 21:31:36 | record_time.R done.-------------------------------------- 

2022-04-21 21:49:13 | record_time.R ------------------------------------------- 
Timestamp: 2022-04-21 21:49:13 added.
2022-04-21 21:49:13 | record_time.R done.-------------------------------------- 

2022-04-21 21:50:20 | record_time.R ------------------------------------------- 
Timestamp: 2022-04-21 21:50:20 added.
2022-04-21 21:50:20 | record_time.R done.-------------------------------------- 

2022-04-21 21:55:10 | record_time.R ------------------------------------------- 
Timestamp: 2022-04-21 21:55:10 added.
2022-04-21 21:55:10 | record_time.R done.-------------------------------------- 

2022-04-21 21:55:51 | record_time.R ------------------------------------------- 
Timestamp: 2022-04-21 21:55:51 added.
2022-04-21 21:55:51 | record_time.R done.-------------------------------------- 

2022-04-21 23:00:55 | record_time.R ------------------------------------------- 
Timestamp: 2022-04-21 23:00:55 added.
2022-04-21 23:00:55 | record_time.R done.-------------------------------------- 

2022-04-21 23:04:59 | record_time.R ------------------------------------------- 
Timestamp: 2022-04-21 23:04:59 added.
2022-04-21 23:04:59 | record_time.R done.-------------------------------------- 

2022-04-21 23:07:15 | record_time.R ------------------------------------------- 
Timestamp: 2022-04-21 23:07:15 added.
2022-04-21 23:07:15 | record_time.R done.-------------------------------------- 

2022-04-21 23:08:08 | record_time.R ------------------------------------------- 
Timestamp: 2022-04-21 23:08:08 added.
2022-04-21 23:08:08 | record_time.R done.-------------------------------------- 

2022-04-21 23:12:55 | record_time.R ------------------------------------------- 
Timestamp: 2022-04-21 23:12:55 added.
2022-04-21 23:12:55 | record_time.R done.-------------------------------------- 

2022-04-21 23:13:23 | record_time.R ------------------------------------------- 
Timestamp: 2022-04-21 23:13:23 added.
2022-04-21 23:13:23 | record_time.R done.-------------------------------------- 

2022-04-21 23:13:53 | record_time.R ------------------------------------------- 
Timestamp: 2022-04-21 23:13:53 added.
2022-04-21 23:13:53 | record_time.R done.-------------------------------------- 

2022-04-21 23:22:19 | record_time.R ------------------------------------------- 
Timestamp: 2022-04-21 23:22:19 added.
2022-04-21 23:22:19 | record_time.R done.-------------------------------------- 

2022-04-21 23:24:41 | record_time.R ------------------------------------------- 
Timestamp: 2022-04-21 23:24:41 added.
2022-04-21 23:24:41 | record_time.R done.-------------------------------------- 

2022-04-21 23:28:38 | record_time.R ------------------------------------------- 
Timestamp: 2022-04-21 23:28:38 added.
2022-04-21 23:28:38 | record_time.R done.-------------------------------------- 

2022-04-21 23:33:35 | record_time.R ------------------------------------------- 
Timestamp: 2022-04-21 23:33:35 added.
2022-04-21 23:33:35 | record_time.R done.-------------------------------------- 

2022-04-21 23:51:09 | record_time.R ------------------------------------------- 
Timestamp: 2022-04-21 23:51:09 added.
2022-04-21 23:51:09 | record_time.R done.-------------------------------------- 

2022-04-21 23:52:16 | record_time.R ------------------------------------------- 
Timestamp: 2022-04-21 23:52:16 added.
2022-04-21 23:52:16 | record_time.R done.-------------------------------------- 

2022-04-21 23:57:07 | record_time.R ------------------------------------------- 
Timestamp: 2022-04-21 23:57:07 added.
2022-04-21 23:57:07 | record_time.R done.-------------------------------------- 

2022-04-21 23:57:47 | record_time.R ------------------------------------------- 
Timestamp: 2022-04-21 23:57:47 added.
2022-04-21 23:57:47 | record_time.R done.-------------------------------------- 

2022-04-22 01:02:52 | record_time.R ------------------------------------------- 
Timestamp: 2022-04-22 01:02:52 added.
2022-04-22 01:02:52 | record_time.R done.-------------------------------------- 

2022-04-22 01:06:56 | record_time.R ------------------------------------------- 
Timestamp: 2022-04-22 01:06:56 added.
2022-04-22 01:06:56 | record_time.R done.-------------------------------------- 

2022-04-22 01:09:15 | record_time.R ------------------------------------------- 
Timestamp: 2022-04-22 01:09:15 added.
2022-04-22 01:09:15 | record_time.R done.-------------------------------------- 

2022-04-22 01:10:07 | record_time.R ------------------------------------------- 
Timestamp: 2022-04-22 01:10:07 added.
2022-04-22 01:10:07 | record_time.R done.-------------------------------------- 

2022-04-22 01:14:54 | record_time.R ------------------------------------------- 
Timestamp: 2022-04-22 01:14:54 added.
2022-04-22 01:14:54 | record_time.R done.-------------------------------------- 

2022-04-22 01:15:22 | record_time.R ------------------------------------------- 
Timestamp: 2022-04-22 01:15:22 added.
2022-04-22 01:15:22 | record_time.R done.-------------------------------------- 

2022-04-22 01:15:52 | record_time.R ------------------------------------------- 
Timestamp: 2022-04-22 01:15:52 added.
2022-04-22 01:15:52 | record_time.R done.-------------------------------------- 

2022-04-22 01:24:20 | record_time.R ------------------------------------------- 
Timestamp: 2022-04-22 01:24:20 added.
2022-04-22 01:24:20 | record_time.R done.-------------------------------------- 

2022-04-22 01:26:43 | record_time.R ------------------------------------------- 
Timestamp: 2022-04-22 01:26:43 added.
2022-04-22 01:26:43 | record_time.R done.-------------------------------------- 

2022-04-22 01:30:37 | record_time.R ------------------------------------------- 
Timestamp: 2022-04-22 01:30:37 added.
2022-04-22 01:30:37 | record_time.R done.-------------------------------------- 

2022-04-22 01:35:32 | record_time.R ------------------------------------------- 
Timestamp: 2022-04-22 01:35:32 added.
2022-04-22 01:35:32 | record_time.R done.-------------------------------------- 

2022-04-22 01:53:05 | record_time.R ------------------------------------------- 
Timestamp: 2022-04-22 01:53:05 added.
2022-04-22 01:53:05 | record_time.R done.-------------------------------------- 

2022-04-22 01:54:11 | record_time.R ------------------------------------------- 
Timestamp: 2022-04-22 01:54:11 added.
2022-04-22 01:54:11 | record_time.R done.-------------------------------------- 

2022-04-22 01:59:02 | record_time.R ------------------------------------------- 
Timestamp: 2022-04-22 01:59:02 added.
2022-04-22 01:59:02 | record_time.R done.-------------------------------------- 

2022-04-22 01:59:43 | record_time.R ------------------------------------------- 
Timestamp: 2022-04-22 01:59:43 added.
2022-04-22 01:59:43 | record_time.R done.-------------------------------------- 

2022-04-22 03:04:47 | record_time.R ------------------------------------------- 
Timestamp: 2022-04-22 03:04:47 added.
2022-04-22 03:04:47 | record_time.R done.-------------------------------------- 

2022-04-22 03:08:51 | record_time.R ------------------------------------------- 
Timestamp: 2022-04-22 03:08:51 added.
2022-04-22 03:08:51 | record_time.R done.-------------------------------------- 

2022-04-22 03:11:07 | record_time.R ------------------------------------------- 
Timestamp: 2022-04-22 03:11:07 added.
2022-04-22 03:11:07 | record_time.R done.-------------------------------------- 

2022-04-22 03:11:59 | record_time.R ------------------------------------------- 
Timestamp: 2022-04-22 03:12:00 added.
2022-04-22 03:12:00 | record_time.R done.-------------------------------------- 

2022-04-22 03:16:47 | record_time.R ------------------------------------------- 
Timestamp: 2022-04-22 03:16:47 added.
2022-04-22 03:16:47 | record_time.R done.-------------------------------------- 

2022-04-22 03:17:15 | record_time.R ------------------------------------------- 
Timestamp: 2022-04-22 03:17:15 added.
2022-04-22 03:17:15 | record_time.R done.-------------------------------------- 

2022-04-22 03:17:45 | record_time.R ------------------------------------------- 
Timestamp: 2022-04-22 03:17:45 added.
2022-04-22 03:17:45 | record_time.R done.-------------------------------------- 

2022-04-22 03:26:11 | record_time.R ------------------------------------------- 
Timestamp: 2022-04-22 03:26:11 added.
2022-04-22 03:26:11 | record_time.R done.-------------------------------------- 

2022-04-22 03:28:33 | record_time.R ------------------------------------------- 
Timestamp: 2022-04-22 03:28:33 added.
2022-04-22 03:28:33 | record_time.R done.-------------------------------------- 

2022-04-22 03:32:24 | record_time.R ------------------------------------------- 
Timestamp: 2022-04-22 03:32:24 added.
2022-04-22 03:32:24 | record_time.R done.-------------------------------------- 

2022-04-22 03:37:19 | record_time.R ------------------------------------------- 
Timestamp: 2022-04-22 03:37:19 added.
2022-04-22 03:37:19 | record_time.R done.-------------------------------------- 

2022-04-22 03:54:49 | record_time.R ------------------------------------------- 
Timestamp: 2022-04-22 03:54:49 added.
2022-04-22 03:54:49 | record_time.R done.-------------------------------------- 

2022-04-22 03:55:55 | record_time.R ------------------------------------------- 
Timestamp: 2022-04-22 03:55:55 added.
2022-04-22 03:55:55 | record_time.R done.-------------------------------------- 

2022-04-22 04:00:45 | record_time.R ------------------------------------------- 
Timestamp: 2022-04-22 04:00:45 added.
2022-04-22 04:00:45 | record_time.R done.-------------------------------------- 

2022-04-22 04:01:26 | record_time.R ------------------------------------------- 
Timestamp: 2022-04-22 04:01:26 added.
2022-04-22 04:01:26 | record_time.R done.-------------------------------------- 

2022-04-22 05:06:31 | record_time.R ------------------------------------------- 
Timestamp: 2022-04-22 05:06:31 added.
2022-04-22 05:06:31 | record_time.R done.-------------------------------------- 

2022-04-22 05:10:35 | record_time.R ------------------------------------------- 
Timestamp: 2022-04-22 05:10:35 added.
2022-04-22 05:10:35 | record_time.R done.-------------------------------------- 

2022-04-22 05:12:52 | record_time.R ------------------------------------------- 
Timestamp: 2022-04-22 05:12:52 added.
2022-04-22 05:12:52 | record_time.R done.-------------------------------------- 

2022-04-22 05:13:45 | record_time.R ------------------------------------------- 
Timestamp: 2022-04-22 05:13:45 added.
2022-04-22 05:13:45 | record_time.R done.-------------------------------------- 

2022-04-22 05:18:32 | record_time.R ------------------------------------------- 
Timestamp: 2022-04-22 05:18:32 added.
2022-04-22 05:18:32 | record_time.R done.-------------------------------------- 

2022-04-22 05:19:00 | record_time.R ------------------------------------------- 
Timestamp: 2022-04-22 05:19:00 added.
2022-04-22 05:19:00 | record_time.R done.-------------------------------------- 

2022-04-22 05:19:30 | record_time.R ------------------------------------------- 
Timestamp: 2022-04-22 05:19:30 added.
2022-04-22 05:19:30 | record_time.R done.-------------------------------------- 

2022-04-22 05:27:57 | record_time.R ------------------------------------------- 
Timestamp: 2022-04-22 05:27:57 added.
2022-04-22 05:27:57 | record_time.R done.-------------------------------------- 

2022-04-22 05:30:10 | record_time.R ------------------------------------------- 
Timestamp: 2022-04-22 05:30:10 added.
2022-04-22 05:30:10 | record_time.R done.-------------------------------------- 

2022-04-22 16:27:12 | record_time.R ------------------------------------------- 
Timestamp: 2022-04-22 16:27:12 added.
2022-04-22 16:27:12 | record_time.R done.-------------------------------------- 

2022-04-22 18:29:10 | record_time.R ------------------------------------------- 
Timestamp: 2022-04-22 18:29:10 added.
2022-04-22 18:29:10 | record_time.R done.-------------------------------------- 

2022-04-22 20:30:59 | record_time.R ------------------------------------------- 
Timestamp: 2022-04-22 20:30:59 added.
2022-04-22 20:30:59 | record_time.R done.-------------------------------------- 

2022-04-22 22:32:55 | record_time.R ------------------------------------------- 
Timestamp: 2022-04-22 22:32:55 added.
2022-04-22 22:32:55 | record_time.R done.-------------------------------------- 

2022-04-23 00:34:46 | record_time.R ------------------------------------------- 
Timestamp: 2022-04-23 00:34:46 added.
2022-04-23 00:34:46 | record_time.R done.-------------------------------------- 

2022-04-23 02:36:30 | record_time.R ------------------------------------------- 
Timestamp: 2022-04-23 02:36:30 added.
2022-04-23 02:36:30 | record_time.R done.-------------------------------------- 

