2022-04-22 12:06:28 | record_time.R ------------------------------------------- 
Timestamp: 2022-04-22 12:06:28 added.
2022-04-22 12:06:28 | record_time.R done.-------------------------------------- 

2022-04-22 12:06:30 | record_time.R ------------------------------------------- 
Timestamp: 2022-04-22 12:06:30 added.
2022-04-22 12:06:30 | record_time.R done.-------------------------------------- 

2022-04-22 12:17:05 | record_time.R ------------------------------------------- 
Timestamp: 2022-04-22 12:17:05 added.
2022-04-22 12:17:05 | record_time.R done.-------------------------------------- 

2022-04-22 12:17:36 | record_time.R ------------------------------------------- 
Timestamp: 2022-04-22 12:17:36 added.
2022-04-22 12:17:36 | record_time.R done.-------------------------------------- 

2022-04-22 12:38:55 | record_time.R ------------------------------------------- 
Timestamp: 2022-04-22 12:38:55 added.
2022-04-22 12:38:55 | record_time.R done.-------------------------------------- 

2022-04-22 12:39:35 | record_time.R ------------------------------------------- 
Timestamp: 2022-04-22 12:39:35 added.
2022-04-22 12:39:35 | record_time.R done.-------------------------------------- 

2022-04-22 13:04:12 | record_time.R ------------------------------------------- 
Timestamp: 2022-04-22 13:04:12 added.
2022-04-22 13:04:12 | record_time.R done.-------------------------------------- 

2022-04-22 13:04:51 | record_time.R ------------------------------------------- 
Timestamp: 2022-04-22 13:04:51 added.
2022-04-22 13:04:51 | record_time.R done.-------------------------------------- 

2022-04-22 13:29:30 | record_time.R ------------------------------------------- 
Timestamp: 2022-04-22 13:29:30 added.
2022-04-22 13:29:30 | record_time.R done.-------------------------------------- 

2022-04-22 13:30:10 | record_time.R ------------------------------------------- 
Timestamp: 2022-04-22 13:30:10 added.
2022-04-22 13:30:10 | record_time.R done.-------------------------------------- 

2022-04-22 14:28:13 | record_time.R ------------------------------------------- 
Timestamp: 2022-04-22 14:28:13 added.
2022-04-22 14:28:13 | record_time.R done.-------------------------------------- 

2022-04-22 14:28:53 | record_time.R ------------------------------------------- 
Timestamp: 2022-04-22 14:28:53 added.
2022-04-22 14:28:53 | record_time.R done.-------------------------------------- 

2022-04-22 14:53:36 | record_time.R ------------------------------------------- 
Timestamp: 2022-04-22 14:53:36 added.
2022-04-22 14:53:36 | record_time.R done.-------------------------------------- 

2022-04-22 14:54:15 | record_time.R ------------------------------------------- 
Timestamp: 2022-04-22 14:54:15 added.
2022-04-22 14:54:15 | record_time.R done.-------------------------------------- 

2022-04-22 15:38:14 | record_time.R ------------------------------------------- 
Timestamp: 2022-04-22 15:38:14 added.
2022-04-22 15:38:14 | record_time.R done.-------------------------------------- 

2022-04-22 15:40:35 | record_time.R ------------------------------------------- 
Timestamp: 2022-04-22 15:40:35 added.
2022-04-22 15:40:35 | record_time.R done.-------------------------------------- 

2022-04-22 15:50:34 | record_time.R ------------------------------------------- 
Warning: 2 parsing failures.
row      col   expected actual                                    file
  1 plate    an integer   none 'experiments/20220412_output/times.csv'
  1 transfer an integer   none 'experiments/20220412_output/times.csv'

Timestamp: 2022-04-22 15:50:34 added.
2022-04-22 15:50:34 | record_time.R done.-------------------------------------- 

2022-04-22 15:52:27 | record_time.R ------------------------------------------- 
Timestamp: 2022-04-22 15:52:27 added.
2022-04-22 15:52:27 | record_time.R done.-------------------------------------- 

2022-04-22 15:56:30 | record_time.R ------------------------------------------- 
Timestamp: 2022-04-22 15:56:31 added.
2022-04-22 15:56:31 | record_time.R done.-------------------------------------- 

2022-04-22 15:56:53 | record_time.R ------------------------------------------- 
Timestamp: 2022-04-22 15:56:53 added.
2022-04-22 15:56:53 | record_time.R done.-------------------------------------- 

2022-04-22 16:01:01 | record_time.R ------------------------------------------- 
Timestamp: 2022-04-22 16:01:01 added.
2022-04-22 16:01:01 | record_time.R done.-------------------------------------- 

2022-04-22 16:05:59 | record_time.R ------------------------------------------- 
Timestamp: 2022-04-22 16:05:59 added.
2022-04-22 16:05:59 | record_time.R done.-------------------------------------- 

2022-04-22 16:26:12 | record_time.R ------------------------------------------- 
Timestamp: 2022-04-22 16:26:12 added.
2022-04-22 16:26:12 | record_time.R done.-------------------------------------- 

2022-04-22 16:27:14 | record_time.R ------------------------------------------- 
Timestamp: 2022-04-22 16:27:14 added.
2022-04-22 16:27:14 | record_time.R done.-------------------------------------- 

2022-04-22 16:32:05 | record_time.R ------------------------------------------- 
Timestamp: 2022-04-22 16:32:05 added.
2022-04-22 16:32:05 | record_time.R done.-------------------------------------- 

2022-04-22 16:32:45 | record_time.R ------------------------------------------- 
Timestamp: 2022-04-22 16:32:45 added.
2022-04-22 16:32:45 | record_time.R done.-------------------------------------- 

2022-04-22 17:35:04 | record_time.R ------------------------------------------- 
Timestamp: 2022-04-22 17:35:04 added.
2022-04-22 17:35:04 | record_time.R done.-------------------------------------- 

2022-04-22 17:39:27 | record_time.R ------------------------------------------- 
Timestamp: 2022-04-22 17:39:27 added.
2022-04-22 17:39:27 | record_time.R done.-------------------------------------- 

2022-04-22 17:41:44 | record_time.R ------------------------------------------- 
Timestamp: 2022-04-22 17:41:44 added.
2022-04-22 17:41:44 | record_time.R done.-------------------------------------- 

2022-04-22 17:42:37 | record_time.R ------------------------------------------- 
Timestamp: 2022-04-22 17:42:37 added.
2022-04-22 17:42:37 | record_time.R done.-------------------------------------- 

2022-04-22 17:47:23 | record_time.R ------------------------------------------- 
Timestamp: 2022-04-22 17:47:23 added.
2022-04-22 17:47:23 | record_time.R done.-------------------------------------- 

2022-04-22 17:47:52 | record_time.R ------------------------------------------- 
Timestamp: 2022-04-22 17:47:52 added.
2022-04-22 17:47:52 | record_time.R done.-------------------------------------- 

2022-04-22 17:48:21 | record_time.R ------------------------------------------- 
Timestamp: 2022-04-22 17:48:21 added.
2022-04-22 17:48:21 | record_time.R done.-------------------------------------- 

2022-04-22 17:56:45 | record_time.R ------------------------------------------- 
Timestamp: 2022-04-22 17:56:45 added.
2022-04-22 17:56:45 | record_time.R done.-------------------------------------- 

2022-04-22 17:59:09 | record_time.R ------------------------------------------- 
Timestamp: 2022-04-22 17:59:09 added.
2022-04-22 17:59:09 | record_time.R done.-------------------------------------- 

2022-04-22 18:03:03 | record_time.R ------------------------------------------- 
Timestamp: 2022-04-22 18:03:03 added.
2022-04-22 18:03:03 | record_time.R done.-------------------------------------- 

2022-04-22 18:08:00 | record_time.R ------------------------------------------- 
Timestamp: 2022-04-22 18:08:00 added.
2022-04-22 18:08:00 | record_time.R done.-------------------------------------- 

2022-04-22 18:28:11 | record_time.R ------------------------------------------- 
Timestamp: 2022-04-22 18:28:11 added.
2022-04-22 18:28:11 | record_time.R done.-------------------------------------- 

2022-04-22 18:29:13 | record_time.R ------------------------------------------- 
Timestamp: 2022-04-22 18:29:13 added.
2022-04-22 18:29:13 | record_time.R done.-------------------------------------- 

2022-04-22 18:34:02 | record_time.R ------------------------------------------- 
Timestamp: 2022-04-22 18:34:03 added.
2022-04-22 18:34:03 | record_time.R done.-------------------------------------- 

2022-04-22 18:34:43 | record_time.R ------------------------------------------- 
Timestamp: 2022-04-22 18:34:43 added.
2022-04-22 18:34:43 | record_time.R done.-------------------------------------- 

2022-04-22 19:37:00 | record_time.R ------------------------------------------- 
Timestamp: 2022-04-22 19:37:00 added.
2022-04-22 19:37:00 | record_time.R done.-------------------------------------- 

2022-04-22 19:41:23 | record_time.R ------------------------------------------- 
Timestamp: 2022-04-22 19:41:23 added.
2022-04-22 19:41:23 | record_time.R done.-------------------------------------- 

2022-04-22 19:43:39 | record_time.R ------------------------------------------- 
Timestamp: 2022-04-22 19:43:39 added.
2022-04-22 19:43:39 | record_time.R done.-------------------------------------- 

2022-04-22 19:44:31 | record_time.R ------------------------------------------- 
Timestamp: 2022-04-22 19:44:31 added.
2022-04-22 19:44:31 | record_time.R done.-------------------------------------- 

2022-04-22 19:49:18 | record_time.R ------------------------------------------- 
Timestamp: 2022-04-22 19:49:18 added.
2022-04-22 19:49:18 | record_time.R done.-------------------------------------- 

2022-04-22 19:49:47 | record_time.R ------------------------------------------- 
Timestamp: 2022-04-22 19:49:47 added.
2022-04-22 19:49:47 | record_time.R done.-------------------------------------- 

2022-04-22 19:50:16 | record_time.R ------------------------------------------- 
Timestamp: 2022-04-22 19:50:16 added.
2022-04-22 19:50:16 | record_time.R done.-------------------------------------- 

2022-04-22 19:58:40 | record_time.R ------------------------------------------- 
Timestamp: 2022-04-22 19:58:40 added.
2022-04-22 19:58:40 | record_time.R done.-------------------------------------- 

2022-04-22 20:01:03 | record_time.R ------------------------------------------- 
Timestamp: 2022-04-22 20:01:03 added.
2022-04-22 20:01:03 | record_time.R done.-------------------------------------- 

2022-04-22 20:04:55 | record_time.R ------------------------------------------- 
Timestamp: 2022-04-22 20:04:55 added.
2022-04-22 20:04:55 | record_time.R done.-------------------------------------- 

2022-04-22 20:09:51 | record_time.R ------------------------------------------- 
Timestamp: 2022-04-22 20:09:51 added.
2022-04-22 20:09:51 | record_time.R done.-------------------------------------- 

2022-04-22 20:30:00 | record_time.R ------------------------------------------- 
Timestamp: 2022-04-22 20:30:00 added.
2022-04-22 20:30:00 | record_time.R done.-------------------------------------- 

2022-04-22 20:31:01 | record_time.R ------------------------------------------- 
Timestamp: 2022-04-22 20:31:01 added.
2022-04-22 20:31:01 | record_time.R done.-------------------------------------- 

2022-04-22 20:35:51 | record_time.R ------------------------------------------- 
Timestamp: 2022-04-22 20:35:51 added.
2022-04-22 20:35:51 | record_time.R done.-------------------------------------- 

2022-04-22 20:36:31 | record_time.R ------------------------------------------- 
Timestamp: 2022-04-22 20:36:31 added.
2022-04-22 20:36:31 | record_time.R done.-------------------------------------- 

2022-04-22 21:38:50 | record_time.R ------------------------------------------- 
Timestamp: 2022-04-22 21:38:51 added.
2022-04-22 21:38:51 | record_time.R done.-------------------------------------- 

2022-04-22 21:43:13 | record_time.R ------------------------------------------- 
Timestamp: 2022-04-22 21:43:13 added.
2022-04-22 21:43:13 | record_time.R done.-------------------------------------- 

2022-04-22 21:45:30 | record_time.R ------------------------------------------- 
Timestamp: 2022-04-22 21:45:30 added.
2022-04-22 21:45:30 | record_time.R done.-------------------------------------- 

2022-04-22 21:46:23 | record_time.R ------------------------------------------- 
Timestamp: 2022-04-22 21:46:23 added.
2022-04-22 21:46:23 | record_time.R done.-------------------------------------- 

2022-04-22 21:51:10 | record_time.R ------------------------------------------- 
Timestamp: 2022-04-22 21:51:10 added.
2022-04-22 21:51:10 | record_time.R done.-------------------------------------- 

2022-04-22 21:51:38 | record_time.R ------------------------------------------- 
Timestamp: 2022-04-22 21:51:38 added.
2022-04-22 21:51:38 | record_time.R done.-------------------------------------- 

2022-04-22 21:52:08 | record_time.R ------------------------------------------- 
Timestamp: 2022-04-22 21:52:08 added.
2022-04-22 21:52:08 | record_time.R done.-------------------------------------- 

2022-04-22 22:00:32 | record_time.R ------------------------------------------- 
Timestamp: 2022-04-22 22:00:32 added.
2022-04-22 22:00:32 | record_time.R done.-------------------------------------- 

2022-04-22 22:02:55 | record_time.R ------------------------------------------- 
Timestamp: 2022-04-22 22:02:55 added.
2022-04-22 22:02:55 | record_time.R done.-------------------------------------- 

2022-04-22 22:06:54 | record_time.R ------------------------------------------- 
Timestamp: 2022-04-22 22:06:54 added.
2022-04-22 22:06:54 | record_time.R done.-------------------------------------- 

2022-04-22 22:11:51 | record_time.R ------------------------------------------- 
Timestamp: 2022-04-22 22:11:51 added.
2022-04-22 22:11:51 | record_time.R done.-------------------------------------- 

2022-04-22 22:31:56 | record_time.R ------------------------------------------- 
Timestamp: 2022-04-22 22:31:56 added.
2022-04-22 22:31:56 | record_time.R done.-------------------------------------- 

2022-04-22 22:32:57 | record_time.R ------------------------------------------- 
Timestamp: 2022-04-22 22:32:57 added.
2022-04-22 22:32:57 | record_time.R done.-------------------------------------- 

2022-04-22 22:37:47 | record_time.R ------------------------------------------- 
Timestamp: 2022-04-22 22:37:47 added.
2022-04-22 22:37:47 | record_time.R done.-------------------------------------- 

2022-04-22 22:38:28 | record_time.R ------------------------------------------- 
Timestamp: 2022-04-22 22:38:28 added.
2022-04-22 22:38:28 | record_time.R done.-------------------------------------- 

2022-04-22 23:40:49 | record_time.R ------------------------------------------- 
Timestamp: 2022-04-22 23:40:49 added.
2022-04-22 23:40:49 | record_time.R done.-------------------------------------- 

2022-04-22 23:45:12 | record_time.R ------------------------------------------- 
Timestamp: 2022-04-22 23:45:12 added.
2022-04-22 23:45:12 | record_time.R done.-------------------------------------- 

2022-04-22 23:47:28 | record_time.R ------------------------------------------- 
Timestamp: 2022-04-22 23:47:28 added.
2022-04-22 23:47:28 | record_time.R done.-------------------------------------- 

2022-04-22 23:48:20 | record_time.R ------------------------------------------- 
Timestamp: 2022-04-22 23:48:20 added.
2022-04-22 23:48:20 | record_time.R done.-------------------------------------- 

2022-04-22 23:53:07 | record_time.R ------------------------------------------- 
Timestamp: 2022-04-22 23:53:07 added.
2022-04-22 23:53:07 | record_time.R done.-------------------------------------- 

2022-04-22 23:53:36 | record_time.R ------------------------------------------- 
Timestamp: 2022-04-22 23:53:36 added.
2022-04-22 23:53:36 | record_time.R done.-------------------------------------- 

2022-04-22 23:54:05 | record_time.R ------------------------------------------- 
Timestamp: 2022-04-22 23:54:05 added.
2022-04-22 23:54:05 | record_time.R done.-------------------------------------- 

2022-04-23 00:02:30 | record_time.R ------------------------------------------- 
Timestamp: 2022-04-23 00:02:30 added.
2022-04-23 00:02:30 | record_time.R done.-------------------------------------- 

2022-04-23 00:04:53 | record_time.R ------------------------------------------- 
Timestamp: 2022-04-23 00:04:53 added.
2022-04-23 00:04:53 | record_time.R done.-------------------------------------- 

2022-04-23 00:08:49 | record_time.R ------------------------------------------- 
Timestamp: 2022-04-23 00:08:49 added.
2022-04-23 00:08:49 | record_time.R done.-------------------------------------- 

2022-04-23 00:13:44 | record_time.R ------------------------------------------- 
Timestamp: 2022-04-23 00:13:44 added.
2022-04-23 00:13:44 | record_time.R done.-------------------------------------- 

2022-04-23 00:33:48 | record_time.R ------------------------------------------- 
Timestamp: 2022-04-23 00:33:48 added.
2022-04-23 00:33:48 | record_time.R done.-------------------------------------- 

2022-04-23 00:34:48 | record_time.R ------------------------------------------- 
Timestamp: 2022-04-23 00:34:48 added.
2022-04-23 00:34:49 | record_time.R done.-------------------------------------- 

2022-04-23 00:39:38 | record_time.R ------------------------------------------- 
Timestamp: 2022-04-23 00:39:38 added.
2022-04-23 00:39:38 | record_time.R done.-------------------------------------- 

2022-04-23 00:40:19 | record_time.R ------------------------------------------- 
Timestamp: 2022-04-23 00:40:19 added.
2022-04-23 00:40:19 | record_time.R done.-------------------------------------- 

2022-04-23 01:42:38 | record_time.R ------------------------------------------- 
Timestamp: 2022-04-23 01:42:38 added.
2022-04-23 01:42:38 | record_time.R done.-------------------------------------- 

2022-04-23 01:46:59 | record_time.R ------------------------------------------- 
Timestamp: 2022-04-23 01:46:59 added.
2022-04-23 01:46:59 | record_time.R done.-------------------------------------- 

2022-04-23 01:49:18 | record_time.R ------------------------------------------- 
Timestamp: 2022-04-23 01:49:18 added.
2022-04-23 01:49:18 | record_time.R done.-------------------------------------- 

2022-04-23 01:50:10 | record_time.R ------------------------------------------- 
Timestamp: 2022-04-23 01:50:10 added.
2022-04-23 01:50:10 | record_time.R done.-------------------------------------- 

2022-04-23 01:54:57 | record_time.R ------------------------------------------- 
Timestamp: 2022-04-23 01:54:57 added.
2022-04-23 01:54:57 | record_time.R done.-------------------------------------- 

2022-04-23 01:55:26 | record_time.R ------------------------------------------- 
Timestamp: 2022-04-23 01:55:26 added.
2022-04-23 01:55:26 | record_time.R done.-------------------------------------- 

2022-04-23 01:55:56 | record_time.R ------------------------------------------- 
Timestamp: 2022-04-23 01:55:56 added.
2022-04-23 01:55:56 | record_time.R done.-------------------------------------- 

2022-04-23 02:04:20 | record_time.R ------------------------------------------- 
Timestamp: 2022-04-23 02:04:20 added.
2022-04-23 02:04:20 | record_time.R done.-------------------------------------- 

2022-04-23 02:06:43 | record_time.R ------------------------------------------- 
Timestamp: 2022-04-23 02:06:43 added.
2022-04-23 02:06:43 | record_time.R done.-------------------------------------- 

2022-04-23 02:10:35 | record_time.R ------------------------------------------- 
Timestamp: 2022-04-23 02:10:35 added.
2022-04-23 02:10:35 | record_time.R done.-------------------------------------- 

2022-04-23 02:15:30 | record_time.R ------------------------------------------- 
Timestamp: 2022-04-23 02:15:30 added.
2022-04-23 02:15:31 | record_time.R done.-------------------------------------- 

2022-04-23 02:35:31 | record_time.R ------------------------------------------- 
Timestamp: 2022-04-23 02:35:31 added.
2022-04-23 02:35:31 | record_time.R done.-------------------------------------- 

2022-04-23 02:36:32 | record_time.R ------------------------------------------- 
Timestamp: 2022-04-23 02:36:32 added.
2022-04-23 02:36:32 | record_time.R done.-------------------------------------- 

2022-04-23 02:41:22 | record_time.R ------------------------------------------- 
Timestamp: 2022-04-23 02:41:22 added.
2022-04-23 02:41:22 | record_time.R done.-------------------------------------- 

2022-04-23 02:42:03 | record_time.R ------------------------------------------- 
Timestamp: 2022-04-23 02:42:03 added.
2022-04-23 02:42:03 | record_time.R done.-------------------------------------- 

2022-04-23 03:44:23 | record_time.R ------------------------------------------- 
Timestamp: 2022-04-23 03:44:23 added.
2022-04-23 03:44:23 | record_time.R done.-------------------------------------- 

2022-04-23 03:48:46 | record_time.R ------------------------------------------- 
Timestamp: 2022-04-23 03:48:46 added.
2022-04-23 03:48:46 | record_time.R done.-------------------------------------- 

2022-04-23 03:51:02 | record_time.R ------------------------------------------- 
Timestamp: 2022-04-23 03:51:02 added.
2022-04-23 03:51:02 | record_time.R done.-------------------------------------- 

2022-04-23 03:51:54 | record_time.R ------------------------------------------- 
Timestamp: 2022-04-23 03:51:54 added.
2022-04-23 03:51:54 | record_time.R done.-------------------------------------- 

2022-04-23 03:56:41 | record_time.R ------------------------------------------- 
Timestamp: 2022-04-23 03:56:41 added.
2022-04-23 03:56:41 | record_time.R done.-------------------------------------- 

2022-04-23 03:57:10 | record_time.R ------------------------------------------- 
Timestamp: 2022-04-23 03:57:10 added.
2022-04-23 03:57:10 | record_time.R done.-------------------------------------- 

2022-04-23 03:57:40 | record_time.R ------------------------------------------- 
Timestamp: 2022-04-23 03:57:40 added.
2022-04-23 03:57:40 | record_time.R done.-------------------------------------- 

2022-04-23 04:06:05 | record_time.R ------------------------------------------- 
Timestamp: 2022-04-23 04:06:05 added.
2022-04-23 04:06:05 | record_time.R done.-------------------------------------- 

2022-04-23 04:08:17 | record_time.R ------------------------------------------- 
Timestamp: 2022-04-23 04:08:17 added.
2022-04-23 04:08:17 | record_time.R done.-------------------------------------- 

2022-04-23 16:34:17 | record_time.R ------------------------------------------- 
Timestamp: 2022-04-23 16:34:17 added.
2022-04-23 16:34:17 | record_time.R done.-------------------------------------- 

2022-04-23 18:42:10 | record_time.R ------------------------------------------- 
Timestamp: 2022-04-23 18:42:10 added.
2022-04-23 18:42:10 | record_time.R done.-------------------------------------- 

2022-04-23 20:49:52 | record_time.R ------------------------------------------- 
Timestamp: 2022-04-23 20:49:53 added.
2022-04-23 20:49:53 | record_time.R done.-------------------------------------- 

2022-04-23 22:57:41 | record_time.R ------------------------------------------- 
Timestamp: 2022-04-23 22:57:41 added.
2022-04-23 22:57:41 | record_time.R done.-------------------------------------- 

2022-04-24 01:05:25 | record_time.R ------------------------------------------- 
Timestamp: 2022-04-24 01:05:25 added.
2022-04-24 01:05:25 | record_time.R done.-------------------------------------- 

2022-04-24 03:13:03 | record_time.R ------------------------------------------- 
Timestamp: 2022-04-24 03:13:03 added.
2022-04-24 03:13:03 | record_time.R done.-------------------------------------- 

