2022-04-18 13:31:37 | record_time.R ------------------------------------------- 
Timestamp: 2022-04-18 13:31:37 added.
2022-04-18 13:31:37 | record_time.R done.-------------------------------------- 

2022-04-18 13:31:39 | record_time.R ------------------------------------------- 
Timestamp: 2022-04-18 13:31:39 added.
2022-04-18 13:31:39 | record_time.R done.-------------------------------------- 

2022-04-18 13:42:18 | record_time.R ------------------------------------------- 
Timestamp: 2022-04-18 13:42:18 added.
2022-04-18 13:42:18 | record_time.R done.-------------------------------------- 

2022-04-18 13:42:49 | record_time.R ------------------------------------------- 
Timestamp: 2022-04-18 13:42:49 added.
2022-04-18 13:42:49 | record_time.R done.-------------------------------------- 

2022-04-18 14:04:11 | record_time.R ------------------------------------------- 
Timestamp: 2022-04-18 14:04:11 added.
2022-04-18 14:04:11 | record_time.R done.-------------------------------------- 

2022-04-18 14:04:50 | record_time.R ------------------------------------------- 
Timestamp: 2022-04-18 14:04:50 added.
2022-04-18 14:04:50 | record_time.R done.-------------------------------------- 

2022-04-18 14:29:30 | record_time.R ------------------------------------------- 
Timestamp: 2022-04-18 14:29:30 added.
2022-04-18 14:29:30 | record_time.R done.-------------------------------------- 

2022-04-18 14:30:10 | record_time.R ------------------------------------------- 
Timestamp: 2022-04-18 14:30:10 added.
2022-04-18 14:30:10 | record_time.R done.-------------------------------------- 

2022-04-18 14:54:52 | record_time.R ------------------------------------------- 
Timestamp: 2022-04-18 14:54:52 added.
2022-04-18 14:54:52 | record_time.R done.-------------------------------------- 

2022-04-18 14:55:31 | record_time.R ------------------------------------------- 
Timestamp: 2022-04-18 14:55:31 added.
2022-04-18 14:55:31 | record_time.R done.-------------------------------------- 

2022-04-18 15:20:16 | record_time.R ------------------------------------------- 
Timestamp: 2022-04-18 15:20:16 added.
2022-04-18 15:20:16 | record_time.R done.-------------------------------------- 

2022-04-18 15:20:55 | record_time.R ------------------------------------------- 
Timestamp: 2022-04-18 15:20:55 added.
2022-04-18 15:20:55 | record_time.R done.-------------------------------------- 

2022-04-18 15:45:42 | record_time.R ------------------------------------------- 
Timestamp: 2022-04-18 15:45:42 added.
2022-04-18 15:45:42 | record_time.R done.-------------------------------------- 

2022-04-18 15:46:21 | record_time.R ------------------------------------------- 
Timestamp: 2022-04-18 15:46:21 added.
2022-04-18 15:46:21 | record_time.R done.-------------------------------------- 

2022-04-18 16:26:39 | record_time.R ------------------------------------------- 
Timestamp: 2022-04-18 16:26:39 added.
2022-04-18 16:26:39 | record_time.R done.-------------------------------------- 

2022-04-18 16:29:01 | record_time.R ------------------------------------------- 
Timestamp: 2022-04-18 16:29:01 added.
2022-04-18 16:29:01 | record_time.R done.-------------------------------------- 

2022-04-18 16:39:03 | record_time.R ------------------------------------------- 
Warning: 2 parsing failures.
row      col   expected actual                                    file
  1 plate    an integer   none 'experiments/20220412_output/times.csv'
  1 transfer an integer   none 'experiments/20220412_output/times.csv'

Timestamp: 2022-04-18 16:39:03 added.
2022-04-18 16:39:03 | record_time.R done.-------------------------------------- 

2022-04-18 16:40:57 | record_time.R ------------------------------------------- 
Timestamp: 2022-04-18 16:40:57 added.
2022-04-18 16:40:57 | record_time.R done.-------------------------------------- 

2022-04-18 16:45:02 | record_time.R ------------------------------------------- 
Timestamp: 2022-04-18 16:45:02 added.
2022-04-18 16:45:02 | record_time.R done.-------------------------------------- 

2022-04-18 16:45:25 | record_time.R ------------------------------------------- 
Timestamp: 2022-04-18 16:45:25 added.
2022-04-18 16:45:25 | record_time.R done.-------------------------------------- 

2022-04-18 16:49:32 | record_time.R ------------------------------------------- 
Timestamp: 2022-04-18 16:49:32 added.
2022-04-18 16:49:32 | record_time.R done.-------------------------------------- 

2022-04-18 16:54:29 | record_time.R ------------------------------------------- 
Timestamp: 2022-04-18 16:54:29 added.
2022-04-18 16:54:29 | record_time.R done.-------------------------------------- 

2022-04-18 17:17:21 | record_time.R ------------------------------------------- 
Timestamp: 2022-04-18 17:17:21 added.
2022-04-18 17:17:21 | record_time.R done.-------------------------------------- 

2022-04-18 17:18:25 | record_time.R ------------------------------------------- 
Timestamp: 2022-04-18 17:18:25 added.
2022-04-18 17:18:25 | record_time.R done.-------------------------------------- 

2022-04-18 17:23:16 | record_time.R ------------------------------------------- 
Timestamp: 2022-04-18 17:23:16 added.
2022-04-18 17:23:16 | record_time.R done.-------------------------------------- 

2022-04-18 17:23:57 | record_time.R ------------------------------------------- 
Timestamp: 2022-04-18 17:23:57 added.
2022-04-18 17:23:57 | record_time.R done.-------------------------------------- 

2022-04-18 18:26:43 | record_time.R ------------------------------------------- 
Timestamp: 2022-04-18 18:26:43 added.
2022-04-18 18:26:43 | record_time.R done.-------------------------------------- 

2022-04-18 18:31:26 | record_time.R ------------------------------------------- 
Timestamp: 2022-04-18 18:31:26 added.
2022-04-18 18:31:26 | record_time.R done.-------------------------------------- 

2022-04-18 18:33:43 | record_time.R ------------------------------------------- 
Timestamp: 2022-04-18 18:33:43 added.
2022-04-18 18:33:43 | record_time.R done.-------------------------------------- 

2022-04-18 18:34:35 | record_time.R ------------------------------------------- 
Timestamp: 2022-04-18 18:34:35 added.
2022-04-18 18:34:35 | record_time.R done.-------------------------------------- 

2022-04-18 18:39:22 | record_time.R ------------------------------------------- 
Timestamp: 2022-04-18 18:39:22 added.
2022-04-18 18:39:22 | record_time.R done.-------------------------------------- 

2022-04-18 18:39:50 | record_time.R ------------------------------------------- 
Timestamp: 2022-04-18 18:39:50 added.
2022-04-18 18:39:50 | record_time.R done.-------------------------------------- 

2022-04-18 18:40:20 | record_time.R ------------------------------------------- 
Timestamp: 2022-04-18 18:40:20 added.
2022-04-18 18:40:20 | record_time.R done.-------------------------------------- 

2022-04-18 18:48:40 | record_time.R ------------------------------------------- 
Timestamp: 2022-04-18 18:48:40 added.
2022-04-18 18:48:41 | record_time.R done.-------------------------------------- 

2022-04-18 18:51:05 | record_time.R ------------------------------------------- 
Timestamp: 2022-04-18 18:51:05 added.
2022-04-18 18:51:05 | record_time.R done.-------------------------------------- 

2022-04-18 18:54:59 | record_time.R ------------------------------------------- 
Timestamp: 2022-04-18 18:54:59 added.
2022-04-18 18:54:59 | record_time.R done.-------------------------------------- 

2022-04-18 18:59:55 | record_time.R ------------------------------------------- 
Timestamp: 2022-04-18 18:59:55 added.
2022-04-18 18:59:55 | record_time.R done.-------------------------------------- 

2022-04-18 19:22:45 | record_time.R ------------------------------------------- 
Timestamp: 2022-04-18 19:22:45 added.
2022-04-18 19:22:45 | record_time.R done.-------------------------------------- 

2022-04-18 19:23:51 | record_time.R ------------------------------------------- 
Timestamp: 2022-04-18 19:23:51 added.
2022-04-18 19:23:51 | record_time.R done.-------------------------------------- 

2022-04-18 19:28:41 | record_time.R ------------------------------------------- 
Timestamp: 2022-04-18 19:28:41 added.
2022-04-18 19:28:41 | record_time.R done.-------------------------------------- 

2022-04-18 19:29:22 | record_time.R ------------------------------------------- 
Timestamp: 2022-04-18 19:29:22 added.
2022-04-18 19:29:22 | record_time.R done.-------------------------------------- 

2022-04-18 20:32:11 | record_time.R ------------------------------------------- 
Timestamp: 2022-04-18 20:32:11 added.
2022-04-18 20:32:11 | record_time.R done.-------------------------------------- 

2022-04-18 20:36:53 | record_time.R ------------------------------------------- 
Timestamp: 2022-04-18 20:36:53 added.
2022-04-18 20:36:53 | record_time.R done.-------------------------------------- 

2022-04-18 20:39:11 | record_time.R ------------------------------------------- 
Timestamp: 2022-04-18 20:39:11 added.
2022-04-18 20:39:11 | record_time.R done.-------------------------------------- 

2022-04-18 20:40:03 | record_time.R ------------------------------------------- 
Timestamp: 2022-04-18 20:40:03 added.
2022-04-18 20:40:03 | record_time.R done.-------------------------------------- 

2022-04-18 20:44:50 | record_time.R ------------------------------------------- 
Timestamp: 2022-04-18 20:44:51 added.
2022-04-18 20:44:51 | record_time.R done.-------------------------------------- 

2022-04-18 20:45:19 | record_time.R ------------------------------------------- 
Timestamp: 2022-04-18 20:45:19 added.
2022-04-18 20:45:19 | record_time.R done.-------------------------------------- 

2022-04-18 20:45:48 | record_time.R ------------------------------------------- 
Timestamp: 2022-04-18 20:45:48 added.
2022-04-18 20:45:48 | record_time.R done.-------------------------------------- 

2022-04-18 20:54:12 | record_time.R ------------------------------------------- 
Timestamp: 2022-04-18 20:54:12 added.
2022-04-18 20:54:12 | record_time.R done.-------------------------------------- 

2022-04-18 20:56:36 | record_time.R ------------------------------------------- 
Timestamp: 2022-04-18 20:56:36 added.
2022-04-18 20:56:36 | record_time.R done.-------------------------------------- 

2022-04-18 21:00:28 | record_time.R ------------------------------------------- 
Timestamp: 2022-04-18 21:00:28 added.
2022-04-18 21:00:28 | record_time.R done.-------------------------------------- 

2022-04-18 21:05:24 | record_time.R ------------------------------------------- 
Timestamp: 2022-04-18 21:05:24 added.
2022-04-18 21:05:24 | record_time.R done.-------------------------------------- 

2022-04-18 21:28:10 | record_time.R ------------------------------------------- 
Timestamp: 2022-04-18 21:28:10 added.
2022-04-18 21:28:10 | record_time.R done.-------------------------------------- 

2022-04-18 21:29:16 | record_time.R ------------------------------------------- 
Timestamp: 2022-04-18 21:29:16 added.
2022-04-18 21:29:16 | record_time.R done.-------------------------------------- 

2022-04-18 21:34:06 | record_time.R ------------------------------------------- 
Timestamp: 2022-04-18 21:34:06 added.
2022-04-18 21:34:06 | record_time.R done.-------------------------------------- 

2022-04-18 21:34:47 | record_time.R ------------------------------------------- 
Timestamp: 2022-04-18 21:34:47 added.
2022-04-18 21:34:47 | record_time.R done.-------------------------------------- 

2022-04-18 22:37:37 | record_time.R ------------------------------------------- 
Timestamp: 2022-04-18 22:37:38 added.
2022-04-18 22:37:38 | record_time.R done.-------------------------------------- 

2022-04-18 22:42:21 | record_time.R ------------------------------------------- 
Timestamp: 2022-04-18 22:42:21 added.
2022-04-18 22:42:21 | record_time.R done.-------------------------------------- 

2022-04-18 22:44:38 | record_time.R ------------------------------------------- 
Timestamp: 2022-04-18 22:44:38 added.
2022-04-18 22:44:38 | record_time.R done.-------------------------------------- 

2022-04-18 22:45:30 | record_time.R ------------------------------------------- 
Timestamp: 2022-04-18 22:45:30 added.
2022-04-18 22:45:30 | record_time.R done.-------------------------------------- 

2022-04-18 22:50:17 | record_time.R ------------------------------------------- 
Timestamp: 2022-04-18 22:50:17 added.
2022-04-18 22:50:17 | record_time.R done.-------------------------------------- 

2022-04-18 22:50:45 | record_time.R ------------------------------------------- 
Timestamp: 2022-04-18 22:50:46 added.
2022-04-18 22:50:46 | record_time.R done.-------------------------------------- 

2022-04-18 22:51:15 | record_time.R ------------------------------------------- 
Timestamp: 2022-04-18 22:51:15 added.
2022-04-18 22:51:15 | record_time.R done.-------------------------------------- 

2022-04-18 22:59:40 | record_time.R ------------------------------------------- 
Timestamp: 2022-04-18 22:59:40 added.
2022-04-18 22:59:40 | record_time.R done.-------------------------------------- 

2022-04-18 23:02:04 | record_time.R ------------------------------------------- 
Timestamp: 2022-04-18 23:02:04 added.
2022-04-18 23:02:04 | record_time.R done.-------------------------------------- 

2022-04-18 23:06:03 | record_time.R ------------------------------------------- 
Timestamp: 2022-04-18 23:06:03 added.
2022-04-18 23:06:03 | record_time.R done.-------------------------------------- 

2022-04-18 23:10:59 | record_time.R ------------------------------------------- 
Timestamp: 2022-04-18 23:10:59 added.
2022-04-18 23:10:59 | record_time.R done.-------------------------------------- 

2022-04-18 23:33:41 | record_time.R ------------------------------------------- 
Timestamp: 2022-04-18 23:33:41 added.
2022-04-18 23:33:41 | record_time.R done.-------------------------------------- 

2022-04-18 23:34:47 | record_time.R ------------------------------------------- 
Timestamp: 2022-04-18 23:34:47 added.
2022-04-18 23:34:47 | record_time.R done.-------------------------------------- 

2022-04-18 23:39:38 | record_time.R ------------------------------------------- 
Timestamp: 2022-04-18 23:39:38 added.
2022-04-18 23:39:38 | record_time.R done.-------------------------------------- 

2022-04-18 23:40:18 | record_time.R ------------------------------------------- 
Timestamp: 2022-04-18 23:40:18 added.
2022-04-18 23:40:18 | record_time.R done.-------------------------------------- 

2022-04-19 00:43:05 | record_time.R ------------------------------------------- 
Timestamp: 2022-04-19 00:43:05 added.
2022-04-19 00:43:05 | record_time.R done.-------------------------------------- 

2022-04-19 00:47:49 | record_time.R ------------------------------------------- 
Timestamp: 2022-04-19 00:47:49 added.
2022-04-19 00:47:49 | record_time.R done.-------------------------------------- 

2022-04-19 00:50:07 | record_time.R ------------------------------------------- 
Timestamp: 2022-04-19 00:50:07 added.
2022-04-19 00:50:07 | record_time.R done.-------------------------------------- 

2022-04-19 00:50:58 | record_time.R ------------------------------------------- 
Timestamp: 2022-04-19 00:50:58 added.
2022-04-19 00:50:58 | record_time.R done.-------------------------------------- 

2022-04-19 00:55:45 | record_time.R ------------------------------------------- 
Timestamp: 2022-04-19 00:55:45 added.
2022-04-19 00:55:45 | record_time.R done.-------------------------------------- 

2022-04-19 00:56:14 | record_time.R ------------------------------------------- 
Timestamp: 2022-04-19 00:56:14 added.
2022-04-19 00:56:14 | record_time.R done.-------------------------------------- 

2022-04-19 00:56:44 | record_time.R ------------------------------------------- 
Timestamp: 2022-04-19 00:56:44 added.
2022-04-19 00:56:44 | record_time.R done.-------------------------------------- 

2022-04-19 01:05:08 | record_time.R ------------------------------------------- 
Timestamp: 2022-04-19 01:05:08 added.
2022-04-19 01:05:08 | record_time.R done.-------------------------------------- 

2022-04-19 01:07:32 | record_time.R ------------------------------------------- 
Timestamp: 2022-04-19 01:07:32 added.
2022-04-19 01:07:32 | record_time.R done.-------------------------------------- 

2022-04-19 01:11:27 | record_time.R ------------------------------------------- 
Timestamp: 2022-04-19 01:11:27 added.
2022-04-19 01:11:27 | record_time.R done.-------------------------------------- 

2022-04-19 01:16:23 | record_time.R ------------------------------------------- 
Timestamp: 2022-04-19 01:16:23 added.
2022-04-19 01:16:23 | record_time.R done.-------------------------------------- 

2022-04-19 01:39:02 | record_time.R ------------------------------------------- 
Timestamp: 2022-04-19 01:39:02 added.
2022-04-19 01:39:02 | record_time.R done.-------------------------------------- 

2022-04-19 01:40:07 | record_time.R ------------------------------------------- 
Timestamp: 2022-04-19 01:40:07 added.
2022-04-19 01:40:07 | record_time.R done.-------------------------------------- 

2022-04-19 01:44:58 | record_time.R ------------------------------------------- 
Timestamp: 2022-04-19 01:44:58 added.
2022-04-19 01:44:58 | record_time.R done.-------------------------------------- 

2022-04-19 01:45:39 | record_time.R ------------------------------------------- 
Timestamp: 2022-04-19 01:45:39 added.
2022-04-19 01:45:39 | record_time.R done.-------------------------------------- 

2022-04-19 02:48:27 | record_time.R ------------------------------------------- 
Timestamp: 2022-04-19 02:48:27 added.
2022-04-19 02:48:27 | record_time.R done.-------------------------------------- 

2022-04-19 02:53:10 | record_time.R ------------------------------------------- 
Timestamp: 2022-04-19 02:53:10 added.
2022-04-19 02:53:10 | record_time.R done.-------------------------------------- 

2022-04-19 02:55:28 | record_time.R ------------------------------------------- 
Timestamp: 2022-04-19 02:55:28 added.
2022-04-19 02:55:28 | record_time.R done.-------------------------------------- 

2022-04-19 02:56:20 | record_time.R ------------------------------------------- 
Timestamp: 2022-04-19 02:56:20 added.
2022-04-19 02:56:20 | record_time.R done.-------------------------------------- 

2022-04-19 03:01:07 | record_time.R ------------------------------------------- 
Timestamp: 2022-04-19 03:01:07 added.
2022-04-19 03:01:07 | record_time.R done.-------------------------------------- 

2022-04-19 03:01:36 | record_time.R ------------------------------------------- 
Timestamp: 2022-04-19 03:01:36 added.
2022-04-19 03:01:36 | record_time.R done.-------------------------------------- 

2022-04-19 03:02:06 | record_time.R ------------------------------------------- 
Timestamp: 2022-04-19 03:02:06 added.
2022-04-19 03:02:06 | record_time.R done.-------------------------------------- 

2022-04-19 03:10:31 | record_time.R ------------------------------------------- 
Timestamp: 2022-04-19 03:10:31 added.
2022-04-19 03:10:31 | record_time.R done.-------------------------------------- 

2022-04-19 03:12:55 | record_time.R ------------------------------------------- 
Timestamp: 2022-04-19 03:12:55 added.
2022-04-19 03:12:55 | record_time.R done.-------------------------------------- 

2022-04-19 03:16:47 | record_time.R ------------------------------------------- 
Timestamp: 2022-04-19 03:16:47 added.
2022-04-19 03:16:47 | record_time.R done.-------------------------------------- 

2022-04-19 03:21:42 | record_time.R ------------------------------------------- 
Timestamp: 2022-04-19 03:21:42 added.
2022-04-19 03:21:42 | record_time.R done.-------------------------------------- 

2022-04-19 03:44:19 | record_time.R ------------------------------------------- 
Timestamp: 2022-04-19 03:44:19 added.
2022-04-19 03:44:19 | record_time.R done.-------------------------------------- 

2022-04-19 03:45:24 | record_time.R ------------------------------------------- 
Timestamp: 2022-04-19 03:45:24 added.
2022-04-19 03:45:24 | record_time.R done.-------------------------------------- 

2022-04-19 03:50:15 | record_time.R ------------------------------------------- 
Timestamp: 2022-04-19 03:50:15 added.
2022-04-19 03:50:15 | record_time.R done.-------------------------------------- 

2022-04-19 03:50:56 | record_time.R ------------------------------------------- 
Timestamp: 2022-04-19 03:50:56 added.
2022-04-19 03:50:56 | record_time.R done.-------------------------------------- 

2022-04-19 04:53:44 | record_time.R ------------------------------------------- 
Timestamp: 2022-04-19 04:53:44 added.
2022-04-19 04:53:44 | record_time.R done.-------------------------------------- 

2022-04-19 04:58:27 | record_time.R ------------------------------------------- 
Timestamp: 2022-04-19 04:58:27 added.
2022-04-19 04:58:27 | record_time.R done.-------------------------------------- 

2022-04-19 05:00:44 | record_time.R ------------------------------------------- 
Timestamp: 2022-04-19 05:00:44 added.
2022-04-19 05:00:44 | record_time.R done.-------------------------------------- 

2022-04-19 05:01:36 | record_time.R ------------------------------------------- 
Timestamp: 2022-04-19 05:01:36 added.
2022-04-19 05:01:36 | record_time.R done.-------------------------------------- 

2022-04-19 05:06:24 | record_time.R ------------------------------------------- 
Timestamp: 2022-04-19 05:06:24 added.
2022-04-19 05:06:24 | record_time.R done.-------------------------------------- 

2022-04-19 05:06:53 | record_time.R ------------------------------------------- 
Timestamp: 2022-04-19 05:06:53 added.
2022-04-19 05:06:53 | record_time.R done.-------------------------------------- 

2022-04-19 05:07:22 | record_time.R ------------------------------------------- 
Timestamp: 2022-04-19 05:07:22 added.
2022-04-19 05:07:22 | record_time.R done.-------------------------------------- 

2022-04-19 05:15:47 | record_time.R ------------------------------------------- 
Timestamp: 2022-04-19 05:15:47 added.
2022-04-19 05:15:47 | record_time.R done.-------------------------------------- 

2022-04-19 05:18:01 | record_time.R ------------------------------------------- 
Timestamp: 2022-04-19 05:18:01 added.
2022-04-19 05:18:01 | record_time.R done.-------------------------------------- 

2022-04-19 15:43:58 | record_time.R ------------------------------------------- 
Timestamp: 2022-04-19 15:43:58 added.
2022-04-19 15:43:58 | record_time.R done.-------------------------------------- 

2022-04-19 17:55:01 | record_time.R ------------------------------------------- 
Timestamp: 2022-04-19 17:55:01 added.
2022-04-19 17:55:01 | record_time.R done.-------------------------------------- 

2022-04-19 20:05:57 | record_time.R ------------------------------------------- 
Timestamp: 2022-04-19 20:05:57 added.
2022-04-19 20:05:57 | record_time.R done.-------------------------------------- 

2022-04-19 22:17:02 | record_time.R ------------------------------------------- 
Timestamp: 2022-04-19 22:17:02 added.
2022-04-19 22:17:02 | record_time.R done.-------------------------------------- 

2022-04-20 00:27:58 | record_time.R ------------------------------------------- 
Timestamp: 2022-04-20 00:27:58 added.
2022-04-20 00:27:58 | record_time.R done.-------------------------------------- 

2022-04-20 02:38:48 | record_time.R ------------------------------------------- 
Timestamp: 2022-04-20 02:38:48 added.
2022-04-20 02:38:48 | record_time.R done.-------------------------------------- 

