2022-04-13 10:10:41 | record_time.R ------------------------------------------- 
Timestamp: 2022-04-13 10:10:41 added.
2022-04-13 10:10:41 | record_time.R done.-------------------------------------- 

2022-04-13 10:10:43 | record_time.R ------------------------------------------- 
Timestamp: 2022-04-13 10:10:43 added.
2022-04-13 10:10:43 | record_time.R done.-------------------------------------- 

2022-04-13 10:21:14 | record_time.R ------------------------------------------- 
Timestamp: 2022-04-13 10:21:14 added.
2022-04-13 10:21:14 | record_time.R done.-------------------------------------- 

2022-04-13 10:21:45 | record_time.R ------------------------------------------- 
Timestamp: 2022-04-13 10:21:45 added.
2022-04-13 10:21:45 | record_time.R done.-------------------------------------- 

2022-04-13 10:43:04 | record_time.R ------------------------------------------- 
Timestamp: 2022-04-13 10:43:04 added.
2022-04-13 10:43:04 | record_time.R done.-------------------------------------- 

2022-04-13 10:43:43 | record_time.R ------------------------------------------- 
Timestamp: 2022-04-13 10:43:43 added.
2022-04-13 10:43:43 | record_time.R done.-------------------------------------- 

2022-04-13 11:08:19 | record_time.R ------------------------------------------- 
Timestamp: 2022-04-13 11:08:19 added.
2022-04-13 11:08:19 | record_time.R done.-------------------------------------- 

2022-04-13 11:08:58 | record_time.R ------------------------------------------- 
Timestamp: 2022-04-13 11:08:58 added.
2022-04-13 11:08:58 | record_time.R done.-------------------------------------- 

2022-04-13 11:33:36 | record_time.R ------------------------------------------- 
Timestamp: 2022-04-13 11:33:37 added.
2022-04-13 11:33:37 | record_time.R done.-------------------------------------- 

2022-04-13 11:34:16 | record_time.R ------------------------------------------- 
Timestamp: 2022-04-13 11:34:16 added.
2022-04-13 11:34:16 | record_time.R done.-------------------------------------- 

2022-04-13 11:58:56 | record_time.R ------------------------------------------- 
Timestamp: 2022-04-13 11:58:56 added.
2022-04-13 11:58:56 | record_time.R done.-------------------------------------- 

2022-04-13 11:59:35 | record_time.R ------------------------------------------- 
Timestamp: 2022-04-13 11:59:35 added.
2022-04-13 11:59:35 | record_time.R done.-------------------------------------- 

2022-04-13 12:24:17 | record_time.R ------------------------------------------- 
Timestamp: 2022-04-13 12:24:17 added.
2022-04-13 12:24:17 | record_time.R done.-------------------------------------- 

2022-04-13 12:24:56 | record_time.R ------------------------------------------- 
Timestamp: 2022-04-13 12:24:56 added.
2022-04-13 12:24:56 | record_time.R done.-------------------------------------- 

2022-04-13 13:07:27 | record_time.R ------------------------------------------- 
Timestamp: 2022-04-13 13:07:27 added.
2022-04-13 13:07:27 | record_time.R done.-------------------------------------- 

2022-04-13 13:09:48 | record_time.R ------------------------------------------- 
Timestamp: 2022-04-13 13:09:48 added.
2022-04-13 13:09:48 | record_time.R done.-------------------------------------- 

2022-04-13 15:08:15 | record_time.R ------------------------------------------- 
Warning: 2 parsing failures.
row      col   expected actual                                    file
  1 plate    an integer   none 'experiments/20220412_output/times.csv'
  1 transfer an integer   none 'experiments/20220412_output/times.csv'

Timestamp: 2022-04-13 15:08:15 added.
2022-04-13 15:08:15 | record_time.R done.-------------------------------------- 

2022-04-13 15:25:25 | record_time.R ------------------------------------------- 
Timestamp: 2022-04-13 15:25:25 added.
2022-04-13 15:25:25 | record_time.R done.-------------------------------------- 

2022-04-13 15:26:26 | record_time.R ------------------------------------------- 
Timestamp: 2022-04-13 15:26:26 added.
2022-04-13 15:26:26 | record_time.R done.-------------------------------------- 

2022-04-13 15:31:16 | record_time.R ------------------------------------------- 
Timestamp: 2022-04-13 15:31:16 added.
2022-04-13 15:31:16 | record_time.R done.-------------------------------------- 

2022-04-13 15:31:57 | record_time.R ------------------------------------------- 
Timestamp: 2022-04-13 15:31:57 added.
2022-04-13 15:31:57 | record_time.R done.-------------------------------------- 

2022-04-13 16:17:55 | record_time.R ------------------------------------------- 
Timestamp: 2022-04-13 16:17:55 added.
2022-04-13 16:17:55 | record_time.R done.-------------------------------------- 

2022-04-13 16:22:06 | record_time.R ------------------------------------------- 
Timestamp: 2022-04-13 16:22:06 added.
2022-04-13 16:22:06 | record_time.R done.-------------------------------------- 

2022-04-13 16:24:24 | record_time.R ------------------------------------------- 
Timestamp: 2022-04-13 16:24:24 added.
2022-04-13 16:24:24 | record_time.R done.-------------------------------------- 

2022-04-13 16:25:26 | record_time.R ------------------------------------------- 
Timestamp: 2022-04-13 16:25:26 added.
2022-04-13 16:25:26 | record_time.R done.-------------------------------------- 

2022-04-13 16:30:13 | record_time.R ------------------------------------------- 
Timestamp: 2022-04-13 16:30:13 added.
2022-04-13 16:30:13 | record_time.R done.-------------------------------------- 

2022-04-13 16:44:09 | record_time.R ------------------------------------------- 
Warning: 2 parsing failures.
row       col   expected    actual                                    file
  1 replicate an integer Admin.esf 'experiments/20220412_output/times.csv'
  1 transfer  an integer Admin.euo 'experiments/20220412_output/times.csv'

Timestamp: 2022-04-13 16:44:09 added.
2022-04-13 16:44:09 | record_time.R done.-------------------------------------- 

2022-04-13 16:57:32 | record_time.R ------------------------------------------- 
Timestamp: 2022-04-13 16:57:32 added.
2022-04-13 16:57:32 | record_time.R done.-------------------------------------- 

2022-04-13 17:16:00 | record_time.R ------------------------------------------- 
Timestamp: 2022-04-13 17:16:00 added.
2022-04-13 17:16:00 | record_time.R done.-------------------------------------- 

2022-04-13 17:17:23 | record_time.R ------------------------------------------- 
Timestamp: 2022-04-13 17:17:23 added.
2022-04-13 17:17:23 | record_time.R done.-------------------------------------- 

2022-04-13 18:03:45 | record_time.R ------------------------------------------- 
Timestamp: 2022-04-13 18:03:45 added.
2022-04-13 18:03:45 | record_time.R done.-------------------------------------- 

2022-04-13 18:07:55 | record_time.R ------------------------------------------- 
Timestamp: 2022-04-13 18:07:55 added.
2022-04-13 18:07:55 | record_time.R done.-------------------------------------- 

2022-04-13 18:10:11 | record_time.R ------------------------------------------- 
Timestamp: 2022-04-13 18:10:11 added.
2022-04-13 18:10:11 | record_time.R done.-------------------------------------- 

2022-04-13 18:11:12 | record_time.R ------------------------------------------- 
Timestamp: 2022-04-13 18:11:12 added.
2022-04-13 18:11:12 | record_time.R done.-------------------------------------- 

2022-04-13 18:15:58 | record_time.R ------------------------------------------- 
Timestamp: 2022-04-13 18:15:58 added.
2022-04-13 18:15:58 | record_time.R done.-------------------------------------- 

2022-04-13 18:16:25 | record_time.R ------------------------------------------- 
Timestamp: 2022-04-13 18:16:25 added.
2022-04-13 18:16:25 | record_time.R done.-------------------------------------- 

2022-04-13 18:21:34 | record_time.R ------------------------------------------- 
Timestamp: 2022-04-13 18:21:34 added.
2022-04-13 18:21:34 | record_time.R done.-------------------------------------- 

2022-04-13 18:40:02 | record_time.R ------------------------------------------- 
Timestamp: 2022-04-13 18:40:02 added.
2022-04-13 18:40:02 | record_time.R done.-------------------------------------- 

2022-04-13 18:41:25 | record_time.R ------------------------------------------- 
Timestamp: 2022-04-13 18:41:25 added.
2022-04-13 18:41:25 | record_time.R done.-------------------------------------- 

2022-04-13 19:27:44 | record_time.R ------------------------------------------- 
Timestamp: 2022-04-13 19:27:44 added.
2022-04-13 19:27:44 | record_time.R done.-------------------------------------- 

2022-04-13 19:31:53 | record_time.R ------------------------------------------- 
Timestamp: 2022-04-13 19:31:53 added.
2022-04-13 19:31:53 | record_time.R done.-------------------------------------- 

2022-04-13 19:34:09 | record_time.R ------------------------------------------- 
Timestamp: 2022-04-13 19:34:09 added.
2022-04-13 19:34:09 | record_time.R done.-------------------------------------- 

2022-04-13 19:35:11 | record_time.R ------------------------------------------- 
Timestamp: 2022-04-13 19:35:11 added.
2022-04-13 19:35:11 | record_time.R done.-------------------------------------- 

2022-04-13 19:39:57 | record_time.R ------------------------------------------- 
Timestamp: 2022-04-13 19:39:57 added.
2022-04-13 19:39:57 | record_time.R done.-------------------------------------- 

2022-04-13 19:40:26 | record_time.R ------------------------------------------- 
Timestamp: 2022-04-13 19:40:26 added.
2022-04-13 19:40:26 | record_time.R done.-------------------------------------- 

2022-04-13 19:45:35 | record_time.R ------------------------------------------- 
Timestamp: 2022-04-13 19:45:35 added.
2022-04-13 19:45:35 | record_time.R done.-------------------------------------- 

2022-04-13 20:03:59 | record_time.R ------------------------------------------- 
Timestamp: 2022-04-13 20:03:59 added.
2022-04-13 20:03:59 | record_time.R done.-------------------------------------- 

2022-04-13 20:05:22 | record_time.R ------------------------------------------- 
Timestamp: 2022-04-13 20:05:22 added.
2022-04-13 20:05:22 | record_time.R done.-------------------------------------- 

2022-04-13 20:51:46 | record_time.R ------------------------------------------- 
Timestamp: 2022-04-13 20:51:46 added.
2022-04-13 20:51:46 | record_time.R done.-------------------------------------- 

2022-04-13 20:55:55 | record_time.R ------------------------------------------- 
Timestamp: 2022-04-13 20:55:55 added.
2022-04-13 20:55:55 | record_time.R done.-------------------------------------- 

2022-04-13 20:58:11 | record_time.R ------------------------------------------- 
Timestamp: 2022-04-13 20:58:11 added.
2022-04-13 20:58:11 | record_time.R done.-------------------------------------- 

2022-04-13 20:59:13 | record_time.R ------------------------------------------- 
Timestamp: 2022-04-13 20:59:13 added.
2022-04-13 20:59:13 | record_time.R done.-------------------------------------- 

2022-04-13 21:03:58 | record_time.R ------------------------------------------- 
Timestamp: 2022-04-13 21:03:58 added.
2022-04-13 21:03:58 | record_time.R done.-------------------------------------- 

2022-04-13 21:04:27 | record_time.R ------------------------------------------- 
Timestamp: 2022-04-13 21:04:27 added.
2022-04-13 21:04:27 | record_time.R done.-------------------------------------- 

2022-04-13 21:09:36 | record_time.R ------------------------------------------- 
Timestamp: 2022-04-13 21:09:36 added.
2022-04-13 21:09:36 | record_time.R done.-------------------------------------- 

2022-04-13 21:27:58 | record_time.R ------------------------------------------- 
Timestamp: 2022-04-13 21:27:58 added.
2022-04-13 21:27:58 | record_time.R done.-------------------------------------- 

2022-04-13 21:29:20 | record_time.R ------------------------------------------- 
Timestamp: 2022-04-13 21:29:20 added.
2022-04-13 21:29:20 | record_time.R done.-------------------------------------- 

2022-04-13 22:15:44 | record_time.R ------------------------------------------- 
Timestamp: 2022-04-13 22:15:44 added.
2022-04-13 22:15:44 | record_time.R done.-------------------------------------- 

2022-04-13 22:19:52 | record_time.R ------------------------------------------- 
Timestamp: 2022-04-13 22:19:52 added.
2022-04-13 22:19:52 | record_time.R done.-------------------------------------- 

2022-04-13 22:22:09 | record_time.R ------------------------------------------- 
Timestamp: 2022-04-13 22:22:09 added.
2022-04-13 22:22:09 | record_time.R done.-------------------------------------- 

2022-04-13 22:23:11 | record_time.R ------------------------------------------- 
Timestamp: 2022-04-13 22:23:11 added.
2022-04-13 22:23:11 | record_time.R done.-------------------------------------- 

2022-04-13 22:27:57 | record_time.R ------------------------------------------- 
Timestamp: 2022-04-13 22:27:57 added.
2022-04-13 22:27:57 | record_time.R done.-------------------------------------- 

2022-04-13 22:28:26 | record_time.R ------------------------------------------- 
Timestamp: 2022-04-13 22:28:26 added.
2022-04-13 22:28:26 | record_time.R done.-------------------------------------- 

2022-04-13 22:33:34 | record_time.R ------------------------------------------- 
Timestamp: 2022-04-13 22:33:34 added.
2022-04-13 22:33:34 | record_time.R done.-------------------------------------- 

2022-04-13 22:51:53 | record_time.R ------------------------------------------- 
Timestamp: 2022-04-13 22:51:53 added.
2022-04-13 22:51:53 | record_time.R done.-------------------------------------- 

2022-04-13 22:53:15 | record_time.R ------------------------------------------- 
Timestamp: 2022-04-13 22:53:15 added.
2022-04-13 22:53:15 | record_time.R done.-------------------------------------- 

2022-04-13 23:39:38 | record_time.R ------------------------------------------- 
Timestamp: 2022-04-13 23:39:38 added.
2022-04-13 23:39:38 | record_time.R done.-------------------------------------- 

2022-04-13 23:43:47 | record_time.R ------------------------------------------- 
Timestamp: 2022-04-13 23:43:47 added.
2022-04-13 23:43:47 | record_time.R done.-------------------------------------- 

2022-04-13 23:46:03 | record_time.R ------------------------------------------- 
Timestamp: 2022-04-13 23:46:03 added.
2022-04-13 23:46:03 | record_time.R done.-------------------------------------- 

2022-04-13 23:47:05 | record_time.R ------------------------------------------- 
Timestamp: 2022-04-13 23:47:05 added.
2022-04-13 23:47:05 | record_time.R done.-------------------------------------- 

2022-04-13 23:51:50 | record_time.R ------------------------------------------- 
Timestamp: 2022-04-13 23:51:51 added.
2022-04-13 23:51:51 | record_time.R done.-------------------------------------- 

2022-04-13 23:52:19 | record_time.R ------------------------------------------- 
Timestamp: 2022-04-13 23:52:19 added.
2022-04-13 23:52:19 | record_time.R done.-------------------------------------- 

2022-04-13 23:52:50 | record_time.R ------------------------------------------- 
Timestamp: 2022-04-13 23:52:51 added.
2022-04-13 23:52:51 | record_time.R done.-------------------------------------- 

2022-04-14 14:49:17 | record_time.R ------------------------------------------- 
Timestamp: 2022-04-14 14:49:17 added.
2022-04-14 14:49:17 | record_time.R done.-------------------------------------- 

2022-04-14 17:02:42 | record_time.R ------------------------------------------- 
Timestamp: 2022-04-14 17:02:42 added.
2022-04-14 17:02:42 | record_time.R done.-------------------------------------- 

2022-04-14 19:16:09 | record_time.R ------------------------------------------- 
Timestamp: 2022-04-14 19:16:09 added.
2022-04-14 19:16:09 | record_time.R done.-------------------------------------- 

2022-04-14 21:29:34 | record_time.R ------------------------------------------- 
Timestamp: 2022-04-14 21:29:34 added.
2022-04-14 21:29:34 | record_time.R done.-------------------------------------- 

2022-04-14 23:42:43 | record_time.R ------------------------------------------- 
Timestamp: 2022-04-14 23:42:43 added.
2022-04-14 23:42:43 | record_time.R done.-------------------------------------- 

2022-04-15 14:39:14 | record_time.R ------------------------------------------- 
Timestamp: 2022-04-15 14:39:14 added.
2022-04-15 14:39:14 | record_time.R done.-------------------------------------- 

2022-04-15 14:55:15 | record_time.R ------------------------------------------- 
Timestamp: 2022-04-15 14:55:15 added.
2022-04-15 14:55:15 | record_time.R done.-------------------------------------- 

2022-04-15 18:47:25 | record_time.R ------------------------------------------- 
Timestamp: 2022-04-15 18:47:25 added.
2022-04-15 18:47:25 | record_time.R done.-------------------------------------- 

2022-04-17 11:53:08 | record_time.R ------------------------------------------- 
Timestamp: 2022-04-17 11:53:08 added.
2022-04-17 11:53:08 | record_time.R done.-------------------------------------- 

2022-04-17 11:56:16 | record_time.R ------------------------------------------- 
Timestamp: 2022-04-17 11:56:16 added.
2022-04-17 11:56:16 | record_time.R done.-------------------------------------- 

2022-04-17 11:58:56 | record_time.R ------------------------------------------- 
Timestamp: 2022-04-17 11:58:56 added.
2022-04-17 11:58:56 | record_time.R done.-------------------------------------- 

2022-04-17 12:02:52 | record_time.R ------------------------------------------- 
Timestamp: 2022-04-17 12:02:52 added.
2022-04-17 12:02:52 | record_time.R done.-------------------------------------- 

2022-04-17 12:04:32 | record_time.R ------------------------------------------- 
Timestamp: 2022-04-17 12:04:32 added.
2022-04-17 12:04:32 | record_time.R done.-------------------------------------- 

2022-04-17 12:05:58 | record_time.R ------------------------------------------- 
Timestamp: 2022-04-17 12:05:58 added.
2022-04-17 12:05:58 | record_time.R done.-------------------------------------- 

2022-04-17 12:07:09 | record_time.R ------------------------------------------- 
Timestamp: 2022-04-17 12:07:09 added.
2022-04-17 12:07:09 | record_time.R done.-------------------------------------- 

