2022-04-16 11:57:26 | record_time.R ------------------------------------------- 
Timestamp: 2022-04-16 11:57:26 added.
2022-04-16 11:57:26 | record_time.R done.-------------------------------------- 

2022-04-16 11:57:27 | record_time.R ------------------------------------------- 
Timestamp: 2022-04-16 11:57:27 added.
2022-04-16 11:57:27 | record_time.R done.-------------------------------------- 

2022-04-16 12:07:51 | record_time.R ------------------------------------------- 
Timestamp: 2022-04-16 12:07:51 added.
2022-04-16 12:07:51 | record_time.R done.-------------------------------------- 

2022-04-16 12:08:22 | record_time.R ------------------------------------------- 
Timestamp: 2022-04-16 12:08:22 added.
2022-04-16 12:08:22 | record_time.R done.-------------------------------------- 

2022-04-16 12:29:38 | record_time.R ------------------------------------------- 
Timestamp: 2022-04-16 12:29:38 added.
2022-04-16 12:29:38 | record_time.R done.-------------------------------------- 

2022-04-16 12:30:17 | record_time.R ------------------------------------------- 
Timestamp: 2022-04-16 12:30:17 added.
2022-04-16 12:30:17 | record_time.R done.-------------------------------------- 

2022-04-16 12:54:51 | record_time.R ------------------------------------------- 
Timestamp: 2022-04-16 12:54:51 added.
2022-04-16 12:54:51 | record_time.R done.-------------------------------------- 

2022-04-16 12:55:30 | record_time.R ------------------------------------------- 
Timestamp: 2022-04-16 12:55:30 added.
2022-04-16 12:55:30 | record_time.R done.-------------------------------------- 

2022-04-16 13:20:05 | record_time.R ------------------------------------------- 
Timestamp: 2022-04-16 13:20:05 added.
2022-04-16 13:20:05 | record_time.R done.-------------------------------------- 

2022-04-16 13:20:44 | record_time.R ------------------------------------------- 
Timestamp: 2022-04-16 13:20:44 added.
2022-04-16 13:20:44 | record_time.R done.-------------------------------------- 

2022-04-16 13:45:20 | record_time.R ------------------------------------------- 
Timestamp: 2022-04-16 13:45:20 added.
2022-04-16 13:45:20 | record_time.R done.-------------------------------------- 

2022-04-16 13:46:00 | record_time.R ------------------------------------------- 
Timestamp: 2022-04-16 13:46:00 added.
2022-04-16 13:46:00 | record_time.R done.-------------------------------------- 

2022-04-16 14:10:39 | record_time.R ------------------------------------------- 
Timestamp: 2022-04-16 14:10:39 added.
2022-04-16 14:10:39 | record_time.R done.-------------------------------------- 

2022-04-16 14:11:18 | record_time.R ------------------------------------------- 
Timestamp: 2022-04-16 14:11:18 added.
2022-04-16 14:11:18 | record_time.R done.-------------------------------------- 

2022-04-16 14:57:37 | record_time.R ------------------------------------------- 
Timestamp: 2022-04-16 14:57:37 added.
2022-04-16 14:57:37 | record_time.R done.-------------------------------------- 

2022-04-16 14:59:57 | record_time.R ------------------------------------------- 
Timestamp: 2022-04-16 14:59:57 added.
2022-04-16 14:59:57 | record_time.R done.-------------------------------------- 

2022-04-16 15:09:50 | record_time.R ------------------------------------------- 
Warning: 2 parsing failures.
row      col   expected actual                                    file
  1 plate    an integer   none 'experiments/20220412_output/times.csv'
  1 transfer an integer   none 'experiments/20220412_output/times.csv'

Timestamp: 2022-04-16 15:09:50 added.
2022-04-16 15:09:50 | record_time.R done.-------------------------------------- 

2022-04-16 15:11:45 | record_time.R ------------------------------------------- 
Timestamp: 2022-04-16 15:11:45 added.
2022-04-16 15:11:45 | record_time.R done.-------------------------------------- 

2022-04-16 15:15:48 | record_time.R ------------------------------------------- 
Timestamp: 2022-04-16 15:15:48 added.
2022-04-16 15:15:48 | record_time.R done.-------------------------------------- 

2022-04-16 15:16:10 | record_time.R ------------------------------------------- 
Timestamp: 2022-04-16 15:16:11 added.
2022-04-16 15:16:11 | record_time.R done.-------------------------------------- 

2022-04-16 15:20:18 | record_time.R ------------------------------------------- 
Timestamp: 2022-04-16 15:20:18 added.
2022-04-16 15:20:18 | record_time.R done.-------------------------------------- 

2022-04-16 15:25:15 | record_time.R ------------------------------------------- 
Timestamp: 2022-04-16 15:25:15 added.
2022-04-16 15:25:15 | record_time.R done.-------------------------------------- 

2022-04-16 15:45:57 | record_time.R ------------------------------------------- 
Timestamp: 2022-04-16 15:45:57 added.
2022-04-16 15:45:57 | record_time.R done.-------------------------------------- 

2022-04-16 15:46:58 | record_time.R ------------------------------------------- 
Timestamp: 2022-04-16 15:46:58 added.
2022-04-16 15:46:58 | record_time.R done.-------------------------------------- 

2022-04-16 15:51:48 | record_time.R ------------------------------------------- 
Timestamp: 2022-04-16 15:51:48 added.
2022-04-16 15:51:48 | record_time.R done.-------------------------------------- 

2022-04-16 15:52:29 | record_time.R ------------------------------------------- 
Timestamp: 2022-04-16 15:52:29 added.
2022-04-16 15:52:29 | record_time.R done.-------------------------------------- 

2022-04-16 16:58:03 | record_time.R ------------------------------------------- 
Timestamp: 2022-04-16 16:58:03 added.
2022-04-16 16:58:03 | record_time.R done.-------------------------------------- 

2022-04-16 17:02:30 | record_time.R ------------------------------------------- 
Timestamp: 2022-04-16 17:02:30 added.
2022-04-16 17:02:30 | record_time.R done.-------------------------------------- 

2022-04-16 17:04:47 | record_time.R ------------------------------------------- 
Timestamp: 2022-04-16 17:04:47 added.
2022-04-16 17:04:47 | record_time.R done.-------------------------------------- 

2022-04-16 17:05:39 | record_time.R ------------------------------------------- 
Timestamp: 2022-04-16 17:05:39 added.
2022-04-16 17:05:39 | record_time.R done.-------------------------------------- 

2022-04-16 17:10:26 | record_time.R ------------------------------------------- 
Timestamp: 2022-04-16 17:10:26 added.
2022-04-16 17:10:26 | record_time.R done.-------------------------------------- 

2022-04-16 17:10:54 | record_time.R ------------------------------------------- 
Timestamp: 2022-04-16 17:10:54 added.
2022-04-16 17:10:54 | record_time.R done.-------------------------------------- 

2022-04-16 17:11:23 | record_time.R ------------------------------------------- 
Timestamp: 2022-04-16 17:11:23 added.
2022-04-16 17:11:23 | record_time.R done.-------------------------------------- 

2022-04-16 17:19:48 | record_time.R ------------------------------------------- 
Timestamp: 2022-04-16 17:19:48 added.
2022-04-16 17:19:48 | record_time.R done.-------------------------------------- 

2022-04-16 17:22:13 | record_time.R ------------------------------------------- 
Timestamp: 2022-04-16 17:22:13 added.
2022-04-16 17:22:13 | record_time.R done.-------------------------------------- 

2022-04-16 17:26:14 | record_time.R ------------------------------------------- 
Timestamp: 2022-04-16 17:26:14 added.
2022-04-16 17:26:14 | record_time.R done.-------------------------------------- 

2022-04-16 17:31:10 | record_time.R ------------------------------------------- 
Timestamp: 2022-04-16 17:31:10 added.
2022-04-16 17:31:10 | record_time.R done.-------------------------------------- 

2022-04-16 17:51:50 | record_time.R ------------------------------------------- 
Timestamp: 2022-04-16 17:51:50 added.
2022-04-16 17:51:50 | record_time.R done.-------------------------------------- 

2022-04-16 17:52:51 | record_time.R ------------------------------------------- 
Timestamp: 2022-04-16 17:52:51 added.
2022-04-16 17:52:51 | record_time.R done.-------------------------------------- 

2022-04-16 17:57:40 | record_time.R ------------------------------------------- 
Timestamp: 2022-04-16 17:57:40 added.
2022-04-16 17:57:40 | record_time.R done.-------------------------------------- 

2022-04-16 17:58:21 | record_time.R ------------------------------------------- 
Timestamp: 2022-04-16 17:58:21 added.
2022-04-16 17:58:21 | record_time.R done.-------------------------------------- 

2022-04-16 19:03:57 | record_time.R ------------------------------------------- 
Timestamp: 2022-04-16 19:03:57 added.
2022-04-16 19:03:57 | record_time.R done.-------------------------------------- 

2022-04-16 19:08:24 | record_time.R ------------------------------------------- 
Timestamp: 2022-04-16 19:08:24 added.
2022-04-16 19:08:24 | record_time.R done.-------------------------------------- 

2022-04-16 19:10:42 | record_time.R ------------------------------------------- 
Timestamp: 2022-04-16 19:10:42 added.
2022-04-16 19:10:42 | record_time.R done.-------------------------------------- 

2022-04-16 19:11:34 | record_time.R ------------------------------------------- 
Timestamp: 2022-04-16 19:11:34 added.
2022-04-16 19:11:34 | record_time.R done.-------------------------------------- 

2022-04-16 19:16:21 | record_time.R ------------------------------------------- 
Timestamp: 2022-04-16 19:16:21 added.
2022-04-16 19:16:21 | record_time.R done.-------------------------------------- 

2022-04-16 19:16:48 | record_time.R ------------------------------------------- 
Timestamp: 2022-04-16 19:16:48 added.
2022-04-16 19:16:48 | record_time.R done.-------------------------------------- 

2022-04-16 19:17:18 | record_time.R ------------------------------------------- 
Timestamp: 2022-04-16 19:17:18 added.
2022-04-16 19:17:18 | record_time.R done.-------------------------------------- 

2022-04-16 19:25:44 | record_time.R ------------------------------------------- 
Timestamp: 2022-04-16 19:25:44 added.
2022-04-16 19:25:45 | record_time.R done.-------------------------------------- 

2022-04-16 19:28:09 | record_time.R ------------------------------------------- 
Timestamp: 2022-04-16 19:28:09 added.
2022-04-16 19:28:09 | record_time.R done.-------------------------------------- 

2022-04-16 19:32:06 | record_time.R ------------------------------------------- 
Timestamp: 2022-04-16 19:32:06 added.
2022-04-16 19:32:06 | record_time.R done.-------------------------------------- 

2022-04-16 19:37:01 | record_time.R ------------------------------------------- 
Timestamp: 2022-04-16 19:37:01 added.
2022-04-16 19:37:01 | record_time.R done.-------------------------------------- 

2022-04-16 19:57:39 | record_time.R ------------------------------------------- 
Timestamp: 2022-04-16 19:57:39 added.
2022-04-16 19:57:39 | record_time.R done.-------------------------------------- 

2022-04-16 19:58:39 | record_time.R ------------------------------------------- 
Timestamp: 2022-04-16 19:58:39 added.
2022-04-16 19:58:39 | record_time.R done.-------------------------------------- 

2022-04-16 20:03:29 | record_time.R ------------------------------------------- 
Timestamp: 2022-04-16 20:03:29 added.
2022-04-16 20:03:29 | record_time.R done.-------------------------------------- 

2022-04-16 20:04:10 | record_time.R ------------------------------------------- 
Timestamp: 2022-04-16 20:04:10 added.
2022-04-16 20:04:10 | record_time.R done.-------------------------------------- 

2022-04-16 21:09:47 | record_time.R ------------------------------------------- 
Timestamp: 2022-04-16 21:09:47 added.
2022-04-16 21:09:47 | record_time.R done.-------------------------------------- 

2022-04-16 21:14:13 | record_time.R ------------------------------------------- 
Timestamp: 2022-04-16 21:14:13 added.
2022-04-16 21:14:13 | record_time.R done.-------------------------------------- 

2022-04-16 21:16:31 | record_time.R ------------------------------------------- 
Timestamp: 2022-04-16 21:16:31 added.
2022-04-16 21:16:31 | record_time.R done.-------------------------------------- 

2022-04-16 21:17:23 | record_time.R ------------------------------------------- 
Timestamp: 2022-04-16 21:17:23 added.
2022-04-16 21:17:23 | record_time.R done.-------------------------------------- 

2022-04-16 21:22:10 | record_time.R ------------------------------------------- 
Timestamp: 2022-04-16 21:22:10 added.
2022-04-16 21:22:10 | record_time.R done.-------------------------------------- 

2022-04-16 21:22:38 | record_time.R ------------------------------------------- 
Timestamp: 2022-04-16 21:22:38 added.
2022-04-16 21:22:38 | record_time.R done.-------------------------------------- 

2022-04-16 21:23:07 | record_time.R ------------------------------------------- 
Timestamp: 2022-04-16 21:23:08 added.
2022-04-16 21:23:08 | record_time.R done.-------------------------------------- 

2022-04-16 21:31:33 | record_time.R ------------------------------------------- 
Timestamp: 2022-04-16 21:31:33 added.
2022-04-16 21:31:33 | record_time.R done.-------------------------------------- 

2022-04-16 21:33:57 | record_time.R ------------------------------------------- 
Timestamp: 2022-04-16 21:33:57 added.
2022-04-16 21:33:57 | record_time.R done.-------------------------------------- 

2022-04-16 21:38:02 | record_time.R ------------------------------------------- 
Timestamp: 2022-04-16 21:38:02 added.
2022-04-16 21:38:02 | record_time.R done.-------------------------------------- 

2022-04-16 21:42:58 | record_time.R ------------------------------------------- 
Timestamp: 2022-04-16 21:42:58 added.
2022-04-16 21:42:58 | record_time.R done.-------------------------------------- 

2022-04-16 22:03:31 | record_time.R ------------------------------------------- 
Timestamp: 2022-04-16 22:03:31 added.
2022-04-16 22:03:31 | record_time.R done.-------------------------------------- 

2022-04-16 22:04:32 | record_time.R ------------------------------------------- 
Timestamp: 2022-04-16 22:04:32 added.
2022-04-16 22:04:32 | record_time.R done.-------------------------------------- 

2022-04-16 22:09:21 | record_time.R ------------------------------------------- 
Timestamp: 2022-04-16 22:09:21 added.
2022-04-16 22:09:21 | record_time.R done.-------------------------------------- 

2022-04-16 22:10:02 | record_time.R ------------------------------------------- 
Timestamp: 2022-04-16 22:10:02 added.
2022-04-16 22:10:02 | record_time.R done.-------------------------------------- 

2022-04-16 23:15:39 | record_time.R ------------------------------------------- 
Timestamp: 2022-04-16 23:15:39 added.
2022-04-16 23:15:39 | record_time.R done.-------------------------------------- 

2022-04-16 23:20:06 | record_time.R ------------------------------------------- 
Timestamp: 2022-04-16 23:20:06 added.
2022-04-16 23:20:06 | record_time.R done.-------------------------------------- 

2022-04-16 23:22:24 | record_time.R ------------------------------------------- 
Timestamp: 2022-04-16 23:22:24 added.
2022-04-16 23:22:24 | record_time.R done.-------------------------------------- 

2022-04-16 23:23:16 | record_time.R ------------------------------------------- 
Timestamp: 2022-04-16 23:23:16 added.
2022-04-16 23:23:16 | record_time.R done.-------------------------------------- 

2022-04-16 23:28:02 | record_time.R ------------------------------------------- 
Timestamp: 2022-04-16 23:28:03 added.
2022-04-16 23:28:03 | record_time.R done.-------------------------------------- 

2022-04-16 23:28:30 | record_time.R ------------------------------------------- 
Timestamp: 2022-04-16 23:28:30 added.
2022-04-16 23:28:30 | record_time.R done.-------------------------------------- 

2022-04-16 23:29:00 | record_time.R ------------------------------------------- 
Timestamp: 2022-04-16 23:29:00 added.
2022-04-16 23:29:00 | record_time.R done.-------------------------------------- 

2022-04-16 23:37:28 | record_time.R ------------------------------------------- 
Timestamp: 2022-04-16 23:37:28 added.
2022-04-16 23:37:28 | record_time.R done.-------------------------------------- 

2022-04-16 23:39:51 | record_time.R ------------------------------------------- 
Timestamp: 2022-04-16 23:39:51 added.
2022-04-16 23:39:51 | record_time.R done.-------------------------------------- 

2022-04-16 23:43:53 | record_time.R ------------------------------------------- 
Timestamp: 2022-04-16 23:43:53 added.
2022-04-16 23:43:53 | record_time.R done.-------------------------------------- 

2022-04-16 23:48:48 | record_time.R ------------------------------------------- 
Timestamp: 2022-04-16 23:48:48 added.
2022-04-16 23:48:48 | record_time.R done.-------------------------------------- 

2022-04-17 00:09:19 | record_time.R ------------------------------------------- 
Timestamp: 2022-04-17 00:09:19 added.
2022-04-17 00:09:19 | record_time.R done.-------------------------------------- 

2022-04-17 00:10:19 | record_time.R ------------------------------------------- 
Timestamp: 2022-04-17 00:10:19 added.
2022-04-17 00:10:19 | record_time.R done.-------------------------------------- 

2022-04-17 00:15:09 | record_time.R ------------------------------------------- 
Timestamp: 2022-04-17 00:15:09 added.
2022-04-17 00:15:09 | record_time.R done.-------------------------------------- 

2022-04-17 00:15:49 | record_time.R ------------------------------------------- 
Timestamp: 2022-04-17 00:15:49 added.
2022-04-17 00:15:49 | record_time.R done.-------------------------------------- 

2022-04-17 01:21:24 | record_time.R ------------------------------------------- 
Timestamp: 2022-04-17 01:21:24 added.
2022-04-17 01:21:24 | record_time.R done.-------------------------------------- 

2022-04-17 01:25:51 | record_time.R ------------------------------------------- 
Timestamp: 2022-04-17 01:25:51 added.
2022-04-17 01:25:51 | record_time.R done.-------------------------------------- 

2022-04-17 01:28:08 | record_time.R ------------------------------------------- 
Timestamp: 2022-04-17 01:28:08 added.
2022-04-17 01:28:08 | record_time.R done.-------------------------------------- 

2022-04-17 01:29:01 | record_time.R ------------------------------------------- 
Timestamp: 2022-04-17 01:29:01 added.
2022-04-17 01:29:01 | record_time.R done.-------------------------------------- 

2022-04-17 01:33:48 | record_time.R ------------------------------------------- 
Timestamp: 2022-04-17 01:33:48 added.
2022-04-17 01:33:48 | record_time.R done.-------------------------------------- 

2022-04-17 01:34:16 | record_time.R ------------------------------------------- 
Timestamp: 2022-04-17 01:34:16 added.
2022-04-17 01:34:16 | record_time.R done.-------------------------------------- 

2022-04-17 01:34:46 | record_time.R ------------------------------------------- 
Timestamp: 2022-04-17 01:34:46 added.
2022-04-17 01:34:46 | record_time.R done.-------------------------------------- 

2022-04-17 01:43:16 | record_time.R ------------------------------------------- 
Timestamp: 2022-04-17 01:43:16 added.
2022-04-17 01:43:16 | record_time.R done.-------------------------------------- 

2022-04-17 01:45:39 | record_time.R ------------------------------------------- 
Timestamp: 2022-04-17 01:45:39 added.
2022-04-17 01:45:39 | record_time.R done.-------------------------------------- 

2022-04-17 01:49:38 | record_time.R ------------------------------------------- 
Timestamp: 2022-04-17 01:49:38 added.
2022-04-17 01:49:38 | record_time.R done.-------------------------------------- 

2022-04-17 01:54:33 | record_time.R ------------------------------------------- 
Timestamp: 2022-04-17 01:54:33 added.
2022-04-17 01:54:33 | record_time.R done.-------------------------------------- 

2022-04-17 02:15:01 | record_time.R ------------------------------------------- 
Timestamp: 2022-04-17 02:15:01 added.
2022-04-17 02:15:01 | record_time.R done.-------------------------------------- 

2022-04-17 02:16:01 | record_time.R ------------------------------------------- 
Timestamp: 2022-04-17 02:16:01 added.
2022-04-17 02:16:01 | record_time.R done.-------------------------------------- 

2022-04-17 02:20:51 | record_time.R ------------------------------------------- 
Timestamp: 2022-04-17 02:20:51 added.
2022-04-17 02:20:51 | record_time.R done.-------------------------------------- 

2022-04-17 02:21:32 | record_time.R ------------------------------------------- 
Timestamp: 2022-04-17 02:21:32 added.
2022-04-17 02:21:32 | record_time.R done.-------------------------------------- 

2022-04-17 03:27:08 | record_time.R ------------------------------------------- 
Timestamp: 2022-04-17 03:27:08 added.
2022-04-17 03:27:08 | record_time.R done.-------------------------------------- 

2022-04-17 03:31:34 | record_time.R ------------------------------------------- 
Timestamp: 2022-04-17 03:31:34 added.
2022-04-17 03:31:34 | record_time.R done.-------------------------------------- 

2022-04-17 03:33:52 | record_time.R ------------------------------------------- 
Timestamp: 2022-04-17 03:33:52 added.
2022-04-17 03:33:52 | record_time.R done.-------------------------------------- 

2022-04-17 03:34:44 | record_time.R ------------------------------------------- 
Timestamp: 2022-04-17 03:34:44 added.
2022-04-17 03:34:44 | record_time.R done.-------------------------------------- 

2022-04-17 03:39:31 | record_time.R ------------------------------------------- 
Timestamp: 2022-04-17 03:39:31 added.
2022-04-17 03:39:31 | record_time.R done.-------------------------------------- 

2022-04-17 03:39:59 | record_time.R ------------------------------------------- 
Timestamp: 2022-04-17 03:39:59 added.
2022-04-17 03:39:59 | record_time.R done.-------------------------------------- 

2022-04-17 03:40:28 | record_time.R ------------------------------------------- 
Timestamp: 2022-04-17 03:40:29 added.
2022-04-17 03:40:29 | record_time.R done.-------------------------------------- 

2022-04-17 03:49:00 | record_time.R ------------------------------------------- 
Timestamp: 2022-04-17 03:49:00 added.
2022-04-17 03:49:00 | record_time.R done.-------------------------------------- 

2022-04-17 03:51:13 | record_time.R ------------------------------------------- 
Timestamp: 2022-04-17 03:51:13 added.
2022-04-17 03:51:13 | record_time.R done.-------------------------------------- 

2022-04-17 16:23:28 | record_time.R ------------------------------------------- 
Timestamp: 2022-04-17 16:23:28 added.
2022-04-17 16:23:28 | record_time.R done.-------------------------------------- 

2022-04-17 18:33:25 | record_time.R ------------------------------------------- 
Timestamp: 2022-04-17 18:33:25 added.
2022-04-17 18:33:25 | record_time.R done.-------------------------------------- 

2022-04-17 20:43:17 | record_time.R ------------------------------------------- 
Timestamp: 2022-04-17 20:43:17 added.
2022-04-17 20:43:17 | record_time.R done.-------------------------------------- 

2022-04-17 22:53:12 | record_time.R ------------------------------------------- 
Timestamp: 2022-04-17 22:53:12 added.
2022-04-17 22:53:12 | record_time.R done.-------------------------------------- 

2022-04-18 01:03:00 | record_time.R ------------------------------------------- 
Timestamp: 2022-04-18 01:03:00 added.
2022-04-18 01:03:00 | record_time.R done.-------------------------------------- 

2022-04-18 03:12:39 | record_time.R ------------------------------------------- 
Timestamp: 2022-04-18 03:12:39 added.
2022-04-18 03:12:39 | record_time.R done.-------------------------------------- 

