2022-04-13 13:10:48 | record_time.R ------------------------------------------- 
Timestamp: 2022-04-13 13:10:48 added.
2022-04-13 13:10:48 | record_time.R done.-------------------------------------- 

2022-04-13 14:16:48 | record_time.R ------------------------------------------- 
Warning: 2 parsing failures.
row      col   expected actual                                    file
  1 plate    an integer   none 'experiments/20220412_output/times.csv'
  1 transfer an integer   none 'experiments/20220412_output/times.csv'

Timestamp: 2022-04-13 14:16:48 added.
2022-04-13 14:16:48 | record_time.R done.-------------------------------------- 

2022-04-14 14:09:54 | record_time.R ------------------------------------------- 
Timestamp: 2022-04-14 14:09:54 added.
2022-04-14 14:09:54 | record_time.R done.-------------------------------------- 

2022-04-16 15:01:00 | record_time.R ------------------------------------------- 
Timestamp: 2022-04-16 15:01:00 added.
2022-04-16 15:01:00 | record_time.R done.-------------------------------------- 

2022-04-17 15:36:34 | record_time.R ------------------------------------------- 
Timestamp: 2022-04-17 15:36:34 added.
2022-04-17 15:36:34 | record_time.R done.-------------------------------------- 

2022-04-18 16:30:14 | record_time.R ------------------------------------------- 
Timestamp: 2022-04-18 16:30:14 added.
2022-04-18 16:30:14 | record_time.R done.-------------------------------------- 

2022-04-19 15:00:21 | record_time.R ------------------------------------------- 
Timestamp: 2022-04-19 15:00:21 added.
2022-04-19 15:00:21 | record_time.R done.-------------------------------------- 

2022-04-20 14:00:14 | record_time.R ------------------------------------------- 
Timestamp: 2022-04-20 14:00:14 added.
2022-04-20 14:00:14 | record_time.R done.-------------------------------------- 

2022-04-21 17:03:34 | record_time.R ------------------------------------------- 
Timestamp: 2022-04-21 17:03:34 added.
2022-04-21 17:03:34 | record_time.R done.-------------------------------------- 

2022-04-22 15:41:45 | record_time.R ------------------------------------------- 
Timestamp: 2022-04-22 15:41:45 added.
2022-04-22 15:41:45 | record_time.R done.-------------------------------------- 

2022-04-23 15:48:31 | record_time.R ------------------------------------------- 
Timestamp: 2022-04-23 15:48:31 added.
2022-04-23 15:48:31 | record_time.R done.-------------------------------------- 

2022-04-24 15:52:21 | record_time.R ------------------------------------------- 
Timestamp: 2022-04-24 15:52:21 added.
2022-04-24 15:52:21 | record_time.R done.-------------------------------------- 

2022-04-25 15:58:14 | record_time.R ------------------------------------------- 
Timestamp: 2022-04-25 15:58:14 added.
2022-04-25 15:58:14 | record_time.R done.-------------------------------------- 

2022-04-26 13:57:14 | record_time.R ------------------------------------------- 
Timestamp: 2022-04-26 13:57:14 added.
2022-04-26 13:57:14 | record_time.R done.-------------------------------------- 

2022-04-27 13:11:45 | record_time.R ------------------------------------------- 
Timestamp: 2022-04-27 13:11:46 added.
2022-04-27 13:11:46 | record_time.R done.-------------------------------------- 

