2022-04-27 10:15:20 | record_time.R ------------------------------------------- 
Timestamp: 2022-04-27 10:15:20 added.
2022-04-27 10:15:20 | record_time.R done.-------------------------------------- 

2022-04-27 10:15:22 | record_time.R ------------------------------------------- 
Timestamp: 2022-04-27 10:15:22 added.
2022-04-27 10:15:22 | record_time.R done.-------------------------------------- 

2022-04-27 10:25:53 | record_time.R ------------------------------------------- 
Timestamp: 2022-04-27 10:25:53 added.
2022-04-27 10:25:53 | record_time.R done.-------------------------------------- 

2022-04-27 10:26:24 | record_time.R ------------------------------------------- 
Timestamp: 2022-04-27 10:26:24 added.
2022-04-27 10:26:24 | record_time.R done.-------------------------------------- 

2022-04-27 10:47:23 | record_time.R ------------------------------------------- 
Timestamp: 2022-04-27 10:47:23 added.
2022-04-27 10:47:23 | record_time.R done.-------------------------------------- 

2022-04-27 10:48:03 | record_time.R ------------------------------------------- 
Timestamp: 2022-04-27 10:48:03 added.
2022-04-27 10:48:03 | record_time.R done.-------------------------------------- 

2022-04-27 11:12:18 | record_time.R ------------------------------------------- 
Timestamp: 2022-04-27 11:12:18 added.
2022-04-27 11:12:18 | record_time.R done.-------------------------------------- 

2022-04-27 11:12:57 | record_time.R ------------------------------------------- 
Timestamp: 2022-04-27 11:12:57 added.
2022-04-27 11:12:57 | record_time.R done.-------------------------------------- 

2022-04-27 11:37:15 | record_time.R ------------------------------------------- 
Timestamp: 2022-04-27 11:37:15 added.
2022-04-27 11:37:15 | record_time.R done.-------------------------------------- 

2022-04-27 11:37:54 | record_time.R ------------------------------------------- 
Timestamp: 2022-04-27 11:37:54 added.
2022-04-27 11:37:54 | record_time.R done.-------------------------------------- 

2022-04-27 12:02:14 | record_time.R ------------------------------------------- 
Timestamp: 2022-04-27 12:02:14 added.
2022-04-27 12:02:14 | record_time.R done.-------------------------------------- 

2022-04-27 12:02:53 | record_time.R ------------------------------------------- 
Timestamp: 2022-04-27 12:02:53 added.
2022-04-27 12:02:53 | record_time.R done.-------------------------------------- 

2022-04-27 12:27:15 | record_time.R ------------------------------------------- 
Timestamp: 2022-04-27 12:27:15 added.
2022-04-27 12:27:15 | record_time.R done.-------------------------------------- 

2022-04-27 12:27:54 | record_time.R ------------------------------------------- 
Timestamp: 2022-04-27 12:27:54 added.
2022-04-27 12:27:54 | record_time.R done.-------------------------------------- 

2022-04-27 13:08:16 | record_time.R ------------------------------------------- 
Timestamp: 2022-04-27 13:08:16 added.
2022-04-27 13:08:16 | record_time.R done.-------------------------------------- 

2022-04-27 13:10:36 | record_time.R ------------------------------------------- 
Timestamp: 2022-04-27 13:10:36 added.
2022-04-27 13:10:36 | record_time.R done.-------------------------------------- 

2022-04-27 13:20:30 | record_time.R ------------------------------------------- 
Warning: 2 parsing failures.
row      col   expected actual                                    file
  1 plate    an integer   none 'experiments/20220412_output/times.csv'
  1 transfer an integer   none 'experiments/20220412_output/times.csv'

Timestamp: 2022-04-27 13:20:30 added.
2022-04-27 13:20:30 | record_time.R done.-------------------------------------- 

2022-04-27 13:22:24 | record_time.R ------------------------------------------- 
Timestamp: 2022-04-27 13:22:24 added.
2022-04-27 13:22:24 | record_time.R done.-------------------------------------- 

2022-04-27 13:26:26 | record_time.R ------------------------------------------- 
Timestamp: 2022-04-27 13:26:26 added.
2022-04-27 13:26:26 | record_time.R done.-------------------------------------- 

2022-04-27 13:26:48 | record_time.R ------------------------------------------- 
Timestamp: 2022-04-27 13:26:48 added.
2022-04-27 13:26:48 | record_time.R done.-------------------------------------- 

2022-04-27 13:30:54 | record_time.R ------------------------------------------- 
Timestamp: 2022-04-27 13:30:54 added.
2022-04-27 13:30:54 | record_time.R done.-------------------------------------- 

2022-04-27 13:35:51 | record_time.R ------------------------------------------- 
Timestamp: 2022-04-27 13:35:51 added.
2022-04-27 13:35:51 | record_time.R done.-------------------------------------- 

2022-04-27 14:00:29 | record_time.R ------------------------------------------- 
Timestamp: 2022-04-27 14:00:29 added.
2022-04-27 14:00:29 | record_time.R done.-------------------------------------- 

2022-04-27 14:01:31 | record_time.R ------------------------------------------- 
Timestamp: 2022-04-27 14:01:31 added.
2022-04-27 14:01:31 | record_time.R done.-------------------------------------- 

2022-04-27 14:06:21 | record_time.R ------------------------------------------- 
Timestamp: 2022-04-27 14:06:21 added.
2022-04-27 14:06:22 | record_time.R done.-------------------------------------- 

2022-04-27 14:07:02 | record_time.R ------------------------------------------- 
Timestamp: 2022-04-27 14:07:02 added.
2022-04-27 14:07:02 | record_time.R done.-------------------------------------- 

2022-04-27 15:28:47 | record_time.R ------------------------------------------- 
Timestamp: 2022-04-27 15:28:47 added.
2022-04-27 15:28:47 | record_time.R done.-------------------------------------- 

2022-04-27 15:33:39 | record_time.R ------------------------------------------- 
Timestamp: 2022-04-27 15:33:39 added.
2022-04-27 15:33:39 | record_time.R done.-------------------------------------- 

2022-04-27 15:35:57 | record_time.R ------------------------------------------- 
Timestamp: 2022-04-27 15:35:57 added.
2022-04-27 15:35:57 | record_time.R done.-------------------------------------- 

2022-04-27 15:36:49 | record_time.R ------------------------------------------- 
Timestamp: 2022-04-27 15:36:49 added.
2022-04-27 15:36:49 | record_time.R done.-------------------------------------- 

2022-04-27 15:41:36 | record_time.R ------------------------------------------- 
Timestamp: 2022-04-27 15:41:36 added.
2022-04-27 15:41:36 | record_time.R done.-------------------------------------- 

2022-04-27 15:42:04 | record_time.R ------------------------------------------- 
Timestamp: 2022-04-27 15:42:04 added.
2022-04-27 15:42:04 | record_time.R done.-------------------------------------- 

2022-04-27 15:42:34 | record_time.R ------------------------------------------- 
Timestamp: 2022-04-27 15:42:34 added.
2022-04-27 15:42:34 | record_time.R done.-------------------------------------- 

2022-04-27 15:50:55 | record_time.R ------------------------------------------- 
Timestamp: 2022-04-27 15:50:55 added.
2022-04-27 15:50:55 | record_time.R done.-------------------------------------- 

2022-04-27 15:53:18 | record_time.R ------------------------------------------- 
Timestamp: 2022-04-27 15:53:18 added.
2022-04-27 15:53:18 | record_time.R done.-------------------------------------- 

2022-04-27 15:57:11 | record_time.R ------------------------------------------- 
Timestamp: 2022-04-27 15:57:11 added.
2022-04-27 15:57:11 | record_time.R done.-------------------------------------- 

2022-04-27 16:02:07 | record_time.R ------------------------------------------- 
Timestamp: 2022-04-27 16:02:07 added.
2022-04-27 16:02:07 | record_time.R done.-------------------------------------- 

2022-04-27 16:26:44 | record_time.R ------------------------------------------- 
Timestamp: 2022-04-27 16:26:44 added.
2022-04-27 16:26:44 | record_time.R done.-------------------------------------- 

2022-04-27 16:27:46 | record_time.R ------------------------------------------- 
Timestamp: 2022-04-27 16:27:46 added.
2022-04-27 16:27:46 | record_time.R done.-------------------------------------- 

2022-04-27 16:32:35 | record_time.R ------------------------------------------- 
Timestamp: 2022-04-27 16:32:35 added.
2022-04-27 16:32:35 | record_time.R done.-------------------------------------- 

2022-04-27 16:33:16 | record_time.R ------------------------------------------- 
Timestamp: 2022-04-27 16:33:16 added.
2022-04-27 16:33:16 | record_time.R done.-------------------------------------- 

2022-04-27 17:55:04 | record_time.R ------------------------------------------- 
Timestamp: 2022-04-27 17:55:04 added.
2022-04-27 17:55:04 | record_time.R done.-------------------------------------- 

2022-04-27 18:00:00 | record_time.R ------------------------------------------- 
Timestamp: 2022-04-27 18:00:00 added.
2022-04-27 18:00:00 | record_time.R done.-------------------------------------- 

2022-04-27 18:02:16 | record_time.R ------------------------------------------- 
Timestamp: 2022-04-27 18:02:16 added.
2022-04-27 18:02:16 | record_time.R done.-------------------------------------- 

2022-04-27 18:03:08 | record_time.R ------------------------------------------- 
Timestamp: 2022-04-27 18:03:08 added.
2022-04-27 18:03:08 | record_time.R done.-------------------------------------- 

2022-04-27 18:07:55 | record_time.R ------------------------------------------- 
Timestamp: 2022-04-27 18:07:55 added.
2022-04-27 18:07:55 | record_time.R done.-------------------------------------- 

2022-04-27 18:08:23 | record_time.R ------------------------------------------- 
Timestamp: 2022-04-27 18:08:23 added.
2022-04-27 18:08:23 | record_time.R done.-------------------------------------- 

2022-04-27 18:08:52 | record_time.R ------------------------------------------- 
Timestamp: 2022-04-27 18:08:52 added.
2022-04-27 18:08:52 | record_time.R done.-------------------------------------- 

2022-04-27 18:17:16 | record_time.R ------------------------------------------- 
Timestamp: 2022-04-27 18:17:16 added.
2022-04-27 18:17:16 | record_time.R done.-------------------------------------- 

2022-04-27 18:19:39 | record_time.R ------------------------------------------- 
Timestamp: 2022-04-27 18:19:39 added.
2022-04-27 18:19:39 | record_time.R done.-------------------------------------- 

2022-04-27 18:23:28 | record_time.R ------------------------------------------- 
Timestamp: 2022-04-27 18:23:28 added.
2022-04-27 18:23:28 | record_time.R done.-------------------------------------- 

2022-04-27 18:28:24 | record_time.R ------------------------------------------- 
Timestamp: 2022-04-27 18:28:24 added.
2022-04-27 18:28:24 | record_time.R done.-------------------------------------- 

2022-04-27 18:52:56 | record_time.R ------------------------------------------- 
Timestamp: 2022-04-27 18:52:56 added.
2022-04-27 18:52:56 | record_time.R done.-------------------------------------- 

2022-04-27 18:53:58 | record_time.R ------------------------------------------- 
Timestamp: 2022-04-27 18:53:58 added.
2022-04-27 18:53:58 | record_time.R done.-------------------------------------- 

2022-04-27 18:58:48 | record_time.R ------------------------------------------- 
Timestamp: 2022-04-27 18:58:48 added.
2022-04-27 18:58:48 | record_time.R done.-------------------------------------- 

2022-04-27 18:59:29 | record_time.R ------------------------------------------- 
Timestamp: 2022-04-27 18:59:29 added.
2022-04-27 18:59:29 | record_time.R done.-------------------------------------- 

2022-04-27 20:21:15 | record_time.R ------------------------------------------- 
Timestamp: 2022-04-27 20:21:15 added.
2022-04-27 20:21:15 | record_time.R done.-------------------------------------- 

2022-04-27 20:26:11 | record_time.R ------------------------------------------- 
Timestamp: 2022-04-27 20:26:11 added.
2022-04-27 20:26:11 | record_time.R done.-------------------------------------- 

2022-04-27 20:28:27 | record_time.R ------------------------------------------- 
Timestamp: 2022-04-27 20:28:27 added.
2022-04-27 20:28:27 | record_time.R done.-------------------------------------- 

2022-04-27 20:29:19 | record_time.R ------------------------------------------- 
Timestamp: 2022-04-27 20:29:20 added.
2022-04-27 20:29:20 | record_time.R done.-------------------------------------- 

2022-04-27 20:34:06 | record_time.R ------------------------------------------- 
Timestamp: 2022-04-27 20:34:07 added.
2022-04-27 20:34:07 | record_time.R done.-------------------------------------- 

2022-04-27 20:34:35 | record_time.R ------------------------------------------- 
Timestamp: 2022-04-27 20:34:35 added.
2022-04-27 20:34:35 | record_time.R done.-------------------------------------- 

2022-04-27 20:35:05 | record_time.R ------------------------------------------- 
Timestamp: 2022-04-27 20:35:05 added.
2022-04-27 20:35:05 | record_time.R done.-------------------------------------- 

2022-04-27 20:43:27 | record_time.R ------------------------------------------- 
Timestamp: 2022-04-27 20:43:27 added.
2022-04-27 20:43:27 | record_time.R done.-------------------------------------- 

2022-04-27 20:45:50 | record_time.R ------------------------------------------- 
Timestamp: 2022-04-27 20:45:50 added.
2022-04-27 20:45:50 | record_time.R done.-------------------------------------- 

2022-04-27 20:49:48 | record_time.R ------------------------------------------- 
Timestamp: 2022-04-27 20:49:48 added.
2022-04-27 20:49:48 | record_time.R done.-------------------------------------- 

2022-04-27 20:54:45 | record_time.R ------------------------------------------- 
Timestamp: 2022-04-27 20:54:45 added.
2022-04-27 20:54:45 | record_time.R done.-------------------------------------- 

2022-04-27 21:19:12 | record_time.R ------------------------------------------- 
Timestamp: 2022-04-27 21:19:12 added.
2022-04-27 21:19:12 | record_time.R done.-------------------------------------- 

2022-04-27 21:20:15 | record_time.R ------------------------------------------- 
Timestamp: 2022-04-27 21:20:15 added.
2022-04-27 21:20:15 | record_time.R done.-------------------------------------- 

2022-04-27 21:25:09 | record_time.R ------------------------------------------- 
Timestamp: 2022-04-27 21:25:09 added.
2022-04-27 21:25:09 | record_time.R done.-------------------------------------- 

2022-04-27 21:25:49 | record_time.R ------------------------------------------- 
Timestamp: 2022-04-27 21:25:49 added.
2022-04-27 21:25:49 | record_time.R done.-------------------------------------- 

2022-04-27 22:47:38 | record_time.R ------------------------------------------- 
Timestamp: 2022-04-27 22:47:38 added.
2022-04-27 22:47:38 | record_time.R done.-------------------------------------- 

2022-04-27 22:52:34 | record_time.R ------------------------------------------- 
Timestamp: 2022-04-27 22:52:34 added.
2022-04-27 22:52:34 | record_time.R done.-------------------------------------- 

2022-04-27 22:54:51 | record_time.R ------------------------------------------- 
Timestamp: 2022-04-27 22:54:51 added.
2022-04-27 22:54:51 | record_time.R done.-------------------------------------- 

2022-04-27 22:55:42 | record_time.R ------------------------------------------- 
Timestamp: 2022-04-27 22:55:42 added.
2022-04-27 22:55:42 | record_time.R done.-------------------------------------- 

2022-04-27 23:00:29 | record_time.R ------------------------------------------- 
Timestamp: 2022-04-27 23:00:30 added.
2022-04-27 23:00:30 | record_time.R done.-------------------------------------- 

2022-04-27 23:00:58 | record_time.R ------------------------------------------- 
Timestamp: 2022-04-27 23:00:58 added.
2022-04-27 23:00:58 | record_time.R done.-------------------------------------- 

2022-04-27 23:01:28 | record_time.R ------------------------------------------- 
Timestamp: 2022-04-27 23:01:28 added.
2022-04-27 23:01:28 | record_time.R done.-------------------------------------- 

2022-04-27 23:09:51 | record_time.R ------------------------------------------- 
Timestamp: 2022-04-27 23:09:51 added.
2022-04-27 23:09:51 | record_time.R done.-------------------------------------- 

2022-04-27 23:12:14 | record_time.R ------------------------------------------- 
Timestamp: 2022-04-27 23:12:14 added.
2022-04-27 23:12:14 | record_time.R done.-------------------------------------- 

2022-04-27 23:16:08 | record_time.R ------------------------------------------- 
Timestamp: 2022-04-27 23:16:08 added.
2022-04-27 23:16:08 | record_time.R done.-------------------------------------- 

2022-04-27 23:21:03 | record_time.R ------------------------------------------- 
Timestamp: 2022-04-27 23:21:03 added.
2022-04-27 23:21:03 | record_time.R done.-------------------------------------- 

2022-04-27 23:45:28 | record_time.R ------------------------------------------- 
Timestamp: 2022-04-27 23:45:28 added.
2022-04-27 23:45:28 | record_time.R done.-------------------------------------- 

2022-04-27 23:46:29 | record_time.R ------------------------------------------- 
Timestamp: 2022-04-27 23:46:29 added.
2022-04-27 23:46:29 | record_time.R done.-------------------------------------- 

2022-04-27 23:51:19 | record_time.R ------------------------------------------- 
Timestamp: 2022-04-27 23:51:19 added.
2022-04-27 23:51:19 | record_time.R done.-------------------------------------- 

2022-04-27 23:52:00 | record_time.R ------------------------------------------- 
Timestamp: 2022-04-27 23:52:00 added.
2022-04-27 23:52:00 | record_time.R done.-------------------------------------- 

2022-04-28 01:13:50 | record_time.R ------------------------------------------- 
Timestamp: 2022-04-28 01:13:50 added.
2022-04-28 01:13:50 | record_time.R done.-------------------------------------- 

2022-04-28 01:18:45 | record_time.R ------------------------------------------- 
Timestamp: 2022-04-28 01:18:45 added.
2022-04-28 01:18:45 | record_time.R done.-------------------------------------- 

2022-04-28 01:21:02 | record_time.R ------------------------------------------- 
Timestamp: 2022-04-28 01:21:02 added.
2022-04-28 01:21:02 | record_time.R done.-------------------------------------- 

2022-04-28 01:21:54 | record_time.R ------------------------------------------- 
Timestamp: 2022-04-28 01:21:54 added.
2022-04-28 01:21:54 | record_time.R done.-------------------------------------- 

2022-04-28 01:26:41 | record_time.R ------------------------------------------- 
Timestamp: 2022-04-28 01:26:41 added.
2022-04-28 01:26:41 | record_time.R done.-------------------------------------- 

2022-04-28 01:27:13 | record_time.R ------------------------------------------- 
Timestamp: 2022-04-28 01:27:13 added.
2022-04-28 01:27:13 | record_time.R done.-------------------------------------- 

2022-04-28 01:27:42 | record_time.R ------------------------------------------- 
Timestamp: 2022-04-28 01:27:42 added.
2022-04-28 01:27:42 | record_time.R done.-------------------------------------- 

2022-04-28 01:36:06 | record_time.R ------------------------------------------- 
Timestamp: 2022-04-28 01:36:06 added.
2022-04-28 01:36:06 | record_time.R done.-------------------------------------- 

2022-04-28 01:38:28 | record_time.R ------------------------------------------- 
Timestamp: 2022-04-28 01:38:28 added.
2022-04-28 01:38:28 | record_time.R done.-------------------------------------- 

2022-04-28 01:42:19 | record_time.R ------------------------------------------- 
Timestamp: 2022-04-28 01:42:19 added.
2022-04-28 01:42:19 | record_time.R done.-------------------------------------- 

2022-04-28 01:47:14 | record_time.R ------------------------------------------- 
Timestamp: 2022-04-28 01:47:14 added.
2022-04-28 01:47:14 | record_time.R done.-------------------------------------- 

2022-04-28 02:11:36 | record_time.R ------------------------------------------- 
Timestamp: 2022-04-28 02:11:36 added.
2022-04-28 02:11:36 | record_time.R done.-------------------------------------- 

2022-04-28 02:12:37 | record_time.R ------------------------------------------- 
Timestamp: 2022-04-28 02:12:37 added.
2022-04-28 02:12:37 | record_time.R done.-------------------------------------- 

2022-04-28 02:17:27 | record_time.R ------------------------------------------- 
Timestamp: 2022-04-28 02:17:27 added.
2022-04-28 02:17:27 | record_time.R done.-------------------------------------- 

2022-04-28 02:18:07 | record_time.R ------------------------------------------- 
Timestamp: 2022-04-28 02:18:07 added.
2022-04-28 02:18:07 | record_time.R done.-------------------------------------- 

2022-04-28 03:39:56 | record_time.R ------------------------------------------- 
Timestamp: 2022-04-28 03:39:56 added.
2022-04-28 03:39:56 | record_time.R done.-------------------------------------- 

2022-04-28 03:44:52 | record_time.R ------------------------------------------- 
Timestamp: 2022-04-28 03:44:52 added.
2022-04-28 03:44:52 | record_time.R done.-------------------------------------- 

2022-04-28 03:47:09 | record_time.R ------------------------------------------- 
Timestamp: 2022-04-28 03:47:09 added.
2022-04-28 03:47:09 | record_time.R done.-------------------------------------- 

2022-04-28 03:48:01 | record_time.R ------------------------------------------- 
Timestamp: 2022-04-28 03:48:01 added.
2022-04-28 03:48:01 | record_time.R done.-------------------------------------- 

2022-04-28 03:52:48 | record_time.R ------------------------------------------- 
Timestamp: 2022-04-28 03:52:48 added.
2022-04-28 03:52:48 | record_time.R done.-------------------------------------- 

2022-04-28 03:53:22 | record_time.R ------------------------------------------- 
Timestamp: 2022-04-28 03:53:22 added.
2022-04-28 03:53:22 | record_time.R done.-------------------------------------- 

2022-04-28 03:53:52 | record_time.R ------------------------------------------- 
Timestamp: 2022-04-28 03:53:52 added.
2022-04-28 03:53:52 | record_time.R done.-------------------------------------- 

2022-04-28 04:02:15 | record_time.R ------------------------------------------- 
Timestamp: 2022-04-28 04:02:15 added.
2022-04-28 04:02:15 | record_time.R done.-------------------------------------- 

2022-04-28 04:04:28 | record_time.R ------------------------------------------- 
Timestamp: 2022-04-28 04:04:28 added.
2022-04-28 04:04:28 | record_time.R done.-------------------------------------- 

2022-04-28 15:18:58 | record_time.R ------------------------------------------- 
Timestamp: 2022-04-28 15:18:58 added.
2022-04-28 15:18:58 | record_time.R done.-------------------------------------- 

2022-04-28 15:23:02 | record_time.R ------------------------------------------- 
Timestamp: 2022-04-28 15:23:02 added.
2022-04-28 15:23:02 | record_time.R done.-------------------------------------- 

2022-04-28 15:23:31 | record_time.R ------------------------------------------- 
Timestamp: 2022-04-28 15:23:31 added.
2022-04-28 15:23:31 | record_time.R done.-------------------------------------- 

2022-04-28 15:28:20 | record_time.R ------------------------------------------- 
Timestamp: 2022-04-28 15:28:20 added.
2022-04-28 15:28:20 | record_time.R done.-------------------------------------- 

2022-04-28 15:28:46 | record_time.R ------------------------------------------- 
Timestamp: 2022-04-28 15:28:46 added.
2022-04-28 15:28:46 | record_time.R done.-------------------------------------- 

2022-04-28 15:37:03 | record_time.R ------------------------------------------- 
Timestamp: 2022-04-28 15:37:03 added.
2022-04-28 15:37:03 | record_time.R done.-------------------------------------- 

2022-04-28 15:39:26 | record_time.R ------------------------------------------- 
Timestamp: 2022-04-28 15:39:26 added.
2022-04-28 15:39:26 | record_time.R done.-------------------------------------- 

2022-04-28 15:43:20 | record_time.R ------------------------------------------- 
Timestamp: 2022-04-28 15:43:20 added.
2022-04-28 15:43:20 | record_time.R done.-------------------------------------- 

2022-04-28 15:43:49 | record_time.R ------------------------------------------- 
Timestamp: 2022-04-28 15:43:49 added.
2022-04-28 15:43:49 | record_time.R done.-------------------------------------- 

2022-04-28 15:48:37 | record_time.R ------------------------------------------- 
Timestamp: 2022-04-28 15:48:37 added.
2022-04-28 15:48:37 | record_time.R done.-------------------------------------- 

2022-04-28 15:49:02 | record_time.R ------------------------------------------- 
Timestamp: 2022-04-28 15:49:02 added.
2022-04-28 15:49:02 | record_time.R done.-------------------------------------- 

2022-04-28 15:57:18 | record_time.R ------------------------------------------- 
Timestamp: 2022-04-28 15:57:18 added.
2022-04-28 15:57:18 | record_time.R done.-------------------------------------- 

2022-04-28 15:59:41 | record_time.R ------------------------------------------- 
Timestamp: 2022-04-28 15:59:41 added.
2022-04-28 15:59:41 | record_time.R done.-------------------------------------- 

2022-04-28 16:03:31 | record_time.R ------------------------------------------- 
Timestamp: 2022-04-28 16:03:31 added.
2022-04-28 16:03:31 | record_time.R done.-------------------------------------- 

2022-04-28 16:04:00 | record_time.R ------------------------------------------- 
Timestamp: 2022-04-28 16:04:00 added.
2022-04-28 16:04:00 | record_time.R done.-------------------------------------- 

2022-04-28 16:08:49 | record_time.R ------------------------------------------- 
Timestamp: 2022-04-28 16:08:49 added.
2022-04-28 16:08:49 | record_time.R done.-------------------------------------- 

2022-04-28 16:09:13 | record_time.R ------------------------------------------- 
Timestamp: 2022-04-28 16:09:13 added.
2022-04-28 16:09:13 | record_time.R done.-------------------------------------- 

2022-04-28 16:17:30 | record_time.R ------------------------------------------- 
Timestamp: 2022-04-28 16:17:30 added.
2022-04-28 16:17:30 | record_time.R done.-------------------------------------- 

2022-04-28 16:19:52 | record_time.R ------------------------------------------- 
Timestamp: 2022-04-28 16:19:52 added.
2022-04-28 16:19:52 | record_time.R done.-------------------------------------- 

2022-04-28 16:23:50 | record_time.R ------------------------------------------- 
Timestamp: 2022-04-28 16:23:50 added.
2022-04-28 16:23:50 | record_time.R done.-------------------------------------- 

2022-04-28 16:24:19 | record_time.R ------------------------------------------- 
Timestamp: 2022-04-28 16:24:20 added.
2022-04-28 16:24:20 | record_time.R done.-------------------------------------- 

2022-04-28 16:29:15 | record_time.R ------------------------------------------- 
Timestamp: 2022-04-28 16:29:15 added.
2022-04-28 16:29:15 | record_time.R done.-------------------------------------- 

2022-04-28 16:29:39 | record_time.R ------------------------------------------- 
Timestamp: 2022-04-28 16:29:39 added.
2022-04-28 16:29:39 | record_time.R done.-------------------------------------- 

2022-04-28 16:37:57 | record_time.R ------------------------------------------- 
Timestamp: 2022-04-28 16:37:57 added.
2022-04-28 16:37:57 | record_time.R done.-------------------------------------- 

2022-04-28 16:40:19 | record_time.R ------------------------------------------- 
Timestamp: 2022-04-28 16:40:19 added.
2022-04-28 16:40:19 | record_time.R done.-------------------------------------- 

2022-04-28 16:44:14 | record_time.R ------------------------------------------- 
Timestamp: 2022-04-28 16:44:14 added.
2022-04-28 16:44:14 | record_time.R done.-------------------------------------- 

2022-04-28 16:44:44 | record_time.R ------------------------------------------- 
Timestamp: 2022-04-28 16:44:44 added.
2022-04-28 16:44:44 | record_time.R done.-------------------------------------- 

2022-04-28 16:49:32 | record_time.R ------------------------------------------- 
Timestamp: 2022-04-28 16:49:32 added.
2022-04-28 16:49:32 | record_time.R done.-------------------------------------- 

2022-04-28 16:49:56 | record_time.R ------------------------------------------- 
Timestamp: 2022-04-28 16:49:57 added.
2022-04-28 16:49:57 | record_time.R done.-------------------------------------- 

2022-04-28 16:58:14 | record_time.R ------------------------------------------- 
Timestamp: 2022-04-28 16:58:14 added.
2022-04-28 16:58:14 | record_time.R done.-------------------------------------- 

2022-04-28 17:00:36 | record_time.R ------------------------------------------- 
Timestamp: 2022-04-28 17:00:36 added.
2022-04-28 17:00:36 | record_time.R done.-------------------------------------- 

2022-04-28 17:04:28 | record_time.R ------------------------------------------- 
Timestamp: 2022-04-28 17:04:28 added.
2022-04-28 17:04:28 | record_time.R done.-------------------------------------- 

2022-04-28 17:04:58 | record_time.R ------------------------------------------- 
Timestamp: 2022-04-28 17:04:58 added.
2022-04-28 17:04:58 | record_time.R done.-------------------------------------- 

2022-04-28 17:09:46 | record_time.R ------------------------------------------- 
Timestamp: 2022-04-28 17:09:46 added.
2022-04-28 17:09:46 | record_time.R done.-------------------------------------- 

2022-04-28 17:10:11 | record_time.R ------------------------------------------- 
Timestamp: 2022-04-28 17:10:11 added.
2022-04-28 17:10:11 | record_time.R done.-------------------------------------- 

2022-04-28 17:18:28 | record_time.R ------------------------------------------- 
Timestamp: 2022-04-28 17:18:28 added.
2022-04-28 17:18:28 | record_time.R done.-------------------------------------- 

2022-04-28 17:20:41 | record_time.R ------------------------------------------- 
Timestamp: 2022-04-28 17:20:41 added.
2022-04-28 17:20:41 | record_time.R done.-------------------------------------- 

2022-04-29 13:47:44 | record_time.R ------------------------------------------- 
Timestamp: 2022-04-29 13:47:44 added.
2022-04-29 13:47:44 | record_time.R done.-------------------------------------- 

2022-04-29 13:52:09 | record_time.R ------------------------------------------- 
Timestamp: 2022-04-29 13:52:09 added.
2022-04-29 13:52:09 | record_time.R done.-------------------------------------- 

2022-04-29 13:52:14 | record_time.R ------------------------------------------- 
Timestamp: 2022-04-29 13:52:14 added.
2022-04-29 13:52:14 | record_time.R done.-------------------------------------- 

2022-04-29 13:56:18 | record_time.R ------------------------------------------- 
Timestamp: 2022-04-29 13:56:18 added.
2022-04-29 13:56:18 | record_time.R done.-------------------------------------- 

2022-04-29 13:56:24 | record_time.R ------------------------------------------- 
Timestamp: 2022-04-29 13:56:24 added.
2022-04-29 13:56:24 | record_time.R done.-------------------------------------- 

2022-04-29 14:00:24 | record_time.R ------------------------------------------- 
Timestamp: 2022-04-29 14:00:24 added.
2022-04-29 14:00:24 | record_time.R done.-------------------------------------- 

2022-04-29 14:00:29 | record_time.R ------------------------------------------- 
Timestamp: 2022-04-29 14:00:29 added.
2022-04-29 14:00:29 | record_time.R done.-------------------------------------- 

2022-04-29 14:04:37 | record_time.R ------------------------------------------- 
Timestamp: 2022-04-29 14:04:37 added.
2022-04-29 14:04:37 | record_time.R done.-------------------------------------- 

2022-04-29 14:04:43 | record_time.R ------------------------------------------- 
Timestamp: 2022-04-29 14:04:43 added.
2022-04-29 14:04:43 | record_time.R done.-------------------------------------- 

2022-04-29 14:08:47 | record_time.R ------------------------------------------- 
Timestamp: 2022-04-29 14:08:47 added.
2022-04-29 14:08:48 | record_time.R done.-------------------------------------- 

2022-04-29 14:08:53 | record_time.R ------------------------------------------- 
Timestamp: 2022-04-29 14:08:53 added.
2022-04-29 14:08:53 | record_time.R done.-------------------------------------- 

2022-04-29 14:12:54 | record_time.R ------------------------------------------- 
Timestamp: 2022-04-29 14:12:54 added.
2022-04-29 14:12:54 | record_time.R done.-------------------------------------- 

