2022-04-14 11:10:49 | record_time.R ------------------------------------------- 
Timestamp: 2022-04-14 11:10:49 added.
2022-04-14 11:10:49 | record_time.R done.-------------------------------------- 

2022-04-14 11:10:51 | record_time.R ------------------------------------------- 
Timestamp: 2022-04-14 11:10:51 added.
2022-04-14 11:10:51 | record_time.R done.-------------------------------------- 

2022-04-14 11:21:18 | record_time.R ------------------------------------------- 
Timestamp: 2022-04-14 11:21:18 added.
2022-04-14 11:21:18 | record_time.R done.-------------------------------------- 

2022-04-14 11:21:49 | record_time.R ------------------------------------------- 
Timestamp: 2022-04-14 11:21:49 added.
2022-04-14 11:21:49 | record_time.R done.-------------------------------------- 

2022-04-14 11:43:00 | record_time.R ------------------------------------------- 
Timestamp: 2022-04-14 11:43:00 added.
2022-04-14 11:43:00 | record_time.R done.-------------------------------------- 

2022-04-14 11:43:40 | record_time.R ------------------------------------------- 
Timestamp: 2022-04-14 11:43:40 added.
2022-04-14 11:43:40 | record_time.R done.-------------------------------------- 

2022-04-14 12:08:07 | record_time.R ------------------------------------------- 
Timestamp: 2022-04-14 12:08:07 added.
2022-04-14 12:08:07 | record_time.R done.-------------------------------------- 

2022-04-14 12:08:46 | record_time.R ------------------------------------------- 
Timestamp: 2022-04-14 12:08:46 added.
2022-04-14 12:08:46 | record_time.R done.-------------------------------------- 

2022-04-14 12:33:15 | record_time.R ------------------------------------------- 
Timestamp: 2022-04-14 12:33:16 added.
2022-04-14 12:33:16 | record_time.R done.-------------------------------------- 

2022-04-14 12:33:55 | record_time.R ------------------------------------------- 
Timestamp: 2022-04-14 12:33:55 added.
2022-04-14 12:33:55 | record_time.R done.-------------------------------------- 

2022-04-14 12:58:27 | record_time.R ------------------------------------------- 
Timestamp: 2022-04-14 12:58:27 added.
2022-04-14 12:58:27 | record_time.R done.-------------------------------------- 

2022-04-14 12:59:06 | record_time.R ------------------------------------------- 
Timestamp: 2022-04-14 12:59:06 added.
2022-04-14 12:59:06 | record_time.R done.-------------------------------------- 

2022-04-14 13:23:40 | record_time.R ------------------------------------------- 
Timestamp: 2022-04-14 13:23:40 added.
2022-04-14 13:23:40 | record_time.R done.-------------------------------------- 

2022-04-14 13:24:18 | record_time.R ------------------------------------------- 
Timestamp: 2022-04-14 13:24:18 added.
2022-04-14 13:24:18 | record_time.R done.-------------------------------------- 

2022-04-14 14:06:34 | record_time.R ------------------------------------------- 
Timestamp: 2022-04-14 14:06:34 added.
2022-04-14 14:06:34 | record_time.R done.-------------------------------------- 

2022-04-14 14:08:55 | record_time.R ------------------------------------------- 
Timestamp: 2022-04-14 14:08:55 added.
2022-04-14 14:08:55 | record_time.R done.-------------------------------------- 

2022-04-14 14:18:43 | record_time.R ------------------------------------------- 
Warning: 2 parsing failures.
row      col   expected actual                                    file
  1 plate    an integer   none 'experiments/20220412_output/times.csv'
  1 transfer an integer   none 'experiments/20220412_output/times.csv'

Timestamp: 2022-04-14 14:18:43 added.
2022-04-14 14:18:43 | record_time.R done.-------------------------------------- 

2022-04-14 14:20:37 | record_time.R ------------------------------------------- 
Timestamp: 2022-04-14 14:20:37 added.
2022-04-14 14:20:37 | record_time.R done.-------------------------------------- 

2022-04-14 14:24:33 | record_time.R ------------------------------------------- 
Timestamp: 2022-04-14 14:24:33 added.
2022-04-14 14:24:33 | record_time.R done.-------------------------------------- 

2022-04-14 14:29:44 | record_time.R ------------------------------------------- 
Timestamp: 2022-04-14 14:29:44 added.
2022-04-14 14:29:44 | record_time.R done.-------------------------------------- 

2022-04-14 14:48:16 | record_time.R ------------------------------------------- 
Timestamp: 2022-04-14 14:48:16 added.
2022-04-14 14:48:17 | record_time.R done.-------------------------------------- 

2022-04-14 14:49:19 | record_time.R ------------------------------------------- 
Timestamp: 2022-04-14 14:49:19 added.
2022-04-14 14:49:20 | record_time.R done.-------------------------------------- 

2022-04-14 14:54:10 | record_time.R ------------------------------------------- 
Timestamp: 2022-04-14 14:54:10 added.
2022-04-14 14:54:10 | record_time.R done.-------------------------------------- 

2022-04-14 14:54:50 | record_time.R ------------------------------------------- 
Timestamp: 2022-04-14 14:54:50 added.
2022-04-14 14:54:50 | record_time.R done.-------------------------------------- 

2022-04-14 16:14:24 | record_time.R ------------------------------------------- 
Timestamp: 2022-04-14 16:14:24 added.
2022-04-14 16:14:24 | record_time.R done.-------------------------------------- 

2022-04-14 16:18:36 | record_time.R ------------------------------------------- 
Timestamp: 2022-04-14 16:18:36 added.
2022-04-14 16:18:36 | record_time.R done.-------------------------------------- 

2022-04-14 16:20:53 | record_time.R ------------------------------------------- 
Timestamp: 2022-04-14 16:20:54 added.
2022-04-14 16:20:54 | record_time.R done.-------------------------------------- 

2022-04-14 16:21:46 | record_time.R ------------------------------------------- 
Timestamp: 2022-04-14 16:21:46 added.
2022-04-14 16:21:46 | record_time.R done.-------------------------------------- 

2022-04-14 16:26:33 | record_time.R ------------------------------------------- 
Timestamp: 2022-04-14 16:26:33 added.
2022-04-14 16:26:33 | record_time.R done.-------------------------------------- 

2022-04-14 16:27:03 | record_time.R ------------------------------------------- 
Timestamp: 2022-04-14 16:27:03 added.
2022-04-14 16:27:03 | record_time.R done.-------------------------------------- 

2022-04-14 16:27:32 | record_time.R ------------------------------------------- 
Timestamp: 2022-04-14 16:27:32 added.
2022-04-14 16:27:32 | record_time.R done.-------------------------------------- 

2022-04-14 16:35:58 | record_time.R ------------------------------------------- 
Timestamp: 2022-04-14 16:35:58 added.
2022-04-14 16:35:58 | record_time.R done.-------------------------------------- 

2022-04-14 16:43:10 | record_time.R ------------------------------------------- 
Timestamp: 2022-04-14 16:43:10 added.
2022-04-14 16:43:10 | record_time.R done.-------------------------------------- 

2022-04-14 17:01:38 | record_time.R ------------------------------------------- 
Timestamp: 2022-04-14 17:01:38 added.
2022-04-14 17:01:38 | record_time.R done.-------------------------------------- 

2022-04-14 17:02:44 | record_time.R ------------------------------------------- 
Timestamp: 2022-04-14 17:02:44 added.
2022-04-14 17:02:44 | record_time.R done.-------------------------------------- 

2022-04-14 17:07:34 | record_time.R ------------------------------------------- 
Timestamp: 2022-04-14 17:07:34 added.
2022-04-14 17:07:34 | record_time.R done.-------------------------------------- 

2022-04-14 17:08:14 | record_time.R ------------------------------------------- 
Timestamp: 2022-04-14 17:08:14 added.
2022-04-14 17:08:14 | record_time.R done.-------------------------------------- 

2022-04-14 18:27:53 | record_time.R ------------------------------------------- 
Timestamp: 2022-04-14 18:27:53 added.
2022-04-14 18:27:53 | record_time.R done.-------------------------------------- 

2022-04-14 18:32:04 | record_time.R ------------------------------------------- 
Timestamp: 2022-04-14 18:32:04 added.
2022-04-14 18:32:04 | record_time.R done.-------------------------------------- 

2022-04-14 18:34:21 | record_time.R ------------------------------------------- 
Timestamp: 2022-04-14 18:34:21 added.
2022-04-14 18:34:21 | record_time.R done.-------------------------------------- 

2022-04-14 18:35:14 | record_time.R ------------------------------------------- 
Timestamp: 2022-04-14 18:35:14 added.
2022-04-14 18:35:14 | record_time.R done.-------------------------------------- 

2022-04-14 18:40:00 | record_time.R ------------------------------------------- 
Timestamp: 2022-04-14 18:40:00 added.
2022-04-14 18:40:00 | record_time.R done.-------------------------------------- 

2022-04-14 18:40:32 | record_time.R ------------------------------------------- 
Timestamp: 2022-04-14 18:40:32 added.
2022-04-14 18:40:32 | record_time.R done.-------------------------------------- 

2022-04-14 18:41:01 | record_time.R ------------------------------------------- 
Timestamp: 2022-04-14 18:41:01 added.
2022-04-14 18:41:01 | record_time.R done.-------------------------------------- 

2022-04-14 18:49:27 | record_time.R ------------------------------------------- 
Timestamp: 2022-04-14 18:49:27 added.
2022-04-14 18:49:27 | record_time.R done.-------------------------------------- 

2022-04-14 18:56:38 | record_time.R ------------------------------------------- 
Timestamp: 2022-04-14 18:56:38 added.
2022-04-14 18:56:38 | record_time.R done.-------------------------------------- 

2022-04-14 19:15:04 | record_time.R ------------------------------------------- 
Timestamp: 2022-04-14 19:15:04 added.
2022-04-14 19:15:04 | record_time.R done.-------------------------------------- 

2022-04-14 19:16:12 | record_time.R ------------------------------------------- 
Timestamp: 2022-04-14 19:16:12 added.
2022-04-14 19:16:12 | record_time.R done.-------------------------------------- 

2022-04-14 19:21:02 | record_time.R ------------------------------------------- 
Timestamp: 2022-04-14 19:21:02 added.
2022-04-14 19:21:02 | record_time.R done.-------------------------------------- 

2022-04-14 19:21:42 | record_time.R ------------------------------------------- 
Timestamp: 2022-04-14 19:21:42 added.
2022-04-14 19:21:42 | record_time.R done.-------------------------------------- 

2022-04-14 20:41:19 | record_time.R ------------------------------------------- 
Timestamp: 2022-04-14 20:41:19 added.
2022-04-14 20:41:19 | record_time.R done.-------------------------------------- 

2022-04-14 20:45:30 | record_time.R ------------------------------------------- 
Timestamp: 2022-04-14 20:45:30 added.
2022-04-14 20:45:30 | record_time.R done.-------------------------------------- 

2022-04-14 20:47:47 | record_time.R ------------------------------------------- 
Timestamp: 2022-04-14 20:47:47 added.
2022-04-14 20:47:47 | record_time.R done.-------------------------------------- 

2022-04-14 20:48:40 | record_time.R ------------------------------------------- 
Timestamp: 2022-04-14 20:48:40 added.
2022-04-14 20:48:40 | record_time.R done.-------------------------------------- 

2022-04-14 20:53:27 | record_time.R ------------------------------------------- 
Timestamp: 2022-04-14 20:53:27 added.
2022-04-14 20:53:27 | record_time.R done.-------------------------------------- 

2022-04-14 20:53:57 | record_time.R ------------------------------------------- 
Timestamp: 2022-04-14 20:53:57 added.
2022-04-14 20:53:57 | record_time.R done.-------------------------------------- 

2022-04-14 20:54:26 | record_time.R ------------------------------------------- 
Timestamp: 2022-04-14 20:54:26 added.
2022-04-14 20:54:26 | record_time.R done.-------------------------------------- 

2022-04-14 21:02:52 | record_time.R ------------------------------------------- 
Timestamp: 2022-04-14 21:02:52 added.
2022-04-14 21:02:52 | record_time.R done.-------------------------------------- 

2022-04-14 21:10:03 | record_time.R ------------------------------------------- 
Timestamp: 2022-04-14 21:10:03 added.
2022-04-14 21:10:03 | record_time.R done.-------------------------------------- 

2022-04-14 21:28:26 | record_time.R ------------------------------------------- 
Timestamp: 2022-04-14 21:28:26 added.
2022-04-14 21:28:26 | record_time.R done.-------------------------------------- 

2022-04-14 21:29:36 | record_time.R ------------------------------------------- 
Timestamp: 2022-04-14 21:29:36 added.
2022-04-14 21:29:36 | record_time.R done.-------------------------------------- 

2022-04-14 21:34:26 | record_time.R ------------------------------------------- 
Timestamp: 2022-04-14 21:34:26 added.
2022-04-14 21:34:26 | record_time.R done.-------------------------------------- 

2022-04-14 21:35:07 | record_time.R ------------------------------------------- 
Timestamp: 2022-04-14 21:35:07 added.
2022-04-14 21:35:07 | record_time.R done.-------------------------------------- 

2022-04-14 22:54:46 | record_time.R ------------------------------------------- 
Timestamp: 2022-04-14 22:54:46 added.
2022-04-14 22:54:46 | record_time.R done.-------------------------------------- 

2022-04-14 22:58:56 | record_time.R ------------------------------------------- 
Timestamp: 2022-04-14 22:58:56 added.
2022-04-14 22:58:56 | record_time.R done.-------------------------------------- 

2022-04-14 23:01:15 | record_time.R ------------------------------------------- 
Timestamp: 2022-04-14 23:01:15 added.
2022-04-14 23:01:15 | record_time.R done.-------------------------------------- 

2022-04-14 23:02:07 | record_time.R ------------------------------------------- 
Timestamp: 2022-04-14 23:02:07 added.
2022-04-14 23:02:07 | record_time.R done.-------------------------------------- 

2022-04-14 23:06:54 | record_time.R ------------------------------------------- 
Timestamp: 2022-04-14 23:06:54 added.
2022-04-14 23:06:54 | record_time.R done.-------------------------------------- 

2022-04-14 23:07:22 | record_time.R ------------------------------------------- 
Timestamp: 2022-04-14 23:07:22 added.
2022-04-14 23:07:22 | record_time.R done.-------------------------------------- 

2022-04-14 23:07:52 | record_time.R ------------------------------------------- 
Timestamp: 2022-04-14 23:07:52 added.
2022-04-14 23:07:52 | record_time.R done.-------------------------------------- 

2022-04-14 23:16:18 | record_time.R ------------------------------------------- 
Timestamp: 2022-04-14 23:16:18 added.
2022-04-14 23:16:18 | record_time.R done.-------------------------------------- 

2022-04-14 23:23:29 | record_time.R ------------------------------------------- 
Timestamp: 2022-04-14 23:23:29 added.
2022-04-14 23:23:29 | record_time.R done.-------------------------------------- 

2022-04-14 23:41:50 | record_time.R ------------------------------------------- 
Timestamp: 2022-04-14 23:41:50 added.
2022-04-14 23:41:50 | record_time.R done.-------------------------------------- 

2022-04-14 23:42:46 | record_time.R ------------------------------------------- 
Timestamp: 2022-04-14 23:42:46 added.
2022-04-14 23:42:46 | record_time.R done.-------------------------------------- 

2022-04-15 11:57:18 | record_time.R ------------------------------------------- 
Timestamp: 2022-04-15 11:57:18 added.
2022-04-15 11:57:18 | record_time.R done.-------------------------------------- 

2022-04-15 11:59:54 | record_time.R ------------------------------------------- 
Timestamp: 2022-04-15 11:59:54 added.
2022-04-15 11:59:54 | record_time.R done.-------------------------------------- 

2022-04-15 12:02:03 | record_time.R ------------------------------------------- 
Timestamp: 2022-04-15 12:02:03 added.
2022-04-15 12:02:03 | record_time.R done.-------------------------------------- 

2022-04-15 12:02:41 | record_time.R ------------------------------------------- 
Timestamp: 2022-04-15 12:02:41 added.
2022-04-15 12:02:41 | record_time.R done.-------------------------------------- 

2022-04-15 14:19:58 | record_time.R ------------------------------------------- 
Timestamp: 2022-04-15 14:19:58 added.
2022-04-15 14:19:58 | record_time.R done.-------------------------------------- 

2022-04-15 14:38:16 | record_time.R ------------------------------------------- 
Timestamp: 2022-04-15 14:38:16 added.
2022-04-15 14:38:16 | record_time.R done.-------------------------------------- 

2022-04-15 14:46:43 | record_time.R ------------------------------------------- 
Timestamp: 2022-04-15 14:46:43 added.
2022-04-15 14:46:43 | record_time.R done.-------------------------------------- 

2022-04-15 14:55:17 | record_time.R ------------------------------------------- 
Timestamp: 2022-04-15 14:55:17 added.
2022-04-15 14:55:17 | record_time.R done.-------------------------------------- 

2022-04-15 15:00:29 | record_time.R ------------------------------------------- 
Timestamp: 2022-04-15 15:00:29 added.
2022-04-15 15:00:29 | record_time.R done.-------------------------------------- 

2022-04-15 15:01:09 | record_time.R ------------------------------------------- 
Timestamp: 2022-04-15 15:01:09 added.
2022-04-15 15:01:09 | record_time.R done.-------------------------------------- 

2022-04-15 16:20:43 | record_time.R ------------------------------------------- 
Timestamp: 2022-04-15 16:20:43 added.
2022-04-15 16:20:43 | record_time.R done.-------------------------------------- 

2022-04-15 16:24:53 | record_time.R ------------------------------------------- 
Timestamp: 2022-04-15 16:24:53 added.
2022-04-15 16:24:53 | record_time.R done.-------------------------------------- 

2022-04-15 16:27:11 | record_time.R ------------------------------------------- 
Timestamp: 2022-04-15 16:27:11 added.
2022-04-15 16:27:11 | record_time.R done.-------------------------------------- 

2022-04-15 16:28:03 | record_time.R ------------------------------------------- 
Timestamp: 2022-04-15 16:28:03 added.
2022-04-15 16:28:03 | record_time.R done.-------------------------------------- 

2022-04-15 16:33:03 | record_time.R ------------------------------------------- 
Timestamp: 2022-04-15 16:33:03 added.
2022-04-15 16:33:03 | record_time.R done.-------------------------------------- 

2022-04-15 18:12:39 | record_time.R ------------------------------------------- 
Timestamp: 2022-04-15 18:12:39 added.
2022-04-15 18:12:39 | record_time.R done.-------------------------------------- 

2022-04-15 18:21:02 | record_time.R ------------------------------------------- 
Timestamp: 2022-04-15 18:21:02 added.
2022-04-15 18:21:02 | record_time.R done.-------------------------------------- 

2022-04-15 18:28:14 | record_time.R ------------------------------------------- 
Timestamp: 2022-04-15 18:28:14 added.
2022-04-15 18:28:14 | record_time.R done.-------------------------------------- 

2022-04-15 18:46:31 | record_time.R ------------------------------------------- 
Timestamp: 2022-04-15 18:46:31 added.
2022-04-15 18:46:31 | record_time.R done.-------------------------------------- 

2022-04-15 18:47:27 | record_time.R ------------------------------------------- 
Timestamp: 2022-04-15 18:47:27 added.
2022-04-15 18:47:27 | record_time.R done.-------------------------------------- 

2022-04-15 18:52:17 | record_time.R ------------------------------------------- 
Timestamp: 2022-04-15 18:52:17 added.
2022-04-15 18:52:17 | record_time.R done.-------------------------------------- 

2022-04-15 18:52:57 | record_time.R ------------------------------------------- 
Timestamp: 2022-04-15 18:52:57 added.
2022-04-15 18:52:57 | record_time.R done.-------------------------------------- 

2022-04-15 20:12:33 | record_time.R ------------------------------------------- 
Timestamp: 2022-04-15 20:12:33 added.
2022-04-15 20:12:33 | record_time.R done.-------------------------------------- 

2022-04-15 20:16:44 | record_time.R ------------------------------------------- 
Timestamp: 2022-04-15 20:16:44 added.
2022-04-15 20:16:44 | record_time.R done.-------------------------------------- 

2022-04-15 20:19:01 | record_time.R ------------------------------------------- 
Timestamp: 2022-04-15 20:19:01 added.
2022-04-15 20:19:01 | record_time.R done.-------------------------------------- 

2022-04-15 20:19:55 | record_time.R ------------------------------------------- 
Timestamp: 2022-04-15 20:19:55 added.
2022-04-15 20:19:55 | record_time.R done.-------------------------------------- 

2022-04-15 20:24:41 | record_time.R ------------------------------------------- 
Timestamp: 2022-04-15 20:24:41 added.
2022-04-15 20:24:41 | record_time.R done.-------------------------------------- 

2022-04-15 20:25:14 | record_time.R ------------------------------------------- 
Timestamp: 2022-04-15 20:25:14 added.
2022-04-15 20:25:14 | record_time.R done.-------------------------------------- 

2022-04-15 20:25:44 | record_time.R ------------------------------------------- 
Timestamp: 2022-04-15 20:25:44 added.
2022-04-15 20:25:44 | record_time.R done.-------------------------------------- 

2022-04-15 20:34:08 | record_time.R ------------------------------------------- 
Timestamp: 2022-04-15 20:34:08 added.
2022-04-15 20:34:08 | record_time.R done.-------------------------------------- 

2022-04-15 20:36:24 | record_time.R ------------------------------------------- 
Timestamp: 2022-04-15 20:36:24 added.
2022-04-15 20:36:24 | record_time.R done.-------------------------------------- 

2022-04-16 15:46:56 | record_time.R ------------------------------------------- 
Timestamp: 2022-04-16 15:46:56 added.
2022-04-16 15:46:56 | record_time.R done.-------------------------------------- 

2022-04-16 17:52:49 | record_time.R ------------------------------------------- 
Timestamp: 2022-04-16 17:52:49 added.
2022-04-16 17:52:49 | record_time.R done.-------------------------------------- 

2022-04-16 19:58:37 | record_time.R ------------------------------------------- 
Timestamp: 2022-04-16 19:58:37 added.
2022-04-16 19:58:37 | record_time.R done.-------------------------------------- 

2022-04-16 22:04:30 | record_time.R ------------------------------------------- 
Timestamp: 2022-04-16 22:04:30 added.
2022-04-16 22:04:30 | record_time.R done.-------------------------------------- 

2022-04-17 00:10:17 | record_time.R ------------------------------------------- 
Timestamp: 2022-04-17 00:10:17 added.
2022-04-17 00:10:17 | record_time.R done.-------------------------------------- 

2022-04-17 02:15:59 | record_time.R ------------------------------------------- 
Timestamp: 2022-04-17 02:15:59 added.
2022-04-17 02:15:59 | record_time.R done.-------------------------------------- 

