2022-04-17 12:31:45 | record_time.R ------------------------------------------- 
Timestamp: 2022-04-17 12:31:45 added.
2022-04-17 12:31:45 | record_time.R done.-------------------------------------- 

2022-04-17 12:31:47 | record_time.R ------------------------------------------- 
Timestamp: 2022-04-17 12:31:47 added.
2022-04-17 12:31:47 | record_time.R done.-------------------------------------- 

2022-04-17 12:42:17 | record_time.R ------------------------------------------- 
Timestamp: 2022-04-17 12:42:17 added.
2022-04-17 12:42:17 | record_time.R done.-------------------------------------- 

2022-04-17 12:42:48 | record_time.R ------------------------------------------- 
Timestamp: 2022-04-17 12:42:48 added.
2022-04-17 12:42:48 | record_time.R done.-------------------------------------- 

2022-04-17 13:04:16 | record_time.R ------------------------------------------- 
Timestamp: 2022-04-17 13:04:16 added.
2022-04-17 13:04:16 | record_time.R done.-------------------------------------- 

2022-04-17 13:04:55 | record_time.R ------------------------------------------- 
Timestamp: 2022-04-17 13:04:55 added.
2022-04-17 13:04:55 | record_time.R done.-------------------------------------- 

2022-04-17 13:29:40 | record_time.R ------------------------------------------- 
Timestamp: 2022-04-17 13:29:40 added.
2022-04-17 13:29:40 | record_time.R done.-------------------------------------- 

2022-04-17 13:30:20 | record_time.R ------------------------------------------- 
Timestamp: 2022-04-17 13:30:20 added.
2022-04-17 13:30:20 | record_time.R done.-------------------------------------- 

2022-04-17 13:55:07 | record_time.R ------------------------------------------- 
Timestamp: 2022-04-17 13:55:07 added.
2022-04-17 13:55:07 | record_time.R done.-------------------------------------- 

2022-04-17 13:55:47 | record_time.R ------------------------------------------- 
Timestamp: 2022-04-17 13:55:47 added.
2022-04-17 13:55:47 | record_time.R done.-------------------------------------- 

2022-04-17 14:20:40 | record_time.R ------------------------------------------- 
Timestamp: 2022-04-17 14:20:40 added.
2022-04-17 14:20:40 | record_time.R done.-------------------------------------- 

2022-04-17 14:21:19 | record_time.R ------------------------------------------- 
Timestamp: 2022-04-17 14:21:19 added.
2022-04-17 14:21:19 | record_time.R done.-------------------------------------- 

2022-04-17 14:46:35 | record_time.R ------------------------------------------- 
Timestamp: 2022-04-17 14:46:35 added.
2022-04-17 14:46:35 | record_time.R done.-------------------------------------- 

2022-04-17 14:47:14 | record_time.R ------------------------------------------- 
Timestamp: 2022-04-17 14:47:14 added.
2022-04-17 14:47:14 | record_time.R done.-------------------------------------- 

2022-04-17 15:32:59 | record_time.R ------------------------------------------- 
Timestamp: 2022-04-17 15:32:59 added.
2022-04-17 15:32:59 | record_time.R done.-------------------------------------- 

2022-04-17 15:35:23 | record_time.R ------------------------------------------- 
Timestamp: 2022-04-17 15:35:23 added.
2022-04-17 15:35:23 | record_time.R done.-------------------------------------- 

2022-04-17 15:45:28 | record_time.R ------------------------------------------- 
Warning: 2 parsing failures.
row      col   expected actual                                    file
  1 plate    an integer   none 'experiments/20220412_output/times.csv'
  1 transfer an integer   none 'experiments/20220412_output/times.csv'

Timestamp: 2022-04-17 15:45:28 added.
2022-04-17 15:45:28 | record_time.R done.-------------------------------------- 

2022-04-17 15:47:22 | record_time.R ------------------------------------------- 
Timestamp: 2022-04-17 15:47:22 added.
2022-04-17 15:47:22 | record_time.R done.-------------------------------------- 

2022-04-17 15:51:23 | record_time.R ------------------------------------------- 
Timestamp: 2022-04-17 15:51:23 added.
2022-04-17 15:51:23 | record_time.R done.-------------------------------------- 

2022-04-17 15:51:46 | record_time.R ------------------------------------------- 
Timestamp: 2022-04-17 15:51:46 added.
2022-04-17 15:51:46 | record_time.R done.-------------------------------------- 

2022-04-17 15:55:48 | record_time.R ------------------------------------------- 
Timestamp: 2022-04-17 15:55:48 added.
2022-04-17 15:55:48 | record_time.R done.-------------------------------------- 

2022-04-17 16:00:45 | record_time.R ------------------------------------------- 
Timestamp: 2022-04-17 16:00:45 added.
2022-04-17 16:00:45 | record_time.R done.-------------------------------------- 

2022-04-17 16:22:29 | record_time.R ------------------------------------------- 
Timestamp: 2022-04-17 16:22:29 added.
2022-04-17 16:22:29 | record_time.R done.-------------------------------------- 

2022-04-17 16:23:30 | record_time.R ------------------------------------------- 
Timestamp: 2022-04-17 16:23:30 added.
2022-04-17 16:23:30 | record_time.R done.-------------------------------------- 

2022-04-17 16:28:21 | record_time.R ------------------------------------------- 
Timestamp: 2022-04-17 16:28:21 added.
2022-04-17 16:28:21 | record_time.R done.-------------------------------------- 

2022-04-17 16:29:02 | record_time.R ------------------------------------------- 
Timestamp: 2022-04-17 16:29:02 added.
2022-04-17 16:29:02 | record_time.R done.-------------------------------------- 

2022-04-17 17:37:23 | record_time.R ------------------------------------------- 
Timestamp: 2022-04-17 17:37:24 added.
2022-04-17 17:37:24 | record_time.R done.-------------------------------------- 

2022-04-17 17:41:58 | record_time.R ------------------------------------------- 
Timestamp: 2022-04-17 17:41:58 added.
2022-04-17 17:41:58 | record_time.R done.-------------------------------------- 

2022-04-17 17:44:16 | record_time.R ------------------------------------------- 
Timestamp: 2022-04-17 17:44:16 added.
2022-04-17 17:44:16 | record_time.R done.-------------------------------------- 

2022-04-17 17:45:09 | record_time.R ------------------------------------------- 
Timestamp: 2022-04-17 17:45:09 added.
2022-04-17 17:45:09 | record_time.R done.-------------------------------------- 

2022-04-17 17:49:56 | record_time.R ------------------------------------------- 
Timestamp: 2022-04-17 17:49:56 added.
2022-04-17 17:49:56 | record_time.R done.-------------------------------------- 

2022-04-17 17:50:26 | record_time.R ------------------------------------------- 
Timestamp: 2022-04-17 17:50:26 added.
2022-04-17 17:50:26 | record_time.R done.-------------------------------------- 

2022-04-17 17:50:55 | record_time.R ------------------------------------------- 
Timestamp: 2022-04-17 17:50:55 added.
2022-04-17 17:50:55 | record_time.R done.-------------------------------------- 

2022-04-17 17:59:20 | record_time.R ------------------------------------------- 
Timestamp: 2022-04-17 17:59:20 added.
2022-04-17 17:59:20 | record_time.R done.-------------------------------------- 

2022-04-17 18:01:44 | record_time.R ------------------------------------------- 
Timestamp: 2022-04-17 18:01:44 added.
2022-04-17 18:01:44 | record_time.R done.-------------------------------------- 

2022-04-17 18:05:48 | record_time.R ------------------------------------------- 
Timestamp: 2022-04-17 18:05:48 added.
2022-04-17 18:05:48 | record_time.R done.-------------------------------------- 

2022-04-17 18:10:43 | record_time.R ------------------------------------------- 
Timestamp: 2022-04-17 18:10:43 added.
2022-04-17 18:10:43 | record_time.R done.-------------------------------------- 

2022-04-17 18:32:26 | record_time.R ------------------------------------------- 
Timestamp: 2022-04-17 18:32:26 added.
2022-04-17 18:32:26 | record_time.R done.-------------------------------------- 

2022-04-17 18:33:28 | record_time.R ------------------------------------------- 
Timestamp: 2022-04-17 18:33:28 added.
2022-04-17 18:33:28 | record_time.R done.-------------------------------------- 

2022-04-17 18:38:18 | record_time.R ------------------------------------------- 
Timestamp: 2022-04-17 18:38:18 added.
2022-04-17 18:38:18 | record_time.R done.-------------------------------------- 

2022-04-17 18:38:58 | record_time.R ------------------------------------------- 
Timestamp: 2022-04-17 18:38:58 added.
2022-04-17 18:38:58 | record_time.R done.-------------------------------------- 

2022-04-17 19:47:23 | record_time.R ------------------------------------------- 
Timestamp: 2022-04-17 19:47:23 added.
2022-04-17 19:47:23 | record_time.R done.-------------------------------------- 

2022-04-17 19:51:58 | record_time.R ------------------------------------------- 
Timestamp: 2022-04-17 19:51:58 added.
2022-04-17 19:51:58 | record_time.R done.-------------------------------------- 

2022-04-17 19:54:16 | record_time.R ------------------------------------------- 
Timestamp: 2022-04-17 19:54:16 added.
2022-04-17 19:54:16 | record_time.R done.-------------------------------------- 

2022-04-17 19:55:09 | record_time.R ------------------------------------------- 
Timestamp: 2022-04-17 19:55:09 added.
2022-04-17 19:55:09 | record_time.R done.-------------------------------------- 

2022-04-17 19:59:56 | record_time.R ------------------------------------------- 
Timestamp: 2022-04-17 19:59:56 added.
2022-04-17 19:59:56 | record_time.R done.-------------------------------------- 

2022-04-17 20:00:24 | record_time.R ------------------------------------------- 
Timestamp: 2022-04-17 20:00:24 added.
2022-04-17 20:00:24 | record_time.R done.-------------------------------------- 

2022-04-17 20:00:54 | record_time.R ------------------------------------------- 
Timestamp: 2022-04-17 20:00:54 added.
2022-04-17 20:00:54 | record_time.R done.-------------------------------------- 

2022-04-17 20:09:18 | record_time.R ------------------------------------------- 
Timestamp: 2022-04-17 20:09:18 added.
2022-04-17 20:09:18 | record_time.R done.-------------------------------------- 

2022-04-17 20:11:42 | record_time.R ------------------------------------------- 
Timestamp: 2022-04-17 20:11:42 added.
2022-04-17 20:11:42 | record_time.R done.-------------------------------------- 

2022-04-17 20:15:43 | record_time.R ------------------------------------------- 
Timestamp: 2022-04-17 20:15:43 added.
2022-04-17 20:15:43 | record_time.R done.-------------------------------------- 

2022-04-17 20:20:38 | record_time.R ------------------------------------------- 
Timestamp: 2022-04-17 20:20:38 added.
2022-04-17 20:20:38 | record_time.R done.-------------------------------------- 

2022-04-17 20:42:17 | record_time.R ------------------------------------------- 
Timestamp: 2022-04-17 20:42:17 added.
2022-04-17 20:42:17 | record_time.R done.-------------------------------------- 

2022-04-17 20:43:19 | record_time.R ------------------------------------------- 
Timestamp: 2022-04-17 20:43:19 added.
2022-04-17 20:43:19 | record_time.R done.-------------------------------------- 

2022-04-17 20:48:09 | record_time.R ------------------------------------------- 
Timestamp: 2022-04-17 20:48:09 added.
2022-04-17 20:48:09 | record_time.R done.-------------------------------------- 

2022-04-17 20:48:49 | record_time.R ------------------------------------------- 
Timestamp: 2022-04-17 20:48:49 added.
2022-04-17 20:48:49 | record_time.R done.-------------------------------------- 

2022-04-17 21:57:14 | record_time.R ------------------------------------------- 
Timestamp: 2022-04-17 21:57:14 added.
2022-04-17 21:57:14 | record_time.R done.-------------------------------------- 

2022-04-17 22:01:49 | record_time.R ------------------------------------------- 
Timestamp: 2022-04-17 22:01:49 added.
2022-04-17 22:01:49 | record_time.R done.-------------------------------------- 

2022-04-17 22:04:07 | record_time.R ------------------------------------------- 
Timestamp: 2022-04-17 22:04:07 added.
2022-04-17 22:04:07 | record_time.R done.-------------------------------------- 

2022-04-17 22:04:59 | record_time.R ------------------------------------------- 
Timestamp: 2022-04-17 22:04:59 added.
2022-04-17 22:04:59 | record_time.R done.-------------------------------------- 

2022-04-17 22:09:46 | record_time.R ------------------------------------------- 
Timestamp: 2022-04-17 22:09:46 added.
2022-04-17 22:09:46 | record_time.R done.-------------------------------------- 

2022-04-17 22:10:15 | record_time.R ------------------------------------------- 
Timestamp: 2022-04-17 22:10:15 added.
2022-04-17 22:10:15 | record_time.R done.-------------------------------------- 

2022-04-17 22:10:44 | record_time.R ------------------------------------------- 
Timestamp: 2022-04-17 22:10:44 added.
2022-04-17 22:10:44 | record_time.R done.-------------------------------------- 

2022-04-17 22:19:09 | record_time.R ------------------------------------------- 
Timestamp: 2022-04-17 22:19:09 added.
2022-04-17 22:19:09 | record_time.R done.-------------------------------------- 

2022-04-17 22:21:33 | record_time.R ------------------------------------------- 
Timestamp: 2022-04-17 22:21:33 added.
2022-04-17 22:21:33 | record_time.R done.-------------------------------------- 

2022-04-17 22:25:40 | record_time.R ------------------------------------------- 
Timestamp: 2022-04-17 22:25:40 added.
2022-04-17 22:25:40 | record_time.R done.-------------------------------------- 

2022-04-17 22:30:36 | record_time.R ------------------------------------------- 
Timestamp: 2022-04-17 22:30:36 added.
2022-04-17 22:30:36 | record_time.R done.-------------------------------------- 

2022-04-17 22:52:12 | record_time.R ------------------------------------------- 
Timestamp: 2022-04-17 22:52:12 added.
2022-04-17 22:52:12 | record_time.R done.-------------------------------------- 

2022-04-17 22:53:14 | record_time.R ------------------------------------------- 
Timestamp: 2022-04-17 22:53:14 added.
2022-04-17 22:53:14 | record_time.R done.-------------------------------------- 

2022-04-17 22:58:05 | record_time.R ------------------------------------------- 
Timestamp: 2022-04-17 22:58:05 added.
2022-04-17 22:58:05 | record_time.R done.-------------------------------------- 

2022-04-17 22:58:45 | record_time.R ------------------------------------------- 
Timestamp: 2022-04-17 22:58:45 added.
2022-04-17 22:58:45 | record_time.R done.-------------------------------------- 

2022-04-18 00:07:11 | record_time.R ------------------------------------------- 
Timestamp: 2022-04-18 00:07:11 added.
2022-04-18 00:07:11 | record_time.R done.-------------------------------------- 

2022-04-18 00:11:45 | record_time.R ------------------------------------------- 
Timestamp: 2022-04-18 00:11:45 added.
2022-04-18 00:11:45 | record_time.R done.-------------------------------------- 

2022-04-18 00:14:03 | record_time.R ------------------------------------------- 
Timestamp: 2022-04-18 00:14:03 added.
2022-04-18 00:14:03 | record_time.R done.-------------------------------------- 

2022-04-18 00:14:55 | record_time.R ------------------------------------------- 
Timestamp: 2022-04-18 00:14:55 added.
2022-04-18 00:14:55 | record_time.R done.-------------------------------------- 

2022-04-18 00:19:42 | record_time.R ------------------------------------------- 
Timestamp: 2022-04-18 00:19:42 added.
2022-04-18 00:19:42 | record_time.R done.-------------------------------------- 

2022-04-18 00:20:10 | record_time.R ------------------------------------------- 
Timestamp: 2022-04-18 00:20:10 added.
2022-04-18 00:20:10 | record_time.R done.-------------------------------------- 

2022-04-18 00:20:40 | record_time.R ------------------------------------------- 
Timestamp: 2022-04-18 00:20:40 added.
2022-04-18 00:20:40 | record_time.R done.-------------------------------------- 

2022-04-18 00:29:05 | record_time.R ------------------------------------------- 
Timestamp: 2022-04-18 00:29:05 added.
2022-04-18 00:29:05 | record_time.R done.-------------------------------------- 

2022-04-18 00:31:29 | record_time.R ------------------------------------------- 
Timestamp: 2022-04-18 00:31:29 added.
2022-04-18 00:31:29 | record_time.R done.-------------------------------------- 

2022-04-18 00:35:33 | record_time.R ------------------------------------------- 
Timestamp: 2022-04-18 00:35:33 added.
2022-04-18 00:35:33 | record_time.R done.-------------------------------------- 

2022-04-18 00:40:28 | record_time.R ------------------------------------------- 
Timestamp: 2022-04-18 00:40:28 added.
2022-04-18 00:40:28 | record_time.R done.-------------------------------------- 

2022-04-18 01:02:01 | record_time.R ------------------------------------------- 
Timestamp: 2022-04-18 01:02:01 added.
2022-04-18 01:02:02 | record_time.R done.-------------------------------------- 

2022-04-18 01:03:02 | record_time.R ------------------------------------------- 
Timestamp: 2022-04-18 01:03:02 added.
2022-04-18 01:03:02 | record_time.R done.-------------------------------------- 

2022-04-18 01:07:53 | record_time.R ------------------------------------------- 
Timestamp: 2022-04-18 01:07:53 added.
2022-04-18 01:07:53 | record_time.R done.-------------------------------------- 

2022-04-18 01:08:33 | record_time.R ------------------------------------------- 
Timestamp: 2022-04-18 01:08:33 added.
2022-04-18 01:08:33 | record_time.R done.-------------------------------------- 

2022-04-18 02:16:55 | record_time.R ------------------------------------------- 
Timestamp: 2022-04-18 02:16:55 added.
2022-04-18 02:16:55 | record_time.R done.-------------------------------------- 

2022-04-18 02:21:30 | record_time.R ------------------------------------------- 
Timestamp: 2022-04-18 02:21:30 added.
2022-04-18 02:21:30 | record_time.R done.-------------------------------------- 

2022-04-18 02:23:48 | record_time.R ------------------------------------------- 
Timestamp: 2022-04-18 02:23:48 added.
2022-04-18 02:23:48 | record_time.R done.-------------------------------------- 

2022-04-18 02:24:40 | record_time.R ------------------------------------------- 
Timestamp: 2022-04-18 02:24:40 added.
2022-04-18 02:24:40 | record_time.R done.-------------------------------------- 

2022-04-18 02:29:27 | record_time.R ------------------------------------------- 
Timestamp: 2022-04-18 02:29:27 added.
2022-04-18 02:29:27 | record_time.R done.-------------------------------------- 

2022-04-18 02:29:56 | record_time.R ------------------------------------------- 
Timestamp: 2022-04-18 02:29:56 added.
2022-04-18 02:29:56 | record_time.R done.-------------------------------------- 

2022-04-18 02:30:25 | record_time.R ------------------------------------------- 
Timestamp: 2022-04-18 02:30:25 added.
2022-04-18 02:30:25 | record_time.R done.-------------------------------------- 

2022-04-18 02:38:50 | record_time.R ------------------------------------------- 
Timestamp: 2022-04-18 02:38:50 added.
2022-04-18 02:38:50 | record_time.R done.-------------------------------------- 

2022-04-18 02:41:14 | record_time.R ------------------------------------------- 
Timestamp: 2022-04-18 02:41:14 added.
2022-04-18 02:41:14 | record_time.R done.-------------------------------------- 

2022-04-18 02:45:15 | record_time.R ------------------------------------------- 
Timestamp: 2022-04-18 02:45:15 added.
2022-04-18 02:45:15 | record_time.R done.-------------------------------------- 

2022-04-18 02:50:10 | record_time.R ------------------------------------------- 
Timestamp: 2022-04-18 02:50:10 added.
2022-04-18 02:50:10 | record_time.R done.-------------------------------------- 

2022-04-18 03:11:40 | record_time.R ------------------------------------------- 
Timestamp: 2022-04-18 03:11:40 added.
2022-04-18 03:11:40 | record_time.R done.-------------------------------------- 

2022-04-18 03:12:41 | record_time.R ------------------------------------------- 
Timestamp: 2022-04-18 03:12:41 added.
2022-04-18 03:12:41 | record_time.R done.-------------------------------------- 

2022-04-18 03:17:31 | record_time.R ------------------------------------------- 
Timestamp: 2022-04-18 03:17:31 added.
2022-04-18 03:17:31 | record_time.R done.-------------------------------------- 

2022-04-18 03:18:12 | record_time.R ------------------------------------------- 
Timestamp: 2022-04-18 03:18:12 added.
2022-04-18 03:18:12 | record_time.R done.-------------------------------------- 

2022-04-18 04:26:36 | record_time.R ------------------------------------------- 
Timestamp: 2022-04-18 04:26:36 added.
2022-04-18 04:26:36 | record_time.R done.-------------------------------------- 

2022-04-18 04:31:11 | record_time.R ------------------------------------------- 
Timestamp: 2022-04-18 04:31:11 added.
2022-04-18 04:31:11 | record_time.R done.-------------------------------------- 

2022-04-18 04:33:29 | record_time.R ------------------------------------------- 
Timestamp: 2022-04-18 04:33:29 added.
2022-04-18 04:33:30 | record_time.R done.-------------------------------------- 

2022-04-18 04:34:22 | record_time.R ------------------------------------------- 
Timestamp: 2022-04-18 04:34:22 added.
2022-04-18 04:34:22 | record_time.R done.-------------------------------------- 

2022-04-18 04:39:09 | record_time.R ------------------------------------------- 
Timestamp: 2022-04-18 04:39:09 added.
2022-04-18 04:39:09 | record_time.R done.-------------------------------------- 

2022-04-18 04:39:37 | record_time.R ------------------------------------------- 
Timestamp: 2022-04-18 04:39:37 added.
2022-04-18 04:39:37 | record_time.R done.-------------------------------------- 

2022-04-18 04:40:08 | record_time.R ------------------------------------------- 
Timestamp: 2022-04-18 04:40:08 added.
2022-04-18 04:40:08 | record_time.R done.-------------------------------------- 

2022-04-18 04:48:33 | record_time.R ------------------------------------------- 
Timestamp: 2022-04-18 04:48:33 added.
2022-04-18 04:48:33 | record_time.R done.-------------------------------------- 

2022-04-18 04:50:47 | record_time.R ------------------------------------------- 
Timestamp: 2022-04-18 04:50:47 added.
2022-04-18 04:50:47 | record_time.R done.-------------------------------------- 

2022-04-18 17:18:23 | record_time.R ------------------------------------------- 
Timestamp: 2022-04-18 17:18:23 added.
2022-04-18 17:18:23 | record_time.R done.-------------------------------------- 

2022-04-18 19:23:49 | record_time.R ------------------------------------------- 
Timestamp: 2022-04-18 19:23:49 added.
2022-04-18 19:23:49 | record_time.R done.-------------------------------------- 

2022-04-18 21:29:14 | record_time.R ------------------------------------------- 
Timestamp: 2022-04-18 21:29:14 added.
2022-04-18 21:29:14 | record_time.R done.-------------------------------------- 

2022-04-18 23:34:45 | record_time.R ------------------------------------------- 
Timestamp: 2022-04-18 23:34:45 added.
2022-04-18 23:34:45 | record_time.R done.-------------------------------------- 

2022-04-19 01:40:05 | record_time.R ------------------------------------------- 
Timestamp: 2022-04-19 01:40:05 added.
2022-04-19 01:40:05 | record_time.R done.-------------------------------------- 

2022-04-19 03:45:22 | record_time.R ------------------------------------------- 
Timestamp: 2022-04-19 03:45:22 added.
2022-04-19 03:45:22 | record_time.R done.-------------------------------------- 

