2022-04-23 12:49:50 | record_time.R ------------------------------------------- 
Timestamp: 2022-04-23 12:49:50 added.
2022-04-23 12:49:50 | record_time.R done.-------------------------------------- 

2022-04-23 12:49:52 | record_time.R ------------------------------------------- 
Timestamp: 2022-04-23 12:49:52 added.
2022-04-23 12:49:52 | record_time.R done.-------------------------------------- 

2022-04-23 13:00:28 | record_time.R ------------------------------------------- 
Timestamp: 2022-04-23 13:00:28 added.
2022-04-23 13:00:28 | record_time.R done.-------------------------------------- 

2022-04-23 13:00:59 | record_time.R ------------------------------------------- 
Timestamp: 2022-04-23 13:00:59 added.
2022-04-23 13:00:59 | record_time.R done.-------------------------------------- 

2022-04-23 13:22:14 | record_time.R ------------------------------------------- 
Timestamp: 2022-04-23 13:22:14 added.
2022-04-23 13:22:14 | record_time.R done.-------------------------------------- 

2022-04-23 13:22:53 | record_time.R ------------------------------------------- 
Timestamp: 2022-04-23 13:22:53 added.
2022-04-23 13:22:53 | record_time.R done.-------------------------------------- 

2022-04-23 13:47:24 | record_time.R ------------------------------------------- 
Timestamp: 2022-04-23 13:47:24 added.
2022-04-23 13:47:24 | record_time.R done.-------------------------------------- 

2022-04-23 13:48:04 | record_time.R ------------------------------------------- 
Timestamp: 2022-04-23 13:48:04 added.
2022-04-23 13:48:04 | record_time.R done.-------------------------------------- 

2022-04-23 14:12:37 | record_time.R ------------------------------------------- 
Timestamp: 2022-04-23 14:12:37 added.
2022-04-23 14:12:37 | record_time.R done.-------------------------------------- 

2022-04-23 14:13:17 | record_time.R ------------------------------------------- 
Timestamp: 2022-04-23 14:13:17 added.
2022-04-23 14:13:17 | record_time.R done.-------------------------------------- 

2022-04-23 14:37:52 | record_time.R ------------------------------------------- 
Timestamp: 2022-04-23 14:37:52 added.
2022-04-23 14:37:52 | record_time.R done.-------------------------------------- 

2022-04-23 14:38:32 | record_time.R ------------------------------------------- 
Timestamp: 2022-04-23 14:38:32 added.
2022-04-23 14:38:32 | record_time.R done.-------------------------------------- 

2022-04-23 15:03:09 | record_time.R ------------------------------------------- 
Timestamp: 2022-04-23 15:03:09 added.
2022-04-23 15:03:09 | record_time.R done.-------------------------------------- 

2022-04-23 15:03:48 | record_time.R ------------------------------------------- 
Timestamp: 2022-04-23 15:03:48 added.
2022-04-23 15:03:48 | record_time.R done.-------------------------------------- 

2022-04-23 15:45:08 | record_time.R ------------------------------------------- 
Timestamp: 2022-04-23 15:45:08 added.
2022-04-23 15:45:08 | record_time.R done.-------------------------------------- 

2022-04-23 15:47:28 | record_time.R ------------------------------------------- 
Timestamp: 2022-04-23 15:47:28 added.
2022-04-23 15:47:28 | record_time.R done.-------------------------------------- 

2022-04-23 15:57:22 | record_time.R ------------------------------------------- 
Warning: 2 parsing failures.
row      col   expected actual                                    file
  1 plate    an integer   none 'experiments/20220412_output/times.csv'
  1 transfer an integer   none 'experiments/20220412_output/times.csv'

Timestamp: 2022-04-23 15:57:22 added.
2022-04-23 15:57:22 | record_time.R done.-------------------------------------- 

2022-04-23 15:59:16 | record_time.R ------------------------------------------- 
Timestamp: 2022-04-23 15:59:16 added.
2022-04-23 15:59:16 | record_time.R done.-------------------------------------- 

2022-04-23 16:03:18 | record_time.R ------------------------------------------- 
Timestamp: 2022-04-23 16:03:18 added.
2022-04-23 16:03:19 | record_time.R done.-------------------------------------- 

2022-04-23 16:03:41 | record_time.R ------------------------------------------- 
Timestamp: 2022-04-23 16:03:41 added.
2022-04-23 16:03:41 | record_time.R done.-------------------------------------- 

2022-04-23 16:07:48 | record_time.R ------------------------------------------- 
Timestamp: 2022-04-23 16:07:48 added.
2022-04-23 16:07:48 | record_time.R done.-------------------------------------- 

2022-04-23 16:12:45 | record_time.R ------------------------------------------- 
Timestamp: 2022-04-23 16:12:45 added.
2022-04-23 16:12:45 | record_time.R done.-------------------------------------- 

2022-04-23 16:33:22 | record_time.R ------------------------------------------- 
Timestamp: 2022-04-23 16:33:22 added.
2022-04-23 16:33:22 | record_time.R done.-------------------------------------- 

2022-04-23 16:34:19 | record_time.R ------------------------------------------- 
Timestamp: 2022-04-23 16:34:19 added.
2022-04-23 16:34:19 | record_time.R done.-------------------------------------- 

2022-04-23 16:39:10 | record_time.R ------------------------------------------- 
Timestamp: 2022-04-23 16:39:10 added.
2022-04-23 16:39:10 | record_time.R done.-------------------------------------- 

2022-04-23 16:39:50 | record_time.R ------------------------------------------- 
Timestamp: 2022-04-23 16:39:51 added.
2022-04-23 16:39:51 | record_time.R done.-------------------------------------- 

2022-04-23 17:47:44 | record_time.R ------------------------------------------- 
Timestamp: 2022-04-23 17:47:44 added.
2022-04-23 17:47:44 | record_time.R done.-------------------------------------- 

2022-04-23 17:52:10 | record_time.R ------------------------------------------- 
Timestamp: 2022-04-23 17:52:10 added.
2022-04-23 17:52:10 | record_time.R done.-------------------------------------- 

2022-04-23 17:54:26 | record_time.R ------------------------------------------- 
Timestamp: 2022-04-23 17:54:26 added.
2022-04-23 17:54:26 | record_time.R done.-------------------------------------- 

2022-04-23 17:55:18 | record_time.R ------------------------------------------- 
Timestamp: 2022-04-23 17:55:18 added.
2022-04-23 17:55:18 | record_time.R done.-------------------------------------- 

2022-04-23 18:00:05 | record_time.R ------------------------------------------- 
Timestamp: 2022-04-23 18:00:05 added.
2022-04-23 18:00:05 | record_time.R done.-------------------------------------- 

2022-04-23 18:00:34 | record_time.R ------------------------------------------- 
Timestamp: 2022-04-23 18:00:34 added.
2022-04-23 18:00:34 | record_time.R done.-------------------------------------- 

2022-04-23 18:01:04 | record_time.R ------------------------------------------- 
Timestamp: 2022-04-23 18:01:04 added.
2022-04-23 18:01:04 | record_time.R done.-------------------------------------- 

2022-04-23 18:09:26 | record_time.R ------------------------------------------- 
Timestamp: 2022-04-23 18:09:26 added.
2022-04-23 18:09:26 | record_time.R done.-------------------------------------- 

2022-04-23 18:11:49 | record_time.R ------------------------------------------- 
Timestamp: 2022-04-23 18:11:49 added.
2022-04-23 18:11:49 | record_time.R done.-------------------------------------- 

2022-04-23 18:15:43 | record_time.R ------------------------------------------- 
Timestamp: 2022-04-23 18:15:43 added.
2022-04-23 18:15:43 | record_time.R done.-------------------------------------- 

2022-04-23 18:20:39 | record_time.R ------------------------------------------- 
Timestamp: 2022-04-23 18:20:39 added.
2022-04-23 18:20:39 | record_time.R done.-------------------------------------- 

2022-04-23 18:41:15 | record_time.R ------------------------------------------- 
Timestamp: 2022-04-23 18:41:15 added.
2022-04-23 18:41:15 | record_time.R done.-------------------------------------- 

2022-04-23 18:42:12 | record_time.R ------------------------------------------- 
Timestamp: 2022-04-23 18:42:12 added.
2022-04-23 18:42:12 | record_time.R done.-------------------------------------- 

2022-04-23 18:47:03 | record_time.R ------------------------------------------- 
Timestamp: 2022-04-23 18:47:03 added.
2022-04-23 18:47:03 | record_time.R done.-------------------------------------- 

2022-04-23 18:47:43 | record_time.R ------------------------------------------- 
Timestamp: 2022-04-23 18:47:43 added.
2022-04-23 18:47:43 | record_time.R done.-------------------------------------- 

2022-04-23 19:55:35 | record_time.R ------------------------------------------- 
Timestamp: 2022-04-23 19:55:35 added.
2022-04-23 19:55:35 | record_time.R done.-------------------------------------- 

2022-04-23 20:00:01 | record_time.R ------------------------------------------- 
Timestamp: 2022-04-23 20:00:01 added.
2022-04-23 20:00:01 | record_time.R done.-------------------------------------- 

2022-04-23 20:02:17 | record_time.R ------------------------------------------- 
Timestamp: 2022-04-23 20:02:17 added.
2022-04-23 20:02:17 | record_time.R done.-------------------------------------- 

2022-04-23 20:03:08 | record_time.R ------------------------------------------- 
Timestamp: 2022-04-23 20:03:08 added.
2022-04-23 20:03:08 | record_time.R done.-------------------------------------- 

2022-04-23 20:07:56 | record_time.R ------------------------------------------- 
Timestamp: 2022-04-23 20:07:56 added.
2022-04-23 20:07:56 | record_time.R done.-------------------------------------- 

2022-04-23 20:08:24 | record_time.R ------------------------------------------- 
Timestamp: 2022-04-23 20:08:24 added.
2022-04-23 20:08:24 | record_time.R done.-------------------------------------- 

2022-04-23 20:08:54 | record_time.R ------------------------------------------- 
Timestamp: 2022-04-23 20:08:54 added.
2022-04-23 20:08:54 | record_time.R done.-------------------------------------- 

2022-04-23 20:17:16 | record_time.R ------------------------------------------- 
Timestamp: 2022-04-23 20:17:16 added.
2022-04-23 20:17:16 | record_time.R done.-------------------------------------- 

2022-04-23 20:19:39 | record_time.R ------------------------------------------- 
Timestamp: 2022-04-23 20:19:39 added.
2022-04-23 20:19:39 | record_time.R done.-------------------------------------- 

2022-04-23 20:23:30 | record_time.R ------------------------------------------- 
Timestamp: 2022-04-23 20:23:30 added.
2022-04-23 20:23:30 | record_time.R done.-------------------------------------- 

2022-04-23 20:28:26 | record_time.R ------------------------------------------- 
Timestamp: 2022-04-23 20:28:26 added.
2022-04-23 20:28:26 | record_time.R done.-------------------------------------- 

2022-04-23 20:48:57 | record_time.R ------------------------------------------- 
Timestamp: 2022-04-23 20:48:57 added.
2022-04-23 20:48:57 | record_time.R done.-------------------------------------- 

2022-04-23 20:49:55 | record_time.R ------------------------------------------- 
Timestamp: 2022-04-23 20:49:55 added.
2022-04-23 20:49:55 | record_time.R done.-------------------------------------- 

2022-04-23 20:54:45 | record_time.R ------------------------------------------- 
Timestamp: 2022-04-23 20:54:45 added.
2022-04-23 20:54:45 | record_time.R done.-------------------------------------- 

2022-04-23 20:55:25 | record_time.R ------------------------------------------- 
Timestamp: 2022-04-23 20:55:25 added.
2022-04-23 20:55:25 | record_time.R done.-------------------------------------- 

2022-04-23 22:03:18 | record_time.R ------------------------------------------- 
Timestamp: 2022-04-23 22:03:18 added.
2022-04-23 22:03:18 | record_time.R done.-------------------------------------- 

2022-04-23 22:07:43 | record_time.R ------------------------------------------- 
Timestamp: 2022-04-23 22:07:43 added.
2022-04-23 22:07:43 | record_time.R done.-------------------------------------- 

2022-04-23 22:09:59 | record_time.R ------------------------------------------- 
Timestamp: 2022-04-23 22:09:59 added.
2022-04-23 22:09:59 | record_time.R done.-------------------------------------- 

2022-04-23 22:10:52 | record_time.R ------------------------------------------- 
Timestamp: 2022-04-23 22:10:52 added.
2022-04-23 22:10:52 | record_time.R done.-------------------------------------- 

2022-04-23 22:15:39 | record_time.R ------------------------------------------- 
Timestamp: 2022-04-23 22:15:39 added.
2022-04-23 22:15:39 | record_time.R done.-------------------------------------- 

2022-04-23 22:16:09 | record_time.R ------------------------------------------- 
Timestamp: 2022-04-23 22:16:09 added.
2022-04-23 22:16:09 | record_time.R done.-------------------------------------- 

2022-04-23 22:16:38 | record_time.R ------------------------------------------- 
Timestamp: 2022-04-23 22:16:38 added.
2022-04-23 22:16:38 | record_time.R done.-------------------------------------- 

2022-04-23 22:25:03 | record_time.R ------------------------------------------- 
Timestamp: 2022-04-23 22:25:03 added.
2022-04-23 22:25:03 | record_time.R done.-------------------------------------- 

2022-04-23 22:27:25 | record_time.R ------------------------------------------- 
Timestamp: 2022-04-23 22:27:25 added.
2022-04-23 22:27:25 | record_time.R done.-------------------------------------- 

2022-04-23 22:31:23 | record_time.R ------------------------------------------- 
Timestamp: 2022-04-23 22:31:23 added.
2022-04-23 22:31:23 | record_time.R done.-------------------------------------- 

2022-04-23 22:36:19 | record_time.R ------------------------------------------- 
Timestamp: 2022-04-23 22:36:19 added.
2022-04-23 22:36:19 | record_time.R done.-------------------------------------- 

2022-04-23 22:56:45 | record_time.R ------------------------------------------- 
Timestamp: 2022-04-23 22:56:45 added.
2022-04-23 22:56:46 | record_time.R done.-------------------------------------- 

2022-04-23 22:57:44 | record_time.R ------------------------------------------- 
Timestamp: 2022-04-23 22:57:44 added.
2022-04-23 22:57:44 | record_time.R done.-------------------------------------- 

2022-04-23 23:02:34 | record_time.R ------------------------------------------- 
Timestamp: 2022-04-23 23:02:34 added.
2022-04-23 23:02:34 | record_time.R done.-------------------------------------- 

2022-04-23 23:03:15 | record_time.R ------------------------------------------- 
Timestamp: 2022-04-23 23:03:15 added.
2022-04-23 23:03:15 | record_time.R done.-------------------------------------- 

2022-04-24 00:11:06 | record_time.R ------------------------------------------- 
Timestamp: 2022-04-24 00:11:06 added.
2022-04-24 00:11:06 | record_time.R done.-------------------------------------- 

2022-04-24 00:15:31 | record_time.R ------------------------------------------- 
Timestamp: 2022-04-24 00:15:31 added.
2022-04-24 00:15:31 | record_time.R done.-------------------------------------- 

2022-04-24 00:17:46 | record_time.R ------------------------------------------- 
Timestamp: 2022-04-24 00:17:46 added.
2022-04-24 00:17:46 | record_time.R done.-------------------------------------- 

2022-04-24 00:18:38 | record_time.R ------------------------------------------- 
Timestamp: 2022-04-24 00:18:38 added.
2022-04-24 00:18:38 | record_time.R done.-------------------------------------- 

2022-04-24 00:23:25 | record_time.R ------------------------------------------- 
Timestamp: 2022-04-24 00:23:25 added.
2022-04-24 00:23:25 | record_time.R done.-------------------------------------- 

2022-04-24 00:23:55 | record_time.R ------------------------------------------- 
Timestamp: 2022-04-24 00:23:55 added.
2022-04-24 00:23:55 | record_time.R done.-------------------------------------- 

2022-04-24 00:24:24 | record_time.R ------------------------------------------- 
Timestamp: 2022-04-24 00:24:24 added.
2022-04-24 00:24:24 | record_time.R done.-------------------------------------- 

2022-04-24 00:32:50 | record_time.R ------------------------------------------- 
Timestamp: 2022-04-24 00:32:50 added.
2022-04-24 00:32:50 | record_time.R done.-------------------------------------- 

2022-04-24 00:35:13 | record_time.R ------------------------------------------- 
Timestamp: 2022-04-24 00:35:13 added.
2022-04-24 00:35:13 | record_time.R done.-------------------------------------- 

2022-04-24 00:39:08 | record_time.R ------------------------------------------- 
Timestamp: 2022-04-24 00:39:08 added.
2022-04-24 00:39:08 | record_time.R done.-------------------------------------- 

2022-04-24 00:44:03 | record_time.R ------------------------------------------- 
Timestamp: 2022-04-24 00:44:03 added.
2022-04-24 00:44:03 | record_time.R done.-------------------------------------- 

2022-04-24 01:04:30 | record_time.R ------------------------------------------- 
Timestamp: 2022-04-24 01:04:30 added.
2022-04-24 01:04:30 | record_time.R done.-------------------------------------- 

2022-04-24 01:05:28 | record_time.R ------------------------------------------- 
Timestamp: 2022-04-24 01:05:28 added.
2022-04-24 01:05:28 | record_time.R done.-------------------------------------- 

2022-04-24 01:10:18 | record_time.R ------------------------------------------- 
Timestamp: 2022-04-24 01:10:18 added.
2022-04-24 01:10:18 | record_time.R done.-------------------------------------- 

2022-04-24 01:10:59 | record_time.R ------------------------------------------- 
Timestamp: 2022-04-24 01:10:59 added.
2022-04-24 01:10:59 | record_time.R done.-------------------------------------- 

2022-04-24 02:18:51 | record_time.R ------------------------------------------- 
Timestamp: 2022-04-24 02:18:51 added.
2022-04-24 02:18:51 | record_time.R done.-------------------------------------- 

2022-04-24 02:23:16 | record_time.R ------------------------------------------- 
Timestamp: 2022-04-24 02:23:16 added.
2022-04-24 02:23:16 | record_time.R done.-------------------------------------- 

2022-04-24 02:25:32 | record_time.R ------------------------------------------- 
Timestamp: 2022-04-24 02:25:32 added.
2022-04-24 02:25:32 | record_time.R done.-------------------------------------- 

2022-04-24 02:26:24 | record_time.R ------------------------------------------- 
Timestamp: 2022-04-24 02:26:24 added.
2022-04-24 02:26:24 | record_time.R done.-------------------------------------- 

2022-04-24 02:31:11 | record_time.R ------------------------------------------- 
Timestamp: 2022-04-24 02:31:11 added.
2022-04-24 02:31:11 | record_time.R done.-------------------------------------- 

2022-04-24 02:31:41 | record_time.R ------------------------------------------- 
Timestamp: 2022-04-24 02:31:41 added.
2022-04-24 02:31:41 | record_time.R done.-------------------------------------- 

2022-04-24 02:32:10 | record_time.R ------------------------------------------- 
Timestamp: 2022-04-24 02:32:10 added.
2022-04-24 02:32:10 | record_time.R done.-------------------------------------- 

2022-04-24 02:40:35 | record_time.R ------------------------------------------- 
Timestamp: 2022-04-24 02:40:35 added.
2022-04-24 02:40:35 | record_time.R done.-------------------------------------- 

2022-04-24 02:42:58 | record_time.R ------------------------------------------- 
Timestamp: 2022-04-24 02:42:58 added.
2022-04-24 02:42:58 | record_time.R done.-------------------------------------- 

2022-04-24 02:46:50 | record_time.R ------------------------------------------- 
Timestamp: 2022-04-24 02:46:50 added.
2022-04-24 02:46:50 | record_time.R done.-------------------------------------- 

2022-04-24 02:51:45 | record_time.R ------------------------------------------- 
Timestamp: 2022-04-24 02:51:45 added.
2022-04-24 02:51:45 | record_time.R done.-------------------------------------- 

2022-04-24 03:12:08 | record_time.R ------------------------------------------- 
Timestamp: 2022-04-24 03:12:08 added.
2022-04-24 03:12:08 | record_time.R done.-------------------------------------- 

2022-04-24 03:13:05 | record_time.R ------------------------------------------- 
Timestamp: 2022-04-24 03:13:05 added.
2022-04-24 03:13:05 | record_time.R done.-------------------------------------- 

2022-04-24 03:17:56 | record_time.R ------------------------------------------- 
Timestamp: 2022-04-24 03:17:56 added.
2022-04-24 03:17:56 | record_time.R done.-------------------------------------- 

2022-04-24 03:18:37 | record_time.R ------------------------------------------- 
Timestamp: 2022-04-24 03:18:37 added.
2022-04-24 03:18:37 | record_time.R done.-------------------------------------- 

2022-04-24 04:26:31 | record_time.R ------------------------------------------- 
Timestamp: 2022-04-24 04:26:31 added.
2022-04-24 04:26:31 | record_time.R done.-------------------------------------- 

2022-04-24 04:30:57 | record_time.R ------------------------------------------- 
Timestamp: 2022-04-24 04:30:57 added.
2022-04-24 04:30:57 | record_time.R done.-------------------------------------- 

2022-04-24 04:33:13 | record_time.R ------------------------------------------- 
Timestamp: 2022-04-24 04:33:13 added.
2022-04-24 04:33:13 | record_time.R done.-------------------------------------- 

2022-04-24 04:34:06 | record_time.R ------------------------------------------- 
Timestamp: 2022-04-24 04:34:06 added.
2022-04-24 04:34:06 | record_time.R done.-------------------------------------- 

2022-04-24 04:39:01 | record_time.R ------------------------------------------- 
Timestamp: 2022-04-24 04:39:01 added.
2022-04-24 04:39:01 | record_time.R done.-------------------------------------- 

2022-04-24 04:39:30 | record_time.R ------------------------------------------- 
Timestamp: 2022-04-24 04:39:30 added.
2022-04-24 04:39:30 | record_time.R done.-------------------------------------- 

2022-04-24 04:40:00 | record_time.R ------------------------------------------- 
Timestamp: 2022-04-24 04:40:00 added.
2022-04-24 04:40:00 | record_time.R done.-------------------------------------- 

2022-04-24 04:48:25 | record_time.R ------------------------------------------- 
Timestamp: 2022-04-24 04:48:25 added.
2022-04-24 04:48:25 | record_time.R done.-------------------------------------- 

2022-04-24 04:50:38 | record_time.R ------------------------------------------- 
Timestamp: 2022-04-24 04:50:38 added.
2022-04-24 04:50:38 | record_time.R done.-------------------------------------- 

2022-04-24 16:40:50 | record_time.R ------------------------------------------- 
Timestamp: 2022-04-24 16:40:50 added.
2022-04-24 16:40:50 | record_time.R done.-------------------------------------- 

2022-04-24 18:51:41 | record_time.R ------------------------------------------- 
Timestamp: 2022-04-24 18:51:41 added.
2022-04-24 18:51:41 | record_time.R done.-------------------------------------- 

2022-04-24 21:02:21 | record_time.R ------------------------------------------- 
Timestamp: 2022-04-24 21:02:21 added.
2022-04-24 21:02:21 | record_time.R done.-------------------------------------- 

2022-04-24 23:13:05 | record_time.R ------------------------------------------- 
Timestamp: 2022-04-24 23:13:05 added.
2022-04-24 23:13:05 | record_time.R done.-------------------------------------- 

2022-04-25 01:23:47 | record_time.R ------------------------------------------- 
Timestamp: 2022-04-25 01:23:47 added.
2022-04-25 01:23:47 | record_time.R done.-------------------------------------- 

2022-04-25 03:34:22 | record_time.R ------------------------------------------- 
Timestamp: 2022-04-25 03:34:22 added.
2022-04-25 03:34:22 | record_time.R done.-------------------------------------- 

