2022-02-10 19:16:31 | check_barcodes.R ---------------------------------------- 
Experiment:
  id             created output_directory exp_name n_plates
1 14 2022-01-27 13:02:19  20220127_output   output        6

Warning message:
The `x` argument of `as_tibble.matrix()` must have unique column names if `.name_repair` is omitted as of tibble 2.0.0.
Using compatibility `.name_repair`.
This warning is displayed once every 8 hours.
Call `lifecycle::last_warnings()` to see where this warning was generated. 
All barcodes read ok?  FALSE 
Some missing barcodes:
   transfer run desc plate_n    barcode ab
1        10   1 agar       1 2022020907  N
2        10   1 agar       2 2022020908  N
3        10   1 agar       3 2022020909  N
4        10   1 agar       4 2022020910  N
5        10   1 agar       5 2022020911  N
6        10   1 agar       6 2022020912  N
7        10   1 agar       1 2022020913  A
8        10   1 agar       2 2022020914  A
9        10   1 agar       3 2022020915  A
10       10   1 agar       4 2022020916  A
11       10   1 agar       5 2022020917  A
12       10   1 agar       6 2022020918  A
13       10   1 agar       1 2022020919  B
14       10   1 agar       2 2022020920  B
15       10   1 agar       3 2022020921  B
16       10   1 agar       4 2022020922  B
17       10   1 agar       5 2022020923  B
18       10   1 agar       6 2022020924  B

2022-02-10 19:16:31 | check_barcodes.R done.----------------------------------- 

2022-02-10 19:17:19 | check_barcodes.R ---------------------------------------- 
Experiment:
  id             created output_directory exp_name n_plates
1 14 2022-01-27 13:02:19  20220127_output   output        6

Warning message:
The `x` argument of `as_tibble.matrix()` must have unique column names if `.name_repair` is omitted as of tibble 2.0.0.
Using compatibility `.name_repair`.
This warning is displayed once every 8 hours.
Call `lifecycle::last_warnings()` to see where this warning was generated. 
All barcodes read ok?  FALSE 
no missing barcodes, as far as I know!
2022-02-10 19:17:19 | check_barcodes.R done.----------------------------------- 

