2022-02-17 12:10:04 | check_barcodes.R ---------------------------------------- 
Experiment:
  id             created output_directory exp_name n_plates
1 14 2022-01-27 13:02:19  20220127_output   output        6

Warning message:
The `x` argument of `as_tibble.matrix()` must have unique column names if `.name_repair` is omitted as of tibble 2.0.0.
Using compatibility `.name_repair`.
This warning is displayed once every 8 hours.
Call `lifecycle::last_warnings()` to see where this warning was generated. 
All barcodes read ok?  FALSE 
Some missing barcodes:
   transfer run  desc plate_n    barcode ab
1        15   1  agar       1 2022021525 AB
2        15   1  agar       2 2022021526 AB
3        15   1  agar       3 2022021527 AB
4        15   1  agar       4 2022021528 AB
5        15   1  agar       5 2022021529 AB
6        15   1  agar       6 2022021530 AB
7        17   1 assay       1 2022021701  N
8        17   1 assay       2 2022021702  N
9        17   1 assay       3 2022021703  N
10       17   1 assay       4 2022021704  N
11       17   1 assay       5 2022021705  N
12       17   1 assay       6 2022021706  N
13       17   1  test       1 2022021732  N
14       17   1  test       1 2022021733  A
15       17   1  test       1 2022021734  B
16       17   1  test       1 2022021735 AB

2022-02-17 12:10:04 | check_barcodes.R done.----------------------------------- 

2022-02-17 12:11:31 | check_barcodes.R ---------------------------------------- 
Experiment:
  id             created output_directory exp_name n_plates
1 14 2022-01-27 13:02:19  20220127_output   output        6

Warning message:
The `x` argument of `as_tibble.matrix()` must have unique column names if `.name_repair` is omitted as of tibble 2.0.0.
Using compatibility `.name_repair`.
This warning is displayed once every 8 hours.
Call `lifecycle::last_warnings()` to see where this warning was generated. 
All barcodes read ok?  TRUE 
DUPLICATE BARCODES!!
   cartridge position    barcode
1          1        8 2022021632
2          1        9 2022021633
3          1       10 2022021634
4          1       11 2022021635
5          1       13 2022021601
6          1       14 2022021602
7          1       15 2022021603
8          1       16 2022021604
9          1       17 2022021605
10         1       18 2022021606
11         3        8 2022021632
12         3        9 2022021633
13         3       10 2022021634
14         3       11 2022021635
15         3       13 2022021601
16         3       14 2022021602
17         3       15 2022021603
18         3       16 2022021604
19         3       17 2022021605
20         3       18 2022021606

Some missing barcodes:
   transfer run  desc plate_n    barcode ab
1        17   1 assay       1 2022021701  N
2        17   1 assay       2 2022021702  N
3        17   1 assay       3 2022021703  N
4        17   1 assay       4 2022021704  N
5        17   1 assay       5 2022021705  N
6        17   1 assay       6 2022021706  N
7        17   1  test       1 2022021732  N
8        17   1  test       1 2022021733  A
9        17   1  test       1 2022021734  B
10       17   1  test       1 2022021735 AB

2022-02-17 12:11:31 | check_barcodes.R done.----------------------------------- 

2022-02-17 12:14:23 | check_barcodes.R ---------------------------------------- 
Experiment:
  id             created output_directory exp_name n_plates
1 14 2022-01-27 13:02:19  20220127_output   output        6

Warning message:
The `x` argument of `as_tibble.matrix()` must have unique column names if `.name_repair` is omitted as of tibble 2.0.0.
Using compatibility `.name_repair`.
This warning is displayed once every 8 hours.
Call `lifecycle::last_warnings()` to see where this warning was generated. 
All barcodes read ok?  TRUE 
DUPLICATE BARCODES!!
   cartridge position    barcode
1          1        8 2022021632
2          1        9 2022021633
3          1       10 2022021634
4          1       11 2022021635
5          1       13 2022021601
6          1       14 2022021602
7          1       15 2022021603
8          1       16 2022021604
9          1       17 2022021605
10         1       18 2022021606
11         3        8 2022021632
12         3        9 2022021633
13         3       10 2022021634
14         3       11 2022021635
15         3       13 2022021601
16         3       14 2022021602
17         3       15 2022021603
18         3       16 2022021604
19         3       17 2022021605
20         3       18 2022021606

Some missing barcodes:
   transfer run  desc plate_n    barcode ab
1        17   1 assay       1 2022021701  N
2        17   1 assay       2 2022021702  N
3        17   1 assay       3 2022021703  N
4        17   1 assay       4 2022021704  N
5        17   1 assay       5 2022021705  N
6        17   1 assay       6 2022021706  N
7        17   1  test       1 2022021732  N
8        17   1  test       1 2022021733  A
9        17   1  test       1 2022021734  B
10       17   1  test       1 2022021735 AB

2022-02-17 12:14:23 | check_barcodes.R done.----------------------------------- 

2022-02-17 12:32:50 | check_barcodes.R ---------------------------------------- 
Experiment:
  id             created output_directory exp_name n_plates
1 14 2022-01-27 13:02:19  20220127_output   output        6

Warning message:
The `x` argument of `as_tibble.matrix()` must have unique column names if `.name_repair` is omitted as of tibble 2.0.0.
Using compatibility `.name_repair`.
This warning is displayed once every 8 hours.
Call `lifecycle::last_warnings()` to see where this warning was generated. 
All barcodes read ok?  TRUE 
DUPLICATE BARCODES!!
   cartridge position    barcode
1          1        1 2022021507
2          1        2 2022021508
3          1        3 2022021509
4          1        4 2022021510
5          1        5 2022021511
6          1        6 2022021512
7          1        8 2022021513
8          1        9 2022021514
9          1       10 2022021515
10         1       11 2022021516
11         1       12 2022021517
12         1       13 2022021518
13         1       15 2022021519
14         1       16 2022021520
15         1       17 2022021521
16         1       18 2022021522
17         1       19 2022021523
18         1       20 2022021524
19         1       22 2022021631
20         5        1 2022021507
21         5        2 2022021508
22         5        3 2022021509
23         5        4 2022021510
24         5        5 2022021511
25         5        6 2022021512
26         5        8 2022021513
27         5        9 2022021514
28         5       10 2022021515
29         5       11 2022021516
30         5       12 2022021517
31         5       13 2022021518
32         5       15 2022021519
33         5       16 2022021520
34         5       17 2022021521
35         5       18 2022021522
36         5       19 2022021523
37         5       20 2022021524
38         5       22 2022021631

Some missing barcodes:
   transfer run  desc plate_n    barcode ab
1        15   1  agar       1 2022021525 AB
2        15   1  agar       2 2022021526 AB
3        15   1  agar       3 2022021527 AB
4        15   1  agar       4 2022021528 AB
5        15   1  agar       5 2022021529 AB
6        15   1  agar       6 2022021530 AB
7        16   1 assay       1 2022021601  N
8        16   1 assay       2 2022021602  N
9        16   1 assay       3 2022021603  N
10       16   1 assay       4 2022021604  N
11       16   1 assay       5 2022021605  N
12       16   1 assay       6 2022021606  N
13       16   1  test       1 2022021632  N
14       16   1  test       1 2022021633  A
15       16   1  test       1 2022021634  B
16       16   1  test       1 2022021635 AB

2022-02-17 12:32:50 | check_barcodes.R done.----------------------------------- 

2022-02-17 12:36:27 | check_barcodes.R ---------------------------------------- 
Experiment:
  id             created output_directory exp_name n_plates
1 14 2022-01-27 13:02:19  20220127_output   output        6

Warning message:
The `x` argument of `as_tibble.matrix()` must have unique column names if `.name_repair` is omitted as of tibble 2.0.0.
Using compatibility `.name_repair`.
This warning is displayed once every 8 hours.
Call `lifecycle::last_warnings()` to see where this warning was generated. 
All barcodes read ok?  TRUE 
no missing barcodes, as far as I know!
2022-02-17 12:36:27 | check_barcodes.R done.----------------------------------- 

