2022-02-03 18:24:23 | check_barcodes.R ---------------------------------------- 
Experiment:
  id             created output_directory exp_name n_plates
1 14 2022-01-27 13:02:19  20220127_output   output        6

Warning message:
The `x` argument of `as_tibble.matrix()` must have unique column names if `.name_repair` is omitted as of tibble 2.0.0.
Using compatibility `.name_repair`.
This warning is displayed once every 8 hours.
Call `lifecycle::last_warnings()` to see where this warning was generated. 
All barcodes read ok?  FALSE 
Some missing barcodes:
   transfer run desc plate_n    barcode ab
1         5   1 agar       1 2022020107  N
2         5   1 agar       2 2022020108  N
3         5   1 agar       3 2022020109  N
4         5   1 agar       4 2022020110  N
5         5   1 agar       5 2022020111  N
6         5   1 agar       6 2022020112  N
7         5   1 agar       1 2022020113  A
8         5   1 agar       2 2022020114  A
9         5   1 agar       3 2022020115  A
10        5   1 agar       4 2022020116  A
11        5   1 agar       5 2022020117  A
12        5   1 agar       6 2022020118  A
13        5   1 agar       1 2022020119  B
14        5   1 agar       2 2022020120  B
15        5   1 agar       3 2022020121  B
16        5   1 agar       4 2022020122  B
17        5   1 agar       5 2022020123  B
18        5   1 agar       6 2022020124  B
19        6   1 test       1 2022020332  N
20        6   1 test       1 2022020333  A
21        6   1 test       1 2022020334  B
22        6   1 test       1 2022020335 AB

2022-02-03 18:24:23 | check_barcodes.R done.----------------------------------- 

2022-02-03 18:30:41 | check_barcodes.R ---------------------------------------- 
Experiment:
  id             created output_directory exp_name n_plates
1 14 2022-01-27 13:02:19  20220127_output   output        6

Warning message:
The `x` argument of `as_tibble.matrix()` must have unique column names if `.name_repair` is omitted as of tibble 2.0.0.
Using compatibility `.name_repair`.
This warning is displayed once every 8 hours.
Call `lifecycle::last_warnings()` to see where this warning was generated. 
All barcodes read ok?  TRUE 
DUPLICATE BARCODES!!
   cartridge position    barcode
1          1        2 2022013113
2          1        3 2022013114
3          1        4 2022013115
4          1        5 2022013116
5          1        6 2022013117
6          1        7 2022013118
7          1        8 2022013119
8          1        9 2022013120
9          1       10 2022013121
10         1       11 2022013122
11         1       12 2022013123
12         1       13 2022013124
13         1       14 2022013125
14         1       15 2022013126
15         1       16 2022013127
16         1       17 2022013128
17         1       18 2022013129
18         1       19 2022013130
19         5        2 2022013113
20         5        3 2022013114
21         5        4 2022013115
22         5        5 2022013116
23         5        6 2022013117
24         5        7 2022013118
25         5        8 2022013119
26         5        9 2022013120
27         5       10 2022013121
28         5       11 2022013122
29         5       12 2022013123
30         5       13 2022013124
31         5       14 2022013125
32         5       15 2022013126
33         5       16 2022013127
34         5       17 2022013128
35         5       18 2022013129
36         5       19 2022013130

Some missing barcodes:
   transfer run desc plate_n    barcode ab
1         5   1 agar       1 2022020107  N
2         5   1 agar       2 2022020108  N
3         5   1 agar       3 2022020109  N
4         5   1 agar       4 2022020110  N
5         5   1 agar       5 2022020111  N
6         5   1 agar       6 2022020112  N
7         5   1 agar       1 2022020113  A
8         5   1 agar       2 2022020114  A
9         5   1 agar       3 2022020115  A
10        5   1 agar       4 2022020116  A
11        5   1 agar       5 2022020117  A
12        5   1 agar       6 2022020118  A
13        5   1 agar       1 2022020119  B
14        5   1 agar       2 2022020120  B
15        5   1 agar       3 2022020121  B
16        5   1 agar       4 2022020122  B
17        5   1 agar       5 2022020123  B
18        5   1 agar       6 2022020124  B

2022-02-03 18:30:41 | check_barcodes.R done.----------------------------------- 

2022-02-03 18:32:46 | check_barcodes.R ---------------------------------------- 
Experiment:
  id             created output_directory exp_name n_plates
1 14 2022-01-27 13:02:19  20220127_output   output        6

Warning message:
The `x` argument of `as_tibble.matrix()` must have unique column names if `.name_repair` is omitted as of tibble 2.0.0.
Using compatibility `.name_repair`.
This warning is displayed once every 8 hours.
Call `lifecycle::last_warnings()` to see where this warning was generated. 
All barcodes read ok?  FALSE 
DUPLICATE BARCODES!!
   cartridge position    barcode
1          1        2 2022013113
2          1        3 2022013114
3          1        4 2022013115
4          1        5 2022013116
5          1        6 2022013117
6          1        8 2022013119
7          1        9 2022013120
8          1       10 2022013121
9          1       11 2022013122
10         1       12 2022013123
11         1       13 2022013124
12         1       14 2022013125
13         1       15 2022013126
14         1       17 2022013128
15         1       18 2022013129
16         1       19 2022013130
17         5        2 2022013113
18         5        3 2022013114
19         5        4 2022013115
20         5        5 2022013116
21         5        6 2022013117
22         5        8 2022013119
23         5        9 2022013120
24         5       10 2022013121
25         5       11 2022013122
26         5       12 2022013123
27         5       13 2022013124
28         5       14 2022013125
29         5       15 2022013126
30         5       17 2022013128
31         5       18 2022013129
32         5       19 2022013130

Some missing barcodes:
   transfer run desc plate_n    barcode ab
1         5   1 agar       1 2022020107  N
2         5   1 agar       2 2022020108  N
3         5   1 agar       3 2022020109  N
4         5   1 agar       4 2022020110  N
5         5   1 agar       5 2022020111  N
6         5   1 agar       6 2022020112  N
7         5   1 agar       1 2022020113  A
8         5   1 agar       2 2022020114  A
9         5   1 agar       3 2022020115  A
10        5   1 agar       4 2022020116  A
11        5   1 agar       5 2022020117  A
12        5   1 agar       6 2022020118  A
13        5   1 agar       1 2022020119  B
14        5   1 agar       2 2022020120  B
15        5   1 agar       3 2022020121  B
16        5   1 agar       4 2022020122  B
17        5   1 agar       5 2022020123  B
18        5   1 agar       6 2022020124  B

2022-02-03 18:32:46 | check_barcodes.R done.----------------------------------- 

2022-02-03 18:35:04 | check_barcodes.R ---------------------------------------- 
Experiment:
  id             created output_directory exp_name n_plates
1 14 2022-01-27 13:02:19  20220127_output   output        6

Warning message:
The `x` argument of `as_tibble.matrix()` must have unique column names if `.name_repair` is omitted as of tibble 2.0.0.
Using compatibility `.name_repair`.
This warning is displayed once every 8 hours.
Call `lifecycle::last_warnings()` to see where this warning was generated. 
All barcodes read ok?  TRUE 
DUPLICATE BARCODES!!
   cartridge position    barcode
1          1        2 2022013113
2          1        3 2022013114
3          1        4 2022013115
4          1        5 2022013116
5          1        6 2022013117
6          1        7 2022013118
7          1        8 2022013119
8          1        9 2022013120
9          1       10 2022013121
10         1       11 2022013122
11         1       12 2022013123
12         1       13 2022013124
13         1       14 2022013125
14         1       15 2022013126
15         1       16 2022013127
16         1       17 2022013128
17         1       18 2022013129
18         1       19 2022013130
19         5        2 2022013113
20         5        3 2022013114
21         5        4 2022013115
22         5        5 2022013116
23         5        6 2022013117
24         5        7 2022013118
25         5        8 2022013119
26         5        9 2022013120
27         5       10 2022013121
28         5       11 2022013122
29         5       12 2022013123
30         5       13 2022013124
31         5       14 2022013125
32         5       15 2022013126
33         5       16 2022013127
34         5       17 2022013128
35         5       18 2022013129
36         5       19 2022013130

Some missing barcodes:
   transfer run desc plate_n    barcode ab
1         5   1 agar       1 2022020107  N
2         5   1 agar       2 2022020108  N
3         5   1 agar       3 2022020109  N
4         5   1 agar       4 2022020110  N
5         5   1 agar       5 2022020111  N
6         5   1 agar       6 2022020112  N
7         5   1 agar       1 2022020113  A
8         5   1 agar       2 2022020114  A
9         5   1 agar       3 2022020115  A
10        5   1 agar       4 2022020116  A
11        5   1 agar       5 2022020117  A
12        5   1 agar       6 2022020118  A
13        5   1 agar       1 2022020119  B
14        5   1 agar       2 2022020120  B
15        5   1 agar       3 2022020121  B
16        5   1 agar       4 2022020122  B
17        5   1 agar       5 2022020123  B
18        5   1 agar       6 2022020124  B

2022-02-03 18:35:04 | check_barcodes.R done.----------------------------------- 

2022-02-03 18:36:58 | check_barcodes.R ---------------------------------------- 
Experiment:
  id             created output_directory exp_name n_plates
1 14 2022-01-27 13:02:19  20220127_output   output        6

Warning message:
The `x` argument of `as_tibble.matrix()` must have unique column names if `.name_repair` is omitted as of tibble 2.0.0.
Using compatibility `.name_repair`.
This warning is displayed once every 8 hours.
Call `lifecycle::last_warnings()` to see where this warning was generated. 
All barcodes read ok?  TRUE 
no missing barcodes, as far as I know!
2022-02-03 18:36:58 | check_barcodes.R done.----------------------------------- 

2022-02-03 18:48:59 | check_barcodes.R ---------------------------------------- 
Experiment:
  id             created output_directory exp_name n_plates
1 14 2022-01-27 13:02:19  20220127_output   output        6

Warning message:
The `x` argument of `as_tibble.matrix()` must have unique column names if `.name_repair` is omitted as of tibble 2.0.0.
Using compatibility `.name_repair`.
This warning is displayed once every 8 hours.
Call `lifecycle::last_warnings()` to see where this warning was generated. 
All barcodes read ok?  TRUE 
no missing barcodes, as far as I know!
2022-02-03 18:49:00 | check_barcodes.R done.----------------------------------- 

