2022-01-28 10:57:09 | check_barcodes.R ---------------------------------------- 
Experiment:
  id             created output_directory exp_name n_plates
1 14 2022-01-27 13:02:19  20220127_output   output        6

Error: Problem with `mutate()` input `carrier`.
x invalid 'times' argument
i Input `carrier` is `rep(...)`.
Backtrace:
     x
  1. +-rrobot::read_storex(storex_file)
  2. | \-`%>%`(...)
  3. +-dplyr::select(., carrier, cartridge, position, barcode)
  4. +-dplyr::filter(., !is.na(cartridge))
  5. +-dplyr::mutate(...)
  6. +-dplyr:::mutate.data.frame(...)
  7. | \-dplyr:::mutate_cols(.data, ...)
  8. |   +-base::withCallingHandlers(...)
  9. |   \-mask$eval_all_mutate(quo)
 10. \-base::.handleSimpleError(...)
 11.   \-dplyr:::h(simpleError(msg, call))
Warning message:
The `x` argument of `as_tibble.matrix()` must have unique column names if `.name_repair` is omitted as of tibble 2.0.0.
Using compatibility `.name_repair`.
This warning is displayed once every 8 hours.
Call `lifecycle::last_warnings()` to see where this warning was generated. 
Execution halted
