2022-02-22 12:06:21 | check_barcodes.R ---------------------------------------- 
Experiment:
  id             created output_directory exp_name n_plates
1 14 2022-01-27 13:02:19  20220127_output   output        6

Warning message:
The `x` argument of `as_tibble.matrix()` must have unique column names if `.name_repair` is omitted as of tibble 2.0.0.
Using compatibility `.name_repair`.
This warning is displayed once every 8 hours.
Call `lifecycle::last_warnings()` to see where this warning was generated. 
All barcodes read ok?  FALSE 
Some missing barcodes:
   transfer run  desc plate_n    barcode ab
1        20   1  agar       1 2022022125 AB
2        20   1  agar       2 2022022126 AB
3        20   1  agar       3 2022022127 AB
4        20   1  agar       4 2022022128 AB
5        20   1  agar       5 2022022129 AB
6        20   1  agar       6 2022022130 AB
7        21   1 assay       1 2022022201  N
8        21   1 assay       2 2022022202  N
9        21   1 assay       3 2022022203  N
10       21   1 assay       4 2022022204  N
11       21   1 assay       5 2022022205  N
12       21   1 assay       6 2022022206  N
13       21   1  test       1 2022022232  N
14       21   1  test       1 2022022233  A
15       21   1  test       1 2022022234  B
16       21   1  test       1 2022022235 AB

2022-02-22 12:06:21 | check_barcodes.R done.----------------------------------- 

2022-02-22 12:09:12 | check_barcodes.R ---------------------------------------- 
Experiment:
  id             created output_directory exp_name n_plates
1 14 2022-01-27 13:02:19  20220127_output   output        6

Warning message:
The `x` argument of `as_tibble.matrix()` must have unique column names if `.name_repair` is omitted as of tibble 2.0.0.
Using compatibility `.name_repair`.
This warning is displayed once every 8 hours.
Call `lifecycle::last_warnings()` to see where this warning was generated. 
All barcodes read ok?  FALSE 
no missing barcodes, as far as I know!
2022-02-22 12:09:13 | check_barcodes.R done.----------------------------------- 

