2022-02-13 12:23:25 | check_barcodes.R ---------------------------------------- 
Experiment:
  id             created output_directory exp_name n_plates
1 14 2022-01-27 13:02:19  20220127_output   output        6

Warning message:
The `x` argument of `as_tibble.matrix()` must have unique column names if `.name_repair` is omitted as of tibble 2.0.0.
Using compatibility `.name_repair`.
This warning is displayed once every 8 hours.
Call `lifecycle::last_warnings()` to see where this warning was generated. 
All barcodes read ok?  FALSE 
Some missing barcodes:
  transfer run desc plate_n    barcode ab
1       13   1   on       1 2022021131  N

2022-02-13 12:23:25 | check_barcodes.R done.----------------------------------- 

2022-02-13 12:27:16 | check_barcodes.R ---------------------------------------- 
Experiment:
  id             created output_directory exp_name n_plates
1 14 2022-01-27 13:02:19  20220127_output   output        6

Warning message:
The `x` argument of `as_tibble.matrix()` must have unique column names if `.name_repair` is omitted as of tibble 2.0.0.
Using compatibility `.name_repair`.
This warning is displayed once every 8 hours.
Call `lifecycle::last_warnings()` to see where this warning was generated. 
All barcodes read ok?  FALSE 
DUPLICATE BARCODES!!
   cartridge position    barcode
1          2        1 2022021125
2          2        2 2022021126
3          2        3 2022021127
4          2        4 2022021128
5          2        5 2022021129
6          2        6 2022021130
7          2        8 2022021301
8          2        9 2022021302
9          2       10 2022021303
10         2       11 2022021304
11         2       12 2022021305
12         2       13 2022021306
13         2       15 2022021332
14         2       16 2022021333
15         2       17 2022021334
16         2       18 2022021335
17         5        1 2022021125
18         5        2 2022021126
19         5        3 2022021127
20         5        4 2022021128
21         5        5 2022021129
22         5        6 2022021130
23         5        8 2022021301
24         5        9 2022021302
25         5       10 2022021303
26         5       11 2022021304
27         5       12 2022021305
28         5       13 2022021306
29         5       15 2022021332
30         5       16 2022021333
31         5       17 2022021334
32         5       18 2022021335

Some missing barcodes:
   transfer run desc plate_n    barcode ab
1        11   1 agar       1 2022021007  N
2        11   1 agar       2 2022021008  N
3        11   1 agar       3 2022021009  N
4        11   1 agar       4 2022021010  N
5        11   1 agar       5 2022021011  N
6        11   1 agar       6 2022021012  N
7        11   1 agar       1 2022021013  A
8        11   1 agar       2 2022021014  A
9        11   1 agar       3 2022021015  A
10       11   1 agar       4 2022021016  A
11       11   1 agar       5 2022021017  A
12       11   1 agar       6 2022021018  A
13       11   1 agar       1 2022021019  B
14       11   1 agar       2 2022021020  B
15       11   1 agar       3 2022021021  B
16       11   1 agar       4 2022021022  B
17       11   1 agar       5 2022021023  B
18       11   1 agar       6 2022021024  B
19       13   1   on       1 2022021131  N

2022-02-13 12:27:16 | check_barcodes.R done.----------------------------------- 

2022-02-13 13:36:05 | check_barcodes.R ---------------------------------------- 
Experiment:
  id             created output_directory exp_name n_plates
1 14 2022-01-27 13:02:19  20220127_output   output        6

Warning message:
The `x` argument of `as_tibble.matrix()` must have unique column names if `.name_repair` is omitted as of tibble 2.0.0.
Using compatibility `.name_repair`.
This warning is displayed once every 8 hours.
Call `lifecycle::last_warnings()` to see where this warning was generated. 
All barcodes read ok?  TRUE 
no missing barcodes, as far as I know!
2022-02-13 13:36:05 | check_barcodes.R done.----------------------------------- 

