2022-02-26 10:26:57 | check_barcodes.R ---------------------------------------- 
Experiment:
  id             created output_directory exp_name n_plates
1 14 2022-01-27 13:02:19  20220127_output   output        6

Warning message:
The `x` argument of `as_tibble.matrix()` must have unique column names if `.name_repair` is omitted as of tibble 2.0.0.
Using compatibility `.name_repair`.
This warning is displayed once every 8 hours.
Call `lifecycle::last_warnings()` to see where this warning was generated. 
All barcodes read ok?  TRUE 
DUPLICATE BARCODES!!
   cartridge position    barcode
1          1        1 2022022325
2          1        2 2022022326
3          1        3 2022022327
4          1        4 2022022328
5          1        5 2022022329
6          1        6 2022022330
7          1        8 2022022501
8          1        9 2022022502
9          1       10 2022022503
10         1       11 2022022504
11         1       12 2022022505
12         1       13 2022022506
13         1       15 2022022532
14         1       16 2022022533
15         1       17 2022022534
16         1       18 2022022535
17         4        1 2022022325
18         4        2 2022022326
19         4        3 2022022327
20         4        4 2022022328
21         4        5 2022022329
22         4        6 2022022330
23         4        8 2022022501
24         4        9 2022022502
25         4       10 2022022503
26         4       11 2022022504
27         4       12 2022022505
28         4       13 2022022506
29         4       15 2022022532
30         4       16 2022022533
31         4       17 2022022534
32         4       18 2022022535

Some missing barcodes:
   transfer run  desc plate_n    barcode ab
1        23   1  agar       1 2022022507  N
2        23   1  agar       2 2022022508  N
3        23   1  agar       3 2022022509  N
4        23   1  agar       4 2022022510  N
5        23   1  agar       5 2022022511  N
6        23   1  agar       6 2022022512  N
7        23   1  agar       1 2022022513  A
8        23   1  agar       2 2022022514  A
9        23   1  agar       3 2022022515  A
10       23   1  agar       4 2022022516  A
11       23   1  agar       5 2022022517  A
12       23   1  agar       6 2022022518  A
13       24   1 assay       1 2022022601  N
14       24   1 assay       2 2022022602  N
15       24   1 assay       3 2022022603  N
16       24   1 assay       4 2022022604  N
17       24   1 assay       5 2022022605  N
18       24   1 assay       6 2022022606  N
19       24   1  test       1 2022022632  N
20       24   1  test       1 2022022633  A
21       24   1  test       1 2022022634  B
22       24   1  test       1 2022022635 AB

2022-02-26 10:26:57 | check_barcodes.R done.----------------------------------- 

2022-02-26 10:30:57 | check_barcodes.R ---------------------------------------- 
Experiment:
  id             created output_directory exp_name n_plates
1 14 2022-01-27 13:02:19  20220127_output   output        6

Warning message:
The `x` argument of `as_tibble.matrix()` must have unique column names if `.name_repair` is omitted as of tibble 2.0.0.
Using compatibility `.name_repair`.
This warning is displayed once every 8 hours.
Call `lifecycle::last_warnings()` to see where this warning was generated. 
All barcodes read ok?  TRUE 
no missing barcodes, as far as I know!
2022-02-26 10:30:57 | check_barcodes.R done.----------------------------------- 

