2022-01-27 14:02:32 | make_barcodes.R ----------------------------------------- 
generated new barcodes 2022012701 to 2022012735 
2022-01-27 14:02:32 | make_barcodes.R done.------------------------------------ 

2022-01-28 10:16:48 | make_barcodes.R ----------------------------------------- 
generated new barcodes 2022012801 to 2022012835 
2022-01-28 10:16:48 | make_barcodes.R done.------------------------------------ 

2022-01-28 10:18:00 | make_barcodes.R ----------------------------------------- 
generated new barcodes 2022012901 to 2022012935 
2022-01-28 10:18:00 | make_barcodes.R done.------------------------------------ 

2022-01-28 10:18:45 | make_barcodes.R ----------------------------------------- 
generated new barcodes 2022013001 to 2022013035 
2022-01-28 10:18:45 | make_barcodes.R done.------------------------------------ 

2022-01-28 10:54:30 | make_barcodes.R ----------------------------------------- 
Warning message:
Barcodes for transfer 1, run 1 allready present! 
2022-01-28 10:54:30 | make_barcodes.R done.------------------------------------ 

2022-01-29 13:08:42 | make_barcodes.R ----------------------------------------- 
Warning message:
Barcodes for transfer 2, run 1 allready present! 
2022-01-29 13:08:42 | make_barcodes.R done.------------------------------------ 

2022-01-30 15:54:40 | make_barcodes.R ----------------------------------------- 
Warning message:
Barcodes for transfer 3, run 1 allready present! 
2022-01-30 15:54:40 | make_barcodes.R done.------------------------------------ 

2022-01-31 10:56:22 | make_barcodes.R ----------------------------------------- 
generated new barcodes 2022013101 to 2022013135 
2022-01-31 10:56:22 | make_barcodes.R done.------------------------------------ 

2022-01-31 11:36:09 | make_barcodes.R ----------------------------------------- 
generated new barcodes 2022013101 to 2022013135 
2022-01-31 11:36:09 | make_barcodes.R done.------------------------------------ 

2022-01-31 11:38:30 | make_barcodes.R ----------------------------------------- 
Warning message:
Barcodes for transfer 4, run 1 allready present! 
2022-01-31 11:38:31 | make_barcodes.R done.------------------------------------ 

2022-02-01 18:18:25 | make_barcodes.R ----------------------------------------- 
Warning message:
Barcodes for transfer 5, run 1 allready present! 
2022-02-01 18:18:25 | make_barcodes.R done.------------------------------------ 

2022-02-01 19:02:12 | make_barcodes.R ----------------------------------------- 
Warning message:
Barcodes for transfer 5, run 1 allready present! 
2022-02-01 19:02:12 | make_barcodes.R done.------------------------------------ 

2022-02-01 19:09:13 | make_barcodes.R ----------------------------------------- 
Warning message:
Barcodes for transfer 5, run 1 allready present! 
2022-02-01 19:09:13 | make_barcodes.R done.------------------------------------ 

2022-02-01 19:19:28 | make_barcodes.R ----------------------------------------- 
generated new barcodes 2022020101 to 2022020135 
2022-02-01 19:19:28 | make_barcodes.R done.------------------------------------ 

2022-02-03 18:14:04 | make_barcodes.R ----------------------------------------- 
generated new barcodes 2022020301 to 2022020335 
2022-02-03 18:14:04 | make_barcodes.R done.------------------------------------ 

2022-02-03 18:46:14 | make_barcodes.R ----------------------------------------- 
Warning message:
Barcodes for transfer 6, run 1 allready present! 
2022-02-03 18:46:14 | make_barcodes.R done.------------------------------------ 

2022-02-05 12:14:18 | make_barcodes.R ----------------------------------------- 
generated new barcodes 2022020501 to 2022020535 
2022-02-05 12:14:18 | make_barcodes.R done.------------------------------------ 

2022-02-05 12:32:06 | make_barcodes.R ----------------------------------------- 
Warning message:
Barcodes for transfer 7, run 1 allready present! 
2022-02-05 12:32:06 | make_barcodes.R done.------------------------------------ 

2022-02-06 16:01:23 | make_barcodes.R ----------------------------------------- 
generated new barcodes 2022020601 to 2022020635 
2022-02-06 16:01:23 | make_barcodes.R done.------------------------------------ 

2022-02-07 12:06:56 | make_barcodes.R ----------------------------------------- 
generated new barcodes 2022020701 to 2022020735 
2022-02-07 12:06:56 | make_barcodes.R done.------------------------------------ 

2022-02-09 11:16:34 | make_barcodes.R ----------------------------------------- 
generated new barcodes 2022020901 to 2022020935 
2022-02-09 11:16:34 | make_barcodes.R done.------------------------------------ 

2022-02-09 11:28:47 | make_barcodes.R ----------------------------------------- 
Warning message:
Barcodes for transfer 10, run 1 allready present! 
2022-02-09 11:28:47 | make_barcodes.R done.------------------------------------ 

2022-02-10 19:00:52 | make_barcodes.R ----------------------------------------- 
generated new barcodes 2022021001 to 2022021035 
2022-02-10 19:00:52 | make_barcodes.R done.------------------------------------ 

2022-02-11 14:10:45 | make_barcodes.R ----------------------------------------- 
generated new barcodes 2022021101 to 2022021135 
2022-02-11 14:10:45 | make_barcodes.R done.------------------------------------ 

2022-02-13 12:09:49 | make_barcodes.R ----------------------------------------- 
generated new barcodes 2022021301 to 2022021335 
2022-02-13 12:09:49 | make_barcodes.R done.------------------------------------ 

2022-02-14 13:59:54 | make_barcodes.R ----------------------------------------- 
generated new barcodes 2022021401 to 2022021435 
2022-02-14 13:59:54 | make_barcodes.R done.------------------------------------ 

2022-02-15 10:37:51 | make_barcodes.R ----------------------------------------- 
generated new barcodes 2022021501 to 2022021535 
2022-02-15 10:37:52 | make_barcodes.R done.------------------------------------ 

2022-02-16 11:36:16 | make_barcodes.R ----------------------------------------- 
generated new barcodes 2022021601 to 2022021635 
2022-02-16 11:36:16 | make_barcodes.R done.------------------------------------ 

2022-02-17 11:48:48 | make_barcodes.R ----------------------------------------- 
generated new barcodes 2022021701 to 2022021735 
2022-02-17 11:48:48 | make_barcodes.R done.------------------------------------ 

2022-02-18 11:11:15 | make_barcodes.R ----------------------------------------- 
generated new barcodes 2022021801 to 2022021835 
2022-02-18 11:11:15 | make_barcodes.R done.------------------------------------ 

2022-02-20 12:38:13 | make_barcodes.R ----------------------------------------- 
generated new barcodes 2022022001 to 2022022035 
2022-02-20 12:38:13 | make_barcodes.R done.------------------------------------ 

2022-02-21 12:26:18 | make_barcodes.R ----------------------------------------- 
generated new barcodes 2022022101 to 2022022135 
2022-02-21 12:26:18 | make_barcodes.R done.------------------------------------ 

2022-02-22 11:51:33 | make_barcodes.R ----------------------------------------- 
generated new barcodes 2022022201 to 2022022235 
2022-02-22 11:51:33 | make_barcodes.R done.------------------------------------ 

2022-02-23 09:58:53 | make_barcodes.R ----------------------------------------- 
generated new barcodes 2022022301 to 2022022335 
2022-02-23 09:58:53 | make_barcodes.R done.------------------------------------ 

2022-02-25 11:12:05 | make_barcodes.R ----------------------------------------- 
generated new barcodes 2022022501 to 2022022535 
2022-02-25 11:12:05 | make_barcodes.R done.------------------------------------ 

2022-02-25 13:57:52 | make_barcodes.R ----------------------------------------- 
generated new barcodes 2022022601 to 2022022635 
2022-02-25 13:57:52 | make_barcodes.R done.------------------------------------ 

2022-02-25 13:58:20 | make_barcodes.R ----------------------------------------- 
generated new barcodes 2022022701 to 2022022735 
2022-02-25 13:58:20 | make_barcodes.R done.------------------------------------ 

2022-02-26 10:23:54 | make_barcodes.R ----------------------------------------- 
Warning message:
Barcodes for transfer 24, run 1 allready present! 
2022-02-26 10:23:54 | make_barcodes.R done.------------------------------------ 

2022-02-27 10:35:27 | make_barcodes.R ----------------------------------------- 
Warning message:
Barcodes for transfer 25, run 1 allready present! 
2022-02-27 10:35:27 | make_barcodes.R done.------------------------------------ 

2022-02-28 09:33:44 | make_barcodes.R ----------------------------------------- 
generated new barcodes 2022022801 to 2022022835 
generated new barcodes 2022022832 to 2022022856 
2022-02-28 09:33:44 | make_barcodes.R done.------------------------------------ 

2022-03-01 09:11:43 | make_barcodes.R ----------------------------------------- 
generated new barcodes 2020030101 to 2020030135 
2022-03-01 09:11:43 | make_barcodes.R done.------------------------------------ 

2022-03-01 09:17:28 | make_barcodes.R ----------------------------------------- 
Warning message:
Barcodes for transfer 26, run 2 allready present! 
2022-03-01 09:17:28 | make_barcodes.R done.------------------------------------ 

2022-03-02 09:58:34 | make_barcodes.R ----------------------------------------- 
generated new barcodes 2022030201 to 2022030235 
2022-03-02 09:58:34 | make_barcodes.R done.------------------------------------ 

2022-03-02 10:01:19 | make_barcodes.R ----------------------------------------- 
Warning message:
Barcodes for transfer 27, run 2 allready present! 
2022-03-02 10:01:20 | make_barcodes.R done.------------------------------------ 

