2022-02-10 19:18:10 | record_time.R ------------------------------------------- 
Timestamp: 2022-02-10 19:18:10 added.
2022-02-10 19:18:10 | record_time.R done.-------------------------------------- 

2022-02-10 19:18:12 | record_time.R ------------------------------------------- 
Timestamp: 2022-02-10 19:18:12 added.
2022-02-10 19:18:12 | record_time.R done.-------------------------------------- 

2022-02-10 19:28:48 | record_time.R ------------------------------------------- 
Timestamp: 2022-02-10 19:28:48 added.
2022-02-10 19:28:48 | record_time.R done.-------------------------------------- 

2022-02-10 19:29:19 | record_time.R ------------------------------------------- 
Timestamp: 2022-02-10 19:29:19 added.
2022-02-10 19:29:19 | record_time.R done.-------------------------------------- 

2022-02-10 19:50:31 | record_time.R ------------------------------------------- 
Timestamp: 2022-02-10 19:50:31 added.
2022-02-10 19:50:32 | record_time.R done.-------------------------------------- 

2022-02-10 19:51:12 | record_time.R ------------------------------------------- 
Timestamp: 2022-02-10 19:51:12 added.
2022-02-10 19:51:12 | record_time.R done.-------------------------------------- 

2022-02-10 20:16:07 | record_time.R ------------------------------------------- 
Timestamp: 2022-02-10 20:16:07 added.
2022-02-10 20:16:07 | record_time.R done.-------------------------------------- 

2022-02-10 20:16:47 | record_time.R ------------------------------------------- 
Timestamp: 2022-02-10 20:16:47 added.
2022-02-10 20:16:47 | record_time.R done.-------------------------------------- 

2022-02-10 20:41:45 | record_time.R ------------------------------------------- 
Timestamp: 2022-02-10 20:41:45 added.
2022-02-10 20:41:45 | record_time.R done.-------------------------------------- 

2022-02-10 20:42:25 | record_time.R ------------------------------------------- 
Timestamp: 2022-02-10 20:42:25 added.
2022-02-10 20:42:25 | record_time.R done.-------------------------------------- 

2022-02-10 21:07:24 | record_time.R ------------------------------------------- 
Timestamp: 2022-02-10 21:07:24 added.
2022-02-10 21:07:24 | record_time.R done.-------------------------------------- 

2022-02-10 21:08:04 | record_time.R ------------------------------------------- 
Timestamp: 2022-02-10 21:08:04 added.
2022-02-10 21:08:04 | record_time.R done.-------------------------------------- 

2022-02-10 21:33:06 | record_time.R ------------------------------------------- 
Timestamp: 2022-02-10 21:33:06 added.
2022-02-10 21:33:06 | record_time.R done.-------------------------------------- 

2022-02-10 21:33:46 | record_time.R ------------------------------------------- 
Timestamp: 2022-02-10 21:33:46 added.
2022-02-10 21:33:46 | record_time.R done.-------------------------------------- 

2022-02-10 22:13:23 | record_time.R ------------------------------------------- 
Timestamp: 2022-02-10 22:13:23 added.
2022-02-10 22:13:23 | record_time.R done.-------------------------------------- 

2022-02-10 22:15:44 | record_time.R ------------------------------------------- 
Timestamp: 2022-02-10 22:15:44 added.
2022-02-10 22:15:44 | record_time.R done.-------------------------------------- 

2022-02-10 22:25:34 | record_time.R ------------------------------------------- 
Warning: 2 parsing failures.
row      col   expected actual                                    file
  1 plate    an integer   none 'experiments/20220127_output/times.csv'
  1 transfer an integer   none 'experiments/20220127_output/times.csv'

Timestamp: 2022-02-10 22:25:34 added.
2022-02-10 22:25:34 | record_time.R done.-------------------------------------- 

2022-02-10 22:27:29 | record_time.R ------------------------------------------- 
Timestamp: 2022-02-10 22:27:29 added.
2022-02-10 22:27:29 | record_time.R done.-------------------------------------- 

2022-02-10 22:31:31 | record_time.R ------------------------------------------- 
Timestamp: 2022-02-10 22:31:31 added.
2022-02-10 22:31:31 | record_time.R done.-------------------------------------- 

2022-02-10 22:31:53 | record_time.R ------------------------------------------- 
Timestamp: 2022-02-10 22:31:53 added.
2022-02-10 22:31:53 | record_time.R done.-------------------------------------- 

2022-02-10 22:36:02 | record_time.R ------------------------------------------- 
Timestamp: 2022-02-10 22:36:02 added.
2022-02-10 22:36:02 | record_time.R done.-------------------------------------- 

2022-02-10 22:40:59 | record_time.R ------------------------------------------- 
Timestamp: 2022-02-10 22:40:59 added.
2022-02-10 22:40:59 | record_time.R done.-------------------------------------- 

2022-02-10 22:48:26 | record_time.R ------------------------------------------- 
Timestamp: 2022-02-10 22:48:26 added.
2022-02-10 22:48:26 | record_time.R done.-------------------------------------- 

2022-02-10 22:49:31 | record_time.R ------------------------------------------- 
Timestamp: 2022-02-10 22:49:31 added.
2022-02-10 22:49:31 | record_time.R done.-------------------------------------- 

2022-02-10 22:54:22 | record_time.R ------------------------------------------- 
Timestamp: 2022-02-10 22:54:22 added.
2022-02-10 22:54:22 | record_time.R done.-------------------------------------- 

2022-02-10 22:55:03 | record_time.R ------------------------------------------- 
Timestamp: 2022-02-10 22:55:03 added.
2022-02-10 22:55:03 | record_time.R done.-------------------------------------- 

2022-02-11 00:37:09 | record_time.R ------------------------------------------- 
Timestamp: 2022-02-11 00:37:09 added.
2022-02-11 00:37:09 | record_time.R done.-------------------------------------- 

2022-02-11 00:40:07 | record_time.R ------------------------------------------- 
Timestamp: 2022-02-11 00:40:07 added.
2022-02-11 00:40:07 | record_time.R done.-------------------------------------- 

2022-02-11 00:42:29 | record_time.R ------------------------------------------- 
Timestamp: 2022-02-11 00:42:29 added.
2022-02-11 00:42:29 | record_time.R done.-------------------------------------- 

2022-02-11 00:43:21 | record_time.R ------------------------------------------- 
Timestamp: 2022-02-11 00:43:22 added.
2022-02-11 00:43:22 | record_time.R done.-------------------------------------- 

2022-02-11 00:48:09 | record_time.R ------------------------------------------- 
Timestamp: 2022-02-11 00:48:09 added.
2022-02-11 00:48:09 | record_time.R done.-------------------------------------- 

2022-02-11 00:48:37 | record_time.R ------------------------------------------- 
Timestamp: 2022-02-11 00:48:37 added.
2022-02-11 00:48:37 | record_time.R done.-------------------------------------- 

2022-02-11 00:49:08 | record_time.R ------------------------------------------- 
Timestamp: 2022-02-11 00:49:08 added.
2022-02-11 00:49:08 | record_time.R done.-------------------------------------- 

2022-02-11 00:57:36 | record_time.R ------------------------------------------- 
Timestamp: 2022-02-11 00:57:36 added.
2022-02-11 00:57:36 | record_time.R done.-------------------------------------- 

2022-02-11 01:00:00 | record_time.R ------------------------------------------- 
Timestamp: 2022-02-11 01:00:00 added.
2022-02-11 01:00:00 | record_time.R done.-------------------------------------- 

2022-02-11 01:03:57 | record_time.R ------------------------------------------- 
Timestamp: 2022-02-11 01:03:57 added.
2022-02-11 01:03:57 | record_time.R done.-------------------------------------- 

2022-02-11 01:08:53 | record_time.R ------------------------------------------- 
Timestamp: 2022-02-11 01:08:53 added.
2022-02-11 01:08:53 | record_time.R done.-------------------------------------- 

2022-02-11 01:16:20 | record_time.R ------------------------------------------- 
Timestamp: 2022-02-11 01:16:20 added.
2022-02-11 01:16:20 | record_time.R done.-------------------------------------- 

2022-02-11 01:17:25 | record_time.R ------------------------------------------- 
Timestamp: 2022-02-11 01:17:25 added.
2022-02-11 01:17:25 | record_time.R done.-------------------------------------- 

2022-02-11 01:22:14 | record_time.R ------------------------------------------- 
Timestamp: 2022-02-11 01:22:14 added.
2022-02-11 01:22:14 | record_time.R done.-------------------------------------- 

2022-02-11 01:22:55 | record_time.R ------------------------------------------- 
Timestamp: 2022-02-11 01:22:55 added.
2022-02-11 01:22:55 | record_time.R done.-------------------------------------- 

2022-02-11 03:05:00 | record_time.R ------------------------------------------- 
Timestamp: 2022-02-11 03:05:00 added.
2022-02-11 03:05:00 | record_time.R done.-------------------------------------- 

2022-02-11 03:07:59 | record_time.R ------------------------------------------- 
Timestamp: 2022-02-11 03:07:59 added.
2022-02-11 03:07:59 | record_time.R done.-------------------------------------- 

2022-02-11 03:10:17 | record_time.R ------------------------------------------- 
Timestamp: 2022-02-11 03:10:17 added.
2022-02-11 03:10:17 | record_time.R done.-------------------------------------- 

2022-02-11 03:11:09 | record_time.R ------------------------------------------- 
Timestamp: 2022-02-11 03:11:09 added.
2022-02-11 03:11:09 | record_time.R done.-------------------------------------- 

2022-02-11 03:15:56 | record_time.R ------------------------------------------- 
Timestamp: 2022-02-11 03:15:56 added.
2022-02-11 03:15:56 | record_time.R done.-------------------------------------- 

2022-02-11 03:16:25 | record_time.R ------------------------------------------- 
Timestamp: 2022-02-11 03:16:25 added.
2022-02-11 03:16:25 | record_time.R done.-------------------------------------- 

2022-02-11 03:16:56 | record_time.R ------------------------------------------- 
Timestamp: 2022-02-11 03:16:56 added.
2022-02-11 03:16:56 | record_time.R done.-------------------------------------- 

2022-02-11 03:25:23 | record_time.R ------------------------------------------- 
Timestamp: 2022-02-11 03:25:23 added.
2022-02-11 03:25:23 | record_time.R done.-------------------------------------- 

2022-02-11 03:27:48 | record_time.R ------------------------------------------- 
Timestamp: 2022-02-11 03:27:48 added.
2022-02-11 03:27:48 | record_time.R done.-------------------------------------- 

2022-02-11 03:31:41 | record_time.R ------------------------------------------- 
Timestamp: 2022-02-11 03:31:41 added.
2022-02-11 03:31:41 | record_time.R done.-------------------------------------- 

2022-02-11 03:36:38 | record_time.R ------------------------------------------- 
Timestamp: 2022-02-11 03:36:38 added.
2022-02-11 03:36:38 | record_time.R done.-------------------------------------- 

2022-02-11 03:44:04 | record_time.R ------------------------------------------- 
Timestamp: 2022-02-11 03:44:05 added.
2022-02-11 03:44:05 | record_time.R done.-------------------------------------- 

2022-02-11 03:45:10 | record_time.R ------------------------------------------- 
Timestamp: 2022-02-11 03:45:10 added.
2022-02-11 03:45:10 | record_time.R done.-------------------------------------- 

2022-02-11 03:50:00 | record_time.R ------------------------------------------- 
Timestamp: 2022-02-11 03:50:00 added.
2022-02-11 03:50:00 | record_time.R done.-------------------------------------- 

2022-02-11 03:50:42 | record_time.R ------------------------------------------- 
Timestamp: 2022-02-11 03:50:42 added.
2022-02-11 03:50:42 | record_time.R done.-------------------------------------- 

2022-02-11 05:32:47 | record_time.R ------------------------------------------- 
Timestamp: 2022-02-11 05:32:47 added.
2022-02-11 05:32:47 | record_time.R done.-------------------------------------- 

2022-02-11 05:35:47 | record_time.R ------------------------------------------- 
Timestamp: 2022-02-11 05:35:47 added.
2022-02-11 05:35:47 | record_time.R done.-------------------------------------- 

2022-02-11 05:38:07 | record_time.R ------------------------------------------- 
Timestamp: 2022-02-11 05:38:07 added.
2022-02-11 05:38:07 | record_time.R done.-------------------------------------- 

2022-02-11 05:39:00 | record_time.R ------------------------------------------- 
Timestamp: 2022-02-11 05:39:00 added.
2022-02-11 05:39:00 | record_time.R done.-------------------------------------- 

2022-02-11 05:43:47 | record_time.R ------------------------------------------- 
Timestamp: 2022-02-11 05:43:47 added.
2022-02-11 05:43:47 | record_time.R done.-------------------------------------- 

2022-02-11 05:44:16 | record_time.R ------------------------------------------- 
Timestamp: 2022-02-11 05:44:16 added.
2022-02-11 05:44:16 | record_time.R done.-------------------------------------- 

2022-02-11 05:44:47 | record_time.R ------------------------------------------- 
Timestamp: 2022-02-11 05:44:47 added.
2022-02-11 05:44:47 | record_time.R done.-------------------------------------- 

2022-02-11 05:53:14 | record_time.R ------------------------------------------- 
Timestamp: 2022-02-11 05:53:14 added.
2022-02-11 05:53:14 | record_time.R done.-------------------------------------- 

2022-02-11 05:55:38 | record_time.R ------------------------------------------- 
Timestamp: 2022-02-11 05:55:38 added.
2022-02-11 05:55:38 | record_time.R done.-------------------------------------- 

2022-02-11 05:59:38 | record_time.R ------------------------------------------- 
Timestamp: 2022-02-11 05:59:38 added.
2022-02-11 05:59:38 | record_time.R done.-------------------------------------- 

2022-02-11 06:04:34 | record_time.R ------------------------------------------- 
Timestamp: 2022-02-11 06:04:34 added.
2022-02-11 06:04:34 | record_time.R done.-------------------------------------- 

2022-02-11 06:12:02 | record_time.R ------------------------------------------- 
Timestamp: 2022-02-11 06:12:02 added.
2022-02-11 06:12:02 | record_time.R done.-------------------------------------- 

2022-02-11 06:13:06 | record_time.R ------------------------------------------- 
Timestamp: 2022-02-11 06:13:06 added.
2022-02-11 06:13:06 | record_time.R done.-------------------------------------- 

2022-02-11 06:17:56 | record_time.R ------------------------------------------- 
Timestamp: 2022-02-11 06:17:56 added.
2022-02-11 06:17:56 | record_time.R done.-------------------------------------- 

2022-02-11 06:18:38 | record_time.R ------------------------------------------- 
Timestamp: 2022-02-11 06:18:38 added.
2022-02-11 06:18:38 | record_time.R done.-------------------------------------- 

2022-02-11 08:00:44 | record_time.R ------------------------------------------- 
Timestamp: 2022-02-11 08:00:44 added.
2022-02-11 08:00:44 | record_time.R done.-------------------------------------- 

2022-02-11 08:03:43 | record_time.R ------------------------------------------- 
Timestamp: 2022-02-11 08:03:43 added.
2022-02-11 08:03:43 | record_time.R done.-------------------------------------- 

2022-02-11 08:06:01 | record_time.R ------------------------------------------- 
Timestamp: 2022-02-11 08:06:01 added.
2022-02-11 08:06:01 | record_time.R done.-------------------------------------- 

2022-02-11 08:06:54 | record_time.R ------------------------------------------- 
Timestamp: 2022-02-11 08:06:54 added.
2022-02-11 08:06:54 | record_time.R done.-------------------------------------- 

2022-02-11 08:11:41 | record_time.R ------------------------------------------- 
Timestamp: 2022-02-11 08:11:41 added.
2022-02-11 08:11:41 | record_time.R done.-------------------------------------- 

2022-02-11 08:12:10 | record_time.R ------------------------------------------- 
Timestamp: 2022-02-11 08:12:10 added.
2022-02-11 08:12:10 | record_time.R done.-------------------------------------- 

2022-02-11 08:12:41 | record_time.R ------------------------------------------- 
Timestamp: 2022-02-11 08:12:41 added.
2022-02-11 08:12:41 | record_time.R done.-------------------------------------- 

2022-02-11 08:21:09 | record_time.R ------------------------------------------- 
Timestamp: 2022-02-11 08:21:09 added.
2022-02-11 08:21:09 | record_time.R done.-------------------------------------- 

2022-02-11 08:23:32 | record_time.R ------------------------------------------- 
Timestamp: 2022-02-11 08:23:32 added.
2022-02-11 08:23:32 | record_time.R done.-------------------------------------- 

2022-02-11 08:27:28 | record_time.R ------------------------------------------- 
Timestamp: 2022-02-11 08:27:28 added.
2022-02-11 08:27:28 | record_time.R done.-------------------------------------- 

2022-02-11 08:32:23 | record_time.R ------------------------------------------- 
Timestamp: 2022-02-11 08:32:23 added.
2022-02-11 08:32:23 | record_time.R done.-------------------------------------- 

2022-02-11 08:39:51 | record_time.R ------------------------------------------- 
Timestamp: 2022-02-11 08:39:51 added.
2022-02-11 08:39:51 | record_time.R done.-------------------------------------- 

2022-02-11 08:40:55 | record_time.R ------------------------------------------- 
Timestamp: 2022-02-11 08:40:55 added.
2022-02-11 08:40:55 | record_time.R done.-------------------------------------- 

2022-02-11 08:45:49 | record_time.R ------------------------------------------- 
Timestamp: 2022-02-11 08:45:49 added.
2022-02-11 08:45:49 | record_time.R done.-------------------------------------- 

2022-02-11 08:46:31 | record_time.R ------------------------------------------- 
Timestamp: 2022-02-11 08:46:31 added.
2022-02-11 08:46:31 | record_time.R done.-------------------------------------- 

2022-02-11 10:28:33 | record_time.R ------------------------------------------- 
Timestamp: 2022-02-11 10:28:33 added.
2022-02-11 10:28:33 | record_time.R done.-------------------------------------- 

2022-02-11 10:31:32 | record_time.R ------------------------------------------- 
Timestamp: 2022-02-11 10:31:32 added.
2022-02-11 10:31:32 | record_time.R done.-------------------------------------- 

2022-02-11 10:33:51 | record_time.R ------------------------------------------- 
Timestamp: 2022-02-11 10:33:51 added.
2022-02-11 10:33:51 | record_time.R done.-------------------------------------- 

2022-02-11 10:34:43 | record_time.R ------------------------------------------- 
Timestamp: 2022-02-11 10:34:43 added.
2022-02-11 10:34:43 | record_time.R done.-------------------------------------- 

2022-02-11 10:39:30 | record_time.R ------------------------------------------- 
Timestamp: 2022-02-11 10:39:30 added.
2022-02-11 10:39:30 | record_time.R done.-------------------------------------- 

2022-02-11 10:39:59 | record_time.R ------------------------------------------- 
Timestamp: 2022-02-11 10:39:59 added.
2022-02-11 10:39:59 | record_time.R done.-------------------------------------- 

2022-02-11 10:40:30 | record_time.R ------------------------------------------- 
Timestamp: 2022-02-11 10:40:30 added.
2022-02-11 10:40:30 | record_time.R done.-------------------------------------- 

2022-02-11 10:48:57 | record_time.R ------------------------------------------- 
Timestamp: 2022-02-11 10:48:58 added.
2022-02-11 10:48:58 | record_time.R done.-------------------------------------- 

2022-02-11 10:51:21 | record_time.R ------------------------------------------- 
Timestamp: 2022-02-11 10:51:21 added.
2022-02-11 10:51:21 | record_time.R done.-------------------------------------- 

2022-02-11 10:55:14 | record_time.R ------------------------------------------- 
Timestamp: 2022-02-11 10:55:14 added.
2022-02-11 10:55:14 | record_time.R done.-------------------------------------- 

2022-02-11 11:00:10 | record_time.R ------------------------------------------- 
Timestamp: 2022-02-11 11:00:10 added.
2022-02-11 11:00:10 | record_time.R done.-------------------------------------- 

2022-02-11 11:07:38 | record_time.R ------------------------------------------- 
Timestamp: 2022-02-11 11:07:38 added.
2022-02-11 11:07:38 | record_time.R done.-------------------------------------- 

2022-02-11 11:08:42 | record_time.R ------------------------------------------- 
Timestamp: 2022-02-11 11:08:42 added.
2022-02-11 11:08:42 | record_time.R done.-------------------------------------- 

2022-02-11 11:13:33 | record_time.R ------------------------------------------- 
Timestamp: 2022-02-11 11:13:33 added.
2022-02-11 11:13:33 | record_time.R done.-------------------------------------- 

2022-02-11 11:14:14 | record_time.R ------------------------------------------- 
Timestamp: 2022-02-11 11:14:14 added.
2022-02-11 11:14:14 | record_time.R done.-------------------------------------- 

2022-02-11 12:56:21 | record_time.R ------------------------------------------- 
Timestamp: 2022-02-11 12:56:21 added.
2022-02-11 12:56:21 | record_time.R done.-------------------------------------- 

2022-02-11 12:59:17 | record_time.R ------------------------------------------- 
Timestamp: 2022-02-11 12:59:17 added.
2022-02-11 12:59:17 | record_time.R done.-------------------------------------- 

2022-02-11 13:01:36 | record_time.R ------------------------------------------- 
Timestamp: 2022-02-11 13:01:36 added.
2022-02-11 13:01:36 | record_time.R done.-------------------------------------- 

2022-02-11 13:02:29 | record_time.R ------------------------------------------- 
Timestamp: 2022-02-11 13:02:29 added.
2022-02-11 13:02:29 | record_time.R done.-------------------------------------- 

2022-02-11 13:07:17 | record_time.R ------------------------------------------- 
Timestamp: 2022-02-11 13:07:17 added.
2022-02-11 13:07:17 | record_time.R done.-------------------------------------- 

2022-02-11 13:07:46 | record_time.R ------------------------------------------- 
Timestamp: 2022-02-11 13:07:46 added.
2022-02-11 13:07:46 | record_time.R done.-------------------------------------- 

2022-02-11 13:08:16 | record_time.R ------------------------------------------- 
Timestamp: 2022-02-11 13:08:16 added.
2022-02-11 13:08:16 | record_time.R done.-------------------------------------- 

2022-02-11 13:16:46 | record_time.R ------------------------------------------- 
Timestamp: 2022-02-11 13:16:46 added.
2022-02-11 13:16:46 | record_time.R done.-------------------------------------- 

2022-02-11 13:19:00 | record_time.R ------------------------------------------- 
Timestamp: 2022-02-11 13:19:00 added.
2022-02-11 13:19:00 | record_time.R done.-------------------------------------- 

2022-02-11 18:18:09 | record_time.R ------------------------------------------- 
Timestamp: 2022-02-11 18:18:09 added.
2022-02-11 18:18:09 | record_time.R done.-------------------------------------- 

2022-02-12 14:16:40 | record_time.R ------------------------------------------- 
Timestamp: 2022-02-12 14:16:40 added.
2022-02-12 14:16:40 | record_time.R done.-------------------------------------- 

2022-02-12 17:22:28 | record_time.R ------------------------------------------- 
Timestamp: 2022-02-12 17:22:28 added.
2022-02-12 17:22:28 | record_time.R done.-------------------------------------- 

2022-02-12 20:19:06 | record_time.R ------------------------------------------- 
Timestamp: 2022-02-12 20:19:06 added.
2022-02-12 20:19:06 | record_time.R done.-------------------------------------- 

2022-02-12 23:15:41 | record_time.R ------------------------------------------- 
Timestamp: 2022-02-12 23:15:41 added.
2022-02-12 23:15:41 | record_time.R done.-------------------------------------- 

2022-02-13 02:12:14 | record_time.R ------------------------------------------- 
Timestamp: 2022-02-13 02:12:14 added.
2022-02-13 02:12:14 | record_time.R done.-------------------------------------- 

