2022-02-21 12:38:07 | record_time.R ------------------------------------------- 
Timestamp: 2022-02-21 12:38:07 added.
2022-02-21 12:38:07 | record_time.R done.-------------------------------------- 

2022-02-21 12:38:09 | record_time.R ------------------------------------------- 
Timestamp: 2022-02-21 12:38:09 added.
2022-02-21 12:38:09 | record_time.R done.-------------------------------------- 

2022-02-21 12:48:44 | record_time.R ------------------------------------------- 
Timestamp: 2022-02-21 12:48:44 added.
2022-02-21 12:48:44 | record_time.R done.-------------------------------------- 

2022-02-21 12:49:15 | record_time.R ------------------------------------------- 
Timestamp: 2022-02-21 12:49:15 added.
2022-02-21 12:49:15 | record_time.R done.-------------------------------------- 

2022-02-21 13:10:21 | record_time.R ------------------------------------------- 
Timestamp: 2022-02-21 13:10:21 added.
2022-02-21 13:10:21 | record_time.R done.-------------------------------------- 

2022-02-21 13:11:00 | record_time.R ------------------------------------------- 
Timestamp: 2022-02-21 13:11:00 added.
2022-02-21 13:11:00 | record_time.R done.-------------------------------------- 

2022-02-21 13:35:46 | record_time.R ------------------------------------------- 
Timestamp: 2022-02-21 13:35:46 added.
2022-02-21 13:35:46 | record_time.R done.-------------------------------------- 

2022-02-21 13:36:27 | record_time.R ------------------------------------------- 
Timestamp: 2022-02-21 13:36:27 added.
2022-02-21 13:36:27 | record_time.R done.-------------------------------------- 

2022-02-21 14:01:14 | record_time.R ------------------------------------------- 
Timestamp: 2022-02-21 14:01:14 added.
2022-02-21 14:01:14 | record_time.R done.-------------------------------------- 

2022-02-21 14:01:54 | record_time.R ------------------------------------------- 
Timestamp: 2022-02-21 14:01:54 added.
2022-02-21 14:01:54 | record_time.R done.-------------------------------------- 

2022-02-21 14:26:41 | record_time.R ------------------------------------------- 
Timestamp: 2022-02-21 14:26:41 added.
2022-02-21 14:26:41 | record_time.R done.-------------------------------------- 

2022-02-21 14:27:22 | record_time.R ------------------------------------------- 
Timestamp: 2022-02-21 14:27:22 added.
2022-02-21 14:27:22 | record_time.R done.-------------------------------------- 

2022-02-21 14:52:14 | record_time.R ------------------------------------------- 
Timestamp: 2022-02-21 14:52:14 added.
2022-02-21 14:52:14 | record_time.R done.-------------------------------------- 

2022-02-21 14:52:53 | record_time.R ------------------------------------------- 
Timestamp: 2022-02-21 14:52:53 added.
2022-02-21 14:52:53 | record_time.R done.-------------------------------------- 

2022-02-21 15:34:34 | record_time.R ------------------------------------------- 
Timestamp: 2022-02-21 15:34:34 added.
2022-02-21 15:34:34 | record_time.R done.-------------------------------------- 

2022-02-21 15:36:55 | record_time.R ------------------------------------------- 
Timestamp: 2022-02-21 15:36:55 added.
2022-02-21 15:36:55 | record_time.R done.-------------------------------------- 

2022-02-21 15:46:46 | record_time.R ------------------------------------------- 
Warning: 2 parsing failures.
row      col   expected actual                                    file
  1 plate    an integer   none 'experiments/20220127_output/times.csv'
  1 transfer an integer   none 'experiments/20220127_output/times.csv'

Timestamp: 2022-02-21 15:46:46 added.
2022-02-21 15:46:46 | record_time.R done.-------------------------------------- 

2022-02-21 15:48:41 | record_time.R ------------------------------------------- 
Timestamp: 2022-02-21 15:48:41 added.
2022-02-21 15:48:41 | record_time.R done.-------------------------------------- 

2022-02-21 15:52:45 | record_time.R ------------------------------------------- 
Timestamp: 2022-02-21 15:52:45 added.
2022-02-21 15:52:45 | record_time.R done.-------------------------------------- 

2022-02-21 15:53:07 | record_time.R ------------------------------------------- 
Timestamp: 2022-02-21 15:53:07 added.
2022-02-21 15:53:07 | record_time.R done.-------------------------------------- 

2022-02-21 15:57:16 | record_time.R ------------------------------------------- 
Timestamp: 2022-02-21 15:57:16 added.
2022-02-21 15:57:16 | record_time.R done.-------------------------------------- 

2022-02-21 16:02:14 | record_time.R ------------------------------------------- 
Timestamp: 2022-02-21 16:02:14 added.
2022-02-21 16:02:14 | record_time.R done.-------------------------------------- 

2022-02-21 16:15:26 | record_time.R ------------------------------------------- 
Timestamp: 2022-02-21 16:15:26 added.
2022-02-21 16:15:26 | record_time.R done.-------------------------------------- 

2022-02-21 16:16:30 | record_time.R ------------------------------------------- 
Timestamp: 2022-02-21 16:16:30 added.
2022-02-21 16:16:30 | record_time.R done.-------------------------------------- 

2022-02-21 16:21:22 | record_time.R ------------------------------------------- 
Timestamp: 2022-02-21 16:21:22 added.
2022-02-21 16:21:22 | record_time.R done.-------------------------------------- 

2022-02-21 16:22:03 | record_time.R ------------------------------------------- 
Timestamp: 2022-02-21 16:22:03 added.
2022-02-21 16:22:03 | record_time.R done.-------------------------------------- 

2022-02-21 17:47:11 | record_time.R ------------------------------------------- 
Timestamp: 2022-02-21 17:47:11 added.
2022-02-21 17:47:11 | record_time.R done.-------------------------------------- 

2022-02-21 17:50:36 | record_time.R ------------------------------------------- 
Timestamp: 2022-02-21 17:50:36 added.
2022-02-21 17:50:36 | record_time.R done.-------------------------------------- 

2022-02-21 17:52:54 | record_time.R ------------------------------------------- 
Timestamp: 2022-02-21 17:52:54 added.
2022-02-21 17:52:54 | record_time.R done.-------------------------------------- 

2022-02-21 17:53:46 | record_time.R ------------------------------------------- 
Timestamp: 2022-02-21 17:53:46 added.
2022-02-21 17:53:46 | record_time.R done.-------------------------------------- 

2022-02-21 17:58:33 | record_time.R ------------------------------------------- 
Timestamp: 2022-02-21 17:58:33 added.
2022-02-21 17:58:33 | record_time.R done.-------------------------------------- 

2022-02-21 17:59:03 | record_time.R ------------------------------------------- 
Timestamp: 2022-02-21 17:59:03 added.
2022-02-21 17:59:03 | record_time.R done.-------------------------------------- 

2022-02-21 17:59:33 | record_time.R ------------------------------------------- 
Timestamp: 2022-02-21 17:59:33 added.
2022-02-21 17:59:33 | record_time.R done.-------------------------------------- 

2022-02-21 18:07:56 | record_time.R ------------------------------------------- 
Timestamp: 2022-02-21 18:07:56 added.
2022-02-21 18:07:56 | record_time.R done.-------------------------------------- 

2022-02-21 18:10:21 | record_time.R ------------------------------------------- 
Timestamp: 2022-02-21 18:10:21 added.
2022-02-21 18:10:21 | record_time.R done.-------------------------------------- 

2022-02-21 18:14:17 | record_time.R ------------------------------------------- 
Timestamp: 2022-02-21 18:14:17 added.
2022-02-21 18:14:17 | record_time.R done.-------------------------------------- 

2022-02-21 18:19:13 | record_time.R ------------------------------------------- 
Timestamp: 2022-02-21 18:19:13 added.
2022-02-21 18:19:13 | record_time.R done.-------------------------------------- 

2022-02-21 18:32:25 | record_time.R ------------------------------------------- 
Timestamp: 2022-02-21 18:32:25 added.
2022-02-21 18:32:25 | record_time.R done.-------------------------------------- 

2022-02-21 18:33:30 | record_time.R ------------------------------------------- 
Timestamp: 2022-02-21 18:33:30 added.
2022-02-21 18:33:30 | record_time.R done.-------------------------------------- 

2022-02-21 18:38:21 | record_time.R ------------------------------------------- 
Timestamp: 2022-02-21 18:38:21 added.
2022-02-21 18:38:21 | record_time.R done.-------------------------------------- 

2022-02-21 18:39:02 | record_time.R ------------------------------------------- 
Timestamp: 2022-02-21 18:39:02 added.
2022-02-21 18:39:02 | record_time.R done.-------------------------------------- 

2022-02-21 20:04:15 | record_time.R ------------------------------------------- 
Timestamp: 2022-02-21 20:04:15 added.
2022-02-21 20:04:15 | record_time.R done.-------------------------------------- 

2022-02-21 20:07:40 | record_time.R ------------------------------------------- 
Timestamp: 2022-02-21 20:07:40 added.
2022-02-21 20:07:40 | record_time.R done.-------------------------------------- 

2022-02-21 20:09:58 | record_time.R ------------------------------------------- 
Timestamp: 2022-02-21 20:09:58 added.
2022-02-21 20:09:58 | record_time.R done.-------------------------------------- 

2022-02-21 20:10:50 | record_time.R ------------------------------------------- 
Timestamp: 2022-02-21 20:10:50 added.
2022-02-21 20:10:50 | record_time.R done.-------------------------------------- 

2022-02-21 20:15:37 | record_time.R ------------------------------------------- 
Timestamp: 2022-02-21 20:15:37 added.
2022-02-21 20:15:37 | record_time.R done.-------------------------------------- 

2022-02-21 20:16:07 | record_time.R ------------------------------------------- 
Timestamp: 2022-02-21 20:16:07 added.
2022-02-21 20:16:07 | record_time.R done.-------------------------------------- 

2022-02-21 20:16:36 | record_time.R ------------------------------------------- 
Timestamp: 2022-02-21 20:16:36 added.
2022-02-21 20:16:36 | record_time.R done.-------------------------------------- 

2022-02-21 20:24:59 | record_time.R ------------------------------------------- 
Timestamp: 2022-02-21 20:24:59 added.
2022-02-21 20:24:59 | record_time.R done.-------------------------------------- 

2022-02-21 20:27:24 | record_time.R ------------------------------------------- 
Timestamp: 2022-02-21 20:27:24 added.
2022-02-21 20:27:24 | record_time.R done.-------------------------------------- 

2022-02-21 20:31:16 | record_time.R ------------------------------------------- 
Timestamp: 2022-02-21 20:31:16 added.
2022-02-21 20:31:16 | record_time.R done.-------------------------------------- 

2022-02-21 20:36:12 | record_time.R ------------------------------------------- 
Timestamp: 2022-02-21 20:36:12 added.
2022-02-21 20:36:12 | record_time.R done.-------------------------------------- 

2022-02-21 20:49:25 | record_time.R ------------------------------------------- 
Timestamp: 2022-02-21 20:49:25 added.
2022-02-21 20:49:25 | record_time.R done.-------------------------------------- 

2022-02-21 20:50:29 | record_time.R ------------------------------------------- 
Timestamp: 2022-02-21 20:50:29 added.
2022-02-21 20:50:29 | record_time.R done.-------------------------------------- 

2022-02-21 20:55:20 | record_time.R ------------------------------------------- 
Timestamp: 2022-02-21 20:55:20 added.
2022-02-21 20:55:20 | record_time.R done.-------------------------------------- 

2022-02-21 20:56:01 | record_time.R ------------------------------------------- 
Timestamp: 2022-02-21 20:56:01 added.
2022-02-21 20:56:01 | record_time.R done.-------------------------------------- 

2022-02-21 22:21:14 | record_time.R ------------------------------------------- 
Timestamp: 2022-02-21 22:21:14 added.
2022-02-21 22:21:14 | record_time.R done.-------------------------------------- 

2022-02-21 22:24:39 | record_time.R ------------------------------------------- 
Timestamp: 2022-02-21 22:24:39 added.
2022-02-21 22:24:39 | record_time.R done.-------------------------------------- 

2022-02-21 22:26:57 | record_time.R ------------------------------------------- 
Timestamp: 2022-02-21 22:26:57 added.
2022-02-21 22:26:57 | record_time.R done.-------------------------------------- 

2022-02-21 22:27:50 | record_time.R ------------------------------------------- 
Timestamp: 2022-02-21 22:27:50 added.
2022-02-21 22:27:50 | record_time.R done.-------------------------------------- 

2022-02-21 22:32:38 | record_time.R ------------------------------------------- 
Timestamp: 2022-02-21 22:32:38 added.
2022-02-21 22:32:38 | record_time.R done.-------------------------------------- 

2022-02-21 22:33:08 | record_time.R ------------------------------------------- 
Timestamp: 2022-02-21 22:33:08 added.
2022-02-21 22:33:08 | record_time.R done.-------------------------------------- 

2022-02-21 22:33:37 | record_time.R ------------------------------------------- 
Timestamp: 2022-02-21 22:33:37 added.
2022-02-21 22:33:37 | record_time.R done.-------------------------------------- 

2022-02-21 22:42:01 | record_time.R ------------------------------------------- 
Timestamp: 2022-02-21 22:42:01 added.
2022-02-21 22:42:01 | record_time.R done.-------------------------------------- 

2022-02-21 22:44:26 | record_time.R ------------------------------------------- 
Timestamp: 2022-02-21 22:44:26 added.
2022-02-21 22:44:26 | record_time.R done.-------------------------------------- 

2022-02-21 22:48:25 | record_time.R ------------------------------------------- 
Timestamp: 2022-02-21 22:48:25 added.
2022-02-21 22:48:25 | record_time.R done.-------------------------------------- 

2022-02-21 22:53:22 | record_time.R ------------------------------------------- 
Timestamp: 2022-02-21 22:53:22 added.
2022-02-21 22:53:22 | record_time.R done.-------------------------------------- 

2022-02-21 23:06:34 | record_time.R ------------------------------------------- 
Timestamp: 2022-02-21 23:06:34 added.
2022-02-21 23:06:34 | record_time.R done.-------------------------------------- 

2022-02-21 23:07:39 | record_time.R ------------------------------------------- 
Timestamp: 2022-02-21 23:07:39 added.
2022-02-21 23:07:39 | record_time.R done.-------------------------------------- 

2022-02-21 23:12:30 | record_time.R ------------------------------------------- 
Timestamp: 2022-02-21 23:12:30 added.
2022-02-21 23:12:30 | record_time.R done.-------------------------------------- 

2022-02-21 23:13:11 | record_time.R ------------------------------------------- 
Timestamp: 2022-02-21 23:13:11 added.
2022-02-21 23:13:11 | record_time.R done.-------------------------------------- 

2022-02-22 00:38:26 | record_time.R ------------------------------------------- 
Timestamp: 2022-02-22 00:38:26 added.
2022-02-22 00:38:26 | record_time.R done.-------------------------------------- 

2022-02-22 00:41:51 | record_time.R ------------------------------------------- 
Timestamp: 2022-02-22 00:41:51 added.
2022-02-22 00:41:51 | record_time.R done.-------------------------------------- 

2022-02-22 00:44:10 | record_time.R ------------------------------------------- 
Timestamp: 2022-02-22 00:44:10 added.
2022-02-22 00:44:10 | record_time.R done.-------------------------------------- 

2022-02-22 00:45:02 | record_time.R ------------------------------------------- 
Timestamp: 2022-02-22 00:45:02 added.
2022-02-22 00:45:02 | record_time.R done.-------------------------------------- 

2022-02-22 00:49:50 | record_time.R ------------------------------------------- 
Timestamp: 2022-02-22 00:49:50 added.
2022-02-22 00:49:50 | record_time.R done.-------------------------------------- 

2022-02-22 00:50:24 | record_time.R ------------------------------------------- 
Timestamp: 2022-02-22 00:50:24 added.
2022-02-22 00:50:24 | record_time.R done.-------------------------------------- 

2022-02-22 00:50:54 | record_time.R ------------------------------------------- 
Timestamp: 2022-02-22 00:50:54 added.
2022-02-22 00:50:54 | record_time.R done.-------------------------------------- 

2022-02-22 00:59:18 | record_time.R ------------------------------------------- 
Timestamp: 2022-02-22 00:59:18 added.
2022-02-22 00:59:18 | record_time.R done.-------------------------------------- 

2022-02-22 01:01:42 | record_time.R ------------------------------------------- 
Timestamp: 2022-02-22 01:01:42 added.
2022-02-22 01:01:42 | record_time.R done.-------------------------------------- 

2022-02-22 01:05:40 | record_time.R ------------------------------------------- 
Timestamp: 2022-02-22 01:05:40 added.
2022-02-22 01:05:40 | record_time.R done.-------------------------------------- 

2022-02-22 01:10:36 | record_time.R ------------------------------------------- 
Timestamp: 2022-02-22 01:10:36 added.
2022-02-22 01:10:36 | record_time.R done.-------------------------------------- 

2022-02-22 01:23:48 | record_time.R ------------------------------------------- 
Timestamp: 2022-02-22 01:23:48 added.
2022-02-22 01:23:48 | record_time.R done.-------------------------------------- 

2022-02-22 01:24:52 | record_time.R ------------------------------------------- 
Timestamp: 2022-02-22 01:24:52 added.
2022-02-22 01:24:52 | record_time.R done.-------------------------------------- 

2022-02-22 01:29:43 | record_time.R ------------------------------------------- 
Timestamp: 2022-02-22 01:29:43 added.
2022-02-22 01:29:43 | record_time.R done.-------------------------------------- 

2022-02-22 01:30:25 | record_time.R ------------------------------------------- 
Timestamp: 2022-02-22 01:30:25 added.
2022-02-22 01:30:25 | record_time.R done.-------------------------------------- 

2022-02-22 02:55:40 | record_time.R ------------------------------------------- 
Timestamp: 2022-02-22 02:55:40 added.
2022-02-22 02:55:40 | record_time.R done.-------------------------------------- 

2022-02-22 02:59:05 | record_time.R ------------------------------------------- 
Timestamp: 2022-02-22 02:59:05 added.
2022-02-22 02:59:05 | record_time.R done.-------------------------------------- 

2022-02-22 03:01:24 | record_time.R ------------------------------------------- 
Timestamp: 2022-02-22 03:01:24 added.
2022-02-22 03:01:24 | record_time.R done.-------------------------------------- 

2022-02-22 03:02:17 | record_time.R ------------------------------------------- 
Timestamp: 2022-02-22 03:02:17 added.
2022-02-22 03:02:17 | record_time.R done.-------------------------------------- 

2022-02-22 03:07:05 | record_time.R ------------------------------------------- 
Timestamp: 2022-02-22 03:07:05 added.
2022-02-22 03:07:05 | record_time.R done.-------------------------------------- 

2022-02-22 03:07:38 | record_time.R ------------------------------------------- 
Timestamp: 2022-02-22 03:07:38 added.
2022-02-22 03:07:38 | record_time.R done.-------------------------------------- 

2022-02-22 03:08:07 | record_time.R ------------------------------------------- 
Timestamp: 2022-02-22 03:08:07 added.
2022-02-22 03:08:07 | record_time.R done.-------------------------------------- 

2022-02-22 03:16:32 | record_time.R ------------------------------------------- 
Timestamp: 2022-02-22 03:16:32 added.
2022-02-22 03:16:32 | record_time.R done.-------------------------------------- 

2022-02-22 03:18:56 | record_time.R ------------------------------------------- 
Timestamp: 2022-02-22 03:18:56 added.
2022-02-22 03:18:56 | record_time.R done.-------------------------------------- 

2022-02-22 03:22:49 | record_time.R ------------------------------------------- 
Timestamp: 2022-02-22 03:22:49 added.
2022-02-22 03:22:50 | record_time.R done.-------------------------------------- 

2022-02-22 03:27:46 | record_time.R ------------------------------------------- 
Timestamp: 2022-02-22 03:27:46 added.
2022-02-22 03:27:46 | record_time.R done.-------------------------------------- 

2022-02-22 03:40:58 | record_time.R ------------------------------------------- 
Timestamp: 2022-02-22 03:40:58 added.
2022-02-22 03:40:58 | record_time.R done.-------------------------------------- 

2022-02-22 03:42:03 | record_time.R ------------------------------------------- 
Timestamp: 2022-02-22 03:42:03 added.
2022-02-22 03:42:03 | record_time.R done.-------------------------------------- 

2022-02-22 03:46:54 | record_time.R ------------------------------------------- 
Timestamp: 2022-02-22 03:46:54 added.
2022-02-22 03:46:54 | record_time.R done.-------------------------------------- 

2022-02-22 03:47:35 | record_time.R ------------------------------------------- 
Timestamp: 2022-02-22 03:47:35 added.
2022-02-22 03:47:35 | record_time.R done.-------------------------------------- 

2022-02-22 05:12:48 | record_time.R ------------------------------------------- 
Timestamp: 2022-02-22 05:12:48 added.
2022-02-22 05:12:48 | record_time.R done.-------------------------------------- 

2022-02-22 05:16:13 | record_time.R ------------------------------------------- 
Timestamp: 2022-02-22 05:16:13 added.
2022-02-22 05:16:13 | record_time.R done.-------------------------------------- 

2022-02-22 05:18:33 | record_time.R ------------------------------------------- 
Timestamp: 2022-02-22 05:18:33 added.
2022-02-22 05:18:33 | record_time.R done.-------------------------------------- 

2022-02-22 05:19:25 | record_time.R ------------------------------------------- 
Timestamp: 2022-02-22 05:19:25 added.
2022-02-22 05:19:25 | record_time.R done.-------------------------------------- 

2022-02-22 05:24:13 | record_time.R ------------------------------------------- 
Timestamp: 2022-02-22 05:24:14 added.
2022-02-22 05:24:14 | record_time.R done.-------------------------------------- 

2022-02-22 05:24:43 | record_time.R ------------------------------------------- 
Timestamp: 2022-02-22 05:24:43 added.
2022-02-22 05:24:43 | record_time.R done.-------------------------------------- 

2022-02-22 05:25:13 | record_time.R ------------------------------------------- 
Timestamp: 2022-02-22 05:25:13 added.
2022-02-22 05:25:13 | record_time.R done.-------------------------------------- 

2022-02-22 05:33:39 | record_time.R ------------------------------------------- 
Timestamp: 2022-02-22 05:33:39 added.
2022-02-22 05:33:39 | record_time.R done.-------------------------------------- 

2022-02-22 05:35:53 | record_time.R ------------------------------------------- 
Timestamp: 2022-02-22 05:35:53 added.
2022-02-22 05:35:53 | record_time.R done.-------------------------------------- 

2022-02-22 15:51:35 | record_time.R ------------------------------------------- 
Timestamp: 2022-02-22 15:51:35 added.
2022-02-22 15:51:35 | record_time.R done.-------------------------------------- 

2022-02-22 18:13:33 | record_time.R ------------------------------------------- 
Timestamp: 2022-02-22 18:13:33 added.
2022-02-22 18:13:33 | record_time.R done.-------------------------------------- 

2022-02-22 20:35:36 | record_time.R ------------------------------------------- 
Timestamp: 2022-02-22 20:35:36 added.
2022-02-22 20:35:36 | record_time.R done.-------------------------------------- 

2022-02-22 22:57:32 | record_time.R ------------------------------------------- 
Timestamp: 2022-02-22 22:57:32 added.
2022-02-22 22:57:32 | record_time.R done.-------------------------------------- 

2022-02-23 01:19:27 | record_time.R ------------------------------------------- 
Timestamp: 2022-02-23 01:19:27 added.
2022-02-23 01:19:27 | record_time.R done.-------------------------------------- 

2022-02-23 03:41:14 | record_time.R ------------------------------------------- 
Timestamp: 2022-02-23 03:41:14 added.
2022-02-23 03:41:14 | record_time.R done.-------------------------------------- 

