2022-02-09 09:45:10 | record_time.R ------------------------------------------- 
Timestamp: 2022-02-09 09:45:10 added.
2022-02-09 09:45:10 | record_time.R done.-------------------------------------- 

2022-02-09 09:54:37 | record_time.R ------------------------------------------- 
Warning: 2 parsing failures.
row      col   expected actual                                    file
  1 plate    an integer   none 'experiments/20220127_output/times.csv'
  1 transfer an integer   none 'experiments/20220127_output/times.csv'

Timestamp: 2022-02-09 09:54:37 added.
2022-02-09 09:54:37 | record_time.R done.-------------------------------------- 

2022-02-09 10:00:55 | record_time.R ------------------------------------------- 
Warning: 2 parsing failures.
row      col   expected actual                                    file
  1 plate    an integer   none 'experiments/20220127_output/times.csv'
  1 transfer an integer   none 'experiments/20220127_output/times.csv'

Timestamp: 2022-02-09 10:00:55 added.
2022-02-09 10:00:55 | record_time.R done.-------------------------------------- 

2022-02-09 10:07:25 | record_time.R ------------------------------------------- 
Warning: 2 parsing failures.
row      col   expected actual                                    file
  1 plate    an integer   none 'experiments/20220127_output/times.csv'
  1 transfer an integer   none 'experiments/20220127_output/times.csv'

Timestamp: 2022-02-09 10:07:25 added.
2022-02-09 10:07:25 | record_time.R done.-------------------------------------- 

2022-02-09 14:31:44 | record_time.R ------------------------------------------- 
Timestamp: 2022-02-09 14:31:44 added.
2022-02-09 14:31:44 | record_time.R done.-------------------------------------- 

2022-02-10 22:16:55 | record_time.R ------------------------------------------- 
Timestamp: 2022-02-10 22:16:55 added.
2022-02-10 22:16:55 | record_time.R done.-------------------------------------- 

2022-02-11 17:36:55 | record_time.R ------------------------------------------- 
Timestamp: 2022-02-11 17:36:55 added.
2022-02-11 17:36:55 | record_time.R done.-------------------------------------- 

2022-02-13 16:33:09 | record_time.R ------------------------------------------- 
Timestamp: 2022-02-13 16:33:09 added.
2022-02-13 16:33:09 | record_time.R done.-------------------------------------- 

2022-02-14 17:25:37 | record_time.R ------------------------------------------- 
Timestamp: 2022-02-14 17:25:37 added.
2022-02-14 17:25:37 | record_time.R done.-------------------------------------- 

2022-02-15 13:52:51 | record_time.R ------------------------------------------- 
Timestamp: 2022-02-15 13:52:51 added.
2022-02-15 13:52:51 | record_time.R done.-------------------------------------- 

2022-02-16 14:52:34 | record_time.R ------------------------------------------- 
Timestamp: 2022-02-16 14:52:34 added.
2022-02-16 14:52:34 | record_time.R done.-------------------------------------- 

2022-02-17 15:36:25 | record_time.R ------------------------------------------- 
Timestamp: 2022-02-17 15:36:25 added.
2022-02-17 15:36:25 | record_time.R done.-------------------------------------- 

2022-02-18 14:44:37 | record_time.R ------------------------------------------- 
Timestamp: 2022-02-18 14:44:37 added.
2022-02-18 14:44:37 | record_time.R done.-------------------------------------- 

2022-02-20 15:54:41 | record_time.R ------------------------------------------- 
Timestamp: 2022-02-20 15:54:41 added.
2022-02-20 15:54:41 | record_time.R done.-------------------------------------- 

2022-02-21 15:38:04 | record_time.R ------------------------------------------- 
Timestamp: 2022-02-21 15:38:04 added.
2022-02-21 15:38:04 | record_time.R done.-------------------------------------- 

2022-02-22 15:11:13 | record_time.R ------------------------------------------- 
Timestamp: 2022-02-22 15:11:13 added.
2022-02-22 15:11:13 | record_time.R done.-------------------------------------- 

2022-02-23 13:13:13 | record_time.R ------------------------------------------- 
Timestamp: 2022-02-23 13:13:13 added.
2022-02-23 13:13:13 | record_time.R done.-------------------------------------- 

2022-02-25 14:30:19 | record_time.R ------------------------------------------- 
Timestamp: 2022-02-25 14:30:19 added.
2022-02-25 14:30:19 | record_time.R done.-------------------------------------- 

2022-02-26 13:35:07 | record_time.R ------------------------------------------- 
Timestamp: 2022-02-26 13:35:07 added.
2022-02-26 13:35:07 | record_time.R done.-------------------------------------- 

2022-02-27 13:38:21 | record_time.R ------------------------------------------- 
Timestamp: 2022-02-27 13:38:21 added.
2022-02-27 13:38:21 | record_time.R done.-------------------------------------- 

2022-02-28 13:12:36 | record_time.R ------------------------------------------- 
Timestamp: 2022-02-28 13:12:36 added.
2022-02-28 13:12:36 | record_time.R done.-------------------------------------- 

2022-03-01 12:26:11 | record_time.R ------------------------------------------- 
Timestamp: 2022-03-01 12:26:11 added.
2022-03-01 12:26:11 | record_time.R done.-------------------------------------- 

2022-03-02 13:12:11 | record_time.R ------------------------------------------- 
Timestamp: 2022-03-02 13:12:11 added.
2022-03-02 13:12:11 | record_time.R done.-------------------------------------- 

