2022-02-22 12:11:30 | record_time.R ------------------------------------------- 
Timestamp: 2022-02-22 12:11:30 added.
2022-02-22 12:11:30 | record_time.R done.-------------------------------------- 

2022-02-22 12:11:32 | record_time.R ------------------------------------------- 
Timestamp: 2022-02-22 12:11:32 added.
2022-02-22 12:11:32 | record_time.R done.-------------------------------------- 

2022-02-22 12:22:00 | record_time.R ------------------------------------------- 
Timestamp: 2022-02-22 12:22:00 added.
2022-02-22 12:22:00 | record_time.R done.-------------------------------------- 

2022-02-22 12:22:31 | record_time.R ------------------------------------------- 
Timestamp: 2022-02-22 12:22:31 added.
2022-02-22 12:22:31 | record_time.R done.-------------------------------------- 

2022-02-22 12:43:43 | record_time.R ------------------------------------------- 
Timestamp: 2022-02-22 12:43:43 added.
2022-02-22 12:43:43 | record_time.R done.-------------------------------------- 

2022-02-22 12:44:22 | record_time.R ------------------------------------------- 
Timestamp: 2022-02-22 12:44:22 added.
2022-02-22 12:44:22 | record_time.R done.-------------------------------------- 

2022-02-22 13:09:16 | record_time.R ------------------------------------------- 
Timestamp: 2022-02-22 13:09:16 added.
2022-02-22 13:09:16 | record_time.R done.-------------------------------------- 

2022-02-22 13:09:56 | record_time.R ------------------------------------------- 
Timestamp: 2022-02-22 13:09:56 added.
2022-02-22 13:09:56 | record_time.R done.-------------------------------------- 

2022-02-22 13:34:52 | record_time.R ------------------------------------------- 
Timestamp: 2022-02-22 13:34:52 added.
2022-02-22 13:34:52 | record_time.R done.-------------------------------------- 

2022-02-22 13:35:31 | record_time.R ------------------------------------------- 
Timestamp: 2022-02-22 13:35:31 added.
2022-02-22 13:35:31 | record_time.R done.-------------------------------------- 

2022-02-22 14:00:27 | record_time.R ------------------------------------------- 
Timestamp: 2022-02-22 14:00:27 added.
2022-02-22 14:00:27 | record_time.R done.-------------------------------------- 

2022-02-22 14:01:06 | record_time.R ------------------------------------------- 
Timestamp: 2022-02-22 14:01:06 added.
2022-02-22 14:01:07 | record_time.R done.-------------------------------------- 

2022-02-22 14:26:07 | record_time.R ------------------------------------------- 
Timestamp: 2022-02-22 14:26:07 added.
2022-02-22 14:26:07 | record_time.R done.-------------------------------------- 

2022-02-22 14:26:46 | record_time.R ------------------------------------------- 
Timestamp: 2022-02-22 14:26:46 added.
2022-02-22 14:26:46 | record_time.R done.-------------------------------------- 

2022-02-22 15:07:43 | record_time.R ------------------------------------------- 
Timestamp: 2022-02-22 15:07:43 added.
2022-02-22 15:07:43 | record_time.R done.-------------------------------------- 

2022-02-22 15:10:03 | record_time.R ------------------------------------------- 
Timestamp: 2022-02-22 15:10:03 added.
2022-02-22 15:10:03 | record_time.R done.-------------------------------------- 

2022-02-22 15:19:56 | record_time.R ------------------------------------------- 
Warning: 2 parsing failures.
row      col   expected actual                                    file
  1 plate    an integer   none 'experiments/20220127_output/times.csv'
  1 transfer an integer   none 'experiments/20220127_output/times.csv'

Timestamp: 2022-02-22 15:19:56 added.
2022-02-22 15:19:56 | record_time.R done.-------------------------------------- 

2022-02-22 15:21:50 | record_time.R ------------------------------------------- 
Timestamp: 2022-02-22 15:21:50 added.
2022-02-22 15:21:50 | record_time.R done.-------------------------------------- 

2022-02-22 15:25:48 | record_time.R ------------------------------------------- 
Timestamp: 2022-02-22 15:25:48 added.
2022-02-22 15:25:48 | record_time.R done.-------------------------------------- 

2022-02-22 15:26:10 | record_time.R ------------------------------------------- 
Timestamp: 2022-02-22 15:26:10 added.
2022-02-22 15:26:10 | record_time.R done.-------------------------------------- 

2022-02-22 15:30:19 | record_time.R ------------------------------------------- 
Timestamp: 2022-02-22 15:30:19 added.
2022-02-22 15:30:19 | record_time.R done.-------------------------------------- 

2022-02-22 15:35:16 | record_time.R ------------------------------------------- 
Timestamp: 2022-02-22 15:35:16 added.
2022-02-22 15:35:16 | record_time.R done.-------------------------------------- 

2022-02-22 15:50:35 | record_time.R ------------------------------------------- 
Timestamp: 2022-02-22 15:50:35 added.
2022-02-22 15:50:35 | record_time.R done.-------------------------------------- 

2022-02-22 15:51:37 | record_time.R ------------------------------------------- 
Timestamp: 2022-02-22 15:51:38 added.
2022-02-22 15:51:38 | record_time.R done.-------------------------------------- 

2022-02-22 15:56:29 | record_time.R ------------------------------------------- 
Timestamp: 2022-02-22 15:56:29 added.
2022-02-22 15:56:29 | record_time.R done.-------------------------------------- 

2022-02-22 15:57:09 | record_time.R ------------------------------------------- 
Timestamp: 2022-02-22 15:57:09 added.
2022-02-22 15:57:10 | record_time.R done.-------------------------------------- 

2022-02-22 17:25:10 | record_time.R ------------------------------------------- 
Timestamp: 2022-02-22 17:25:10 added.
2022-02-22 17:25:10 | record_time.R done.-------------------------------------- 

2022-02-22 17:28:31 | record_time.R ------------------------------------------- 
Timestamp: 2022-02-22 17:28:31 added.
2022-02-22 17:28:31 | record_time.R done.-------------------------------------- 

2022-02-22 17:30:49 | record_time.R ------------------------------------------- 
Timestamp: 2022-02-22 17:30:49 added.
2022-02-22 17:30:49 | record_time.R done.-------------------------------------- 

2022-02-22 17:31:42 | record_time.R ------------------------------------------- 
Timestamp: 2022-02-22 17:31:42 added.
2022-02-22 17:31:42 | record_time.R done.-------------------------------------- 

2022-02-22 17:36:37 | record_time.R ------------------------------------------- 
Timestamp: 2022-02-22 17:36:37 added.
2022-02-22 17:36:37 | record_time.R done.-------------------------------------- 

2022-02-22 17:37:05 | record_time.R ------------------------------------------- 
Timestamp: 2022-02-22 17:37:05 added.
2022-02-22 17:37:05 | record_time.R done.-------------------------------------- 

2022-02-22 17:37:35 | record_time.R ------------------------------------------- 
Timestamp: 2022-02-22 17:37:35 added.
2022-02-22 17:37:35 | record_time.R done.-------------------------------------- 

2022-02-22 17:45:57 | record_time.R ------------------------------------------- 
Timestamp: 2022-02-22 17:45:57 added.
2022-02-22 17:45:57 | record_time.R done.-------------------------------------- 

2022-02-22 17:48:22 | record_time.R ------------------------------------------- 
Timestamp: 2022-02-22 17:48:22 added.
2022-02-22 17:48:22 | record_time.R done.-------------------------------------- 

2022-02-22 17:52:18 | record_time.R ------------------------------------------- 
Timestamp: 2022-02-22 17:52:18 added.
2022-02-22 17:52:18 | record_time.R done.-------------------------------------- 

2022-02-22 17:57:14 | record_time.R ------------------------------------------- 
Timestamp: 2022-02-22 17:57:14 added.
2022-02-22 17:57:14 | record_time.R done.-------------------------------------- 

2022-02-22 18:12:33 | record_time.R ------------------------------------------- 
Timestamp: 2022-02-22 18:12:33 added.
2022-02-22 18:12:33 | record_time.R done.-------------------------------------- 

2022-02-22 18:13:35 | record_time.R ------------------------------------------- 
Timestamp: 2022-02-22 18:13:35 added.
2022-02-22 18:13:35 | record_time.R done.-------------------------------------- 

2022-02-22 18:18:26 | record_time.R ------------------------------------------- 
Timestamp: 2022-02-22 18:18:26 added.
2022-02-22 18:18:26 | record_time.R done.-------------------------------------- 

2022-02-22 18:19:07 | record_time.R ------------------------------------------- 
Timestamp: 2022-02-22 18:19:07 added.
2022-02-22 18:19:07 | record_time.R done.-------------------------------------- 

2022-02-22 19:47:10 | record_time.R ------------------------------------------- 
Timestamp: 2022-02-22 19:47:10 added.
2022-02-22 19:47:10 | record_time.R done.-------------------------------------- 

2022-02-22 19:50:33 | record_time.R ------------------------------------------- 
Timestamp: 2022-02-22 19:50:33 added.
2022-02-22 19:50:33 | record_time.R done.-------------------------------------- 

2022-02-22 19:52:51 | record_time.R ------------------------------------------- 
Timestamp: 2022-02-22 19:52:51 added.
2022-02-22 19:52:51 | record_time.R done.-------------------------------------- 

2022-02-22 19:53:44 | record_time.R ------------------------------------------- 
Timestamp: 2022-02-22 19:53:44 added.
2022-02-22 19:53:44 | record_time.R done.-------------------------------------- 

2022-02-22 19:58:42 | record_time.R ------------------------------------------- 
Timestamp: 2022-02-22 19:58:42 added.
2022-02-22 19:58:42 | record_time.R done.-------------------------------------- 

2022-02-22 19:59:10 | record_time.R ------------------------------------------- 
Timestamp: 2022-02-22 19:59:10 added.
2022-02-22 19:59:10 | record_time.R done.-------------------------------------- 

2022-02-22 19:59:39 | record_time.R ------------------------------------------- 
Timestamp: 2022-02-22 19:59:39 added.
2022-02-22 19:59:40 | record_time.R done.-------------------------------------- 

2022-02-22 20:08:04 | record_time.R ------------------------------------------- 
Timestamp: 2022-02-22 20:08:04 added.
2022-02-22 20:08:04 | record_time.R done.-------------------------------------- 

2022-02-22 20:10:29 | record_time.R ------------------------------------------- 
Timestamp: 2022-02-22 20:10:29 added.
2022-02-22 20:10:29 | record_time.R done.-------------------------------------- 

2022-02-22 20:14:22 | record_time.R ------------------------------------------- 
Timestamp: 2022-02-22 20:14:22 added.
2022-02-22 20:14:22 | record_time.R done.-------------------------------------- 

2022-02-22 20:19:18 | record_time.R ------------------------------------------- 
Timestamp: 2022-02-22 20:19:18 added.
2022-02-22 20:19:18 | record_time.R done.-------------------------------------- 

2022-02-22 20:34:36 | record_time.R ------------------------------------------- 
Timestamp: 2022-02-22 20:34:36 added.
2022-02-22 20:34:36 | record_time.R done.-------------------------------------- 

2022-02-22 20:35:38 | record_time.R ------------------------------------------- 
Timestamp: 2022-02-22 20:35:38 added.
2022-02-22 20:35:38 | record_time.R done.-------------------------------------- 

2022-02-22 20:40:28 | record_time.R ------------------------------------------- 
Timestamp: 2022-02-22 20:40:29 added.
2022-02-22 20:40:29 | record_time.R done.-------------------------------------- 

2022-02-22 20:41:09 | record_time.R ------------------------------------------- 
Timestamp: 2022-02-22 20:41:10 added.
2022-02-22 20:41:10 | record_time.R done.-------------------------------------- 

2022-02-22 22:09:12 | record_time.R ------------------------------------------- 
Timestamp: 2022-02-22 22:09:12 added.
2022-02-22 22:09:12 | record_time.R done.-------------------------------------- 

2022-02-22 22:12:34 | record_time.R ------------------------------------------- 
Timestamp: 2022-02-22 22:12:34 added.
2022-02-22 22:12:34 | record_time.R done.-------------------------------------- 

2022-02-22 22:14:52 | record_time.R ------------------------------------------- 
Timestamp: 2022-02-22 22:14:52 added.
2022-02-22 22:14:52 | record_time.R done.-------------------------------------- 

2022-02-22 22:15:44 | record_time.R ------------------------------------------- 
Timestamp: 2022-02-22 22:15:44 added.
2022-02-22 22:15:44 | record_time.R done.-------------------------------------- 

2022-02-22 22:20:32 | record_time.R ------------------------------------------- 
Timestamp: 2022-02-22 22:20:32 added.
2022-02-22 22:20:32 | record_time.R done.-------------------------------------- 

2022-02-22 22:21:00 | record_time.R ------------------------------------------- 
Timestamp: 2022-02-22 22:21:00 added.
2022-02-22 22:21:00 | record_time.R done.-------------------------------------- 

2022-02-22 22:21:30 | record_time.R ------------------------------------------- 
Timestamp: 2022-02-22 22:21:30 added.
2022-02-22 22:21:30 | record_time.R done.-------------------------------------- 

2022-02-22 22:29:53 | record_time.R ------------------------------------------- 
Timestamp: 2022-02-22 22:29:53 added.
2022-02-22 22:29:53 | record_time.R done.-------------------------------------- 

2022-02-22 22:32:17 | record_time.R ------------------------------------------- 
Timestamp: 2022-02-22 22:32:17 added.
2022-02-22 22:32:17 | record_time.R done.-------------------------------------- 

2022-02-22 22:36:18 | record_time.R ------------------------------------------- 
Timestamp: 2022-02-22 22:36:18 added.
2022-02-22 22:36:18 | record_time.R done.-------------------------------------- 

2022-02-22 22:41:15 | record_time.R ------------------------------------------- 
Timestamp: 2022-02-22 22:41:15 added.
2022-02-22 22:41:15 | record_time.R done.-------------------------------------- 

2022-02-22 22:56:31 | record_time.R ------------------------------------------- 
Timestamp: 2022-02-22 22:56:31 added.
2022-02-22 22:56:32 | record_time.R done.-------------------------------------- 

2022-02-22 22:57:34 | record_time.R ------------------------------------------- 
Timestamp: 2022-02-22 22:57:34 added.
2022-02-22 22:57:34 | record_time.R done.-------------------------------------- 

2022-02-22 23:02:26 | record_time.R ------------------------------------------- 
Timestamp: 2022-02-22 23:02:26 added.
2022-02-22 23:02:26 | record_time.R done.-------------------------------------- 

2022-02-22 23:03:07 | record_time.R ------------------------------------------- 
Timestamp: 2022-02-22 23:03:07 added.
2022-02-22 23:03:07 | record_time.R done.-------------------------------------- 

2022-02-23 00:31:10 | record_time.R ------------------------------------------- 
Timestamp: 2022-02-23 00:31:10 added.
2022-02-23 00:31:10 | record_time.R done.-------------------------------------- 

2022-02-23 00:34:32 | record_time.R ------------------------------------------- 
Timestamp: 2022-02-23 00:34:33 added.
2022-02-23 00:34:33 | record_time.R done.-------------------------------------- 

2022-02-23 00:36:50 | record_time.R ------------------------------------------- 
Timestamp: 2022-02-23 00:36:50 added.
2022-02-23 00:36:50 | record_time.R done.-------------------------------------- 

2022-02-23 00:37:43 | record_time.R ------------------------------------------- 
Timestamp: 2022-02-23 00:37:43 added.
2022-02-23 00:37:43 | record_time.R done.-------------------------------------- 

2022-02-23 00:42:30 | record_time.R ------------------------------------------- 
Timestamp: 2022-02-23 00:42:30 added.
2022-02-23 00:42:31 | record_time.R done.-------------------------------------- 

2022-02-23 00:42:59 | record_time.R ------------------------------------------- 
Timestamp: 2022-02-23 00:42:59 added.
2022-02-23 00:42:59 | record_time.R done.-------------------------------------- 

2022-02-23 00:43:29 | record_time.R ------------------------------------------- 
Timestamp: 2022-02-23 00:43:29 added.
2022-02-23 00:43:29 | record_time.R done.-------------------------------------- 

2022-02-23 00:51:52 | record_time.R ------------------------------------------- 
Timestamp: 2022-02-23 00:51:52 added.
2022-02-23 00:51:52 | record_time.R done.-------------------------------------- 

2022-02-23 00:54:15 | record_time.R ------------------------------------------- 
Timestamp: 2022-02-23 00:54:15 added.
2022-02-23 00:54:15 | record_time.R done.-------------------------------------- 

2022-02-23 00:58:12 | record_time.R ------------------------------------------- 
Timestamp: 2022-02-23 00:58:12 added.
2022-02-23 00:58:12 | record_time.R done.-------------------------------------- 

2022-02-23 01:03:07 | record_time.R ------------------------------------------- 
Timestamp: 2022-02-23 01:03:07 added.
2022-02-23 01:03:07 | record_time.R done.-------------------------------------- 

2022-02-23 01:18:27 | record_time.R ------------------------------------------- 
Timestamp: 2022-02-23 01:18:27 added.
2022-02-23 01:18:27 | record_time.R done.-------------------------------------- 

2022-02-23 01:19:29 | record_time.R ------------------------------------------- 
Timestamp: 2022-02-23 01:19:29 added.
2022-02-23 01:19:29 | record_time.R done.-------------------------------------- 

2022-02-23 01:24:20 | record_time.R ------------------------------------------- 
Timestamp: 2022-02-23 01:24:20 added.
2022-02-23 01:24:20 | record_time.R done.-------------------------------------- 

2022-02-23 01:25:01 | record_time.R ------------------------------------------- 
Timestamp: 2022-02-23 01:25:01 added.
2022-02-23 01:25:01 | record_time.R done.-------------------------------------- 

2022-02-23 02:53:02 | record_time.R ------------------------------------------- 
Timestamp: 2022-02-23 02:53:02 added.
2022-02-23 02:53:02 | record_time.R done.-------------------------------------- 

2022-02-23 02:56:24 | record_time.R ------------------------------------------- 
Timestamp: 2022-02-23 02:56:24 added.
2022-02-23 02:56:24 | record_time.R done.-------------------------------------- 

2022-02-23 02:58:42 | record_time.R ------------------------------------------- 
Timestamp: 2022-02-23 02:58:42 added.
2022-02-23 02:58:42 | record_time.R done.-------------------------------------- 

2022-02-23 02:59:35 | record_time.R ------------------------------------------- 
Timestamp: 2022-02-23 02:59:35 added.
2022-02-23 02:59:35 | record_time.R done.-------------------------------------- 

2022-02-23 03:04:22 | record_time.R ------------------------------------------- 
Timestamp: 2022-02-23 03:04:22 added.
2022-02-23 03:04:22 | record_time.R done.-------------------------------------- 

2022-02-23 03:04:50 | record_time.R ------------------------------------------- 
Timestamp: 2022-02-23 03:04:50 added.
2022-02-23 03:04:50 | record_time.R done.-------------------------------------- 

2022-02-23 03:05:20 | record_time.R ------------------------------------------- 
Timestamp: 2022-02-23 03:05:20 added.
2022-02-23 03:05:20 | record_time.R done.-------------------------------------- 

2022-02-23 03:13:42 | record_time.R ------------------------------------------- 
Timestamp: 2022-02-23 03:13:42 added.
2022-02-23 03:13:42 | record_time.R done.-------------------------------------- 

2022-02-23 03:16:05 | record_time.R ------------------------------------------- 
Timestamp: 2022-02-23 03:16:05 added.
2022-02-23 03:16:05 | record_time.R done.-------------------------------------- 

2022-02-23 03:19:59 | record_time.R ------------------------------------------- 
Timestamp: 2022-02-23 03:19:59 added.
2022-02-23 03:19:59 | record_time.R done.-------------------------------------- 

2022-02-23 03:24:53 | record_time.R ------------------------------------------- 
Timestamp: 2022-02-23 03:24:54 added.
2022-02-23 03:24:54 | record_time.R done.-------------------------------------- 

2022-02-23 03:40:14 | record_time.R ------------------------------------------- 
Timestamp: 2022-02-23 03:40:14 added.
2022-02-23 03:40:14 | record_time.R done.-------------------------------------- 

2022-02-23 03:41:16 | record_time.R ------------------------------------------- 
Timestamp: 2022-02-23 03:41:16 added.
2022-02-23 03:41:16 | record_time.R done.-------------------------------------- 

2022-02-23 03:46:07 | record_time.R ------------------------------------------- 
Timestamp: 2022-02-23 03:46:07 added.
2022-02-23 03:46:07 | record_time.R done.-------------------------------------- 

2022-02-23 03:46:47 | record_time.R ------------------------------------------- 
Timestamp: 2022-02-23 03:46:47 added.
2022-02-23 03:46:47 | record_time.R done.-------------------------------------- 

2022-02-23 05:14:48 | record_time.R ------------------------------------------- 
Timestamp: 2022-02-23 05:14:48 added.
2022-02-23 05:14:48 | record_time.R done.-------------------------------------- 

2022-02-23 05:18:11 | record_time.R ------------------------------------------- 
Timestamp: 2022-02-23 05:18:11 added.
2022-02-23 05:18:11 | record_time.R done.-------------------------------------- 

2022-02-23 05:20:30 | record_time.R ------------------------------------------- 
Timestamp: 2022-02-23 05:20:30 added.
2022-02-23 05:20:30 | record_time.R done.-------------------------------------- 

2022-02-23 05:21:23 | record_time.R ------------------------------------------- 
Timestamp: 2022-02-23 05:21:23 added.
2022-02-23 05:21:23 | record_time.R done.-------------------------------------- 

2022-02-23 05:26:11 | record_time.R ------------------------------------------- 
Timestamp: 2022-02-23 05:26:11 added.
2022-02-23 05:26:11 | record_time.R done.-------------------------------------- 

2022-02-23 05:26:40 | record_time.R ------------------------------------------- 
Timestamp: 2022-02-23 05:26:40 added.
2022-02-23 05:26:40 | record_time.R done.-------------------------------------- 

2022-02-23 05:27:10 | record_time.R ------------------------------------------- 
Timestamp: 2022-02-23 05:27:10 added.
2022-02-23 05:27:10 | record_time.R done.-------------------------------------- 

2022-02-23 05:35:34 | record_time.R ------------------------------------------- 
Timestamp: 2022-02-23 05:35:34 added.
2022-02-23 05:35:34 | record_time.R done.-------------------------------------- 

2022-02-23 05:37:48 | record_time.R ------------------------------------------- 
Timestamp: 2022-02-23 05:37:48 added.
2022-02-23 05:37:48 | record_time.R done.-------------------------------------- 

2022-02-23 13:53:54 | record_time.R ------------------------------------------- 
Timestamp: 2022-02-23 13:53:54 added.
2022-02-23 13:53:54 | record_time.R done.-------------------------------------- 

2022-02-23 16:38:29 | record_time.R ------------------------------------------- 
Timestamp: 2022-02-23 16:38:29 added.
2022-02-23 16:38:29 | record_time.R done.-------------------------------------- 

2022-02-24 11:36:06 | record_time.R ------------------------------------------- 
Timestamp: 2022-02-24 11:36:06 added.
2022-02-24 11:36:06 | record_time.R done.-------------------------------------- 

2022-02-24 14:20:45 | record_time.R ------------------------------------------- 
Timestamp: 2022-02-24 14:20:45 added.
2022-02-24 14:20:45 | record_time.R done.-------------------------------------- 

2022-02-24 17:05:23 | record_time.R ------------------------------------------- 
Timestamp: 2022-02-24 17:05:23 added.
2022-02-24 17:05:23 | record_time.R done.-------------------------------------- 

2022-02-24 19:49:54 | record_time.R ------------------------------------------- 
Timestamp: 2022-02-24 19:49:54 added.
2022-02-24 19:49:54 | record_time.R done.-------------------------------------- 

