2022-02-15 10:50:30 | record_time.R ------------------------------------------- 
Timestamp: 2022-02-15 10:50:30 added.
2022-02-15 10:50:31 | record_time.R done.-------------------------------------- 

2022-02-15 10:50:32 | record_time.R ------------------------------------------- 
Timestamp: 2022-02-15 10:50:32 added.
2022-02-15 10:50:32 | record_time.R done.-------------------------------------- 

2022-02-15 11:01:06 | record_time.R ------------------------------------------- 
Timestamp: 2022-02-15 11:01:06 added.
2022-02-15 11:01:06 | record_time.R done.-------------------------------------- 

2022-02-15 11:01:38 | record_time.R ------------------------------------------- 
Timestamp: 2022-02-15 11:01:38 added.
2022-02-15 11:01:38 | record_time.R done.-------------------------------------- 

2022-02-15 11:22:51 | record_time.R ------------------------------------------- 
Timestamp: 2022-02-15 11:22:51 added.
2022-02-15 11:22:51 | record_time.R done.-------------------------------------- 

2022-02-15 11:23:31 | record_time.R ------------------------------------------- 
Timestamp: 2022-02-15 11:23:31 added.
2022-02-15 11:23:31 | record_time.R done.-------------------------------------- 

2022-02-15 11:48:26 | record_time.R ------------------------------------------- 
Timestamp: 2022-02-15 11:48:26 added.
2022-02-15 11:48:26 | record_time.R done.-------------------------------------- 

2022-02-15 11:49:06 | record_time.R ------------------------------------------- 
Timestamp: 2022-02-15 11:49:06 added.
2022-02-15 11:49:06 | record_time.R done.-------------------------------------- 

2022-02-15 12:14:04 | record_time.R ------------------------------------------- 
Timestamp: 2022-02-15 12:14:04 added.
2022-02-15 12:14:04 | record_time.R done.-------------------------------------- 

2022-02-15 12:14:44 | record_time.R ------------------------------------------- 
Timestamp: 2022-02-15 12:14:44 added.
2022-02-15 12:14:44 | record_time.R done.-------------------------------------- 

2022-02-15 12:39:42 | record_time.R ------------------------------------------- 
Timestamp: 2022-02-15 12:39:42 added.
2022-02-15 12:39:42 | record_time.R done.-------------------------------------- 

2022-02-15 12:40:22 | record_time.R ------------------------------------------- 
Timestamp: 2022-02-15 12:40:22 added.
2022-02-15 12:40:22 | record_time.R done.-------------------------------------- 

2022-02-15 13:05:24 | record_time.R ------------------------------------------- 
Timestamp: 2022-02-15 13:05:24 added.
2022-02-15 13:05:24 | record_time.R done.-------------------------------------- 

2022-02-15 13:06:04 | record_time.R ------------------------------------------- 
Timestamp: 2022-02-15 13:06:04 added.
2022-02-15 13:06:04 | record_time.R done.-------------------------------------- 

2022-02-15 13:49:21 | record_time.R ------------------------------------------- 
Timestamp: 2022-02-15 13:49:21 added.
2022-02-15 13:49:21 | record_time.R done.-------------------------------------- 

2022-02-15 13:51:42 | record_time.R ------------------------------------------- 
Timestamp: 2022-02-15 13:51:42 added.
2022-02-15 13:51:42 | record_time.R done.-------------------------------------- 

2022-02-15 14:01:34 | record_time.R ------------------------------------------- 
Warning: 2 parsing failures.
row      col   expected actual                                    file
  1 plate    an integer   none 'experiments/20220127_output/times.csv'
  1 transfer an integer   none 'experiments/20220127_output/times.csv'

Timestamp: 2022-02-15 14:01:34 added.
2022-02-15 14:01:34 | record_time.R done.-------------------------------------- 

2022-02-15 14:03:29 | record_time.R ------------------------------------------- 
Timestamp: 2022-02-15 14:03:29 added.
2022-02-15 14:03:29 | record_time.R done.-------------------------------------- 

2022-02-15 14:07:27 | record_time.R ------------------------------------------- 
Timestamp: 2022-02-15 14:07:27 added.
2022-02-15 14:07:27 | record_time.R done.-------------------------------------- 

2022-02-15 14:07:50 | record_time.R ------------------------------------------- 
Timestamp: 2022-02-15 14:07:50 added.
2022-02-15 14:07:50 | record_time.R done.-------------------------------------- 

2022-02-15 14:11:58 | record_time.R ------------------------------------------- 
Timestamp: 2022-02-15 14:11:58 added.
2022-02-15 14:11:58 | record_time.R done.-------------------------------------- 

2022-02-15 14:16:56 | record_time.R ------------------------------------------- 
Timestamp: 2022-02-15 14:16:56 added.
2022-02-15 14:16:56 | record_time.R done.-------------------------------------- 

2022-02-15 14:29:25 | record_time.R ------------------------------------------- 
Timestamp: 2022-02-15 14:29:25 added.
2022-02-15 14:29:25 | record_time.R done.-------------------------------------- 

2022-02-15 14:30:30 | record_time.R ------------------------------------------- 
Timestamp: 2022-02-15 14:30:30 added.
2022-02-15 14:30:30 | record_time.R done.-------------------------------------- 

2022-02-15 14:35:22 | record_time.R ------------------------------------------- 
Timestamp: 2022-02-15 14:35:22 added.
2022-02-15 14:35:22 | record_time.R done.-------------------------------------- 

2022-02-15 14:36:03 | record_time.R ------------------------------------------- 
Timestamp: 2022-02-15 14:36:03 added.
2022-02-15 14:36:03 | record_time.R done.-------------------------------------- 

2022-02-15 16:23:43 | record_time.R ------------------------------------------- 
Timestamp: 2022-02-15 16:23:43 added.
2022-02-15 16:23:43 | record_time.R done.-------------------------------------- 

2022-02-15 16:26:54 | record_time.R ------------------------------------------- 
Timestamp: 2022-02-15 16:26:54 added.
2022-02-15 16:26:54 | record_time.R done.-------------------------------------- 

2022-02-15 16:29:13 | record_time.R ------------------------------------------- 
Timestamp: 2022-02-15 16:29:13 added.
2022-02-15 16:29:13 | record_time.R done.-------------------------------------- 

2022-02-15 16:30:05 | record_time.R ------------------------------------------- 
Timestamp: 2022-02-15 16:30:05 added.
2022-02-15 16:30:05 | record_time.R done.-------------------------------------- 

2022-02-15 16:34:52 | record_time.R ------------------------------------------- 
Timestamp: 2022-02-15 16:34:52 added.
2022-02-15 16:34:52 | record_time.R done.-------------------------------------- 

2022-02-15 16:35:20 | record_time.R ------------------------------------------- 
Timestamp: 2022-02-15 16:35:20 added.
2022-02-15 16:35:20 | record_time.R done.-------------------------------------- 

2022-02-15 16:35:50 | record_time.R ------------------------------------------- 
Timestamp: 2022-02-15 16:35:50 added.
2022-02-15 16:35:50 | record_time.R done.-------------------------------------- 

2022-02-15 16:44:12 | record_time.R ------------------------------------------- 
Timestamp: 2022-02-15 16:44:12 added.
2022-02-15 16:44:12 | record_time.R done.-------------------------------------- 

2022-02-15 16:46:37 | record_time.R ------------------------------------------- 
Timestamp: 2022-02-15 16:46:37 added.
2022-02-15 16:46:37 | record_time.R done.-------------------------------------- 

2022-02-15 16:50:32 | record_time.R ------------------------------------------- 
Timestamp: 2022-02-15 16:50:32 added.
2022-02-15 16:50:32 | record_time.R done.-------------------------------------- 

2022-02-15 16:55:29 | record_time.R ------------------------------------------- 
Timestamp: 2022-02-15 16:55:29 added.
2022-02-15 16:55:29 | record_time.R done.-------------------------------------- 

2022-02-15 17:07:58 | record_time.R ------------------------------------------- 
Timestamp: 2022-02-15 17:07:58 added.
2022-02-15 17:07:58 | record_time.R done.-------------------------------------- 

2022-02-15 17:09:03 | record_time.R ------------------------------------------- 
Timestamp: 2022-02-15 17:09:03 added.
2022-02-15 17:09:03 | record_time.R done.-------------------------------------- 

2022-02-15 17:13:54 | record_time.R ------------------------------------------- 
Timestamp: 2022-02-15 17:13:54 added.
2022-02-15 17:13:54 | record_time.R done.-------------------------------------- 

2022-02-15 17:14:36 | record_time.R ------------------------------------------- 
Timestamp: 2022-02-15 17:14:36 added.
2022-02-15 17:14:36 | record_time.R done.-------------------------------------- 

2022-02-15 19:02:17 | record_time.R ------------------------------------------- 
Timestamp: 2022-02-15 19:02:17 added.
2022-02-15 19:02:17 | record_time.R done.-------------------------------------- 

2022-02-15 19:05:29 | record_time.R ------------------------------------------- 
Timestamp: 2022-02-15 19:05:29 added.
2022-02-15 19:05:29 | record_time.R done.-------------------------------------- 

2022-02-15 19:07:46 | record_time.R ------------------------------------------- 
Timestamp: 2022-02-15 19:07:46 added.
2022-02-15 19:07:46 | record_time.R done.-------------------------------------- 

2022-02-15 19:08:38 | record_time.R ------------------------------------------- 
Timestamp: 2022-02-15 19:08:38 added.
2022-02-15 19:08:38 | record_time.R done.-------------------------------------- 

2022-02-15 19:13:26 | record_time.R ------------------------------------------- 
Timestamp: 2022-02-15 19:13:26 added.
2022-02-15 19:13:26 | record_time.R done.-------------------------------------- 

2022-02-15 19:13:55 | record_time.R ------------------------------------------- 
Timestamp: 2022-02-15 19:13:55 added.
2022-02-15 19:13:55 | record_time.R done.-------------------------------------- 

2022-02-15 19:14:24 | record_time.R ------------------------------------------- 
Timestamp: 2022-02-15 19:14:24 added.
2022-02-15 19:14:25 | record_time.R done.-------------------------------------- 

2022-02-15 19:22:47 | record_time.R ------------------------------------------- 
Timestamp: 2022-02-15 19:22:47 added.
2022-02-15 19:22:47 | record_time.R done.-------------------------------------- 

2022-02-15 19:25:11 | record_time.R ------------------------------------------- 
Timestamp: 2022-02-15 19:25:11 added.
2022-02-15 19:25:11 | record_time.R done.-------------------------------------- 

2022-02-15 19:29:04 | record_time.R ------------------------------------------- 
Timestamp: 2022-02-15 19:29:04 added.
2022-02-15 19:29:04 | record_time.R done.-------------------------------------- 

2022-02-15 19:34:01 | record_time.R ------------------------------------------- 
Timestamp: 2022-02-15 19:34:01 added.
2022-02-15 19:34:01 | record_time.R done.-------------------------------------- 

2022-02-15 19:46:30 | record_time.R ------------------------------------------- 
Timestamp: 2022-02-15 19:46:30 added.
2022-02-15 19:46:30 | record_time.R done.-------------------------------------- 

2022-02-15 19:47:35 | record_time.R ------------------------------------------- 
Timestamp: 2022-02-15 19:47:35 added.
2022-02-15 19:47:35 | record_time.R done.-------------------------------------- 

2022-02-15 19:52:27 | record_time.R ------------------------------------------- 
Timestamp: 2022-02-15 19:52:27 added.
2022-02-15 19:52:27 | record_time.R done.-------------------------------------- 

2022-02-15 19:53:08 | record_time.R ------------------------------------------- 
Timestamp: 2022-02-15 19:53:08 added.
2022-02-15 19:53:08 | record_time.R done.-------------------------------------- 

2022-02-15 21:40:48 | record_time.R ------------------------------------------- 
Timestamp: 2022-02-15 21:40:48 added.
2022-02-15 21:40:48 | record_time.R done.-------------------------------------- 

2022-02-15 21:44:01 | record_time.R ------------------------------------------- 
Timestamp: 2022-02-15 21:44:01 added.
2022-02-15 21:44:01 | record_time.R done.-------------------------------------- 

2022-02-15 21:46:20 | record_time.R ------------------------------------------- 
Timestamp: 2022-02-15 21:46:20 added.
2022-02-15 21:46:20 | record_time.R done.-------------------------------------- 

2022-02-15 21:47:12 | record_time.R ------------------------------------------- 
Timestamp: 2022-02-15 21:47:12 added.
2022-02-15 21:47:12 | record_time.R done.-------------------------------------- 

2022-02-15 21:52:00 | record_time.R ------------------------------------------- 
Timestamp: 2022-02-15 21:52:00 added.
2022-02-15 21:52:00 | record_time.R done.-------------------------------------- 

2022-02-15 21:52:28 | record_time.R ------------------------------------------- 
Timestamp: 2022-02-15 21:52:28 added.
2022-02-15 21:52:28 | record_time.R done.-------------------------------------- 

2022-02-15 21:52:58 | record_time.R ------------------------------------------- 
Timestamp: 2022-02-15 21:52:59 added.
2022-02-15 21:52:59 | record_time.R done.-------------------------------------- 

2022-02-15 22:01:22 | record_time.R ------------------------------------------- 
Timestamp: 2022-02-15 22:01:22 added.
2022-02-15 22:01:22 | record_time.R done.-------------------------------------- 

2022-02-15 22:03:46 | record_time.R ------------------------------------------- 
Timestamp: 2022-02-15 22:03:46 added.
2022-02-15 22:03:46 | record_time.R done.-------------------------------------- 

2022-02-15 22:07:45 | record_time.R ------------------------------------------- 
Timestamp: 2022-02-15 22:07:45 added.
2022-02-15 22:07:45 | record_time.R done.-------------------------------------- 

2022-02-15 22:12:42 | record_time.R ------------------------------------------- 
Timestamp: 2022-02-15 22:12:42 added.
2022-02-15 22:12:42 | record_time.R done.-------------------------------------- 

2022-02-15 22:25:11 | record_time.R ------------------------------------------- 
Timestamp: 2022-02-15 22:25:11 added.
2022-02-15 22:25:11 | record_time.R done.-------------------------------------- 

2022-02-15 22:26:16 | record_time.R ------------------------------------------- 
Timestamp: 2022-02-15 22:26:16 added.
2022-02-15 22:26:16 | record_time.R done.-------------------------------------- 

2022-02-15 22:31:07 | record_time.R ------------------------------------------- 
Timestamp: 2022-02-15 22:31:07 added.
2022-02-15 22:31:08 | record_time.R done.-------------------------------------- 

2022-02-15 22:31:49 | record_time.R ------------------------------------------- 
Timestamp: 2022-02-15 22:31:49 added.
2022-02-15 22:31:49 | record_time.R done.-------------------------------------- 

2022-02-16 00:19:31 | record_time.R ------------------------------------------- 
Timestamp: 2022-02-16 00:19:31 added.
2022-02-16 00:19:31 | record_time.R done.-------------------------------------- 

2022-02-16 00:22:43 | record_time.R ------------------------------------------- 
Timestamp: 2022-02-16 00:22:43 added.
2022-02-16 00:22:43 | record_time.R done.-------------------------------------- 

2022-02-16 00:25:00 | record_time.R ------------------------------------------- 
Timestamp: 2022-02-16 00:25:00 added.
2022-02-16 00:25:00 | record_time.R done.-------------------------------------- 

2022-02-16 00:25:53 | record_time.R ------------------------------------------- 
Timestamp: 2022-02-16 00:25:54 added.
2022-02-16 00:25:54 | record_time.R done.-------------------------------------- 

2022-02-16 00:30:41 | record_time.R ------------------------------------------- 
Timestamp: 2022-02-16 00:30:41 added.
2022-02-16 00:30:41 | record_time.R done.-------------------------------------- 

2022-02-16 00:31:10 | record_time.R ------------------------------------------- 
Timestamp: 2022-02-16 00:31:10 added.
2022-02-16 00:31:10 | record_time.R done.-------------------------------------- 

2022-02-16 00:31:40 | record_time.R ------------------------------------------- 
Timestamp: 2022-02-16 00:31:40 added.
2022-02-16 00:31:40 | record_time.R done.-------------------------------------- 

2022-02-16 00:40:02 | record_time.R ------------------------------------------- 
Timestamp: 2022-02-16 00:40:02 added.
2022-02-16 00:40:02 | record_time.R done.-------------------------------------- 

2022-02-16 00:42:26 | record_time.R ------------------------------------------- 
Timestamp: 2022-02-16 00:42:26 added.
2022-02-16 00:42:26 | record_time.R done.-------------------------------------- 

2022-02-16 00:46:23 | record_time.R ------------------------------------------- 
Timestamp: 2022-02-16 00:46:23 added.
2022-02-16 00:46:23 | record_time.R done.-------------------------------------- 

2022-02-16 00:51:20 | record_time.R ------------------------------------------- 
Timestamp: 2022-02-16 00:51:20 added.
2022-02-16 00:51:20 | record_time.R done.-------------------------------------- 

2022-02-16 01:03:50 | record_time.R ------------------------------------------- 
Timestamp: 2022-02-16 01:03:50 added.
2022-02-16 01:03:50 | record_time.R done.-------------------------------------- 

2022-02-16 01:04:54 | record_time.R ------------------------------------------- 
Timestamp: 2022-02-16 01:04:54 added.
2022-02-16 01:04:54 | record_time.R done.-------------------------------------- 

2022-02-16 01:09:46 | record_time.R ------------------------------------------- 
Timestamp: 2022-02-16 01:09:46 added.
2022-02-16 01:09:46 | record_time.R done.-------------------------------------- 

2022-02-16 01:10:27 | record_time.R ------------------------------------------- 
Timestamp: 2022-02-16 01:10:27 added.
2022-02-16 01:10:27 | record_time.R done.-------------------------------------- 

2022-02-16 02:58:06 | record_time.R ------------------------------------------- 
Timestamp: 2022-02-16 02:58:06 added.
2022-02-16 02:58:06 | record_time.R done.-------------------------------------- 

2022-02-16 03:01:18 | record_time.R ------------------------------------------- 
Timestamp: 2022-02-16 03:01:18 added.
2022-02-16 03:01:18 | record_time.R done.-------------------------------------- 

2022-02-16 03:03:35 | record_time.R ------------------------------------------- 
Timestamp: 2022-02-16 03:03:35 added.
2022-02-16 03:03:35 | record_time.R done.-------------------------------------- 

2022-02-16 03:04:27 | record_time.R ------------------------------------------- 
Timestamp: 2022-02-16 03:04:27 added.
2022-02-16 03:04:27 | record_time.R done.-------------------------------------- 

2022-02-16 03:09:15 | record_time.R ------------------------------------------- 
Timestamp: 2022-02-16 03:09:15 added.
2022-02-16 03:09:15 | record_time.R done.-------------------------------------- 

2022-02-16 03:09:43 | record_time.R ------------------------------------------- 
Timestamp: 2022-02-16 03:09:43 added.
2022-02-16 03:09:43 | record_time.R done.-------------------------------------- 

2022-02-16 03:10:13 | record_time.R ------------------------------------------- 
Timestamp: 2022-02-16 03:10:13 added.
2022-02-16 03:10:13 | record_time.R done.-------------------------------------- 

2022-02-16 03:18:37 | record_time.R ------------------------------------------- 
Timestamp: 2022-02-16 03:18:37 added.
2022-02-16 03:18:37 | record_time.R done.-------------------------------------- 

2022-02-16 03:21:00 | record_time.R ------------------------------------------- 
Timestamp: 2022-02-16 03:21:00 added.
2022-02-16 03:21:00 | record_time.R done.-------------------------------------- 

2022-02-16 03:24:54 | record_time.R ------------------------------------------- 
Timestamp: 2022-02-16 03:24:54 added.
2022-02-16 03:24:54 | record_time.R done.-------------------------------------- 

2022-02-16 03:29:50 | record_time.R ------------------------------------------- 
Timestamp: 2022-02-16 03:29:50 added.
2022-02-16 03:29:50 | record_time.R done.-------------------------------------- 

2022-02-16 03:42:20 | record_time.R ------------------------------------------- 
Timestamp: 2022-02-16 03:42:20 added.
2022-02-16 03:42:20 | record_time.R done.-------------------------------------- 

2022-02-16 03:43:25 | record_time.R ------------------------------------------- 
Timestamp: 2022-02-16 03:43:25 added.
2022-02-16 03:43:25 | record_time.R done.-------------------------------------- 

2022-02-16 03:48:16 | record_time.R ------------------------------------------- 
Timestamp: 2022-02-16 03:48:16 added.
2022-02-16 03:48:16 | record_time.R done.-------------------------------------- 

2022-02-16 03:48:57 | record_time.R ------------------------------------------- 
Timestamp: 2022-02-16 03:48:57 added.
2022-02-16 03:48:57 | record_time.R done.-------------------------------------- 

2022-02-16 05:36:36 | record_time.R ------------------------------------------- 
Timestamp: 2022-02-16 05:36:36 added.
2022-02-16 05:36:36 | record_time.R done.-------------------------------------- 

2022-02-16 05:39:48 | record_time.R ------------------------------------------- 
Timestamp: 2022-02-16 05:39:48 added.
2022-02-16 05:39:48 | record_time.R done.-------------------------------------- 

2022-02-16 05:42:05 | record_time.R ------------------------------------------- 
Timestamp: 2022-02-16 05:42:05 added.
2022-02-16 05:42:05 | record_time.R done.-------------------------------------- 

2022-02-16 05:42:57 | record_time.R ------------------------------------------- 
Timestamp: 2022-02-16 05:42:57 added.
2022-02-16 05:42:57 | record_time.R done.-------------------------------------- 

2022-02-16 05:47:45 | record_time.R ------------------------------------------- 
Timestamp: 2022-02-16 05:47:45 added.
2022-02-16 05:47:45 | record_time.R done.-------------------------------------- 

2022-02-16 05:48:14 | record_time.R ------------------------------------------- 
Timestamp: 2022-02-16 05:48:14 added.
2022-02-16 05:48:14 | record_time.R done.-------------------------------------- 

2022-02-16 05:48:44 | record_time.R ------------------------------------------- 
Timestamp: 2022-02-16 05:48:44 added.
2022-02-16 05:48:44 | record_time.R done.-------------------------------------- 

2022-02-16 05:57:07 | record_time.R ------------------------------------------- 
Timestamp: 2022-02-16 05:57:07 added.
2022-02-16 05:57:07 | record_time.R done.-------------------------------------- 

2022-02-16 05:59:21 | record_time.R ------------------------------------------- 
Timestamp: 2022-02-16 05:59:21 added.
2022-02-16 05:59:21 | record_time.R done.-------------------------------------- 

2022-02-16 15:31:12 | record_time.R ------------------------------------------- 
Timestamp: 2022-02-16 15:31:12 added.
2022-02-16 15:31:12 | record_time.R done.-------------------------------------- 

2022-02-16 17:39:49 | record_time.R ------------------------------------------- 
Timestamp: 2022-02-16 17:39:49 added.
2022-02-16 17:39:49 | record_time.R done.-------------------------------------- 

2022-02-16 19:48:15 | record_time.R ------------------------------------------- 
Timestamp: 2022-02-16 19:48:15 added.
2022-02-16 19:48:15 | record_time.R done.-------------------------------------- 

2022-02-16 21:56:53 | record_time.R ------------------------------------------- 
Timestamp: 2022-02-16 21:56:53 added.
2022-02-16 21:56:53 | record_time.R done.-------------------------------------- 

2022-02-17 00:05:36 | record_time.R ------------------------------------------- 
Timestamp: 2022-02-17 00:05:36 added.
2022-02-17 00:05:36 | record_time.R done.-------------------------------------- 

2022-02-17 02:14:16 | record_time.R ------------------------------------------- 
Timestamp: 2022-02-17 02:14:16 added.
2022-02-17 02:14:16 | record_time.R done.-------------------------------------- 

