2022-02-18 11:41:55 | record_time.R ------------------------------------------- 
Timestamp: 2022-02-18 11:41:55 added.
2022-02-18 11:41:55 | record_time.R done.-------------------------------------- 

2022-02-18 11:41:57 | record_time.R ------------------------------------------- 
Timestamp: 2022-02-18 11:41:57 added.
2022-02-18 11:41:57 | record_time.R done.-------------------------------------- 

2022-02-18 11:52:24 | record_time.R ------------------------------------------- 
Timestamp: 2022-02-18 11:52:24 added.
2022-02-18 11:52:24 | record_time.R done.-------------------------------------- 

2022-02-18 11:52:53 | record_time.R ------------------------------------------- 
Timestamp: 2022-02-18 11:52:53 added.
2022-02-18 11:52:53 | record_time.R done.-------------------------------------- 

2022-02-18 12:14:00 | record_time.R ------------------------------------------- 
Timestamp: 2022-02-18 12:14:00 added.
2022-02-18 12:14:00 | record_time.R done.-------------------------------------- 

2022-02-18 12:14:40 | record_time.R ------------------------------------------- 
Timestamp: 2022-02-18 12:14:40 added.
2022-02-18 12:14:40 | record_time.R done.-------------------------------------- 

2022-02-18 12:39:28 | record_time.R ------------------------------------------- 
Timestamp: 2022-02-18 12:39:28 added.
2022-02-18 12:39:28 | record_time.R done.-------------------------------------- 

2022-02-18 12:40:08 | record_time.R ------------------------------------------- 
Timestamp: 2022-02-18 12:40:08 added.
2022-02-18 12:40:08 | record_time.R done.-------------------------------------- 

2022-02-18 13:04:58 | record_time.R ------------------------------------------- 
Timestamp: 2022-02-18 13:04:58 added.
2022-02-18 13:04:58 | record_time.R done.-------------------------------------- 

2022-02-18 13:05:38 | record_time.R ------------------------------------------- 
Timestamp: 2022-02-18 13:05:38 added.
2022-02-18 13:05:38 | record_time.R done.-------------------------------------- 

2022-02-18 13:30:27 | record_time.R ------------------------------------------- 
Timestamp: 2022-02-18 13:30:27 added.
2022-02-18 13:30:27 | record_time.R done.-------------------------------------- 

2022-02-18 13:31:07 | record_time.R ------------------------------------------- 
Timestamp: 2022-02-18 13:31:07 added.
2022-02-18 13:31:07 | record_time.R done.-------------------------------------- 

2022-02-18 13:56:01 | record_time.R ------------------------------------------- 
Timestamp: 2022-02-18 13:56:01 added.
2022-02-18 13:56:01 | record_time.R done.-------------------------------------- 

2022-02-18 13:56:41 | record_time.R ------------------------------------------- 
Timestamp: 2022-02-18 13:56:41 added.
2022-02-18 13:56:41 | record_time.R done.-------------------------------------- 

2022-02-18 14:41:08 | record_time.R ------------------------------------------- 
Timestamp: 2022-02-18 14:41:08 added.
2022-02-18 14:41:08 | record_time.R done.-------------------------------------- 

2022-02-18 14:43:28 | record_time.R ------------------------------------------- 
Timestamp: 2022-02-18 14:43:28 added.
2022-02-18 14:43:28 | record_time.R done.-------------------------------------- 

2022-02-18 14:53:18 | record_time.R ------------------------------------------- 
Warning: 2 parsing failures.
row      col   expected actual                                    file
  1 plate    an integer   none 'experiments/20220127_output/times.csv'
  1 transfer an integer   none 'experiments/20220127_output/times.csv'

Timestamp: 2022-02-18 14:53:18 added.
2022-02-18 14:53:18 | record_time.R done.-------------------------------------- 

2022-02-18 14:55:11 | record_time.R ------------------------------------------- 
Timestamp: 2022-02-18 14:55:11 added.
2022-02-18 14:55:12 | record_time.R done.-------------------------------------- 

2022-02-18 14:59:09 | record_time.R ------------------------------------------- 
Timestamp: 2022-02-18 14:59:09 added.
2022-02-18 14:59:09 | record_time.R done.-------------------------------------- 

2022-02-18 14:59:31 | record_time.R ------------------------------------------- 
Timestamp: 2022-02-18 14:59:31 added.
2022-02-18 14:59:31 | record_time.R done.-------------------------------------- 

2022-02-18 15:03:39 | record_time.R ------------------------------------------- 
Timestamp: 2022-02-18 15:03:39 added.
2022-02-18 15:03:39 | record_time.R done.-------------------------------------- 

2022-02-18 15:08:36 | record_time.R ------------------------------------------- 
Timestamp: 2022-02-18 15:08:36 added.
2022-02-18 15:08:36 | record_time.R done.-------------------------------------- 

2022-02-18 15:26:05 | record_time.R ------------------------------------------- 
Timestamp: 2022-02-18 15:26:05 added.
2022-02-18 15:26:05 | record_time.R done.-------------------------------------- 

2022-02-18 15:27:12 | record_time.R ------------------------------------------- 
Timestamp: 2022-02-18 15:27:12 added.
2022-02-18 15:27:12 | record_time.R done.-------------------------------------- 

2022-02-18 15:32:04 | record_time.R ------------------------------------------- 
Timestamp: 2022-02-18 15:32:04 added.
2022-02-18 15:32:04 | record_time.R done.-------------------------------------- 

2022-02-18 15:32:44 | record_time.R ------------------------------------------- 
Timestamp: 2022-02-18 15:32:44 added.
2022-02-18 15:32:44 | record_time.R done.-------------------------------------- 

2022-02-18 17:09:42 | record_time.R ------------------------------------------- 
Timestamp: 2022-02-18 17:09:42 added.
2022-02-18 17:09:42 | record_time.R done.-------------------------------------- 

2022-02-18 17:13:18 | record_time.R ------------------------------------------- 
Timestamp: 2022-02-18 17:13:18 added.
2022-02-18 17:13:18 | record_time.R done.-------------------------------------- 

2022-02-18 17:15:34 | record_time.R ------------------------------------------- 
Timestamp: 2022-02-18 17:15:34 added.
2022-02-18 17:15:34 | record_time.R done.-------------------------------------- 

2022-02-18 17:16:26 | record_time.R ------------------------------------------- 
Timestamp: 2022-02-18 17:16:26 added.
2022-02-18 17:16:26 | record_time.R done.-------------------------------------- 

2022-02-18 17:21:13 | record_time.R ------------------------------------------- 
Timestamp: 2022-02-18 17:21:13 added.
2022-02-18 17:21:13 | record_time.R done.-------------------------------------- 

2022-02-18 17:21:40 | record_time.R ------------------------------------------- 
Timestamp: 2022-02-18 17:21:40 added.
2022-02-18 17:21:40 | record_time.R done.-------------------------------------- 

2022-02-18 17:22:09 | record_time.R ------------------------------------------- 
Timestamp: 2022-02-18 17:22:09 added.
2022-02-18 17:22:09 | record_time.R done.-------------------------------------- 

2022-02-18 17:30:31 | record_time.R ------------------------------------------- 
Timestamp: 2022-02-18 17:30:31 added.
2022-02-18 17:30:31 | record_time.R done.-------------------------------------- 

2022-02-18 17:32:54 | record_time.R ------------------------------------------- 
Timestamp: 2022-02-18 17:32:54 added.
2022-02-18 17:32:54 | record_time.R done.-------------------------------------- 

2022-02-18 17:36:50 | record_time.R ------------------------------------------- 
Timestamp: 2022-02-18 17:36:50 added.
2022-02-18 17:36:50 | record_time.R done.-------------------------------------- 

2022-02-18 17:41:45 | record_time.R ------------------------------------------- 
Timestamp: 2022-02-18 17:41:45 added.
2022-02-18 17:41:45 | record_time.R done.-------------------------------------- 

2022-02-18 17:59:13 | record_time.R ------------------------------------------- 
Timestamp: 2022-02-18 17:59:13 added.
2022-02-18 17:59:13 | record_time.R done.-------------------------------------- 

2022-02-18 18:00:21 | record_time.R ------------------------------------------- 
Timestamp: 2022-02-18 18:00:21 added.
2022-02-18 18:00:21 | record_time.R done.-------------------------------------- 

2022-02-19 11:54:10 | record_time.R ------------------------------------------- 
Timestamp: 2022-02-19 11:54:10 added.
2022-02-19 11:54:10 | record_time.R done.-------------------------------------- 

2022-02-19 11:59:58 | record_time.R ------------------------------------------- 
Timestamp: 2022-02-19 11:59:58 added.
2022-02-19 11:59:58 | record_time.R done.-------------------------------------- 

2022-02-19 12:02:14 | record_time.R ------------------------------------------- 
Timestamp: 2022-02-19 12:02:14 added.
2022-02-19 12:02:14 | record_time.R done.-------------------------------------- 

2022-02-19 12:11:55 | record_time.R ------------------------------------------- 
Timestamp: 2022-02-19 12:11:55 added.
2022-02-19 12:11:55 | record_time.R done.-------------------------------------- 

2022-02-19 12:31:40 | record_time.R ------------------------------------------- 
Timestamp: 2022-02-19 12:31:40 added.
2022-02-19 12:31:40 | record_time.R done.-------------------------------------- 

2022-02-19 12:39:29 | record_time.R ------------------------------------------- 
Timestamp: 2022-02-19 12:39:29 added.
2022-02-19 12:39:29 | record_time.R done.-------------------------------------- 

2022-02-19 15:10:21 | record_time.R ------------------------------------------- 
Timestamp: 2022-02-19 15:10:21 added.
2022-02-19 15:10:21 | record_time.R done.-------------------------------------- 

2022-02-19 16:48:40 | record_time.R ------------------------------------------- 
Timestamp: 2022-02-19 16:48:40 added.
2022-02-19 16:48:40 | record_time.R done.-------------------------------------- 

2022-02-19 16:52:16 | record_time.R ------------------------------------------- 
Timestamp: 2022-02-19 16:52:17 added.
2022-02-19 16:52:17 | record_time.R done.-------------------------------------- 

2022-02-19 16:54:34 | record_time.R ------------------------------------------- 
Timestamp: 2022-02-19 16:54:34 added.
2022-02-19 16:54:34 | record_time.R done.-------------------------------------- 

2022-02-19 16:55:26 | record_time.R ------------------------------------------- 
Timestamp: 2022-02-19 16:55:26 added.
2022-02-19 16:55:26 | record_time.R done.-------------------------------------- 

2022-02-19 17:00:14 | record_time.R ------------------------------------------- 
Timestamp: 2022-02-19 17:00:14 added.
2022-02-19 17:00:14 | record_time.R done.-------------------------------------- 

2022-02-19 17:00:43 | record_time.R ------------------------------------------- 
Timestamp: 2022-02-19 17:00:43 added.
2022-02-19 17:00:43 | record_time.R done.-------------------------------------- 

2022-02-19 17:01:12 | record_time.R ------------------------------------------- 
Timestamp: 2022-02-19 17:01:12 added.
2022-02-19 17:01:12 | record_time.R done.-------------------------------------- 

2022-02-19 17:09:38 | record_time.R ------------------------------------------- 
Timestamp: 2022-02-19 17:09:38 added.
2022-02-19 17:09:38 | record_time.R done.-------------------------------------- 

2022-02-19 17:12:02 | record_time.R ------------------------------------------- 
Timestamp: 2022-02-19 17:12:02 added.
2022-02-19 17:12:02 | record_time.R done.-------------------------------------- 

2022-02-19 17:15:54 | record_time.R ------------------------------------------- 
Timestamp: 2022-02-19 17:15:54 added.
2022-02-19 17:15:54 | record_time.R done.-------------------------------------- 

2022-02-19 17:20:51 | record_time.R ------------------------------------------- 
Timestamp: 2022-02-19 17:20:52 added.
2022-02-19 17:20:52 | record_time.R done.-------------------------------------- 

2022-02-19 17:38:20 | record_time.R ------------------------------------------- 
Timestamp: 2022-02-19 17:38:20 added.
2022-02-19 17:38:20 | record_time.R done.-------------------------------------- 

2022-02-19 17:39:26 | record_time.R ------------------------------------------- 
Timestamp: 2022-02-19 17:39:26 added.
2022-02-19 17:39:26 | record_time.R done.-------------------------------------- 

2022-02-19 17:44:16 | record_time.R ------------------------------------------- 
Timestamp: 2022-02-19 17:44:16 added.
2022-02-19 17:44:16 | record_time.R done.-------------------------------------- 

2022-02-19 17:44:57 | record_time.R ------------------------------------------- 
Timestamp: 2022-02-19 17:44:57 added.
2022-02-19 17:44:57 | record_time.R done.-------------------------------------- 

2022-02-19 19:21:28 | record_time.R ------------------------------------------- 
Timestamp: 2022-02-19 19:21:28 added.
2022-02-19 19:21:28 | record_time.R done.-------------------------------------- 

2022-02-19 19:25:05 | record_time.R ------------------------------------------- 
Timestamp: 2022-02-19 19:25:05 added.
2022-02-19 19:25:05 | record_time.R done.-------------------------------------- 

2022-02-19 19:27:23 | record_time.R ------------------------------------------- 
Timestamp: 2022-02-19 19:27:23 added.
2022-02-19 19:27:23 | record_time.R done.-------------------------------------- 

2022-02-19 19:28:16 | record_time.R ------------------------------------------- 
Timestamp: 2022-02-19 19:28:16 added.
2022-02-19 19:28:16 | record_time.R done.-------------------------------------- 

2022-02-19 19:33:03 | record_time.R ------------------------------------------- 
Timestamp: 2022-02-19 19:33:03 added.
2022-02-19 19:33:03 | record_time.R done.-------------------------------------- 

2022-02-19 19:33:33 | record_time.R ------------------------------------------- 
Timestamp: 2022-02-19 19:33:33 added.
2022-02-19 19:33:33 | record_time.R done.-------------------------------------- 

2022-02-19 19:34:02 | record_time.R ------------------------------------------- 
Timestamp: 2022-02-19 19:34:02 added.
2022-02-19 19:34:02 | record_time.R done.-------------------------------------- 

2022-02-19 19:42:26 | record_time.R ------------------------------------------- 
Timestamp: 2022-02-19 19:42:26 added.
2022-02-19 19:42:26 | record_time.R done.-------------------------------------- 

2022-02-19 19:44:50 | record_time.R ------------------------------------------- 
Timestamp: 2022-02-19 19:44:50 added.
2022-02-19 19:44:50 | record_time.R done.-------------------------------------- 

2022-02-19 19:48:49 | record_time.R ------------------------------------------- 
Timestamp: 2022-02-19 19:48:49 added.
2022-02-19 19:48:49 | record_time.R done.-------------------------------------- 

2022-02-19 19:53:46 | record_time.R ------------------------------------------- 
Timestamp: 2022-02-19 19:53:46 added.
2022-02-19 19:53:46 | record_time.R done.-------------------------------------- 

2022-02-19 20:11:14 | record_time.R ------------------------------------------- 
Timestamp: 2022-02-19 20:11:14 added.
2022-02-19 20:11:14 | record_time.R done.-------------------------------------- 

2022-02-19 20:12:21 | record_time.R ------------------------------------------- 
Timestamp: 2022-02-19 20:12:21 added.
2022-02-19 20:12:21 | record_time.R done.-------------------------------------- 

2022-02-19 20:17:11 | record_time.R ------------------------------------------- 
Timestamp: 2022-02-19 20:17:11 added.
2022-02-19 20:17:11 | record_time.R done.-------------------------------------- 

2022-02-19 20:17:52 | record_time.R ------------------------------------------- 
Timestamp: 2022-02-19 20:17:52 added.
2022-02-19 20:17:52 | record_time.R done.-------------------------------------- 

2022-02-19 21:54:22 | record_time.R ------------------------------------------- 
Timestamp: 2022-02-19 21:54:22 added.
2022-02-19 21:54:22 | record_time.R done.-------------------------------------- 

2022-02-19 21:57:59 | record_time.R ------------------------------------------- 
Timestamp: 2022-02-19 21:57:59 added.
2022-02-19 21:57:59 | record_time.R done.-------------------------------------- 

2022-02-19 22:00:17 | record_time.R ------------------------------------------- 
Timestamp: 2022-02-19 22:00:17 added.
2022-02-19 22:00:17 | record_time.R done.-------------------------------------- 

2022-02-19 22:01:09 | record_time.R ------------------------------------------- 
Timestamp: 2022-02-19 22:01:09 added.
2022-02-19 22:01:09 | record_time.R done.-------------------------------------- 

2022-02-19 22:05:56 | record_time.R ------------------------------------------- 
Timestamp: 2022-02-19 22:05:56 added.
2022-02-19 22:05:56 | record_time.R done.-------------------------------------- 

2022-02-19 22:06:25 | record_time.R ------------------------------------------- 
Timestamp: 2022-02-19 22:06:25 added.
2022-02-19 22:06:25 | record_time.R done.-------------------------------------- 

2022-02-19 22:06:54 | record_time.R ------------------------------------------- 
Timestamp: 2022-02-19 22:06:54 added.
2022-02-19 22:06:54 | record_time.R done.-------------------------------------- 

2022-02-19 22:15:18 | record_time.R ------------------------------------------- 
Timestamp: 2022-02-19 22:15:18 added.
2022-02-19 22:15:18 | record_time.R done.-------------------------------------- 

2022-02-19 22:17:42 | record_time.R ------------------------------------------- 
Timestamp: 2022-02-19 22:17:42 added.
2022-02-19 22:17:42 | record_time.R done.-------------------------------------- 

2022-02-19 22:21:37 | record_time.R ------------------------------------------- 
Timestamp: 2022-02-19 22:21:37 added.
2022-02-19 22:21:37 | record_time.R done.-------------------------------------- 

2022-02-19 22:26:33 | record_time.R ------------------------------------------- 
Timestamp: 2022-02-19 22:26:33 added.
2022-02-19 22:26:33 | record_time.R done.-------------------------------------- 

2022-02-19 22:44:01 | record_time.R ------------------------------------------- 
Timestamp: 2022-02-19 22:44:01 added.
2022-02-19 22:44:01 | record_time.R done.-------------------------------------- 

2022-02-19 22:45:06 | record_time.R ------------------------------------------- 
Timestamp: 2022-02-19 22:45:06 added.
2022-02-19 22:45:06 | record_time.R done.-------------------------------------- 

2022-02-19 22:50:01 | record_time.R ------------------------------------------- 
Timestamp: 2022-02-19 22:50:01 added.
2022-02-19 22:50:01 | record_time.R done.-------------------------------------- 

2022-02-19 22:50:41 | record_time.R ------------------------------------------- 
Timestamp: 2022-02-19 22:50:41 added.
2022-02-19 22:50:41 | record_time.R done.-------------------------------------- 

2022-02-20 00:27:11 | record_time.R ------------------------------------------- 
Timestamp: 2022-02-20 00:27:11 added.
2022-02-20 00:27:11 | record_time.R done.-------------------------------------- 

2022-02-20 00:30:47 | record_time.R ------------------------------------------- 
Timestamp: 2022-02-20 00:30:47 added.
2022-02-20 00:30:47 | record_time.R done.-------------------------------------- 

2022-02-20 00:33:07 | record_time.R ------------------------------------------- 
Timestamp: 2022-02-20 00:33:07 added.
2022-02-20 00:33:07 | record_time.R done.-------------------------------------- 

2022-02-20 00:33:58 | record_time.R ------------------------------------------- 
Timestamp: 2022-02-20 00:33:58 added.
2022-02-20 00:33:59 | record_time.R done.-------------------------------------- 

2022-02-20 00:38:45 | record_time.R ------------------------------------------- 
Timestamp: 2022-02-20 00:38:45 added.
2022-02-20 00:38:46 | record_time.R done.-------------------------------------- 

2022-02-20 00:39:14 | record_time.R ------------------------------------------- 
Timestamp: 2022-02-20 00:39:14 added.
2022-02-20 00:39:14 | record_time.R done.-------------------------------------- 

2022-02-20 00:39:44 | record_time.R ------------------------------------------- 
Timestamp: 2022-02-20 00:39:44 added.
2022-02-20 00:39:44 | record_time.R done.-------------------------------------- 

2022-02-20 00:48:07 | record_time.R ------------------------------------------- 
Timestamp: 2022-02-20 00:48:07 added.
2022-02-20 00:48:07 | record_time.R done.-------------------------------------- 

2022-02-20 00:50:31 | record_time.R ------------------------------------------- 
Timestamp: 2022-02-20 00:50:31 added.
2022-02-20 00:50:31 | record_time.R done.-------------------------------------- 

2022-02-20 00:54:23 | record_time.R ------------------------------------------- 
Timestamp: 2022-02-20 00:54:23 added.
2022-02-20 00:54:23 | record_time.R done.-------------------------------------- 

2022-02-20 00:59:19 | record_time.R ------------------------------------------- 
Timestamp: 2022-02-20 00:59:19 added.
2022-02-20 00:59:19 | record_time.R done.-------------------------------------- 

2022-02-20 01:16:48 | record_time.R ------------------------------------------- 
Timestamp: 2022-02-20 01:16:48 added.
2022-02-20 01:16:48 | record_time.R done.-------------------------------------- 

2022-02-20 01:17:54 | record_time.R ------------------------------------------- 
Timestamp: 2022-02-20 01:17:54 added.
2022-02-20 01:17:54 | record_time.R done.-------------------------------------- 

2022-02-20 01:22:44 | record_time.R ------------------------------------------- 
Timestamp: 2022-02-20 01:22:44 added.
2022-02-20 01:22:44 | record_time.R done.-------------------------------------- 

2022-02-20 01:23:25 | record_time.R ------------------------------------------- 
Timestamp: 2022-02-20 01:23:25 added.
2022-02-20 01:23:25 | record_time.R done.-------------------------------------- 

2022-02-20 02:59:56 | record_time.R ------------------------------------------- 
Timestamp: 2022-02-20 02:59:56 added.
2022-02-20 02:59:57 | record_time.R done.-------------------------------------- 

2022-02-20 03:03:32 | record_time.R ------------------------------------------- 
Timestamp: 2022-02-20 03:03:32 added.
2022-02-20 03:03:32 | record_time.R done.-------------------------------------- 

2022-02-20 03:05:50 | record_time.R ------------------------------------------- 
Timestamp: 2022-02-20 03:05:50 added.
2022-02-20 03:05:50 | record_time.R done.-------------------------------------- 

2022-02-20 03:06:42 | record_time.R ------------------------------------------- 
Timestamp: 2022-02-20 03:06:42 added.
2022-02-20 03:06:42 | record_time.R done.-------------------------------------- 

2022-02-20 03:11:29 | record_time.R ------------------------------------------- 
Timestamp: 2022-02-20 03:11:29 added.
2022-02-20 03:11:29 | record_time.R done.-------------------------------------- 

2022-02-20 03:11:58 | record_time.R ------------------------------------------- 
Timestamp: 2022-02-20 03:11:58 added.
2022-02-20 03:11:58 | record_time.R done.-------------------------------------- 

2022-02-20 03:12:28 | record_time.R ------------------------------------------- 
Timestamp: 2022-02-20 03:12:28 added.
2022-02-20 03:12:28 | record_time.R done.-------------------------------------- 

2022-02-20 03:20:51 | record_time.R ------------------------------------------- 
Timestamp: 2022-02-20 03:20:51 added.
2022-02-20 03:20:51 | record_time.R done.-------------------------------------- 

2022-02-20 03:23:05 | record_time.R ------------------------------------------- 
Timestamp: 2022-02-20 03:23:05 added.
2022-02-20 03:23:05 | record_time.R done.-------------------------------------- 

2022-02-20 16:34:20 | record_time.R ------------------------------------------- 
Timestamp: 2022-02-20 16:34:20 added.
2022-02-20 16:34:20 | record_time.R done.-------------------------------------- 

2022-02-20 19:20:30 | record_time.R ------------------------------------------- 
Timestamp: 2022-02-20 19:20:30 added.
2022-02-20 19:20:30 | record_time.R done.-------------------------------------- 

2022-02-20 22:06:34 | record_time.R ------------------------------------------- 
Timestamp: 2022-02-20 22:06:34 added.
2022-02-20 22:06:34 | record_time.R done.-------------------------------------- 

2022-02-21 00:52:49 | record_time.R ------------------------------------------- 
Timestamp: 2022-02-21 00:52:49 added.
2022-02-21 00:52:49 | record_time.R done.-------------------------------------- 

2022-02-21 03:39:01 | record_time.R ------------------------------------------- 
Timestamp: 2022-02-21 03:39:01 added.
2022-02-21 03:39:01 | record_time.R done.-------------------------------------- 

2022-02-21 06:25:14 | record_time.R ------------------------------------------- 
Timestamp: 2022-02-21 06:25:14 added.
2022-02-21 06:25:14 | record_time.R done.-------------------------------------- 

