2022-02-11 14:25:47 | record_time.R ------------------------------------------- 
Timestamp: 2022-02-11 14:25:47 added.
2022-02-11 14:25:47 | record_time.R done.-------------------------------------- 

2022-02-11 14:25:49 | record_time.R ------------------------------------------- 
Timestamp: 2022-02-11 14:25:49 added.
2022-02-11 14:25:49 | record_time.R done.-------------------------------------- 

2022-02-11 14:36:16 | record_time.R ------------------------------------------- 
Timestamp: 2022-02-11 14:36:16 added.
2022-02-11 14:36:16 | record_time.R done.-------------------------------------- 

2022-02-11 14:36:46 | record_time.R ------------------------------------------- 
Timestamp: 2022-02-11 14:36:46 added.
2022-02-11 14:36:46 | record_time.R done.-------------------------------------- 

2022-02-11 14:58:20 | record_time.R ------------------------------------------- 
Timestamp: 2022-02-11 14:58:20 added.
2022-02-11 14:58:20 | record_time.R done.-------------------------------------- 

2022-02-11 14:59:00 | record_time.R ------------------------------------------- 
Timestamp: 2022-02-11 14:59:00 added.
2022-02-11 14:59:00 | record_time.R done.-------------------------------------- 

2022-02-11 15:24:19 | record_time.R ------------------------------------------- 
Timestamp: 2022-02-11 15:24:19 added.
2022-02-11 15:24:19 | record_time.R done.-------------------------------------- 

2022-02-11 15:24:59 | record_time.R ------------------------------------------- 
Timestamp: 2022-02-11 15:24:59 added.
2022-02-11 15:24:59 | record_time.R done.-------------------------------------- 

2022-02-11 15:50:20 | record_time.R ------------------------------------------- 
Timestamp: 2022-02-11 15:50:20 added.
2022-02-11 15:50:21 | record_time.R done.-------------------------------------- 

2022-02-11 15:51:00 | record_time.R ------------------------------------------- 
Timestamp: 2022-02-11 15:51:00 added.
2022-02-11 15:51:00 | record_time.R done.-------------------------------------- 

2022-02-11 16:16:24 | record_time.R ------------------------------------------- 
Timestamp: 2022-02-11 16:16:24 added.
2022-02-11 16:16:24 | record_time.R done.-------------------------------------- 

2022-02-11 16:17:05 | record_time.R ------------------------------------------- 
Timestamp: 2022-02-11 16:17:05 added.
2022-02-11 16:17:05 | record_time.R done.-------------------------------------- 

2022-02-11 16:42:31 | record_time.R ------------------------------------------- 
Timestamp: 2022-02-11 16:42:31 added.
2022-02-11 16:42:31 | record_time.R done.-------------------------------------- 

2022-02-11 16:43:08 | record_time.R ------------------------------------------- 
Timestamp: 2022-02-11 16:43:08 added.
2022-02-11 16:43:08 | record_time.R done.-------------------------------------- 

2022-02-11 17:33:24 | record_time.R ------------------------------------------- 
Timestamp: 2022-02-11 17:33:24 added.
2022-02-11 17:33:24 | record_time.R done.-------------------------------------- 

2022-02-11 17:35:48 | record_time.R ------------------------------------------- 
Timestamp: 2022-02-11 17:35:48 added.
2022-02-11 17:35:48 | record_time.R done.-------------------------------------- 

2022-02-11 17:45:36 | record_time.R ------------------------------------------- 
Warning: 2 parsing failures.
row      col   expected actual                                    file
  1 plate    an integer   none 'experiments/20220127_output/times.csv'
  1 transfer an integer   none 'experiments/20220127_output/times.csv'

Timestamp: 2022-02-11 17:45:36 added.
2022-02-11 17:45:36 | record_time.R done.-------------------------------------- 

2022-02-11 17:47:29 | record_time.R ------------------------------------------- 
Timestamp: 2022-02-11 17:47:29 added.
2022-02-11 17:47:29 | record_time.R done.-------------------------------------- 

2022-02-11 17:51:23 | record_time.R ------------------------------------------- 
Timestamp: 2022-02-11 17:51:23 added.
2022-02-11 17:51:23 | record_time.R done.-------------------------------------- 

2022-02-11 17:51:45 | record_time.R ------------------------------------------- 
Timestamp: 2022-02-11 17:51:45 added.
2022-02-11 17:51:45 | record_time.R done.-------------------------------------- 

2022-02-11 17:55:50 | record_time.R ------------------------------------------- 
Timestamp: 2022-02-11 17:55:50 added.
2022-02-11 17:55:50 | record_time.R done.-------------------------------------- 

2022-02-11 18:00:46 | record_time.R ------------------------------------------- 
Timestamp: 2022-02-11 18:00:46 added.
2022-02-11 18:00:46 | record_time.R done.-------------------------------------- 

2022-02-11 18:17:11 | record_time.R ------------------------------------------- 
Timestamp: 2022-02-11 18:17:11 added.
2022-02-11 18:17:11 | record_time.R done.-------------------------------------- 

2022-02-11 18:18:11 | record_time.R ------------------------------------------- 
Timestamp: 2022-02-11 18:18:11 added.
2022-02-11 18:18:11 | record_time.R done.-------------------------------------- 

2022-02-11 18:23:00 | record_time.R ------------------------------------------- 
Timestamp: 2022-02-11 18:23:00 added.
2022-02-11 18:23:00 | record_time.R done.-------------------------------------- 

2022-02-11 18:23:41 | record_time.R ------------------------------------------- 
Timestamp: 2022-02-11 18:23:41 added.
2022-02-11 18:23:41 | record_time.R done.-------------------------------------- 

2022-02-11 20:26:04 | record_time.R ------------------------------------------- 
Timestamp: 2022-02-11 20:26:04 added.
2022-02-11 20:26:04 | record_time.R done.-------------------------------------- 

2022-02-11 20:29:24 | record_time.R ------------------------------------------- 
Timestamp: 2022-02-11 20:29:24 added.
2022-02-11 20:29:24 | record_time.R done.-------------------------------------- 

2022-02-11 20:31:41 | record_time.R ------------------------------------------- 
Timestamp: 2022-02-11 20:31:41 added.
2022-02-11 20:31:41 | record_time.R done.-------------------------------------- 

2022-02-11 20:32:32 | record_time.R ------------------------------------------- 
Timestamp: 2022-02-11 20:32:32 added.
2022-02-11 20:32:32 | record_time.R done.-------------------------------------- 

2022-02-11 20:37:18 | record_time.R ------------------------------------------- 
Timestamp: 2022-02-11 20:37:18 added.
2022-02-11 20:37:18 | record_time.R done.-------------------------------------- 

2022-02-11 20:37:45 | record_time.R ------------------------------------------- 
Timestamp: 2022-02-11 20:37:45 added.
2022-02-11 20:37:45 | record_time.R done.-------------------------------------- 

2022-02-11 20:38:16 | record_time.R ------------------------------------------- 
Timestamp: 2022-02-11 20:38:16 added.
2022-02-11 20:38:16 | record_time.R done.-------------------------------------- 

2022-02-11 20:46:36 | record_time.R ------------------------------------------- 
Timestamp: 2022-02-11 20:46:36 added.
2022-02-11 20:46:36 | record_time.R done.-------------------------------------- 

2022-02-12 13:50:26 | record_time.R ------------------------------------------- 
Timestamp: 2022-02-12 13:50:26 added.
2022-02-12 13:50:26 | record_time.R done.-------------------------------------- 

2022-02-12 13:54:24 | record_time.R ------------------------------------------- 
Timestamp: 2022-02-12 13:54:24 added.
2022-02-12 13:54:24 | record_time.R done.-------------------------------------- 

2022-02-12 13:59:20 | record_time.R ------------------------------------------- 
Timestamp: 2022-02-12 13:59:20 added.
2022-02-12 13:59:20 | record_time.R done.-------------------------------------- 

2022-02-12 14:15:45 | record_time.R ------------------------------------------- 
Timestamp: 2022-02-12 14:15:45 added.
2022-02-12 14:15:45 | record_time.R done.-------------------------------------- 

2022-02-12 14:16:43 | record_time.R ------------------------------------------- 
Timestamp: 2022-02-12 14:16:43 added.
2022-02-12 14:16:43 | record_time.R done.-------------------------------------- 

2022-02-12 14:21:32 | record_time.R ------------------------------------------- 
Timestamp: 2022-02-12 14:21:32 added.
2022-02-12 14:21:32 | record_time.R done.-------------------------------------- 

2022-02-12 14:22:13 | record_time.R ------------------------------------------- 
Timestamp: 2022-02-12 14:22:13 added.
2022-02-12 14:22:13 | record_time.R done.-------------------------------------- 

2022-02-12 16:23:58 | record_time.R ------------------------------------------- 
Timestamp: 2022-02-12 16:23:58 added.
2022-02-12 16:23:58 | record_time.R done.-------------------------------------- 

2022-02-12 16:27:18 | record_time.R ------------------------------------------- 
Timestamp: 2022-02-12 16:27:18 added.
2022-02-12 16:27:18 | record_time.R done.-------------------------------------- 

2022-02-12 16:29:37 | record_time.R ------------------------------------------- 
Timestamp: 2022-02-12 16:29:37 added.
2022-02-12 16:29:37 | record_time.R done.-------------------------------------- 

2022-02-12 16:30:29 | record_time.R ------------------------------------------- 
Timestamp: 2022-02-12 16:30:29 added.
2022-02-12 16:30:29 | record_time.R done.-------------------------------------- 

2022-02-12 16:35:17 | record_time.R ------------------------------------------- 
Timestamp: 2022-02-12 16:35:17 added.
2022-02-12 16:35:17 | record_time.R done.-------------------------------------- 

2022-02-12 16:35:45 | record_time.R ------------------------------------------- 
Timestamp: 2022-02-12 16:35:45 added.
2022-02-12 16:35:45 | record_time.R done.-------------------------------------- 

2022-02-12 16:36:16 | record_time.R ------------------------------------------- 
Timestamp: 2022-02-12 16:36:16 added.
2022-02-12 16:36:16 | record_time.R done.-------------------------------------- 

2022-02-12 16:44:36 | record_time.R ------------------------------------------- 
Timestamp: 2022-02-12 16:44:36 added.
2022-02-12 16:44:36 | record_time.R done.-------------------------------------- 

2022-02-12 16:56:06 | record_time.R ------------------------------------------- 
Timestamp: 2022-02-12 16:56:06 added.
2022-02-12 16:56:06 | record_time.R done.-------------------------------------- 

2022-02-12 17:00:10 | record_time.R ------------------------------------------- 
Timestamp: 2022-02-12 17:00:10 added.
2022-02-12 17:00:10 | record_time.R done.-------------------------------------- 

2022-02-12 17:05:09 | record_time.R ------------------------------------------- 
Timestamp: 2022-02-12 17:05:09 added.
2022-02-12 17:05:09 | record_time.R done.-------------------------------------- 

2022-02-12 17:21:33 | record_time.R ------------------------------------------- 
Timestamp: 2022-02-12 17:21:33 added.
2022-02-12 17:21:33 | record_time.R done.-------------------------------------- 

2022-02-12 17:22:30 | record_time.R ------------------------------------------- 
Timestamp: 2022-02-12 17:22:31 added.
2022-02-12 17:22:31 | record_time.R done.-------------------------------------- 

2022-02-12 17:27:21 | record_time.R ------------------------------------------- 
Timestamp: 2022-02-12 17:27:21 added.
2022-02-12 17:27:21 | record_time.R done.-------------------------------------- 

2022-02-12 17:28:02 | record_time.R ------------------------------------------- 
Timestamp: 2022-02-12 17:28:02 added.
2022-02-12 17:28:02 | record_time.R done.-------------------------------------- 

2022-02-12 19:29:42 | record_time.R ------------------------------------------- 
Timestamp: 2022-02-12 19:29:42 added.
2022-02-12 19:29:42 | record_time.R done.-------------------------------------- 

2022-02-12 19:33:02 | record_time.R ------------------------------------------- 
Timestamp: 2022-02-12 19:33:02 added.
2022-02-12 19:33:02 | record_time.R done.-------------------------------------- 

2022-02-12 19:35:21 | record_time.R ------------------------------------------- 
Timestamp: 2022-02-12 19:35:21 added.
2022-02-12 19:35:21 | record_time.R done.-------------------------------------- 

2022-02-12 19:36:12 | record_time.R ------------------------------------------- 
Timestamp: 2022-02-12 19:36:12 added.
2022-02-12 19:36:12 | record_time.R done.-------------------------------------- 

2022-02-12 19:40:59 | record_time.R ------------------------------------------- 
Timestamp: 2022-02-12 19:41:00 added.
2022-02-12 19:41:00 | record_time.R done.-------------------------------------- 

2022-02-12 19:41:27 | record_time.R ------------------------------------------- 
Timestamp: 2022-02-12 19:41:27 added.
2022-02-12 19:41:27 | record_time.R done.-------------------------------------- 

2022-02-12 19:41:58 | record_time.R ------------------------------------------- 
Timestamp: 2022-02-12 19:41:58 added.
2022-02-12 19:41:58 | record_time.R done.-------------------------------------- 

2022-02-12 19:50:18 | record_time.R ------------------------------------------- 
Timestamp: 2022-02-12 19:50:18 added.
2022-02-12 19:50:18 | record_time.R done.-------------------------------------- 

2022-02-12 19:52:42 | record_time.R ------------------------------------------- 
Timestamp: 2022-02-12 19:52:42 added.
2022-02-12 19:52:42 | record_time.R done.-------------------------------------- 

2022-02-12 19:56:50 | record_time.R ------------------------------------------- 
Timestamp: 2022-02-12 19:56:50 added.
2022-02-12 19:56:50 | record_time.R done.-------------------------------------- 

2022-02-12 20:01:47 | record_time.R ------------------------------------------- 
Timestamp: 2022-02-12 20:01:47 added.
2022-02-12 20:01:47 | record_time.R done.-------------------------------------- 

2022-02-12 20:18:11 | record_time.R ------------------------------------------- 
Timestamp: 2022-02-12 20:18:11 added.
2022-02-12 20:18:11 | record_time.R done.-------------------------------------- 

2022-02-12 20:19:08 | record_time.R ------------------------------------------- 
Timestamp: 2022-02-12 20:19:08 added.
2022-02-12 20:19:08 | record_time.R done.-------------------------------------- 

2022-02-12 20:23:57 | record_time.R ------------------------------------------- 
Timestamp: 2022-02-12 20:23:57 added.
2022-02-12 20:23:57 | record_time.R done.-------------------------------------- 

2022-02-12 20:24:38 | record_time.R ------------------------------------------- 
Timestamp: 2022-02-12 20:24:38 added.
2022-02-12 20:24:38 | record_time.R done.-------------------------------------- 

2022-02-12 22:26:19 | record_time.R ------------------------------------------- 
Timestamp: 2022-02-12 22:26:19 added.
2022-02-12 22:26:19 | record_time.R done.-------------------------------------- 

2022-02-12 22:29:39 | record_time.R ------------------------------------------- 
Timestamp: 2022-02-12 22:29:39 added.
2022-02-12 22:29:39 | record_time.R done.-------------------------------------- 

2022-02-12 22:31:58 | record_time.R ------------------------------------------- 
Timestamp: 2022-02-12 22:31:58 added.
2022-02-12 22:31:58 | record_time.R done.-------------------------------------- 

2022-02-12 22:32:50 | record_time.R ------------------------------------------- 
Timestamp: 2022-02-12 22:32:50 added.
2022-02-12 22:32:50 | record_time.R done.-------------------------------------- 

2022-02-12 22:37:37 | record_time.R ------------------------------------------- 
Timestamp: 2022-02-12 22:37:37 added.
2022-02-12 22:37:37 | record_time.R done.-------------------------------------- 

2022-02-12 22:38:05 | record_time.R ------------------------------------------- 
Timestamp: 2022-02-12 22:38:05 added.
2022-02-12 22:38:05 | record_time.R done.-------------------------------------- 

2022-02-12 22:38:35 | record_time.R ------------------------------------------- 
Timestamp: 2022-02-12 22:38:35 added.
2022-02-12 22:38:35 | record_time.R done.-------------------------------------- 

2022-02-12 22:46:56 | record_time.R ------------------------------------------- 
Timestamp: 2022-02-12 22:46:56 added.
2022-02-12 22:46:56 | record_time.R done.-------------------------------------- 

2022-02-12 22:49:20 | record_time.R ------------------------------------------- 
Timestamp: 2022-02-12 22:49:20 added.
2022-02-12 22:49:20 | record_time.R done.-------------------------------------- 

2022-02-12 22:53:25 | record_time.R ------------------------------------------- 
Timestamp: 2022-02-12 22:53:25 added.
2022-02-12 22:53:25 | record_time.R done.-------------------------------------- 

2022-02-12 22:58:21 | record_time.R ------------------------------------------- 
Timestamp: 2022-02-12 22:58:21 added.
2022-02-12 22:58:21 | record_time.R done.-------------------------------------- 

2022-02-12 23:14:47 | record_time.R ------------------------------------------- 
Timestamp: 2022-02-12 23:14:47 added.
2022-02-12 23:14:47 | record_time.R done.-------------------------------------- 

2022-02-12 23:15:43 | record_time.R ------------------------------------------- 
Timestamp: 2022-02-12 23:15:43 added.
2022-02-12 23:15:43 | record_time.R done.-------------------------------------- 

2022-02-12 23:20:32 | record_time.R ------------------------------------------- 
Timestamp: 2022-02-12 23:20:32 added.
2022-02-12 23:20:32 | record_time.R done.-------------------------------------- 

2022-02-12 23:21:13 | record_time.R ------------------------------------------- 
Timestamp: 2022-02-12 23:21:13 added.
2022-02-12 23:21:13 | record_time.R done.-------------------------------------- 

2022-02-13 01:22:56 | record_time.R ------------------------------------------- 
Timestamp: 2022-02-13 01:22:56 added.
2022-02-13 01:22:56 | record_time.R done.-------------------------------------- 

2022-02-13 01:26:15 | record_time.R ------------------------------------------- 
Timestamp: 2022-02-13 01:26:15 added.
2022-02-13 01:26:15 | record_time.R done.-------------------------------------- 

2022-02-13 01:28:34 | record_time.R ------------------------------------------- 
Timestamp: 2022-02-13 01:28:34 added.
2022-02-13 01:28:34 | record_time.R done.-------------------------------------- 

2022-02-13 01:29:26 | record_time.R ------------------------------------------- 
Timestamp: 2022-02-13 01:29:26 added.
2022-02-13 01:29:26 | record_time.R done.-------------------------------------- 

2022-02-13 01:34:13 | record_time.R ------------------------------------------- 
Timestamp: 2022-02-13 01:34:13 added.
2022-02-13 01:34:13 | record_time.R done.-------------------------------------- 

2022-02-13 01:34:41 | record_time.R ------------------------------------------- 
Timestamp: 2022-02-13 01:34:41 added.
2022-02-13 01:34:41 | record_time.R done.-------------------------------------- 

2022-02-13 01:35:11 | record_time.R ------------------------------------------- 
Timestamp: 2022-02-13 01:35:11 added.
2022-02-13 01:35:11 | record_time.R done.-------------------------------------- 

2022-02-13 01:43:32 | record_time.R ------------------------------------------- 
Timestamp: 2022-02-13 01:43:32 added.
2022-02-13 01:43:32 | record_time.R done.-------------------------------------- 

2022-02-13 01:45:56 | record_time.R ------------------------------------------- 
Timestamp: 2022-02-13 01:45:56 added.
2022-02-13 01:45:56 | record_time.R done.-------------------------------------- 

2022-02-13 01:49:57 | record_time.R ------------------------------------------- 
Timestamp: 2022-02-13 01:49:58 added.
2022-02-13 01:49:58 | record_time.R done.-------------------------------------- 

2022-02-13 01:54:53 | record_time.R ------------------------------------------- 
Timestamp: 2022-02-13 01:54:53 added.
2022-02-13 01:54:54 | record_time.R done.-------------------------------------- 

2022-02-13 02:11:19 | record_time.R ------------------------------------------- 
Timestamp: 2022-02-13 02:11:19 added.
2022-02-13 02:11:19 | record_time.R done.-------------------------------------- 

2022-02-13 02:12:17 | record_time.R ------------------------------------------- 
Timestamp: 2022-02-13 02:12:17 added.
2022-02-13 02:12:17 | record_time.R done.-------------------------------------- 

2022-02-13 02:17:06 | record_time.R ------------------------------------------- 
Timestamp: 2022-02-13 02:17:06 added.
2022-02-13 02:17:06 | record_time.R done.-------------------------------------- 

2022-02-13 02:17:47 | record_time.R ------------------------------------------- 
Timestamp: 2022-02-13 02:17:47 added.
2022-02-13 02:17:47 | record_time.R done.-------------------------------------- 

2022-02-13 04:19:27 | record_time.R ------------------------------------------- 
Timestamp: 2022-02-13 04:19:27 added.
2022-02-13 04:19:27 | record_time.R done.-------------------------------------- 

2022-02-13 04:22:46 | record_time.R ------------------------------------------- 
Timestamp: 2022-02-13 04:22:46 added.
2022-02-13 04:22:46 | record_time.R done.-------------------------------------- 

2022-02-13 04:25:06 | record_time.R ------------------------------------------- 
Timestamp: 2022-02-13 04:25:06 added.
2022-02-13 04:25:06 | record_time.R done.-------------------------------------- 

2022-02-13 04:25:58 | record_time.R ------------------------------------------- 
Timestamp: 2022-02-13 04:25:58 added.
2022-02-13 04:25:58 | record_time.R done.-------------------------------------- 

2022-02-13 04:30:45 | record_time.R ------------------------------------------- 
Timestamp: 2022-02-13 04:30:45 added.
2022-02-13 04:30:45 | record_time.R done.-------------------------------------- 

2022-02-13 04:31:13 | record_time.R ------------------------------------------- 
Timestamp: 2022-02-13 04:31:13 added.
2022-02-13 04:31:13 | record_time.R done.-------------------------------------- 

2022-02-13 04:31:43 | record_time.R ------------------------------------------- 
Timestamp: 2022-02-13 04:31:43 added.
2022-02-13 04:31:43 | record_time.R done.-------------------------------------- 

2022-02-13 04:40:05 | record_time.R ------------------------------------------- 
Timestamp: 2022-02-13 04:40:05 added.
2022-02-13 04:40:05 | record_time.R done.-------------------------------------- 

2022-02-13 04:42:18 | record_time.R ------------------------------------------- 
Timestamp: 2022-02-13 04:42:18 added.
2022-02-13 04:42:18 | record_time.R done.-------------------------------------- 

2022-02-13 17:10:46 | record_time.R ------------------------------------------- 
Timestamp: 2022-02-13 17:10:46 added.
2022-02-13 17:10:46 | record_time.R done.-------------------------------------- 

2022-02-13 19:29:35 | record_time.R ------------------------------------------- 
Timestamp: 2022-02-13 19:29:35 added.
2022-02-13 19:29:36 | record_time.R done.-------------------------------------- 

2022-02-13 21:48:25 | record_time.R ------------------------------------------- 
Timestamp: 2022-02-13 21:48:25 added.
2022-02-13 21:48:25 | record_time.R done.-------------------------------------- 

2022-02-14 00:07:22 | record_time.R ------------------------------------------- 
Timestamp: 2022-02-14 00:07:22 added.
2022-02-14 00:07:22 | record_time.R done.-------------------------------------- 

2022-02-14 02:26:11 | record_time.R ------------------------------------------- 
Timestamp: 2022-02-14 02:26:11 added.
2022-02-14 02:26:11 | record_time.R done.-------------------------------------- 

2022-02-14 10:48:29 | record_time.R ------------------------------------------- 
Timestamp: 2022-02-14 10:48:29 added.
2022-02-14 10:48:29 | record_time.R done.-------------------------------------- 

