2022-02-17 12:38:14 | record_time.R ------------------------------------------- 
Timestamp: 2022-02-17 12:38:14 added.
2022-02-17 12:38:14 | record_time.R done.-------------------------------------- 

2022-02-17 12:38:16 | record_time.R ------------------------------------------- 
Timestamp: 2022-02-17 12:38:16 added.
2022-02-17 12:38:16 | record_time.R done.-------------------------------------- 

2022-02-17 12:48:51 | record_time.R ------------------------------------------- 
Timestamp: 2022-02-17 12:48:51 added.
2022-02-17 12:48:51 | record_time.R done.-------------------------------------- 

2022-02-17 12:49:22 | record_time.R ------------------------------------------- 
Timestamp: 2022-02-17 12:49:22 added.
2022-02-17 12:49:22 | record_time.R done.-------------------------------------- 

2022-02-17 13:10:23 | record_time.R ------------------------------------------- 
Timestamp: 2022-02-17 13:10:23 added.
2022-02-17 13:10:23 | record_time.R done.-------------------------------------- 

2022-02-17 13:11:02 | record_time.R ------------------------------------------- 
Timestamp: 2022-02-17 13:11:02 added.
2022-02-17 13:11:02 | record_time.R done.-------------------------------------- 

2022-02-17 13:35:45 | record_time.R ------------------------------------------- 
Timestamp: 2022-02-17 13:35:45 added.
2022-02-17 13:35:46 | record_time.R done.-------------------------------------- 

2022-02-17 13:36:26 | record_time.R ------------------------------------------- 
Timestamp: 2022-02-17 13:36:26 added.
2022-02-17 13:36:26 | record_time.R done.-------------------------------------- 

2022-02-17 14:01:10 | record_time.R ------------------------------------------- 
Timestamp: 2022-02-17 14:01:11 added.
2022-02-17 14:01:11 | record_time.R done.-------------------------------------- 

2022-02-17 14:01:50 | record_time.R ------------------------------------------- 
Timestamp: 2022-02-17 14:01:50 added.
2022-02-17 14:01:50 | record_time.R done.-------------------------------------- 

2022-02-17 14:26:37 | record_time.R ------------------------------------------- 
Timestamp: 2022-02-17 14:26:37 added.
2022-02-17 14:26:37 | record_time.R done.-------------------------------------- 

2022-02-17 14:27:17 | record_time.R ------------------------------------------- 
Timestamp: 2022-02-17 14:27:17 added.
2022-02-17 14:27:17 | record_time.R done.-------------------------------------- 

2022-02-17 14:52:06 | record_time.R ------------------------------------------- 
Timestamp: 2022-02-17 14:52:06 added.
2022-02-17 14:52:06 | record_time.R done.-------------------------------------- 

2022-02-17 14:52:46 | record_time.R ------------------------------------------- 
Timestamp: 2022-02-17 14:52:46 added.
2022-02-17 14:52:46 | record_time.R done.-------------------------------------- 

2022-02-17 15:32:57 | record_time.R ------------------------------------------- 
Timestamp: 2022-02-17 15:32:57 added.
2022-02-17 15:32:57 | record_time.R done.-------------------------------------- 

2022-02-17 15:35:15 | record_time.R ------------------------------------------- 
Timestamp: 2022-02-17 15:35:15 added.
2022-02-17 15:35:15 | record_time.R done.-------------------------------------- 

2022-02-17 15:45:09 | record_time.R ------------------------------------------- 
Warning: 2 parsing failures.
row      col   expected actual                                    file
  1 plate    an integer   none 'experiments/20220127_output/times.csv'
  1 transfer an integer   none 'experiments/20220127_output/times.csv'

Timestamp: 2022-02-17 15:45:09 added.
2022-02-17 15:45:09 | record_time.R done.-------------------------------------- 

2022-02-17 15:47:03 | record_time.R ------------------------------------------- 
Timestamp: 2022-02-17 15:47:03 added.
2022-02-17 15:47:03 | record_time.R done.-------------------------------------- 

2022-02-17 15:51:04 | record_time.R ------------------------------------------- 
Timestamp: 2022-02-17 15:51:04 added.
2022-02-17 15:51:04 | record_time.R done.-------------------------------------- 

2022-02-17 15:51:27 | record_time.R ------------------------------------------- 
Timestamp: 2022-02-17 15:51:27 added.
2022-02-17 15:51:27 | record_time.R done.-------------------------------------- 

2022-02-17 15:55:36 | record_time.R ------------------------------------------- 
Timestamp: 2022-02-17 15:55:36 added.
2022-02-17 15:55:36 | record_time.R done.-------------------------------------- 

2022-02-17 16:00:35 | record_time.R ------------------------------------------- 
Timestamp: 2022-02-17 16:00:35 added.
2022-02-17 16:00:35 | record_time.R done.-------------------------------------- 

2022-02-17 16:10:59 | record_time.R ------------------------------------------- 
Timestamp: 2022-02-17 16:10:59 added.
2022-02-17 16:10:59 | record_time.R done.-------------------------------------- 

2022-02-17 16:11:56 | record_time.R ------------------------------------------- 
Timestamp: 2022-02-17 16:11:56 added.
2022-02-17 16:11:56 | record_time.R done.-------------------------------------- 

2022-02-17 16:16:49 | record_time.R ------------------------------------------- 
Timestamp: 2022-02-17 16:16:49 added.
2022-02-17 16:16:49 | record_time.R done.-------------------------------------- 

2022-02-17 16:17:30 | record_time.R ------------------------------------------- 
Timestamp: 2022-02-17 16:17:30 added.
2022-02-17 16:17:30 | record_time.R done.-------------------------------------- 

2022-02-17 17:45:31 | record_time.R ------------------------------------------- 
Timestamp: 2022-02-17 17:45:31 added.
2022-02-17 17:45:31 | record_time.R done.-------------------------------------- 

2022-02-17 17:48:55 | record_time.R ------------------------------------------- 
Timestamp: 2022-02-17 17:48:55 added.
2022-02-17 17:48:55 | record_time.R done.-------------------------------------- 

2022-02-17 17:51:12 | record_time.R ------------------------------------------- 
Timestamp: 2022-02-17 17:51:12 added.
2022-02-17 17:51:12 | record_time.R done.-------------------------------------- 

2022-02-17 17:52:05 | record_time.R ------------------------------------------- 
Timestamp: 2022-02-17 17:52:05 added.
2022-02-17 17:52:05 | record_time.R done.-------------------------------------- 

2022-02-17 17:56:52 | record_time.R ------------------------------------------- 
Timestamp: 2022-02-17 17:56:53 added.
2022-02-17 17:56:53 | record_time.R done.-------------------------------------- 

2022-02-17 17:57:21 | record_time.R ------------------------------------------- 
Timestamp: 2022-02-17 17:57:21 added.
2022-02-17 17:57:21 | record_time.R done.-------------------------------------- 

2022-02-17 17:57:51 | record_time.R ------------------------------------------- 
Timestamp: 2022-02-17 17:57:51 added.
2022-02-17 17:57:51 | record_time.R done.-------------------------------------- 

2022-02-17 18:06:13 | record_time.R ------------------------------------------- 
Timestamp: 2022-02-17 18:06:13 added.
2022-02-17 18:06:13 | record_time.R done.-------------------------------------- 

2022-02-17 18:08:38 | record_time.R ------------------------------------------- 
Timestamp: 2022-02-17 18:08:38 added.
2022-02-17 18:08:38 | record_time.R done.-------------------------------------- 

2022-02-17 18:12:34 | record_time.R ------------------------------------------- 
Timestamp: 2022-02-17 18:12:34 added.
2022-02-17 18:12:34 | record_time.R done.-------------------------------------- 

2022-02-17 18:17:32 | record_time.R ------------------------------------------- 
Timestamp: 2022-02-17 18:17:32 added.
2022-02-17 18:17:32 | record_time.R done.-------------------------------------- 

2022-02-17 18:27:55 | record_time.R ------------------------------------------- 
Timestamp: 2022-02-17 18:27:55 added.
2022-02-17 18:27:55 | record_time.R done.-------------------------------------- 

2022-02-17 18:28:53 | record_time.R ------------------------------------------- 
Timestamp: 2022-02-17 18:28:54 added.
2022-02-17 18:28:54 | record_time.R done.-------------------------------------- 

2022-02-17 18:33:45 | record_time.R ------------------------------------------- 
Timestamp: 2022-02-17 18:33:45 added.
2022-02-17 18:33:45 | record_time.R done.-------------------------------------- 

2022-02-17 18:34:27 | record_time.R ------------------------------------------- 
Timestamp: 2022-02-17 18:34:27 added.
2022-02-17 18:34:27 | record_time.R done.-------------------------------------- 

2022-02-17 20:02:28 | record_time.R ------------------------------------------- 
Timestamp: 2022-02-17 20:02:28 added.
2022-02-17 20:02:28 | record_time.R done.-------------------------------------- 

2022-02-17 20:05:53 | record_time.R ------------------------------------------- 
Timestamp: 2022-02-17 20:05:53 added.
2022-02-17 20:05:53 | record_time.R done.-------------------------------------- 

2022-02-17 20:08:11 | record_time.R ------------------------------------------- 
Timestamp: 2022-02-17 20:08:11 added.
2022-02-17 20:08:11 | record_time.R done.-------------------------------------- 

2022-02-17 20:09:04 | record_time.R ------------------------------------------- 
Timestamp: 2022-02-17 20:09:04 added.
2022-02-17 20:09:04 | record_time.R done.-------------------------------------- 

2022-02-17 20:13:51 | record_time.R ------------------------------------------- 
Timestamp: 2022-02-17 20:13:51 added.
2022-02-17 20:13:51 | record_time.R done.-------------------------------------- 

2022-02-17 20:14:20 | record_time.R ------------------------------------------- 
Timestamp: 2022-02-17 20:14:20 added.
2022-02-17 20:14:20 | record_time.R done.-------------------------------------- 

2022-02-17 20:14:50 | record_time.R ------------------------------------------- 
Timestamp: 2022-02-17 20:14:50 added.
2022-02-17 20:14:50 | record_time.R done.-------------------------------------- 

2022-02-17 20:23:12 | record_time.R ------------------------------------------- 
Timestamp: 2022-02-17 20:23:12 added.
2022-02-17 20:23:12 | record_time.R done.-------------------------------------- 

2022-02-17 20:25:37 | record_time.R ------------------------------------------- 
Timestamp: 2022-02-17 20:25:37 added.
2022-02-17 20:25:37 | record_time.R done.-------------------------------------- 

2022-02-17 20:29:29 | record_time.R ------------------------------------------- 
Timestamp: 2022-02-17 20:29:29 added.
2022-02-17 20:29:29 | record_time.R done.-------------------------------------- 

2022-02-17 20:34:26 | record_time.R ------------------------------------------- 
Timestamp: 2022-02-17 20:34:26 added.
2022-02-17 20:34:26 | record_time.R done.-------------------------------------- 

2022-02-17 20:44:50 | record_time.R ------------------------------------------- 
Timestamp: 2022-02-17 20:44:50 added.
2022-02-17 20:44:50 | record_time.R done.-------------------------------------- 

2022-02-17 20:45:48 | record_time.R ------------------------------------------- 
Timestamp: 2022-02-17 20:45:48 added.
2022-02-17 20:45:48 | record_time.R done.-------------------------------------- 

2022-02-17 20:50:40 | record_time.R ------------------------------------------- 
Timestamp: 2022-02-17 20:50:40 added.
2022-02-17 20:50:40 | record_time.R done.-------------------------------------- 

2022-02-17 20:51:21 | record_time.R ------------------------------------------- 
Timestamp: 2022-02-17 20:51:21 added.
2022-02-17 20:51:21 | record_time.R done.-------------------------------------- 

2022-02-17 22:19:24 | record_time.R ------------------------------------------- 
Timestamp: 2022-02-17 22:19:24 added.
2022-02-17 22:19:24 | record_time.R done.-------------------------------------- 

2022-02-17 22:22:48 | record_time.R ------------------------------------------- 
Timestamp: 2022-02-17 22:22:48 added.
2022-02-17 22:22:48 | record_time.R done.-------------------------------------- 

2022-02-17 22:25:07 | record_time.R ------------------------------------------- 
Timestamp: 2022-02-17 22:25:07 added.
2022-02-17 22:25:07 | record_time.R done.-------------------------------------- 

2022-02-17 22:25:59 | record_time.R ------------------------------------------- 
Timestamp: 2022-02-17 22:25:59 added.
2022-02-17 22:25:59 | record_time.R done.-------------------------------------- 

2022-02-17 22:30:47 | record_time.R ------------------------------------------- 
Timestamp: 2022-02-17 22:30:47 added.
2022-02-17 22:30:47 | record_time.R done.-------------------------------------- 

2022-02-17 22:31:15 | record_time.R ------------------------------------------- 
Timestamp: 2022-02-17 22:31:15 added.
2022-02-17 22:31:15 | record_time.R done.-------------------------------------- 

2022-02-17 22:31:45 | record_time.R ------------------------------------------- 
Timestamp: 2022-02-17 22:31:45 added.
2022-02-17 22:31:45 | record_time.R done.-------------------------------------- 

2022-02-17 22:40:07 | record_time.R ------------------------------------------- 
Timestamp: 2022-02-17 22:40:08 added.
2022-02-17 22:40:08 | record_time.R done.-------------------------------------- 

2022-02-17 22:42:32 | record_time.R ------------------------------------------- 
Timestamp: 2022-02-17 22:42:32 added.
2022-02-17 22:42:32 | record_time.R done.-------------------------------------- 

2022-02-17 22:46:31 | record_time.R ------------------------------------------- 
Timestamp: 2022-02-17 22:46:31 added.
2022-02-17 22:46:31 | record_time.R done.-------------------------------------- 

2022-02-17 22:51:29 | record_time.R ------------------------------------------- 
Timestamp: 2022-02-17 22:51:29 added.
2022-02-17 22:51:29 | record_time.R done.-------------------------------------- 

2022-02-17 23:01:52 | record_time.R ------------------------------------------- 
Timestamp: 2022-02-17 23:01:52 added.
2022-02-17 23:01:52 | record_time.R done.-------------------------------------- 

2022-02-17 23:02:50 | record_time.R ------------------------------------------- 
Timestamp: 2022-02-17 23:02:50 added.
2022-02-17 23:02:50 | record_time.R done.-------------------------------------- 

2022-02-17 23:07:42 | record_time.R ------------------------------------------- 
Timestamp: 2022-02-17 23:07:42 added.
2022-02-17 23:07:42 | record_time.R done.-------------------------------------- 

2022-02-17 23:08:23 | record_time.R ------------------------------------------- 
Timestamp: 2022-02-17 23:08:23 added.
2022-02-17 23:08:23 | record_time.R done.-------------------------------------- 

2022-02-18 00:36:28 | record_time.R ------------------------------------------- 
Timestamp: 2022-02-18 00:36:28 added.
2022-02-18 00:36:28 | record_time.R done.-------------------------------------- 

2022-02-18 00:39:53 | record_time.R ------------------------------------------- 
Timestamp: 2022-02-18 00:39:53 added.
2022-02-18 00:39:53 | record_time.R done.-------------------------------------- 

2022-02-18 00:42:11 | record_time.R ------------------------------------------- 
Timestamp: 2022-02-18 00:42:11 added.
2022-02-18 00:42:11 | record_time.R done.-------------------------------------- 

2022-02-18 00:43:04 | record_time.R ------------------------------------------- 
Timestamp: 2022-02-18 00:43:04 added.
2022-02-18 00:43:04 | record_time.R done.-------------------------------------- 

2022-02-18 00:47:51 | record_time.R ------------------------------------------- 
Timestamp: 2022-02-18 00:47:51 added.
2022-02-18 00:47:51 | record_time.R done.-------------------------------------- 

2022-02-18 00:48:20 | record_time.R ------------------------------------------- 
Timestamp: 2022-02-18 00:48:20 added.
2022-02-18 00:48:20 | record_time.R done.-------------------------------------- 

2022-02-18 00:48:49 | record_time.R ------------------------------------------- 
Timestamp: 2022-02-18 00:48:49 added.
2022-02-18 00:48:49 | record_time.R done.-------------------------------------- 

2022-02-18 00:57:12 | record_time.R ------------------------------------------- 
Timestamp: 2022-02-18 00:57:12 added.
2022-02-18 00:57:12 | record_time.R done.-------------------------------------- 

2022-02-18 00:59:37 | record_time.R ------------------------------------------- 
Timestamp: 2022-02-18 00:59:37 added.
2022-02-18 00:59:37 | record_time.R done.-------------------------------------- 

2022-02-18 01:03:33 | record_time.R ------------------------------------------- 
Timestamp: 2022-02-18 01:03:33 added.
2022-02-18 01:03:33 | record_time.R done.-------------------------------------- 

2022-02-18 01:08:28 | record_time.R ------------------------------------------- 
Timestamp: 2022-02-18 01:08:28 added.
2022-02-18 01:08:28 | record_time.R done.-------------------------------------- 

2022-02-18 01:18:53 | record_time.R ------------------------------------------- 
Timestamp: 2022-02-18 01:18:54 added.
2022-02-18 01:18:54 | record_time.R done.-------------------------------------- 

2022-02-18 01:19:51 | record_time.R ------------------------------------------- 
Timestamp: 2022-02-18 01:19:51 added.
2022-02-18 01:19:51 | record_time.R done.-------------------------------------- 

2022-02-18 01:24:42 | record_time.R ------------------------------------------- 
Timestamp: 2022-02-18 01:24:42 added.
2022-02-18 01:24:42 | record_time.R done.-------------------------------------- 

2022-02-18 01:25:23 | record_time.R ------------------------------------------- 
Timestamp: 2022-02-18 01:25:23 added.
2022-02-18 01:25:23 | record_time.R done.-------------------------------------- 

2022-02-18 02:53:24 | record_time.R ------------------------------------------- 
Timestamp: 2022-02-18 02:53:24 added.
2022-02-18 02:53:24 | record_time.R done.-------------------------------------- 

2022-02-18 02:56:48 | record_time.R ------------------------------------------- 
Timestamp: 2022-02-18 02:56:48 added.
2022-02-18 02:56:48 | record_time.R done.-------------------------------------- 

2022-02-18 02:59:08 | record_time.R ------------------------------------------- 
Timestamp: 2022-02-18 02:59:08 added.
2022-02-18 02:59:08 | record_time.R done.-------------------------------------- 

2022-02-18 03:00:01 | record_time.R ------------------------------------------- 
Timestamp: 2022-02-18 03:00:01 added.
2022-02-18 03:00:01 | record_time.R done.-------------------------------------- 

2022-02-18 03:04:48 | record_time.R ------------------------------------------- 
Timestamp: 2022-02-18 03:04:48 added.
2022-02-18 03:04:48 | record_time.R done.-------------------------------------- 

2022-02-18 03:05:17 | record_time.R ------------------------------------------- 
Timestamp: 2022-02-18 03:05:17 added.
2022-02-18 03:05:17 | record_time.R done.-------------------------------------- 

2022-02-18 03:05:47 | record_time.R ------------------------------------------- 
Timestamp: 2022-02-18 03:05:47 added.
2022-02-18 03:05:47 | record_time.R done.-------------------------------------- 

2022-02-18 03:14:11 | record_time.R ------------------------------------------- 
Timestamp: 2022-02-18 03:14:11 added.
2022-02-18 03:14:11 | record_time.R done.-------------------------------------- 

2022-02-18 03:16:35 | record_time.R ------------------------------------------- 
Timestamp: 2022-02-18 03:16:35 added.
2022-02-18 03:16:35 | record_time.R done.-------------------------------------- 

2022-02-18 03:20:28 | record_time.R ------------------------------------------- 
Timestamp: 2022-02-18 03:20:28 added.
2022-02-18 03:20:28 | record_time.R done.-------------------------------------- 

2022-02-18 03:25:23 | record_time.R ------------------------------------------- 
Timestamp: 2022-02-18 03:25:23 added.
2022-02-18 03:25:23 | record_time.R done.-------------------------------------- 

2022-02-18 03:35:49 | record_time.R ------------------------------------------- 
Timestamp: 2022-02-18 03:35:49 added.
2022-02-18 03:35:49 | record_time.R done.-------------------------------------- 

2022-02-18 03:36:47 | record_time.R ------------------------------------------- 
Timestamp: 2022-02-18 03:36:47 added.
2022-02-18 03:36:47 | record_time.R done.-------------------------------------- 

2022-02-18 03:41:39 | record_time.R ------------------------------------------- 
Timestamp: 2022-02-18 03:41:39 added.
2022-02-18 03:41:39 | record_time.R done.-------------------------------------- 

2022-02-18 03:42:20 | record_time.R ------------------------------------------- 
Timestamp: 2022-02-18 03:42:20 added.
2022-02-18 03:42:20 | record_time.R done.-------------------------------------- 

2022-02-18 05:10:24 | record_time.R ------------------------------------------- 
Timestamp: 2022-02-18 05:10:24 added.
2022-02-18 05:10:24 | record_time.R done.-------------------------------------- 

2022-02-18 05:13:49 | record_time.R ------------------------------------------- 
Timestamp: 2022-02-18 05:13:49 added.
2022-02-18 05:13:49 | record_time.R done.-------------------------------------- 

2022-02-18 05:16:06 | record_time.R ------------------------------------------- 
Timestamp: 2022-02-18 05:16:06 added.
2022-02-18 05:16:06 | record_time.R done.-------------------------------------- 

2022-02-18 05:16:59 | record_time.R ------------------------------------------- 
Timestamp: 2022-02-18 05:16:59 added.
2022-02-18 05:16:59 | record_time.R done.-------------------------------------- 

2022-02-18 05:21:47 | record_time.R ------------------------------------------- 
Timestamp: 2022-02-18 05:21:47 added.
2022-02-18 05:21:47 | record_time.R done.-------------------------------------- 

2022-02-18 05:22:16 | record_time.R ------------------------------------------- 
Timestamp: 2022-02-18 05:22:16 added.
2022-02-18 05:22:16 | record_time.R done.-------------------------------------- 

2022-02-18 05:22:46 | record_time.R ------------------------------------------- 
Timestamp: 2022-02-18 05:22:46 added.
2022-02-18 05:22:46 | record_time.R done.-------------------------------------- 

2022-02-18 05:31:10 | record_time.R ------------------------------------------- 
Timestamp: 2022-02-18 05:31:10 added.
2022-02-18 05:31:10 | record_time.R done.-------------------------------------- 

2022-02-18 05:33:24 | record_time.R ------------------------------------------- 
Timestamp: 2022-02-18 05:33:25 added.
2022-02-18 05:33:25 | record_time.R done.-------------------------------------- 

2022-02-18 15:27:10 | record_time.R ------------------------------------------- 
Timestamp: 2022-02-18 15:27:10 added.
2022-02-18 15:27:10 | record_time.R done.-------------------------------------- 

2022-02-18 18:00:20 | record_time.R ------------------------------------------- 
Timestamp: 2022-02-18 18:00:20 added.
2022-02-18 18:00:20 | record_time.R done.-------------------------------------- 

2022-02-19 11:54:08 | record_time.R ------------------------------------------- 
Timestamp: 2022-02-19 11:54:08 added.
2022-02-19 11:54:08 | record_time.R done.-------------------------------------- 

2022-02-19 17:39:24 | record_time.R ------------------------------------------- 
Timestamp: 2022-02-19 17:39:24 added.
2022-02-19 17:39:24 | record_time.R done.-------------------------------------- 

2022-02-19 20:12:19 | record_time.R ------------------------------------------- 
Timestamp: 2022-02-19 20:12:19 added.
2022-02-19 20:12:19 | record_time.R done.-------------------------------------- 

2022-02-19 22:45:04 | record_time.R ------------------------------------------- 
Timestamp: 2022-02-19 22:45:04 added.
2022-02-19 22:45:04 | record_time.R done.-------------------------------------- 

2022-02-20 01:17:52 | record_time.R ------------------------------------------- 
Timestamp: 2022-02-20 01:17:52 added.
2022-02-20 01:17:52 | record_time.R done.-------------------------------------- 

