2022-02-07 12:26:52 | record_time.R ------------------------------------------- 
Timestamp: 2022-02-07 12:26:52 added.
2022-02-07 12:26:52 | record_time.R done.-------------------------------------- 

2022-02-07 12:26:53 | record_time.R ------------------------------------------- 
Timestamp: 2022-02-07 12:26:53 added.
2022-02-07 12:26:53 | record_time.R done.-------------------------------------- 

2022-02-07 12:37:12 | record_time.R ------------------------------------------- 
Timestamp: 2022-02-07 12:37:12 added.
2022-02-07 12:37:12 | record_time.R done.-------------------------------------- 

2022-02-07 12:37:41 | record_time.R ------------------------------------------- 
Timestamp: 2022-02-07 12:37:41 added.
2022-02-07 12:37:41 | record_time.R done.-------------------------------------- 

2022-02-07 12:58:52 | record_time.R ------------------------------------------- 
Timestamp: 2022-02-07 12:58:52 added.
2022-02-07 12:58:52 | record_time.R done.-------------------------------------- 

2022-02-07 12:59:32 | record_time.R ------------------------------------------- 
Timestamp: 2022-02-07 12:59:32 added.
2022-02-07 12:59:32 | record_time.R done.-------------------------------------- 

2022-02-07 13:24:25 | record_time.R ------------------------------------------- 
Timestamp: 2022-02-07 13:24:25 added.
2022-02-07 13:24:25 | record_time.R done.-------------------------------------- 

2022-02-07 13:25:05 | record_time.R ------------------------------------------- 
Timestamp: 2022-02-07 13:25:05 added.
2022-02-07 13:25:05 | record_time.R done.-------------------------------------- 

2022-02-07 13:50:00 | record_time.R ------------------------------------------- 
Timestamp: 2022-02-07 13:50:00 added.
2022-02-07 13:50:00 | record_time.R done.-------------------------------------- 

2022-02-07 13:50:40 | record_time.R ------------------------------------------- 
Timestamp: 2022-02-07 13:50:40 added.
2022-02-07 13:50:40 | record_time.R done.-------------------------------------- 

2022-02-07 14:15:37 | record_time.R ------------------------------------------- 
Timestamp: 2022-02-07 14:15:37 added.
2022-02-07 14:15:37 | record_time.R done.-------------------------------------- 

2022-02-07 14:16:17 | record_time.R ------------------------------------------- 
Timestamp: 2022-02-07 14:16:17 added.
2022-02-07 14:16:17 | record_time.R done.-------------------------------------- 

2022-02-07 14:41:17 | record_time.R ------------------------------------------- 
Timestamp: 2022-02-07 14:41:17 added.
2022-02-07 14:41:17 | record_time.R done.-------------------------------------- 

2022-02-07 14:41:54 | record_time.R ------------------------------------------- 
Timestamp: 2022-02-07 14:41:54 added.
2022-02-07 14:41:54 | record_time.R done.-------------------------------------- 

2022-02-07 15:27:00 | record_time.R ------------------------------------------- 
Timestamp: 2022-02-07 15:27:00 added.
2022-02-07 15:27:00 | record_time.R done.-------------------------------------- 

2022-02-07 15:29:20 | record_time.R ------------------------------------------- 
Timestamp: 2022-02-07 15:29:20 added.
2022-02-07 15:29:20 | record_time.R done.-------------------------------------- 

2022-02-07 15:30:29 | record_time.R ------------------------------------------- 
Timestamp: 2022-02-07 15:30:29 added.
2022-02-07 15:30:29 | record_time.R done.-------------------------------------- 

2022-02-07 15:34:25 | record_time.R ------------------------------------------- 
Timestamp: 2022-02-07 15:34:25 added.
2022-02-07 15:34:25 | record_time.R done.-------------------------------------- 

2022-02-07 15:34:47 | record_time.R ------------------------------------------- 
Timestamp: 2022-02-07 15:34:47 added.
2022-02-07 15:34:47 | record_time.R done.-------------------------------------- 

2022-02-07 15:38:53 | record_time.R ------------------------------------------- 
Timestamp: 2022-02-07 15:38:53 added.
2022-02-07 15:38:53 | record_time.R done.-------------------------------------- 

2022-02-07 15:43:49 | record_time.R ------------------------------------------- 
Timestamp: 2022-02-07 15:43:49 added.
2022-02-07 15:43:49 | record_time.R done.-------------------------------------- 

2022-02-07 15:58:30 | record_time.R ------------------------------------------- 
Timestamp: 2022-02-07 15:58:30 added.
2022-02-07 15:58:30 | record_time.R done.-------------------------------------- 

2022-02-07 15:59:32 | record_time.R ------------------------------------------- 
Timestamp: 2022-02-07 15:59:32 added.
2022-02-07 15:59:32 | record_time.R done.-------------------------------------- 

2022-02-07 16:04:22 | record_time.R ------------------------------------------- 
Timestamp: 2022-02-07 16:04:22 added.
2022-02-07 16:04:22 | record_time.R done.-------------------------------------- 

2022-02-07 16:05:02 | record_time.R ------------------------------------------- 
Timestamp: 2022-02-07 16:05:02 added.
2022-02-07 16:05:02 | record_time.R done.-------------------------------------- 

2022-02-07 17:22:12 | record_time.R ------------------------------------------- 
Timestamp: 2022-02-07 17:22:13 added.
2022-02-07 17:22:13 | record_time.R done.-------------------------------------- 

2022-02-07 17:25:42 | record_time.R ------------------------------------------- 
Timestamp: 2022-02-07 17:25:42 added.
2022-02-07 17:25:42 | record_time.R done.-------------------------------------- 

2022-02-07 17:28:00 | record_time.R ------------------------------------------- 
Timestamp: 2022-02-07 17:28:00 added.
2022-02-07 17:28:00 | record_time.R done.-------------------------------------- 

2022-02-07 17:28:53 | record_time.R ------------------------------------------- 
Timestamp: 2022-02-07 17:28:53 added.
2022-02-07 17:28:53 | record_time.R done.-------------------------------------- 

2022-02-07 17:33:39 | record_time.R ------------------------------------------- 
Timestamp: 2022-02-07 17:33:39 added.
2022-02-07 17:33:39 | record_time.R done.-------------------------------------- 

2022-02-07 17:34:06 | record_time.R ------------------------------------------- 
Timestamp: 2022-02-07 17:34:06 added.
2022-02-07 17:34:06 | record_time.R done.-------------------------------------- 

2022-02-07 17:34:36 | record_time.R ------------------------------------------- 
Timestamp: 2022-02-07 17:34:36 added.
2022-02-07 17:34:36 | record_time.R done.-------------------------------------- 

2022-02-07 17:40:48 | record_time.R ------------------------------------------- 
Timestamp: 2022-02-07 17:40:48 added.
2022-02-07 17:40:48 | record_time.R done.-------------------------------------- 

2022-02-07 17:41:36 | record_time.R ------------------------------------------- 
Timestamp: 2022-02-07 17:41:36 added.
2022-02-07 17:41:36 | record_time.R done.-------------------------------------- 

2022-02-07 17:45:37 | record_time.R ------------------------------------------- 
Timestamp: 2022-02-07 17:45:37 added.
2022-02-07 17:45:37 | record_time.R done.-------------------------------------- 

2022-02-07 17:50:32 | record_time.R ------------------------------------------- 
Timestamp: 2022-02-07 17:50:32 added.
2022-02-07 17:50:32 | record_time.R done.-------------------------------------- 

2022-02-07 18:05:11 | record_time.R ------------------------------------------- 
Timestamp: 2022-02-07 18:05:11 added.
2022-02-07 18:05:11 | record_time.R done.-------------------------------------- 

2022-02-07 18:06:15 | record_time.R ------------------------------------------- 
Timestamp: 2022-02-07 18:06:15 added.
2022-02-07 18:06:15 | record_time.R done.-------------------------------------- 

2022-02-07 18:11:04 | record_time.R ------------------------------------------- 
Timestamp: 2022-02-07 18:11:04 added.
2022-02-07 18:11:04 | record_time.R done.-------------------------------------- 

2022-02-07 18:11:44 | record_time.R ------------------------------------------- 
Timestamp: 2022-02-07 18:11:44 added.
2022-02-07 18:11:44 | record_time.R done.-------------------------------------- 

2022-02-07 19:28:58 | record_time.R ------------------------------------------- 
Timestamp: 2022-02-07 19:28:58 added.
2022-02-07 19:28:58 | record_time.R done.-------------------------------------- 

2022-02-07 19:32:28 | record_time.R ------------------------------------------- 
Timestamp: 2022-02-07 19:32:28 added.
2022-02-07 19:32:28 | record_time.R done.-------------------------------------- 

2022-02-07 19:34:45 | record_time.R ------------------------------------------- 
Timestamp: 2022-02-07 19:34:45 added.
2022-02-07 19:34:45 | record_time.R done.-------------------------------------- 

2022-02-07 19:35:37 | record_time.R ------------------------------------------- 
Timestamp: 2022-02-07 19:35:37 added.
2022-02-07 19:35:37 | record_time.R done.-------------------------------------- 

2022-02-07 19:40:24 | record_time.R ------------------------------------------- 
Timestamp: 2022-02-07 19:40:24 added.
2022-02-07 19:40:24 | record_time.R done.-------------------------------------- 

2022-02-07 19:40:51 | record_time.R ------------------------------------------- 
Timestamp: 2022-02-07 19:40:51 added.
2022-02-07 19:40:51 | record_time.R done.-------------------------------------- 

2022-02-07 19:41:21 | record_time.R ------------------------------------------- 
Timestamp: 2022-02-07 19:41:21 added.
2022-02-07 19:41:21 | record_time.R done.-------------------------------------- 

2022-02-08 10:24:16 | record_time.R ------------------------------------------- 
Timestamp: 2022-02-08 10:24:16 added.
2022-02-08 10:24:16 | record_time.R done.-------------------------------------- 

2022-02-08 10:28:15 | record_time.R ------------------------------------------- 
Timestamp: 2022-02-08 10:28:15 added.
2022-02-08 10:28:15 | record_time.R done.-------------------------------------- 

2022-02-08 10:33:10 | record_time.R ------------------------------------------- 
Timestamp: 2022-02-08 10:33:10 added.
2022-02-08 10:33:10 | record_time.R done.-------------------------------------- 

2022-02-08 10:47:51 | record_time.R ------------------------------------------- 
Timestamp: 2022-02-08 10:47:51 added.
2022-02-08 10:47:51 | record_time.R done.-------------------------------------- 

2022-02-08 10:48:59 | record_time.R ------------------------------------------- 
Timestamp: 2022-02-08 10:48:59 added.
2022-02-08 10:48:59 | record_time.R done.-------------------------------------- 

2022-02-08 10:53:48 | record_time.R ------------------------------------------- 
Timestamp: 2022-02-08 10:53:48 added.
2022-02-08 10:53:48 | record_time.R done.-------------------------------------- 

2022-02-08 10:54:28 | record_time.R ------------------------------------------- 
Timestamp: 2022-02-08 10:54:28 added.
2022-02-08 10:54:28 | record_time.R done.-------------------------------------- 

2022-02-08 12:11:41 | record_time.R ------------------------------------------- 
Timestamp: 2022-02-08 12:11:41 added.
2022-02-08 12:11:41 | record_time.R done.-------------------------------------- 

2022-02-08 12:15:10 | record_time.R ------------------------------------------- 
Timestamp: 2022-02-08 12:15:10 added.
2022-02-08 12:15:10 | record_time.R done.-------------------------------------- 

2022-02-08 12:17:28 | record_time.R ------------------------------------------- 
Timestamp: 2022-02-08 12:17:28 added.
2022-02-08 12:17:28 | record_time.R done.-------------------------------------- 

2022-02-08 12:18:19 | record_time.R ------------------------------------------- 
Timestamp: 2022-02-08 12:18:19 added.
2022-02-08 12:18:19 | record_time.R done.-------------------------------------- 

2022-02-08 12:23:06 | record_time.R ------------------------------------------- 
Timestamp: 2022-02-08 12:23:06 added.
2022-02-08 12:23:06 | record_time.R done.-------------------------------------- 

2022-02-08 12:23:33 | record_time.R ------------------------------------------- 
Timestamp: 2022-02-08 12:23:33 added.
2022-02-08 12:23:33 | record_time.R done.-------------------------------------- 

2022-02-08 12:24:03 | record_time.R ------------------------------------------- 
Timestamp: 2022-02-08 12:24:03 added.
2022-02-08 12:24:03 | record_time.R done.-------------------------------------- 

2022-02-08 12:30:17 | record_time.R ------------------------------------------- 
Timestamp: 2022-02-08 12:30:17 added.
2022-02-08 12:30:17 | record_time.R done.-------------------------------------- 

2022-02-08 12:31:05 | record_time.R ------------------------------------------- 
Timestamp: 2022-02-08 12:31:05 added.
2022-02-08 12:31:05 | record_time.R done.-------------------------------------- 

2022-02-08 12:35:11 | record_time.R ------------------------------------------- 
Timestamp: 2022-02-08 12:35:11 added.
2022-02-08 12:35:11 | record_time.R done.-------------------------------------- 

2022-02-08 12:40:06 | record_time.R ------------------------------------------- 
Timestamp: 2022-02-08 12:40:06 added.
2022-02-08 12:40:06 | record_time.R done.-------------------------------------- 

2022-02-08 12:54:47 | record_time.R ------------------------------------------- 
Timestamp: 2022-02-08 12:54:47 added.
2022-02-08 12:54:47 | record_time.R done.-------------------------------------- 

2022-02-08 12:55:51 | record_time.R ------------------------------------------- 
Timestamp: 2022-02-08 12:55:51 added.
2022-02-08 12:55:51 | record_time.R done.-------------------------------------- 

2022-02-08 13:00:39 | record_time.R ------------------------------------------- 
Timestamp: 2022-02-08 13:00:39 added.
2022-02-08 13:00:39 | record_time.R done.-------------------------------------- 

2022-02-08 13:01:20 | record_time.R ------------------------------------------- 
Timestamp: 2022-02-08 13:01:20 added.
2022-02-08 13:01:20 | record_time.R done.-------------------------------------- 

2022-02-08 14:18:29 | record_time.R ------------------------------------------- 
Timestamp: 2022-02-08 14:18:29 added.
2022-02-08 14:18:29 | record_time.R done.-------------------------------------- 

2022-02-08 14:22:00 | record_time.R ------------------------------------------- 
Timestamp: 2022-02-08 14:22:00 added.
2022-02-08 14:22:00 | record_time.R done.-------------------------------------- 

2022-02-08 14:24:21 | record_time.R ------------------------------------------- 
Timestamp: 2022-02-08 14:24:21 added.
2022-02-08 14:24:21 | record_time.R done.-------------------------------------- 

2022-02-08 14:25:14 | record_time.R ------------------------------------------- 
Timestamp: 2022-02-08 14:25:14 added.
2022-02-08 14:25:14 | record_time.R done.-------------------------------------- 

2022-02-08 14:30:01 | record_time.R ------------------------------------------- 
Timestamp: 2022-02-08 14:30:01 added.
2022-02-08 14:30:01 | record_time.R done.-------------------------------------- 

2022-02-08 14:30:29 | record_time.R ------------------------------------------- 
Timestamp: 2022-02-08 14:30:29 added.
2022-02-08 14:30:29 | record_time.R done.-------------------------------------- 

2022-02-08 14:31:00 | record_time.R ------------------------------------------- 
Timestamp: 2022-02-08 14:31:00 added.
2022-02-08 14:31:00 | record_time.R done.-------------------------------------- 

2022-02-08 14:37:16 | record_time.R ------------------------------------------- 
Timestamp: 2022-02-08 14:37:16 added.
2022-02-08 14:37:16 | record_time.R done.-------------------------------------- 

2022-02-08 14:38:05 | record_time.R ------------------------------------------- 
Timestamp: 2022-02-08 14:38:05 added.
2022-02-08 14:38:05 | record_time.R done.-------------------------------------- 

2022-02-08 14:42:08 | record_time.R ------------------------------------------- 
Timestamp: 2022-02-08 14:42:08 added.
2022-02-08 14:42:08 | record_time.R done.-------------------------------------- 

2022-02-08 14:47:04 | record_time.R ------------------------------------------- 
Timestamp: 2022-02-08 14:47:04 added.
2022-02-08 14:47:04 | record_time.R done.-------------------------------------- 

2022-02-08 15:01:45 | record_time.R ------------------------------------------- 
Timestamp: 2022-02-08 15:01:45 added.
2022-02-08 15:01:45 | record_time.R done.-------------------------------------- 

2022-02-08 15:02:46 | record_time.R ------------------------------------------- 
Timestamp: 2022-02-08 15:02:46 added.
2022-02-08 15:02:46 | record_time.R done.-------------------------------------- 

2022-02-08 15:07:36 | record_time.R ------------------------------------------- 
Timestamp: 2022-02-08 15:07:36 added.
2022-02-08 15:07:36 | record_time.R done.-------------------------------------- 

2022-02-08 15:08:17 | record_time.R ------------------------------------------- 
Timestamp: 2022-02-08 15:08:17 added.
2022-02-08 15:08:17 | record_time.R done.-------------------------------------- 

2022-02-08 16:25:08 | record_time.R ------------------------------------------- 
Timestamp: 2022-02-08 16:25:08 added.
2022-02-08 16:25:08 | record_time.R done.-------------------------------------- 

2022-02-08 16:28:38 | record_time.R ------------------------------------------- 
Timestamp: 2022-02-08 16:28:38 added.
2022-02-08 16:28:38 | record_time.R done.-------------------------------------- 

2022-02-08 16:30:57 | record_time.R ------------------------------------------- 
Timestamp: 2022-02-08 16:30:57 added.
2022-02-08 16:30:57 | record_time.R done.-------------------------------------- 

2022-02-08 16:31:50 | record_time.R ------------------------------------------- 
Timestamp: 2022-02-08 16:31:50 added.
2022-02-08 16:31:50 | record_time.R done.-------------------------------------- 

2022-02-08 16:36:38 | record_time.R ------------------------------------------- 
Timestamp: 2022-02-08 16:36:38 added.
2022-02-08 16:36:38 | record_time.R done.-------------------------------------- 

2022-02-08 16:37:06 | record_time.R ------------------------------------------- 
Timestamp: 2022-02-08 16:37:06 added.
2022-02-08 16:37:06 | record_time.R done.-------------------------------------- 

2022-02-08 16:37:36 | record_time.R ------------------------------------------- 
Timestamp: 2022-02-08 16:37:36 added.
2022-02-08 16:37:36 | record_time.R done.-------------------------------------- 

2022-02-08 16:43:53 | record_time.R ------------------------------------------- 
Timestamp: 2022-02-08 16:43:53 added.
2022-02-08 16:43:53 | record_time.R done.-------------------------------------- 

2022-02-08 16:44:42 | record_time.R ------------------------------------------- 
Timestamp: 2022-02-08 16:44:42 added.
2022-02-08 16:44:42 | record_time.R done.-------------------------------------- 

2022-02-08 16:48:41 | record_time.R ------------------------------------------- 
Timestamp: 2022-02-08 16:48:41 added.
2022-02-08 16:48:41 | record_time.R done.-------------------------------------- 

2022-02-08 16:53:37 | record_time.R ------------------------------------------- 
Timestamp: 2022-02-08 16:53:37 added.
2022-02-08 16:53:37 | record_time.R done.-------------------------------------- 

2022-02-08 17:08:18 | record_time.R ------------------------------------------- 
Timestamp: 2022-02-08 17:08:18 added.
2022-02-08 17:08:18 | record_time.R done.-------------------------------------- 

2022-02-08 17:09:20 | record_time.R ------------------------------------------- 
Timestamp: 2022-02-08 17:09:20 added.
2022-02-08 17:09:20 | record_time.R done.-------------------------------------- 

2022-02-08 17:14:09 | record_time.R ------------------------------------------- 
Timestamp: 2022-02-08 17:14:09 added.
2022-02-08 17:14:09 | record_time.R done.-------------------------------------- 

2022-02-08 17:14:50 | record_time.R ------------------------------------------- 
Timestamp: 2022-02-08 17:14:50 added.
2022-02-08 17:14:50 | record_time.R done.-------------------------------------- 

2022-02-08 18:31:42 | record_time.R ------------------------------------------- 
Timestamp: 2022-02-08 18:31:42 added.
2022-02-08 18:31:42 | record_time.R done.-------------------------------------- 

2022-02-08 18:35:12 | record_time.R ------------------------------------------- 
Timestamp: 2022-02-08 18:35:12 added.
2022-02-08 18:35:12 | record_time.R done.-------------------------------------- 

2022-02-08 18:37:31 | record_time.R ------------------------------------------- 
Timestamp: 2022-02-08 18:37:31 added.
2022-02-08 18:37:31 | record_time.R done.-------------------------------------- 

2022-02-08 18:38:22 | record_time.R ------------------------------------------- 
Timestamp: 2022-02-08 18:38:22 added.
2022-02-08 18:38:22 | record_time.R done.-------------------------------------- 

2022-02-08 18:43:10 | record_time.R ------------------------------------------- 
Timestamp: 2022-02-08 18:43:10 added.
2022-02-08 18:43:10 | record_time.R done.-------------------------------------- 

2022-02-08 18:43:38 | record_time.R ------------------------------------------- 
Timestamp: 2022-02-08 18:43:38 added.
2022-02-08 18:43:39 | record_time.R done.-------------------------------------- 

2022-02-08 18:44:09 | record_time.R ------------------------------------------- 
Timestamp: 2022-02-08 18:44:09 added.
2022-02-08 18:44:09 | record_time.R done.-------------------------------------- 

2022-02-09 10:15:31 | record_time.R ------------------------------------------- 
Warning: 2 parsing failures.
row      col   expected actual                                    file
  1 plate    an integer   none 'experiments/20220127_output/times.csv'
  1 transfer an integer   none 'experiments/20220127_output/times.csv'

Timestamp: 2022-02-09 10:15:31 added.
2022-02-09 10:15:31 | record_time.R done.-------------------------------------- 

2022-02-09 10:46:58 | record_time.R ------------------------------------------- 
Timestamp: 2022-02-09 10:46:58 added.
2022-02-09 10:46:58 | record_time.R done.-------------------------------------- 

2022-02-09 10:54:28 | record_time.R ------------------------------------------- 
Timestamp: 2022-02-09 10:54:28 added.
2022-02-09 10:54:28 | record_time.R done.-------------------------------------- 

2022-02-09 15:11:23 | record_time.R ------------------------------------------- 
Timestamp: 2022-02-09 15:11:23 added.
2022-02-09 15:11:23 | record_time.R done.-------------------------------------- 

2022-02-09 17:51:42 | record_time.R ------------------------------------------- 
Timestamp: 2022-02-09 17:51:42 added.
2022-02-09 17:51:42 | record_time.R done.-------------------------------------- 

2022-02-10 08:08:16 | record_time.R ------------------------------------------- 
Timestamp: 2022-02-10 08:08:16 added.
2022-02-10 08:08:16 | record_time.R done.-------------------------------------- 

2022-02-10 10:48:38 | record_time.R ------------------------------------------- 
Timestamp: 2022-02-10 10:48:38 added.
2022-02-10 10:48:38 | record_time.R done.-------------------------------------- 

2022-02-10 13:28:50 | record_time.R ------------------------------------------- 
Timestamp: 2022-02-10 13:28:50 added.
2022-02-10 13:28:50 | record_time.R done.-------------------------------------- 

2022-02-10 16:09:05 | record_time.R ------------------------------------------- 
Timestamp: 2022-02-10 16:09:05 added.
2022-02-10 16:09:05 | record_time.R done.-------------------------------------- 

