2022-02-13 13:37:49 | record_time.R ------------------------------------------- 
Timestamp: 2022-02-13 13:37:49 added.
2022-02-13 13:37:49 | record_time.R done.-------------------------------------- 

2022-02-13 13:37:50 | record_time.R ------------------------------------------- 
Timestamp: 2022-02-13 13:37:50 added.
2022-02-13 13:37:50 | record_time.R done.-------------------------------------- 

2022-02-13 13:48:13 | record_time.R ------------------------------------------- 
Timestamp: 2022-02-13 13:48:13 added.
2022-02-13 13:48:13 | record_time.R done.-------------------------------------- 

2022-02-13 13:48:45 | record_time.R ------------------------------------------- 
Timestamp: 2022-02-13 13:48:45 added.
2022-02-13 13:48:45 | record_time.R done.-------------------------------------- 

2022-02-13 14:09:56 | record_time.R ------------------------------------------- 
Timestamp: 2022-02-13 14:09:56 added.
2022-02-13 14:09:56 | record_time.R done.-------------------------------------- 

2022-02-13 14:10:36 | record_time.R ------------------------------------------- 
Timestamp: 2022-02-13 14:10:36 added.
2022-02-13 14:10:36 | record_time.R done.-------------------------------------- 

2022-02-13 14:35:30 | record_time.R ------------------------------------------- 
Timestamp: 2022-02-13 14:35:30 added.
2022-02-13 14:35:31 | record_time.R done.-------------------------------------- 

2022-02-13 14:36:10 | record_time.R ------------------------------------------- 
Timestamp: 2022-02-13 14:36:10 added.
2022-02-13 14:36:10 | record_time.R done.-------------------------------------- 

2022-02-13 15:01:07 | record_time.R ------------------------------------------- 
Timestamp: 2022-02-13 15:01:07 added.
2022-02-13 15:01:07 | record_time.R done.-------------------------------------- 

2022-02-13 15:01:47 | record_time.R ------------------------------------------- 
Timestamp: 2022-02-13 15:01:47 added.
2022-02-13 15:01:47 | record_time.R done.-------------------------------------- 

2022-02-13 15:26:43 | record_time.R ------------------------------------------- 
Timestamp: 2022-02-13 15:26:43 added.
2022-02-13 15:26:43 | record_time.R done.-------------------------------------- 

2022-02-13 15:27:23 | record_time.R ------------------------------------------- 
Timestamp: 2022-02-13 15:27:23 added.
2022-02-13 15:27:23 | record_time.R done.-------------------------------------- 

2022-02-13 15:52:24 | record_time.R ------------------------------------------- 
Timestamp: 2022-02-13 15:52:24 added.
2022-02-13 15:52:24 | record_time.R done.-------------------------------------- 

2022-02-13 15:53:03 | record_time.R ------------------------------------------- 
Timestamp: 2022-02-13 15:53:03 added.
2022-02-13 15:53:03 | record_time.R done.-------------------------------------- 

2022-02-13 16:29:42 | record_time.R ------------------------------------------- 
Timestamp: 2022-02-13 16:29:42 added.
2022-02-13 16:29:42 | record_time.R done.-------------------------------------- 

2022-02-13 16:32:02 | record_time.R ------------------------------------------- 
Timestamp: 2022-02-13 16:32:02 added.
2022-02-13 16:32:02 | record_time.R done.-------------------------------------- 

2022-02-13 16:41:53 | record_time.R ------------------------------------------- 
Warning: 2 parsing failures.
row      col   expected actual                                    file
  1 plate    an integer   none 'experiments/20220127_output/times.csv'
  1 transfer an integer   none 'experiments/20220127_output/times.csv'

Timestamp: 2022-02-13 16:41:53 added.
2022-02-13 16:41:53 | record_time.R done.-------------------------------------- 

2022-02-13 16:43:48 | record_time.R ------------------------------------------- 
Timestamp: 2022-02-13 16:43:48 added.
2022-02-13 16:43:48 | record_time.R done.-------------------------------------- 

2022-02-13 16:47:49 | record_time.R ------------------------------------------- 
Timestamp: 2022-02-13 16:47:49 added.
2022-02-13 16:47:49 | record_time.R done.-------------------------------------- 

2022-02-13 16:48:11 | record_time.R ------------------------------------------- 
Timestamp: 2022-02-13 16:48:11 added.
2022-02-13 16:48:11 | record_time.R done.-------------------------------------- 

2022-02-13 16:52:18 | record_time.R ------------------------------------------- 
Timestamp: 2022-02-13 16:52:18 added.
2022-02-13 16:52:18 | record_time.R done.-------------------------------------- 

2022-02-13 16:57:15 | record_time.R ------------------------------------------- 
Timestamp: 2022-02-13 16:57:15 added.
2022-02-13 16:57:15 | record_time.R done.-------------------------------------- 

2022-02-13 17:09:44 | record_time.R ------------------------------------------- 
Timestamp: 2022-02-13 17:09:44 added.
2022-02-13 17:09:44 | record_time.R done.-------------------------------------- 

2022-02-13 17:10:48 | record_time.R ------------------------------------------- 
Timestamp: 2022-02-13 17:10:48 added.
2022-02-13 17:10:48 | record_time.R done.-------------------------------------- 

2022-02-13 17:15:37 | record_time.R ------------------------------------------- 
Timestamp: 2022-02-13 17:15:38 added.
2022-02-13 17:15:38 | record_time.R done.-------------------------------------- 

2022-02-13 17:16:18 | record_time.R ------------------------------------------- 
Timestamp: 2022-02-13 17:16:18 added.
2022-02-13 17:16:18 | record_time.R done.-------------------------------------- 

2022-02-13 18:44:21 | record_time.R ------------------------------------------- 
Timestamp: 2022-02-13 18:44:21 added.
2022-02-13 18:44:21 | record_time.R done.-------------------------------------- 

2022-02-13 18:47:32 | record_time.R ------------------------------------------- 
Timestamp: 2022-02-13 18:47:32 added.
2022-02-13 18:47:32 | record_time.R done.-------------------------------------- 

2022-02-13 18:49:51 | record_time.R ------------------------------------------- 
Timestamp: 2022-02-13 18:49:51 added.
2022-02-13 18:49:51 | record_time.R done.-------------------------------------- 

2022-02-13 18:50:44 | record_time.R ------------------------------------------- 
Timestamp: 2022-02-13 18:50:44 added.
2022-02-13 18:50:44 | record_time.R done.-------------------------------------- 

2022-02-13 18:55:32 | record_time.R ------------------------------------------- 
Timestamp: 2022-02-13 18:55:32 added.
2022-02-13 18:55:32 | record_time.R done.-------------------------------------- 

2022-02-13 18:55:59 | record_time.R ------------------------------------------- 
Timestamp: 2022-02-13 18:55:59 added.
2022-02-13 18:56:00 | record_time.R done.-------------------------------------- 

2022-02-13 18:56:30 | record_time.R ------------------------------------------- 
Timestamp: 2022-02-13 18:56:30 added.
2022-02-13 18:56:30 | record_time.R done.-------------------------------------- 

2022-02-13 19:04:50 | record_time.R ------------------------------------------- 
Timestamp: 2022-02-13 19:04:50 added.
2022-02-13 19:04:50 | record_time.R done.-------------------------------------- 

2022-02-13 19:07:14 | record_time.R ------------------------------------------- 
Timestamp: 2022-02-13 19:07:14 added.
2022-02-13 19:07:14 | record_time.R done.-------------------------------------- 

2022-02-13 19:11:08 | record_time.R ------------------------------------------- 
Timestamp: 2022-02-13 19:11:08 added.
2022-02-13 19:11:08 | record_time.R done.-------------------------------------- 

2022-02-13 19:16:04 | record_time.R ------------------------------------------- 
Timestamp: 2022-02-13 19:16:04 added.
2022-02-13 19:16:04 | record_time.R done.-------------------------------------- 

2022-02-13 19:28:34 | record_time.R ------------------------------------------- 
Timestamp: 2022-02-13 19:28:34 added.
2022-02-13 19:28:34 | record_time.R done.-------------------------------------- 

2022-02-13 19:29:38 | record_time.R ------------------------------------------- 
Timestamp: 2022-02-13 19:29:38 added.
2022-02-13 19:29:38 | record_time.R done.-------------------------------------- 

2022-02-13 19:34:26 | record_time.R ------------------------------------------- 
Timestamp: 2022-02-13 19:34:26 added.
2022-02-13 19:34:26 | record_time.R done.-------------------------------------- 

2022-02-13 19:35:07 | record_time.R ------------------------------------------- 
Timestamp: 2022-02-13 19:35:07 added.
2022-02-13 19:35:07 | record_time.R done.-------------------------------------- 

2022-02-13 21:03:12 | record_time.R ------------------------------------------- 
Timestamp: 2022-02-13 21:03:12 added.
2022-02-13 21:03:12 | record_time.R done.-------------------------------------- 

2022-02-13 21:06:23 | record_time.R ------------------------------------------- 
Timestamp: 2022-02-13 21:06:23 added.
2022-02-13 21:06:23 | record_time.R done.-------------------------------------- 

2022-02-13 21:08:42 | record_time.R ------------------------------------------- 
Timestamp: 2022-02-13 21:08:42 added.
2022-02-13 21:08:42 | record_time.R done.-------------------------------------- 

2022-02-13 21:09:34 | record_time.R ------------------------------------------- 
Timestamp: 2022-02-13 21:09:34 added.
2022-02-13 21:09:34 | record_time.R done.-------------------------------------- 

2022-02-13 21:14:22 | record_time.R ------------------------------------------- 
Timestamp: 2022-02-13 21:14:22 added.
2022-02-13 21:14:22 | record_time.R done.-------------------------------------- 

2022-02-13 21:14:49 | record_time.R ------------------------------------------- 
Timestamp: 2022-02-13 21:14:50 added.
2022-02-13 21:14:50 | record_time.R done.-------------------------------------- 

2022-02-13 21:15:20 | record_time.R ------------------------------------------- 
Timestamp: 2022-02-13 21:15:20 added.
2022-02-13 21:15:20 | record_time.R done.-------------------------------------- 

2022-02-13 21:23:41 | record_time.R ------------------------------------------- 
Timestamp: 2022-02-13 21:23:41 added.
2022-02-13 21:23:41 | record_time.R done.-------------------------------------- 

2022-02-13 21:26:05 | record_time.R ------------------------------------------- 
Timestamp: 2022-02-13 21:26:05 added.
2022-02-13 21:26:05 | record_time.R done.-------------------------------------- 

2022-02-13 21:29:57 | record_time.R ------------------------------------------- 
Timestamp: 2022-02-13 21:29:57 added.
2022-02-13 21:29:57 | record_time.R done.-------------------------------------- 

2022-02-13 21:34:53 | record_time.R ------------------------------------------- 
Timestamp: 2022-02-13 21:34:53 added.
2022-02-13 21:34:53 | record_time.R done.-------------------------------------- 

2022-02-13 21:47:23 | record_time.R ------------------------------------------- 
Timestamp: 2022-02-13 21:47:23 added.
2022-02-13 21:47:23 | record_time.R done.-------------------------------------- 

2022-02-13 21:48:27 | record_time.R ------------------------------------------- 
Timestamp: 2022-02-13 21:48:27 added.
2022-02-13 21:48:27 | record_time.R done.-------------------------------------- 

2022-02-13 21:53:17 | record_time.R ------------------------------------------- 
Timestamp: 2022-02-13 21:53:17 added.
2022-02-13 21:53:17 | record_time.R done.-------------------------------------- 

2022-02-13 21:53:58 | record_time.R ------------------------------------------- 
Timestamp: 2022-02-13 21:53:58 added.
2022-02-13 21:53:58 | record_time.R done.-------------------------------------- 

2022-02-13 23:22:02 | record_time.R ------------------------------------------- 
Timestamp: 2022-02-13 23:22:02 added.
2022-02-13 23:22:02 | record_time.R done.-------------------------------------- 

2022-02-13 23:25:13 | record_time.R ------------------------------------------- 
Timestamp: 2022-02-13 23:25:13 added.
2022-02-13 23:25:13 | record_time.R done.-------------------------------------- 

2022-02-13 23:27:32 | record_time.R ------------------------------------------- 
Timestamp: 2022-02-13 23:27:32 added.
2022-02-13 23:27:32 | record_time.R done.-------------------------------------- 

2022-02-13 23:28:25 | record_time.R ------------------------------------------- 
Timestamp: 2022-02-13 23:28:25 added.
2022-02-13 23:28:25 | record_time.R done.-------------------------------------- 

2022-02-13 23:33:13 | record_time.R ------------------------------------------- 
Timestamp: 2022-02-13 23:33:13 added.
2022-02-13 23:33:13 | record_time.R done.-------------------------------------- 

2022-02-13 23:33:41 | record_time.R ------------------------------------------- 
Timestamp: 2022-02-13 23:33:41 added.
2022-02-13 23:33:41 | record_time.R done.-------------------------------------- 

2022-02-13 23:34:11 | record_time.R ------------------------------------------- 
Timestamp: 2022-02-13 23:34:11 added.
2022-02-13 23:34:11 | record_time.R done.-------------------------------------- 

2022-02-13 23:42:32 | record_time.R ------------------------------------------- 
Timestamp: 2022-02-13 23:42:32 added.
2022-02-13 23:42:32 | record_time.R done.-------------------------------------- 

2022-02-13 23:44:56 | record_time.R ------------------------------------------- 
Timestamp: 2022-02-13 23:44:56 added.
2022-02-13 23:44:56 | record_time.R done.-------------------------------------- 

2022-02-13 23:48:56 | record_time.R ------------------------------------------- 
Timestamp: 2022-02-13 23:48:56 added.
2022-02-13 23:48:56 | record_time.R done.-------------------------------------- 

2022-02-13 23:53:53 | record_time.R ------------------------------------------- 
Timestamp: 2022-02-13 23:53:53 added.
2022-02-13 23:53:53 | record_time.R done.-------------------------------------- 

2022-02-14 00:06:20 | record_time.R ------------------------------------------- 
Timestamp: 2022-02-14 00:06:20 added.
2022-02-14 00:06:20 | record_time.R done.-------------------------------------- 

2022-02-14 00:07:24 | record_time.R ------------------------------------------- 
Timestamp: 2022-02-14 00:07:24 added.
2022-02-14 00:07:24 | record_time.R done.-------------------------------------- 

2022-02-14 00:12:14 | record_time.R ------------------------------------------- 
Timestamp: 2022-02-14 00:12:14 added.
2022-02-14 00:12:14 | record_time.R done.-------------------------------------- 

2022-02-14 00:12:55 | record_time.R ------------------------------------------- 
Timestamp: 2022-02-14 00:12:55 added.
2022-02-14 00:12:55 | record_time.R done.-------------------------------------- 

2022-02-14 01:40:56 | record_time.R ------------------------------------------- 
Timestamp: 2022-02-14 01:40:56 added.
2022-02-14 01:40:56 | record_time.R done.-------------------------------------- 

2022-02-14 01:44:07 | record_time.R ------------------------------------------- 
Timestamp: 2022-02-14 01:44:07 added.
2022-02-14 01:44:07 | record_time.R done.-------------------------------------- 

2022-02-14 01:46:26 | record_time.R ------------------------------------------- 
Timestamp: 2022-02-14 01:46:26 added.
2022-02-14 01:46:26 | record_time.R done.-------------------------------------- 

2022-02-14 01:47:18 | record_time.R ------------------------------------------- 
Timestamp: 2022-02-14 01:47:18 added.
2022-02-14 01:47:18 | record_time.R done.-------------------------------------- 

2022-02-14 01:52:06 | record_time.R ------------------------------------------- 
Timestamp: 2022-02-14 01:52:06 added.
2022-02-14 01:52:06 | record_time.R done.-------------------------------------- 

2022-02-14 01:52:34 | record_time.R ------------------------------------------- 
Timestamp: 2022-02-14 01:52:34 added.
2022-02-14 01:52:34 | record_time.R done.-------------------------------------- 

2022-02-14 01:53:05 | record_time.R ------------------------------------------- 
Timestamp: 2022-02-14 01:53:05 added.
2022-02-14 01:53:05 | record_time.R done.-------------------------------------- 

2022-02-14 02:01:26 | record_time.R ------------------------------------------- 
Timestamp: 2022-02-14 02:01:26 added.
2022-02-14 02:01:26 | record_time.R done.-------------------------------------- 

2022-02-14 02:03:49 | record_time.R ------------------------------------------- 
Timestamp: 2022-02-14 02:03:49 added.
2022-02-14 02:03:49 | record_time.R done.-------------------------------------- 

2022-02-14 02:07:44 | record_time.R ------------------------------------------- 
Timestamp: 2022-02-14 02:07:44 added.
2022-02-14 02:07:44 | record_time.R done.-------------------------------------- 

2022-02-14 02:12:40 | record_time.R ------------------------------------------- 
Timestamp: 2022-02-14 02:12:40 added.
2022-02-14 02:12:40 | record_time.R done.-------------------------------------- 

2022-02-14 02:25:09 | record_time.R ------------------------------------------- 
Timestamp: 2022-02-14 02:25:09 added.
2022-02-14 02:25:09 | record_time.R done.-------------------------------------- 

2022-02-14 02:26:13 | record_time.R ------------------------------------------- 
Timestamp: 2022-02-14 02:26:13 added.
2022-02-14 02:26:13 | record_time.R done.-------------------------------------- 

2022-02-14 02:31:03 | record_time.R ------------------------------------------- 
Timestamp: 2022-02-14 02:31:03 added.
2022-02-14 02:31:03 | record_time.R done.-------------------------------------- 

2022-02-14 02:31:44 | record_time.R ------------------------------------------- 
Timestamp: 2022-02-14 02:31:44 added.
2022-02-14 02:31:44 | record_time.R done.-------------------------------------- 

2022-02-14 03:59:49 | record_time.R ------------------------------------------- 
Timestamp: 2022-02-14 03:59:49 added.
2022-02-14 03:59:49 | record_time.R done.-------------------------------------- 

2022-02-14 04:03:00 | record_time.R ------------------------------------------- 
Timestamp: 2022-02-14 04:03:00 added.
2022-02-14 04:03:00 | record_time.R done.-------------------------------------- 

2022-02-14 04:05:19 | record_time.R ------------------------------------------- 
Timestamp: 2022-02-14 04:05:19 added.
2022-02-14 04:05:19 | record_time.R done.-------------------------------------- 

2022-02-14 04:06:11 | record_time.R ------------------------------------------- 
Timestamp: 2022-02-14 04:06:11 added.
2022-02-14 04:06:11 | record_time.R done.-------------------------------------- 

2022-02-14 04:10:58 | record_time.R ------------------------------------------- 
Timestamp: 2022-02-14 04:10:59 added.
2022-02-14 04:10:59 | record_time.R done.-------------------------------------- 

2022-02-14 04:11:27 | record_time.R ------------------------------------------- 
Timestamp: 2022-02-14 04:11:27 added.
2022-02-14 04:11:27 | record_time.R done.-------------------------------------- 

2022-02-14 04:11:58 | record_time.R ------------------------------------------- 
Timestamp: 2022-02-14 04:11:58 added.
2022-02-14 04:11:58 | record_time.R done.-------------------------------------- 

2022-02-14 04:20:17 | record_time.R ------------------------------------------- 
Timestamp: 2022-02-14 04:20:17 added.
2022-02-14 04:20:17 | record_time.R done.-------------------------------------- 

2022-02-14 10:26:02 | record_time.R ------------------------------------------- 
Timestamp: 2022-02-14 10:26:02 added.
2022-02-14 10:26:02 | record_time.R done.-------------------------------------- 

2022-02-14 10:30:00 | record_time.R ------------------------------------------- 
Timestamp: 2022-02-14 10:30:00 added.
2022-02-14 10:30:00 | record_time.R done.-------------------------------------- 

2022-02-14 10:34:57 | record_time.R ------------------------------------------- 
Timestamp: 2022-02-14 10:34:57 added.
2022-02-14 10:34:57 | record_time.R done.-------------------------------------- 

2022-02-14 10:47:28 | record_time.R ------------------------------------------- 
Timestamp: 2022-02-14 10:47:28 added.
2022-02-14 10:47:28 | record_time.R done.-------------------------------------- 

2022-02-14 10:48:31 | record_time.R ------------------------------------------- 
Timestamp: 2022-02-14 10:48:31 added.
2022-02-14 10:48:31 | record_time.R done.-------------------------------------- 

2022-02-14 10:53:22 | record_time.R ------------------------------------------- 
Timestamp: 2022-02-14 10:53:22 added.
2022-02-14 10:53:22 | record_time.R done.-------------------------------------- 

2022-02-14 10:54:03 | record_time.R ------------------------------------------- 
Timestamp: 2022-02-14 10:54:03 added.
2022-02-14 10:54:03 | record_time.R done.-------------------------------------- 

2022-02-14 12:22:05 | record_time.R ------------------------------------------- 
Timestamp: 2022-02-14 12:22:05 added.
2022-02-14 12:22:06 | record_time.R done.-------------------------------------- 

2022-02-14 12:25:16 | record_time.R ------------------------------------------- 
Timestamp: 2022-02-14 12:25:16 added.
2022-02-14 12:25:16 | record_time.R done.-------------------------------------- 

2022-02-14 12:27:34 | record_time.R ------------------------------------------- 
Timestamp: 2022-02-14 12:27:34 added.
2022-02-14 12:27:34 | record_time.R done.-------------------------------------- 

2022-02-14 12:28:26 | record_time.R ------------------------------------------- 
Timestamp: 2022-02-14 12:28:26 added.
2022-02-14 12:28:26 | record_time.R done.-------------------------------------- 

2022-02-14 12:33:13 | record_time.R ------------------------------------------- 
Timestamp: 2022-02-14 12:33:13 added.
2022-02-14 12:33:13 | record_time.R done.-------------------------------------- 

2022-02-14 12:33:41 | record_time.R ------------------------------------------- 
Timestamp: 2022-02-14 12:33:41 added.
2022-02-14 12:33:41 | record_time.R done.-------------------------------------- 

2022-02-14 12:34:11 | record_time.R ------------------------------------------- 
Timestamp: 2022-02-14 12:34:11 added.
2022-02-14 12:34:11 | record_time.R done.-------------------------------------- 

2022-02-14 12:42:33 | record_time.R ------------------------------------------- 
Timestamp: 2022-02-14 12:42:33 added.
2022-02-14 12:42:33 | record_time.R done.-------------------------------------- 

2022-02-14 12:44:47 | record_time.R ------------------------------------------- 
Timestamp: 2022-02-14 12:44:47 added.
2022-02-14 12:44:47 | record_time.R done.-------------------------------------- 

2022-02-14 18:03:13 | record_time.R ------------------------------------------- 
Timestamp: 2022-02-14 18:03:13 added.
2022-02-14 18:03:13 | record_time.R done.-------------------------------------- 

2022-02-14 20:41:28 | record_time.R ------------------------------------------- 
Timestamp: 2022-02-14 20:41:28 added.
2022-02-14 20:41:28 | record_time.R done.-------------------------------------- 

2022-02-14 23:19:41 | record_time.R ------------------------------------------- 
Timestamp: 2022-02-14 23:19:41 added.
2022-02-14 23:19:41 | record_time.R done.-------------------------------------- 

2022-02-15 01:58:02 | record_time.R ------------------------------------------- 
Timestamp: 2022-02-15 01:58:02 added.
2022-02-15 01:58:02 | record_time.R done.-------------------------------------- 

2022-02-15 04:36:19 | record_time.R ------------------------------------------- 
Timestamp: 2022-02-15 04:36:19 added.
2022-02-15 04:36:19 | record_time.R done.-------------------------------------- 

2022-02-15 07:14:34 | record_time.R ------------------------------------------- 
Timestamp: 2022-02-15 07:14:34 added.
2022-02-15 07:14:34 | record_time.R done.-------------------------------------- 

