2022-02-23 10:12:06 | record_time.R ------------------------------------------- 
Timestamp: 2022-02-23 10:12:06 added.
2022-02-23 10:12:06 | record_time.R done.-------------------------------------- 

2022-02-23 10:12:08 | record_time.R ------------------------------------------- 
Timestamp: 2022-02-23 10:12:08 added.
2022-02-23 10:12:08 | record_time.R done.-------------------------------------- 

2022-02-23 10:22:45 | record_time.R ------------------------------------------- 
Timestamp: 2022-02-23 10:22:45 added.
2022-02-23 10:22:45 | record_time.R done.-------------------------------------- 

2022-02-23 10:23:16 | record_time.R ------------------------------------------- 
Timestamp: 2022-02-23 10:23:16 added.
2022-02-23 10:23:16 | record_time.R done.-------------------------------------- 

2022-02-23 10:44:29 | record_time.R ------------------------------------------- 
Timestamp: 2022-02-23 10:44:29 added.
2022-02-23 10:44:29 | record_time.R done.-------------------------------------- 

2022-02-23 10:45:09 | record_time.R ------------------------------------------- 
Timestamp: 2022-02-23 10:45:09 added.
2022-02-23 10:45:09 | record_time.R done.-------------------------------------- 

2022-02-23 11:10:02 | record_time.R ------------------------------------------- 
Timestamp: 2022-02-23 11:10:02 added.
2022-02-23 11:10:02 | record_time.R done.-------------------------------------- 

2022-02-23 11:10:42 | record_time.R ------------------------------------------- 
Timestamp: 2022-02-23 11:10:42 added.
2022-02-23 11:10:42 | record_time.R done.-------------------------------------- 

2022-02-23 11:35:38 | record_time.R ------------------------------------------- 
Timestamp: 2022-02-23 11:35:38 added.
2022-02-23 11:35:38 | record_time.R done.-------------------------------------- 

2022-02-23 11:36:18 | record_time.R ------------------------------------------- 
Timestamp: 2022-02-23 11:36:18 added.
2022-02-23 11:36:18 | record_time.R done.-------------------------------------- 

2022-02-23 12:01:13 | record_time.R ------------------------------------------- 
Timestamp: 2022-02-23 12:01:13 added.
2022-02-23 12:01:13 | record_time.R done.-------------------------------------- 

2022-02-23 12:01:53 | record_time.R ------------------------------------------- 
Timestamp: 2022-02-23 12:01:53 added.
2022-02-23 12:01:53 | record_time.R done.-------------------------------------- 

2022-02-23 12:26:52 | record_time.R ------------------------------------------- 
Timestamp: 2022-02-23 12:26:52 added.
2022-02-23 12:26:52 | record_time.R done.-------------------------------------- 

2022-02-23 12:27:31 | record_time.R ------------------------------------------- 
Timestamp: 2022-02-23 12:27:31 added.
2022-02-23 12:27:31 | record_time.R done.-------------------------------------- 

2022-02-23 13:09:44 | record_time.R ------------------------------------------- 
Timestamp: 2022-02-23 13:09:44 added.
2022-02-23 13:09:44 | record_time.R done.-------------------------------------- 

2022-02-23 13:12:06 | record_time.R ------------------------------------------- 
Timestamp: 2022-02-23 13:12:06 added.
2022-02-23 13:12:06 | record_time.R done.-------------------------------------- 

2022-02-23 13:21:56 | record_time.R ------------------------------------------- 
Warning: 2 parsing failures.
row      col   expected actual                                    file
  1 plate    an integer   none 'experiments/20220127_output/times.csv'
  1 transfer an integer   none 'experiments/20220127_output/times.csv'

Timestamp: 2022-02-23 13:21:56 added.
2022-02-23 13:21:56 | record_time.R done.-------------------------------------- 

2022-02-23 13:23:50 | record_time.R ------------------------------------------- 
Timestamp: 2022-02-23 13:23:50 added.
2022-02-23 13:23:50 | record_time.R done.-------------------------------------- 

2022-02-23 13:27:50 | record_time.R ------------------------------------------- 
Timestamp: 2022-02-23 13:27:50 added.
2022-02-23 13:27:50 | record_time.R done.-------------------------------------- 

2022-02-23 13:28:12 | record_time.R ------------------------------------------- 
Timestamp: 2022-02-23 13:28:12 added.
2022-02-23 13:28:12 | record_time.R done.-------------------------------------- 

2022-02-23 13:32:21 | record_time.R ------------------------------------------- 
Timestamp: 2022-02-23 13:32:21 added.
2022-02-23 13:32:21 | record_time.R done.-------------------------------------- 

2022-02-23 13:37:18 | record_time.R ------------------------------------------- 
Timestamp: 2022-02-23 13:37:18 added.
2022-02-23 13:37:19 | record_time.R done.-------------------------------------- 

2022-02-23 13:52:59 | record_time.R ------------------------------------------- 
Timestamp: 2022-02-23 13:52:59 added.
2022-02-23 13:52:59 | record_time.R done.-------------------------------------- 

2022-02-23 13:53:56 | record_time.R ------------------------------------------- 
Timestamp: 2022-02-23 13:53:57 added.
2022-02-23 13:53:57 | record_time.R done.-------------------------------------- 

2022-02-23 13:58:49 | record_time.R ------------------------------------------- 
Timestamp: 2022-02-23 13:58:49 added.
2022-02-23 13:58:49 | record_time.R done.-------------------------------------- 

2022-02-23 13:59:30 | record_time.R ------------------------------------------- 
Timestamp: 2022-02-23 13:59:30 added.
2022-02-23 13:59:30 | record_time.R done.-------------------------------------- 

2022-02-23 15:50:00 | record_time.R ------------------------------------------- 
Timestamp: 2022-02-23 15:50:00 added.
2022-02-23 15:50:00 | record_time.R done.-------------------------------------- 

2022-02-23 15:53:14 | record_time.R ------------------------------------------- 
Timestamp: 2022-02-23 15:53:14 added.
2022-02-23 15:53:14 | record_time.R done.-------------------------------------- 

2022-02-23 15:55:32 | record_time.R ------------------------------------------- 
Timestamp: 2022-02-23 15:55:32 added.
2022-02-23 15:55:32 | record_time.R done.-------------------------------------- 

2022-02-23 15:56:25 | record_time.R ------------------------------------------- 
Timestamp: 2022-02-23 15:56:25 added.
2022-02-23 15:56:25 | record_time.R done.-------------------------------------- 

2022-02-23 16:01:12 | record_time.R ------------------------------------------- 
Timestamp: 2022-02-23 16:01:12 added.
2022-02-23 16:01:12 | record_time.R done.-------------------------------------- 

2022-02-23 16:01:41 | record_time.R ------------------------------------------- 
Timestamp: 2022-02-23 16:01:41 added.
2022-02-23 16:01:41 | record_time.R done.-------------------------------------- 

2022-02-23 16:02:10 | record_time.R ------------------------------------------- 
Timestamp: 2022-02-23 16:02:10 added.
2022-02-23 16:02:10 | record_time.R done.-------------------------------------- 

2022-02-23 16:10:34 | record_time.R ------------------------------------------- 
Timestamp: 2022-02-23 16:10:34 added.
2022-02-23 16:10:34 | record_time.R done.-------------------------------------- 

2022-02-23 16:12:58 | record_time.R ------------------------------------------- 
Timestamp: 2022-02-23 16:12:58 added.
2022-02-23 16:12:58 | record_time.R done.-------------------------------------- 

2022-02-23 16:16:56 | record_time.R ------------------------------------------- 
Timestamp: 2022-02-23 16:16:56 added.
2022-02-23 16:16:56 | record_time.R done.-------------------------------------- 

2022-02-23 16:21:53 | record_time.R ------------------------------------------- 
Timestamp: 2022-02-23 16:21:53 added.
2022-02-23 16:21:53 | record_time.R done.-------------------------------------- 

2022-02-23 16:37:33 | record_time.R ------------------------------------------- 
Timestamp: 2022-02-23 16:37:33 added.
2022-02-23 16:37:33 | record_time.R done.-------------------------------------- 

2022-02-23 16:38:31 | record_time.R ------------------------------------------- 
Timestamp: 2022-02-23 16:38:31 added.
2022-02-23 16:38:31 | record_time.R done.-------------------------------------- 

2022-02-23 16:43:22 | record_time.R ------------------------------------------- 
Timestamp: 2022-02-23 16:43:22 added.
2022-02-23 16:43:22 | record_time.R done.-------------------------------------- 

2022-02-23 16:44:03 | record_time.R ------------------------------------------- 
Timestamp: 2022-02-23 16:44:03 added.
2022-02-23 16:44:03 | record_time.R done.-------------------------------------- 

2022-02-23 18:34:33 | record_time.R ------------------------------------------- 
Timestamp: 2022-02-23 18:34:33 added.
2022-02-23 18:34:33 | record_time.R done.-------------------------------------- 

2022-02-23 18:37:48 | record_time.R ------------------------------------------- 
Timestamp: 2022-02-23 18:37:48 added.
2022-02-23 18:37:48 | record_time.R done.-------------------------------------- 

2022-02-23 18:40:06 | record_time.R ------------------------------------------- 
Timestamp: 2022-02-23 18:40:06 added.
2022-02-23 18:40:06 | record_time.R done.-------------------------------------- 

2022-02-23 18:40:59 | record_time.R ------------------------------------------- 
Timestamp: 2022-02-23 18:41:00 added.
2022-02-23 18:41:00 | record_time.R done.-------------------------------------- 

2022-02-23 18:45:47 | record_time.R ------------------------------------------- 
Timestamp: 2022-02-23 18:45:47 added.
2022-02-23 18:45:47 | record_time.R done.-------------------------------------- 

2022-02-23 18:46:15 | record_time.R ------------------------------------------- 
Timestamp: 2022-02-23 18:46:15 added.
2022-02-23 18:46:15 | record_time.R done.-------------------------------------- 

2022-02-23 18:46:45 | record_time.R ------------------------------------------- 
Timestamp: 2022-02-23 18:46:45 added.
2022-02-23 18:46:45 | record_time.R done.-------------------------------------- 

2022-02-23 18:55:08 | record_time.R ------------------------------------------- 
Timestamp: 2022-02-23 18:55:08 added.
2022-02-23 18:55:08 | record_time.R done.-------------------------------------- 

2022-02-23 18:57:32 | record_time.R ------------------------------------------- 
Timestamp: 2022-02-23 18:57:32 added.
2022-02-23 18:57:32 | record_time.R done.-------------------------------------- 

2022-02-24 10:21:34 | record_time.R ------------------------------------------- 
Timestamp: 2022-02-24 10:21:34 added.
2022-02-24 10:21:34 | record_time.R done.-------------------------------------- 

2022-02-24 11:10:30 | record_time.R ------------------------------------------- 
Timestamp: 2022-02-24 11:10:30 added.
2022-02-24 11:10:30 | record_time.R done.-------------------------------------- 

2022-02-24 11:14:33 | record_time.R ------------------------------------------- 
Timestamp: 2022-02-24 11:14:33 added.
2022-02-24 11:14:33 | record_time.R done.-------------------------------------- 

2022-02-24 11:19:30 | record_time.R ------------------------------------------- 
Timestamp: 2022-02-24 11:19:30 added.
2022-02-24 11:19:30 | record_time.R done.-------------------------------------- 

2022-02-24 11:35:11 | record_time.R ------------------------------------------- 
Timestamp: 2022-02-24 11:35:11 added.
2022-02-24 11:35:11 | record_time.R done.-------------------------------------- 

2022-02-24 11:36:08 | record_time.R ------------------------------------------- 
Timestamp: 2022-02-24 11:36:08 added.
2022-02-24 11:36:09 | record_time.R done.-------------------------------------- 

2022-02-24 11:41:00 | record_time.R ------------------------------------------- 
Timestamp: 2022-02-24 11:41:00 added.
2022-02-24 11:41:00 | record_time.R done.-------------------------------------- 

2022-02-24 11:41:41 | record_time.R ------------------------------------------- 
Timestamp: 2022-02-24 11:41:41 added.
2022-02-24 11:41:41 | record_time.R done.-------------------------------------- 

2022-02-24 13:32:13 | record_time.R ------------------------------------------- 
Timestamp: 2022-02-24 13:32:13 added.
2022-02-24 13:32:13 | record_time.R done.-------------------------------------- 

2022-02-24 13:35:27 | record_time.R ------------------------------------------- 
Timestamp: 2022-02-24 13:35:27 added.
2022-02-24 13:35:27 | record_time.R done.-------------------------------------- 

2022-02-24 13:37:45 | record_time.R ------------------------------------------- 
Timestamp: 2022-02-24 13:37:45 added.
2022-02-24 13:37:45 | record_time.R done.-------------------------------------- 

2022-02-24 13:38:37 | record_time.R ------------------------------------------- 
Timestamp: 2022-02-24 13:38:37 added.
2022-02-24 13:38:37 | record_time.R done.-------------------------------------- 

2022-02-24 13:43:24 | record_time.R ------------------------------------------- 
Timestamp: 2022-02-24 13:43:24 added.
2022-02-24 13:43:24 | record_time.R done.-------------------------------------- 

2022-02-24 13:43:56 | record_time.R ------------------------------------------- 
Timestamp: 2022-02-24 13:43:56 added.
2022-02-24 13:43:56 | record_time.R done.-------------------------------------- 

2022-02-24 13:44:26 | record_time.R ------------------------------------------- 
Timestamp: 2022-02-24 13:44:26 added.
2022-02-24 13:44:26 | record_time.R done.-------------------------------------- 

2022-02-24 13:52:48 | record_time.R ------------------------------------------- 
Timestamp: 2022-02-24 13:52:48 added.
2022-02-24 13:52:48 | record_time.R done.-------------------------------------- 

2022-02-24 13:55:12 | record_time.R ------------------------------------------- 
Timestamp: 2022-02-24 13:55:12 added.
2022-02-24 13:55:13 | record_time.R done.-------------------------------------- 

2022-02-24 13:59:12 | record_time.R ------------------------------------------- 
Timestamp: 2022-02-24 13:59:12 added.
2022-02-24 13:59:12 | record_time.R done.-------------------------------------- 

2022-02-24 14:04:09 | record_time.R ------------------------------------------- 
Timestamp: 2022-02-24 14:04:09 added.
2022-02-24 14:04:09 | record_time.R done.-------------------------------------- 

2022-02-24 14:19:48 | record_time.R ------------------------------------------- 
Timestamp: 2022-02-24 14:19:48 added.
2022-02-24 14:19:48 | record_time.R done.-------------------------------------- 

2022-02-24 14:20:47 | record_time.R ------------------------------------------- 
Timestamp: 2022-02-24 14:20:47 added.
2022-02-24 14:20:47 | record_time.R done.-------------------------------------- 

2022-02-24 14:25:38 | record_time.R ------------------------------------------- 
Timestamp: 2022-02-24 14:25:38 added.
2022-02-24 14:25:38 | record_time.R done.-------------------------------------- 

2022-02-24 14:26:19 | record_time.R ------------------------------------------- 
Timestamp: 2022-02-24 14:26:19 added.
2022-02-24 14:26:19 | record_time.R done.-------------------------------------- 

2022-02-24 16:16:51 | record_time.R ------------------------------------------- 
Timestamp: 2022-02-24 16:16:51 added.
2022-02-24 16:16:51 | record_time.R done.-------------------------------------- 

2022-02-24 16:20:05 | record_time.R ------------------------------------------- 
Timestamp: 2022-02-24 16:20:05 added.
2022-02-24 16:20:05 | record_time.R done.-------------------------------------- 

2022-02-24 16:22:22 | record_time.R ------------------------------------------- 
Timestamp: 2022-02-24 16:22:22 added.
2022-02-24 16:22:22 | record_time.R done.-------------------------------------- 

2022-02-24 16:23:14 | record_time.R ------------------------------------------- 
Timestamp: 2022-02-24 16:23:14 added.
2022-02-24 16:23:14 | record_time.R done.-------------------------------------- 

2022-02-24 16:28:01 | record_time.R ------------------------------------------- 
Timestamp: 2022-02-24 16:28:01 added.
2022-02-24 16:28:01 | record_time.R done.-------------------------------------- 

2022-02-24 16:28:35 | record_time.R ------------------------------------------- 
Timestamp: 2022-02-24 16:28:35 added.
2022-02-24 16:28:35 | record_time.R done.-------------------------------------- 

2022-02-24 16:29:05 | record_time.R ------------------------------------------- 
Timestamp: 2022-02-24 16:29:05 added.
2022-02-24 16:29:05 | record_time.R done.-------------------------------------- 

2022-02-24 16:37:28 | record_time.R ------------------------------------------- 
Timestamp: 2022-02-24 16:37:28 added.
2022-02-24 16:37:28 | record_time.R done.-------------------------------------- 

2022-02-24 16:39:52 | record_time.R ------------------------------------------- 
Timestamp: 2022-02-24 16:39:52 added.
2022-02-24 16:39:52 | record_time.R done.-------------------------------------- 

2022-02-24 16:43:49 | record_time.R ------------------------------------------- 
Timestamp: 2022-02-24 16:43:50 added.
2022-02-24 16:43:50 | record_time.R done.-------------------------------------- 

2022-02-24 16:48:45 | record_time.R ------------------------------------------- 
Timestamp: 2022-02-24 16:48:45 added.
2022-02-24 16:48:45 | record_time.R done.-------------------------------------- 

2022-02-24 17:04:27 | record_time.R ------------------------------------------- 
Timestamp: 2022-02-24 17:04:27 added.
2022-02-24 17:04:27 | record_time.R done.-------------------------------------- 

2022-02-24 17:05:25 | record_time.R ------------------------------------------- 
Timestamp: 2022-02-24 17:05:25 added.
2022-02-24 17:05:25 | record_time.R done.-------------------------------------- 

2022-02-24 17:10:16 | record_time.R ------------------------------------------- 
Timestamp: 2022-02-24 17:10:16 added.
2022-02-24 17:10:16 | record_time.R done.-------------------------------------- 

2022-02-24 17:10:57 | record_time.R ------------------------------------------- 
Timestamp: 2022-02-24 17:10:57 added.
2022-02-24 17:10:57 | record_time.R done.-------------------------------------- 

2022-02-24 19:01:26 | record_time.R ------------------------------------------- 
Timestamp: 2022-02-24 19:01:26 added.
2022-02-24 19:01:26 | record_time.R done.-------------------------------------- 

2022-02-24 19:04:40 | record_time.R ------------------------------------------- 
Timestamp: 2022-02-24 19:04:40 added.
2022-02-24 19:04:40 | record_time.R done.-------------------------------------- 

2022-02-24 19:06:58 | record_time.R ------------------------------------------- 
Timestamp: 2022-02-24 19:06:58 added.
2022-02-24 19:06:58 | record_time.R done.-------------------------------------- 

2022-02-24 19:07:50 | record_time.R ------------------------------------------- 
Timestamp: 2022-02-24 19:07:50 added.
2022-02-24 19:07:50 | record_time.R done.-------------------------------------- 

2022-02-24 19:12:38 | record_time.R ------------------------------------------- 
Timestamp: 2022-02-24 19:12:38 added.
2022-02-24 19:12:38 | record_time.R done.-------------------------------------- 

2022-02-24 19:13:12 | record_time.R ------------------------------------------- 
Timestamp: 2022-02-24 19:13:12 added.
2022-02-24 19:13:12 | record_time.R done.-------------------------------------- 

2022-02-24 19:13:41 | record_time.R ------------------------------------------- 
Timestamp: 2022-02-24 19:13:41 added.
2022-02-24 19:13:41 | record_time.R done.-------------------------------------- 

2022-02-24 19:22:04 | record_time.R ------------------------------------------- 
Timestamp: 2022-02-24 19:22:04 added.
2022-02-24 19:22:04 | record_time.R done.-------------------------------------- 

2022-02-24 19:24:28 | record_time.R ------------------------------------------- 
Timestamp: 2022-02-24 19:24:28 added.
2022-02-24 19:24:28 | record_time.R done.-------------------------------------- 

2022-02-24 19:28:21 | record_time.R ------------------------------------------- 
Timestamp: 2022-02-24 19:28:21 added.
2022-02-24 19:28:21 | record_time.R done.-------------------------------------- 

2022-02-24 19:33:17 | record_time.R ------------------------------------------- 
Timestamp: 2022-02-24 19:33:17 added.
2022-02-24 19:33:17 | record_time.R done.-------------------------------------- 

2022-02-24 19:48:58 | record_time.R ------------------------------------------- 
Timestamp: 2022-02-24 19:48:58 added.
2022-02-24 19:48:58 | record_time.R done.-------------------------------------- 

2022-02-24 19:49:57 | record_time.R ------------------------------------------- 
Timestamp: 2022-02-24 19:49:57 added.
2022-02-24 19:49:57 | record_time.R done.-------------------------------------- 

2022-02-24 19:54:48 | record_time.R ------------------------------------------- 
Timestamp: 2022-02-24 19:54:48 added.
2022-02-24 19:54:48 | record_time.R done.-------------------------------------- 

2022-02-24 19:55:29 | record_time.R ------------------------------------------- 
Timestamp: 2022-02-24 19:55:29 added.
2022-02-24 19:55:29 | record_time.R done.-------------------------------------- 

2022-02-24 21:46:00 | record_time.R ------------------------------------------- 
Timestamp: 2022-02-24 21:46:00 added.
2022-02-24 21:46:00 | record_time.R done.-------------------------------------- 

2022-02-24 21:49:14 | record_time.R ------------------------------------------- 
Timestamp: 2022-02-24 21:49:14 added.
2022-02-24 21:49:14 | record_time.R done.-------------------------------------- 

2022-02-24 21:51:32 | record_time.R ------------------------------------------- 
Timestamp: 2022-02-24 21:51:32 added.
2022-02-24 21:51:32 | record_time.R done.-------------------------------------- 

2022-02-24 21:52:24 | record_time.R ------------------------------------------- 
Timestamp: 2022-02-24 21:52:24 added.
2022-02-24 21:52:24 | record_time.R done.-------------------------------------- 

2022-02-24 21:57:12 | record_time.R ------------------------------------------- 
Timestamp: 2022-02-24 21:57:12 added.
2022-02-24 21:57:12 | record_time.R done.-------------------------------------- 

2022-02-24 21:57:41 | record_time.R ------------------------------------------- 
Timestamp: 2022-02-24 21:57:41 added.
2022-02-24 21:57:41 | record_time.R done.-------------------------------------- 

2022-02-24 21:58:11 | record_time.R ------------------------------------------- 
Timestamp: 2022-02-24 21:58:11 added.
2022-02-24 21:58:11 | record_time.R done.-------------------------------------- 

2022-02-24 22:06:35 | record_time.R ------------------------------------------- 
Timestamp: 2022-02-24 22:06:35 added.
2022-02-24 22:06:35 | record_time.R done.-------------------------------------- 

2022-02-24 22:08:49 | record_time.R ------------------------------------------- 
Timestamp: 2022-02-24 22:08:49 added.
2022-02-24 22:08:49 | record_time.R done.-------------------------------------- 

2022-02-25 15:12:13 | record_time.R ------------------------------------------- 
Timestamp: 2022-02-25 15:12:13 added.
2022-02-25 15:12:13 | record_time.R done.-------------------------------------- 

2022-02-25 17:58:33 | record_time.R ------------------------------------------- 
Timestamp: 2022-02-25 17:58:33 added.
2022-02-25 17:58:33 | record_time.R done.-------------------------------------- 

2022-02-25 20:44:50 | record_time.R ------------------------------------------- 
Timestamp: 2022-02-25 20:44:50 added.
2022-02-25 20:44:50 | record_time.R done.-------------------------------------- 

2022-02-25 23:31:12 | record_time.R ------------------------------------------- 
Timestamp: 2022-02-25 23:31:12 added.
2022-02-25 23:31:13 | record_time.R done.-------------------------------------- 

2022-02-26 02:17:30 | record_time.R ------------------------------------------- 
Timestamp: 2022-02-26 02:17:30 added.
2022-02-26 02:17:30 | record_time.R done.-------------------------------------- 

2022-02-26 05:03:46 | record_time.R ------------------------------------------- 
Timestamp: 2022-02-26 05:03:46 added.
2022-02-26 05:03:46 | record_time.R done.-------------------------------------- 

