2022-02-14 14:22:33 | record_time.R ------------------------------------------- 
Timestamp: 2022-02-14 14:22:33 added.
2022-02-14 14:22:33 | record_time.R done.-------------------------------------- 

2022-02-14 14:22:34 | record_time.R ------------------------------------------- 
Timestamp: 2022-02-14 14:22:34 added.
2022-02-14 14:22:34 | record_time.R done.-------------------------------------- 

2022-02-14 14:33:06 | record_time.R ------------------------------------------- 
Timestamp: 2022-02-14 14:33:06 added.
2022-02-14 14:33:06 | record_time.R done.-------------------------------------- 

2022-02-14 14:33:37 | record_time.R ------------------------------------------- 
Timestamp: 2022-02-14 14:33:37 added.
2022-02-14 14:33:37 | record_time.R done.-------------------------------------- 

2022-02-14 14:54:39 | record_time.R ------------------------------------------- 
Timestamp: 2022-02-14 14:54:39 added.
2022-02-14 14:54:39 | record_time.R done.-------------------------------------- 

2022-02-14 14:55:19 | record_time.R ------------------------------------------- 
Timestamp: 2022-02-14 14:55:19 added.
2022-02-14 14:55:19 | record_time.R done.-------------------------------------- 

2022-02-14 15:20:01 | record_time.R ------------------------------------------- 
Timestamp: 2022-02-14 15:20:01 added.
2022-02-14 15:20:01 | record_time.R done.-------------------------------------- 

2022-02-14 15:20:41 | record_time.R ------------------------------------------- 
Timestamp: 2022-02-14 15:20:41 added.
2022-02-14 15:20:41 | record_time.R done.-------------------------------------- 

2022-02-14 15:45:26 | record_time.R ------------------------------------------- 
Timestamp: 2022-02-14 15:45:26 added.
2022-02-14 15:45:26 | record_time.R done.-------------------------------------- 

2022-02-14 15:46:06 | record_time.R ------------------------------------------- 
Timestamp: 2022-02-14 15:46:06 added.
2022-02-14 15:46:06 | record_time.R done.-------------------------------------- 

2022-02-14 16:10:50 | record_time.R ------------------------------------------- 
Timestamp: 2022-02-14 16:10:50 added.
2022-02-14 16:10:50 | record_time.R done.-------------------------------------- 

2022-02-14 16:11:30 | record_time.R ------------------------------------------- 
Timestamp: 2022-02-14 16:11:30 added.
2022-02-14 16:11:30 | record_time.R done.-------------------------------------- 

2022-02-14 16:36:19 | record_time.R ------------------------------------------- 
Timestamp: 2022-02-14 16:36:19 added.
2022-02-14 16:36:19 | record_time.R done.-------------------------------------- 

2022-02-14 16:36:58 | record_time.R ------------------------------------------- 
Timestamp: 2022-02-14 16:36:58 added.
2022-02-14 16:36:58 | record_time.R done.-------------------------------------- 

2022-02-14 17:22:10 | record_time.R ------------------------------------------- 
Timestamp: 2022-02-14 17:22:10 added.
2022-02-14 17:22:10 | record_time.R done.-------------------------------------- 

2022-02-14 17:24:29 | record_time.R ------------------------------------------- 
Timestamp: 2022-02-14 17:24:29 added.
2022-02-14 17:24:29 | record_time.R done.-------------------------------------- 

2022-02-14 17:34:22 | record_time.R ------------------------------------------- 
Warning: 2 parsing failures.
row      col   expected actual                                    file
  1 plate    an integer   none 'experiments/20220127_output/times.csv'
  1 transfer an integer   none 'experiments/20220127_output/times.csv'

Timestamp: 2022-02-14 17:34:22 added.
2022-02-14 17:34:22 | record_time.R done.-------------------------------------- 

2022-02-14 17:36:16 | record_time.R ------------------------------------------- 
Timestamp: 2022-02-14 17:36:16 added.
2022-02-14 17:36:16 | record_time.R done.-------------------------------------- 

2022-02-14 17:40:20 | record_time.R ------------------------------------------- 
Timestamp: 2022-02-14 17:40:20 added.
2022-02-14 17:40:20 | record_time.R done.-------------------------------------- 

2022-02-14 17:40:42 | record_time.R ------------------------------------------- 
Timestamp: 2022-02-14 17:40:42 added.
2022-02-14 17:40:42 | record_time.R done.-------------------------------------- 

2022-02-14 17:44:50 | record_time.R ------------------------------------------- 
Timestamp: 2022-02-14 17:44:50 added.
2022-02-14 17:44:50 | record_time.R done.-------------------------------------- 

2022-02-14 17:49:47 | record_time.R ------------------------------------------- 
Timestamp: 2022-02-14 17:49:47 added.
2022-02-14 17:49:47 | record_time.R done.-------------------------------------- 

2022-02-14 18:02:11 | record_time.R ------------------------------------------- 
Timestamp: 2022-02-14 18:02:11 added.
2022-02-14 18:02:11 | record_time.R done.-------------------------------------- 

2022-02-14 18:03:15 | record_time.R ------------------------------------------- 
Timestamp: 2022-02-14 18:03:15 added.
2022-02-14 18:03:15 | record_time.R done.-------------------------------------- 

2022-02-14 18:08:07 | record_time.R ------------------------------------------- 
Timestamp: 2022-02-14 18:08:07 added.
2022-02-14 18:08:07 | record_time.R done.-------------------------------------- 

2022-02-14 18:08:47 | record_time.R ------------------------------------------- 
Timestamp: 2022-02-14 18:08:47 added.
2022-02-14 18:08:47 | record_time.R done.-------------------------------------- 

2022-02-14 19:56:25 | record_time.R ------------------------------------------- 
Timestamp: 2022-02-14 19:56:25 added.
2022-02-14 19:56:25 | record_time.R done.-------------------------------------- 

2022-02-14 19:59:25 | record_time.R ------------------------------------------- 
Timestamp: 2022-02-14 19:59:25 added.
2022-02-14 19:59:25 | record_time.R done.-------------------------------------- 

2022-02-14 20:01:42 | record_time.R ------------------------------------------- 
Timestamp: 2022-02-14 20:01:42 added.
2022-02-14 20:01:42 | record_time.R done.-------------------------------------- 

2022-02-14 20:02:34 | record_time.R ------------------------------------------- 
Timestamp: 2022-02-14 20:02:34 added.
2022-02-14 20:02:34 | record_time.R done.-------------------------------------- 

2022-02-14 20:07:22 | record_time.R ------------------------------------------- 
Timestamp: 2022-02-14 20:07:22 added.
2022-02-14 20:07:22 | record_time.R done.-------------------------------------- 

2022-02-14 20:07:53 | record_time.R ------------------------------------------- 
Timestamp: 2022-02-14 20:07:53 added.
2022-02-14 20:07:53 | record_time.R done.-------------------------------------- 

2022-02-14 20:08:23 | record_time.R ------------------------------------------- 
Timestamp: 2022-02-14 20:08:23 added.
2022-02-14 20:08:23 | record_time.R done.-------------------------------------- 

2022-02-14 20:16:45 | record_time.R ------------------------------------------- 
Timestamp: 2022-02-14 20:16:45 added.
2022-02-14 20:16:45 | record_time.R done.-------------------------------------- 

2022-02-14 20:19:10 | record_time.R ------------------------------------------- 
Timestamp: 2022-02-14 20:19:10 added.
2022-02-14 20:19:10 | record_time.R done.-------------------------------------- 

2022-02-14 20:23:05 | record_time.R ------------------------------------------- 
Timestamp: 2022-02-14 20:23:05 added.
2022-02-14 20:23:05 | record_time.R done.-------------------------------------- 

2022-02-14 20:28:02 | record_time.R ------------------------------------------- 
Timestamp: 2022-02-14 20:28:02 added.
2022-02-14 20:28:02 | record_time.R done.-------------------------------------- 

2022-02-14 20:40:26 | record_time.R ------------------------------------------- 
Timestamp: 2022-02-14 20:40:26 added.
2022-02-14 20:40:26 | record_time.R done.-------------------------------------- 

2022-02-14 20:41:31 | record_time.R ------------------------------------------- 
Timestamp: 2022-02-14 20:41:31 added.
2022-02-14 20:41:31 | record_time.R done.-------------------------------------- 

2022-02-14 20:46:21 | record_time.R ------------------------------------------- 
Timestamp: 2022-02-14 20:46:21 added.
2022-02-14 20:46:21 | record_time.R done.-------------------------------------- 

2022-02-14 20:47:02 | record_time.R ------------------------------------------- 
Timestamp: 2022-02-14 20:47:02 added.
2022-02-14 20:47:02 | record_time.R done.-------------------------------------- 

2022-02-14 22:34:43 | record_time.R ------------------------------------------- 
Timestamp: 2022-02-14 22:34:43 added.
2022-02-14 22:34:43 | record_time.R done.-------------------------------------- 

2022-02-14 22:37:43 | record_time.R ------------------------------------------- 
Timestamp: 2022-02-14 22:37:43 added.
2022-02-14 22:37:43 | record_time.R done.-------------------------------------- 

2022-02-14 22:40:00 | record_time.R ------------------------------------------- 
Timestamp: 2022-02-14 22:40:00 added.
2022-02-14 22:40:00 | record_time.R done.-------------------------------------- 

2022-02-14 22:40:52 | record_time.R ------------------------------------------- 
Timestamp: 2022-02-14 22:40:52 added.
2022-02-14 22:40:52 | record_time.R done.-------------------------------------- 

2022-02-14 22:45:40 | record_time.R ------------------------------------------- 
Timestamp: 2022-02-14 22:45:40 added.
2022-02-14 22:45:40 | record_time.R done.-------------------------------------- 

2022-02-14 22:46:08 | record_time.R ------------------------------------------- 
Timestamp: 2022-02-14 22:46:08 added.
2022-02-14 22:46:08 | record_time.R done.-------------------------------------- 

2022-02-14 22:46:37 | record_time.R ------------------------------------------- 
Timestamp: 2022-02-14 22:46:37 added.
2022-02-14 22:46:37 | record_time.R done.-------------------------------------- 

2022-02-14 22:55:00 | record_time.R ------------------------------------------- 
Timestamp: 2022-02-14 22:55:00 added.
2022-02-14 22:55:00 | record_time.R done.-------------------------------------- 

2022-02-14 22:57:24 | record_time.R ------------------------------------------- 
Timestamp: 2022-02-14 22:57:24 added.
2022-02-14 22:57:24 | record_time.R done.-------------------------------------- 

2022-02-14 23:01:17 | record_time.R ------------------------------------------- 
Timestamp: 2022-02-14 23:01:17 added.
2022-02-14 23:01:17 | record_time.R done.-------------------------------------- 

2022-02-14 23:06:13 | record_time.R ------------------------------------------- 
Timestamp: 2022-02-14 23:06:13 added.
2022-02-14 23:06:13 | record_time.R done.-------------------------------------- 

2022-02-14 23:18:38 | record_time.R ------------------------------------------- 
Timestamp: 2022-02-14 23:18:38 added.
2022-02-14 23:18:38 | record_time.R done.-------------------------------------- 

2022-02-14 23:19:43 | record_time.R ------------------------------------------- 
Timestamp: 2022-02-14 23:19:43 added.
2022-02-14 23:19:43 | record_time.R done.-------------------------------------- 

2022-02-14 23:24:34 | record_time.R ------------------------------------------- 
Timestamp: 2022-02-14 23:24:34 added.
2022-02-14 23:24:34 | record_time.R done.-------------------------------------- 

2022-02-14 23:25:16 | record_time.R ------------------------------------------- 
Timestamp: 2022-02-14 23:25:16 added.
2022-02-14 23:25:16 | record_time.R done.-------------------------------------- 

2022-02-15 01:12:53 | record_time.R ------------------------------------------- 
Timestamp: 2022-02-15 01:12:53 added.
2022-02-15 01:12:53 | record_time.R done.-------------------------------------- 

2022-02-15 01:15:55 | record_time.R ------------------------------------------- 
Timestamp: 2022-02-15 01:15:55 added.
2022-02-15 01:15:55 | record_time.R done.-------------------------------------- 

2022-02-15 01:18:14 | record_time.R ------------------------------------------- 
Timestamp: 2022-02-15 01:18:14 added.
2022-02-15 01:18:14 | record_time.R done.-------------------------------------- 

2022-02-15 01:19:07 | record_time.R ------------------------------------------- 
Timestamp: 2022-02-15 01:19:07 added.
2022-02-15 01:19:07 | record_time.R done.-------------------------------------- 

2022-02-15 01:23:54 | record_time.R ------------------------------------------- 
Timestamp: 2022-02-15 01:23:54 added.
2022-02-15 01:23:54 | record_time.R done.-------------------------------------- 

2022-02-15 01:24:23 | record_time.R ------------------------------------------- 
Timestamp: 2022-02-15 01:24:23 added.
2022-02-15 01:24:23 | record_time.R done.-------------------------------------- 

2022-02-15 01:24:52 | record_time.R ------------------------------------------- 
Timestamp: 2022-02-15 01:24:53 added.
2022-02-15 01:24:53 | record_time.R done.-------------------------------------- 

2022-02-15 01:33:15 | record_time.R ------------------------------------------- 
Timestamp: 2022-02-15 01:33:15 added.
2022-02-15 01:33:15 | record_time.R done.-------------------------------------- 

2022-02-15 01:35:39 | record_time.R ------------------------------------------- 
Timestamp: 2022-02-15 01:35:39 added.
2022-02-15 01:35:39 | record_time.R done.-------------------------------------- 

2022-02-15 01:39:39 | record_time.R ------------------------------------------- 
Timestamp: 2022-02-15 01:39:39 added.
2022-02-15 01:39:39 | record_time.R done.-------------------------------------- 

2022-02-15 01:44:36 | record_time.R ------------------------------------------- 
Timestamp: 2022-02-15 01:44:36 added.
2022-02-15 01:44:36 | record_time.R done.-------------------------------------- 

2022-02-15 01:56:59 | record_time.R ------------------------------------------- 
Timestamp: 2022-02-15 01:56:59 added.
2022-02-15 01:56:59 | record_time.R done.-------------------------------------- 

2022-02-15 01:58:04 | record_time.R ------------------------------------------- 
Timestamp: 2022-02-15 01:58:04 added.
2022-02-15 01:58:04 | record_time.R done.-------------------------------------- 

2022-02-15 02:02:56 | record_time.R ------------------------------------------- 
Timestamp: 2022-02-15 02:02:56 added.
2022-02-15 02:02:56 | record_time.R done.-------------------------------------- 

2022-02-15 02:03:36 | record_time.R ------------------------------------------- 
Timestamp: 2022-02-15 02:03:36 added.
2022-02-15 02:03:36 | record_time.R done.-------------------------------------- 

2022-02-15 03:51:17 | record_time.R ------------------------------------------- 
Timestamp: 2022-02-15 03:51:17 added.
2022-02-15 03:51:17 | record_time.R done.-------------------------------------- 

2022-02-15 03:54:17 | record_time.R ------------------------------------------- 
Timestamp: 2022-02-15 03:54:17 added.
2022-02-15 03:54:17 | record_time.R done.-------------------------------------- 

2022-02-15 03:56:35 | record_time.R ------------------------------------------- 
Timestamp: 2022-02-15 03:56:35 added.
2022-02-15 03:56:35 | record_time.R done.-------------------------------------- 

2022-02-15 03:57:28 | record_time.R ------------------------------------------- 
Timestamp: 2022-02-15 03:57:28 added.
2022-02-15 03:57:28 | record_time.R done.-------------------------------------- 

2022-02-15 04:02:15 | record_time.R ------------------------------------------- 
Timestamp: 2022-02-15 04:02:15 added.
2022-02-15 04:02:15 | record_time.R done.-------------------------------------- 

2022-02-15 04:02:43 | record_time.R ------------------------------------------- 
Timestamp: 2022-02-15 04:02:43 added.
2022-02-15 04:02:43 | record_time.R done.-------------------------------------- 

2022-02-15 04:03:13 | record_time.R ------------------------------------------- 
Timestamp: 2022-02-15 04:03:13 added.
2022-02-15 04:03:13 | record_time.R done.-------------------------------------- 

2022-02-15 04:11:36 | record_time.R ------------------------------------------- 
Timestamp: 2022-02-15 04:11:36 added.
2022-02-15 04:11:36 | record_time.R done.-------------------------------------- 

2022-02-15 04:14:00 | record_time.R ------------------------------------------- 
Timestamp: 2022-02-15 04:14:00 added.
2022-02-15 04:14:00 | record_time.R done.-------------------------------------- 

2022-02-15 04:17:56 | record_time.R ------------------------------------------- 
Timestamp: 2022-02-15 04:17:56 added.
2022-02-15 04:17:56 | record_time.R done.-------------------------------------- 

2022-02-15 04:22:52 | record_time.R ------------------------------------------- 
Timestamp: 2022-02-15 04:22:52 added.
2022-02-15 04:22:52 | record_time.R done.-------------------------------------- 

2022-02-15 04:35:17 | record_time.R ------------------------------------------- 
Timestamp: 2022-02-15 04:35:17 added.
2022-02-15 04:35:17 | record_time.R done.-------------------------------------- 

2022-02-15 04:36:21 | record_time.R ------------------------------------------- 
Timestamp: 2022-02-15 04:36:21 added.
2022-02-15 04:36:21 | record_time.R done.-------------------------------------- 

2022-02-15 04:41:12 | record_time.R ------------------------------------------- 
Timestamp: 2022-02-15 04:41:12 added.
2022-02-15 04:41:12 | record_time.R done.-------------------------------------- 

2022-02-15 04:41:53 | record_time.R ------------------------------------------- 
Timestamp: 2022-02-15 04:41:53 added.
2022-02-15 04:41:53 | record_time.R done.-------------------------------------- 

2022-02-15 06:29:34 | record_time.R ------------------------------------------- 
Timestamp: 2022-02-15 06:29:34 added.
2022-02-15 06:29:34 | record_time.R done.-------------------------------------- 

2022-02-15 06:32:35 | record_time.R ------------------------------------------- 
Timestamp: 2022-02-15 06:32:35 added.
2022-02-15 06:32:35 | record_time.R done.-------------------------------------- 

2022-02-15 06:34:52 | record_time.R ------------------------------------------- 
Timestamp: 2022-02-15 06:34:52 added.
2022-02-15 06:34:52 | record_time.R done.-------------------------------------- 

2022-02-15 06:35:45 | record_time.R ------------------------------------------- 
Timestamp: 2022-02-15 06:35:45 added.
2022-02-15 06:35:45 | record_time.R done.-------------------------------------- 

2022-02-15 06:40:33 | record_time.R ------------------------------------------- 
Timestamp: 2022-02-15 06:40:33 added.
2022-02-15 06:40:33 | record_time.R done.-------------------------------------- 

2022-02-15 06:41:02 | record_time.R ------------------------------------------- 
Timestamp: 2022-02-15 06:41:02 added.
2022-02-15 06:41:02 | record_time.R done.-------------------------------------- 

2022-02-15 06:41:32 | record_time.R ------------------------------------------- 
Timestamp: 2022-02-15 06:41:32 added.
2022-02-15 06:41:32 | record_time.R done.-------------------------------------- 

2022-02-15 06:49:55 | record_time.R ------------------------------------------- 
Timestamp: 2022-02-15 06:49:55 added.
2022-02-15 06:49:55 | record_time.R done.-------------------------------------- 

2022-02-15 06:52:20 | record_time.R ------------------------------------------- 
Timestamp: 2022-02-15 06:52:20 added.
2022-02-15 06:52:20 | record_time.R done.-------------------------------------- 

2022-02-15 06:56:12 | record_time.R ------------------------------------------- 
Timestamp: 2022-02-15 06:56:12 added.
2022-02-15 06:56:12 | record_time.R done.-------------------------------------- 

2022-02-15 07:01:09 | record_time.R ------------------------------------------- 
Timestamp: 2022-02-15 07:01:09 added.
2022-02-15 07:01:09 | record_time.R done.-------------------------------------- 

2022-02-15 07:13:32 | record_time.R ------------------------------------------- 
Timestamp: 2022-02-15 07:13:32 added.
2022-02-15 07:13:32 | record_time.R done.-------------------------------------- 

2022-02-15 07:14:36 | record_time.R ------------------------------------------- 
Timestamp: 2022-02-15 07:14:36 added.
2022-02-15 07:14:36 | record_time.R done.-------------------------------------- 

2022-02-15 07:19:28 | record_time.R ------------------------------------------- 
Timestamp: 2022-02-15 07:19:28 added.
2022-02-15 07:19:28 | record_time.R done.-------------------------------------- 

2022-02-15 07:20:09 | record_time.R ------------------------------------------- 
Timestamp: 2022-02-15 07:20:09 added.
2022-02-15 07:20:09 | record_time.R done.-------------------------------------- 

2022-02-15 09:07:49 | record_time.R ------------------------------------------- 
Timestamp: 2022-02-15 09:07:49 added.
2022-02-15 09:07:49 | record_time.R done.-------------------------------------- 

2022-02-15 09:10:49 | record_time.R ------------------------------------------- 
Timestamp: 2022-02-15 09:10:49 added.
2022-02-15 09:10:49 | record_time.R done.-------------------------------------- 

2022-02-15 09:13:07 | record_time.R ------------------------------------------- 
Timestamp: 2022-02-15 09:13:07 added.
2022-02-15 09:13:07 | record_time.R done.-------------------------------------- 

2022-02-15 09:14:00 | record_time.R ------------------------------------------- 
Timestamp: 2022-02-15 09:14:00 added.
2022-02-15 09:14:00 | record_time.R done.-------------------------------------- 

2022-02-15 09:18:48 | record_time.R ------------------------------------------- 
Timestamp: 2022-02-15 09:18:48 added.
2022-02-15 09:18:48 | record_time.R done.-------------------------------------- 

2022-02-15 09:19:16 | record_time.R ------------------------------------------- 
Timestamp: 2022-02-15 09:19:16 added.
2022-02-15 09:19:16 | record_time.R done.-------------------------------------- 

2022-02-15 09:19:46 | record_time.R ------------------------------------------- 
Timestamp: 2022-02-15 09:19:46 added.
2022-02-15 09:19:46 | record_time.R done.-------------------------------------- 

2022-02-15 09:28:10 | record_time.R ------------------------------------------- 
Timestamp: 2022-02-15 09:28:10 added.
2022-02-15 09:28:10 | record_time.R done.-------------------------------------- 

2022-02-15 09:30:24 | record_time.R ------------------------------------------- 
Timestamp: 2022-02-15 09:30:24 added.
2022-02-15 09:30:24 | record_time.R done.-------------------------------------- 

2022-02-15 14:30:28 | record_time.R ------------------------------------------- 
Timestamp: 2022-02-15 14:30:28 added.
2022-02-15 14:30:28 | record_time.R done.-------------------------------------- 

2022-02-15 17:09:01 | record_time.R ------------------------------------------- 
Timestamp: 2022-02-15 17:09:01 added.
2022-02-15 17:09:01 | record_time.R done.-------------------------------------- 

2022-02-15 19:47:33 | record_time.R ------------------------------------------- 
Timestamp: 2022-02-15 19:47:33 added.
2022-02-15 19:47:33 | record_time.R done.-------------------------------------- 

2022-02-15 22:26:14 | record_time.R ------------------------------------------- 
Timestamp: 2022-02-15 22:26:14 added.
2022-02-15 22:26:14 | record_time.R done.-------------------------------------- 

2022-02-16 01:04:52 | record_time.R ------------------------------------------- 
Timestamp: 2022-02-16 01:04:52 added.
2022-02-16 01:04:52 | record_time.R done.-------------------------------------- 

2022-02-16 03:43:22 | record_time.R ------------------------------------------- 
Timestamp: 2022-02-16 03:43:22 added.
2022-02-16 03:43:22 | record_time.R done.-------------------------------------- 

