2022-03-01 09:31:08 | record_time.R ------------------------------------------- 
Timestamp: 2022-03-01 09:31:08 added.
2022-03-01 09:31:08 | record_time.R done.-------------------------------------- 

2022-03-01 09:31:10 | record_time.R ------------------------------------------- 
Timestamp: 2022-03-01 09:31:10 added.
2022-03-01 09:31:10 | record_time.R done.-------------------------------------- 

2022-03-01 09:41:39 | record_time.R ------------------------------------------- 
Timestamp: 2022-03-01 09:41:39 added.
2022-03-01 09:41:39 | record_time.R done.-------------------------------------- 

2022-03-01 09:42:10 | record_time.R ------------------------------------------- 
Timestamp: 2022-03-01 09:42:10 added.
2022-03-01 09:42:10 | record_time.R done.-------------------------------------- 

2022-03-01 10:02:37 | record_time.R ------------------------------------------- 
Timestamp: 2022-03-01 10:02:37 added.
2022-03-01 10:02:37 | record_time.R done.-------------------------------------- 

2022-03-01 10:03:17 | record_time.R ------------------------------------------- 
Timestamp: 2022-03-01 10:03:17 added.
2022-03-01 10:03:17 | record_time.R done.-------------------------------------- 

2022-03-01 10:27:22 | record_time.R ------------------------------------------- 
Timestamp: 2022-03-01 10:27:22 added.
2022-03-01 10:27:22 | record_time.R done.-------------------------------------- 

2022-03-01 10:28:02 | record_time.R ------------------------------------------- 
Timestamp: 2022-03-01 10:28:02 added.
2022-03-01 10:28:02 | record_time.R done.-------------------------------------- 

2022-03-01 10:52:10 | record_time.R ------------------------------------------- 
Timestamp: 2022-03-01 10:52:10 added.
2022-03-01 10:52:10 | record_time.R done.-------------------------------------- 

2022-03-01 10:52:50 | record_time.R ------------------------------------------- 
Timestamp: 2022-03-01 10:52:50 added.
2022-03-01 10:52:50 | record_time.R done.-------------------------------------- 

2022-03-01 11:17:01 | record_time.R ------------------------------------------- 
Timestamp: 2022-03-01 11:17:01 added.
2022-03-01 11:17:01 | record_time.R done.-------------------------------------- 

2022-03-01 11:17:41 | record_time.R ------------------------------------------- 
Timestamp: 2022-03-01 11:17:41 added.
2022-03-01 11:17:41 | record_time.R done.-------------------------------------- 

2022-03-01 11:41:52 | record_time.R ------------------------------------------- 
Timestamp: 2022-03-01 11:41:52 added.
2022-03-01 11:41:52 | record_time.R done.-------------------------------------- 

2022-03-01 11:42:32 | record_time.R ------------------------------------------- 
Timestamp: 2022-03-01 11:42:32 added.
2022-03-01 11:42:32 | record_time.R done.-------------------------------------- 

2022-03-01 12:22:48 | record_time.R ------------------------------------------- 
Timestamp: 2022-03-01 12:22:48 added.
2022-03-01 12:22:48 | record_time.R done.-------------------------------------- 

2022-03-01 12:25:01 | record_time.R ------------------------------------------- 
Timestamp: 2022-03-01 12:25:01 added.
2022-03-01 12:25:01 | record_time.R done.-------------------------------------- 

2022-03-01 12:34:51 | record_time.R ------------------------------------------- 
Warning: 2 parsing failures.
row      col   expected actual                                    file
  1 plate    an integer   none 'experiments/20220127_output/times.csv'
  1 transfer an integer   none 'experiments/20220127_output/times.csv'

Timestamp: 2022-03-01 12:34:51 added.
2022-03-01 12:34:51 | record_time.R done.-------------------------------------- 

2022-03-01 12:36:45 | record_time.R ------------------------------------------- 
Timestamp: 2022-03-01 12:36:45 added.
2022-03-01 12:36:45 | record_time.R done.-------------------------------------- 

2022-03-01 12:40:38 | record_time.R ------------------------------------------- 
Timestamp: 2022-03-01 12:40:38 added.
2022-03-01 12:40:38 | record_time.R done.-------------------------------------- 

2022-03-01 12:41:00 | record_time.R ------------------------------------------- 
Timestamp: 2022-03-01 12:41:00 added.
2022-03-01 12:41:01 | record_time.R done.-------------------------------------- 

2022-03-01 12:45:12 | record_time.R ------------------------------------------- 
Timestamp: 2022-03-01 12:45:12 added.
2022-03-01 12:45:12 | record_time.R done.-------------------------------------- 

2022-03-01 12:50:11 | record_time.R ------------------------------------------- 
Timestamp: 2022-03-01 12:50:11 added.
2022-03-01 12:50:11 | record_time.R done.-------------------------------------- 

2022-03-01 13:01:12 | record_time.R ------------------------------------------- 
Timestamp: 2022-03-01 13:01:12 added.
2022-03-01 13:01:12 | record_time.R done.-------------------------------------- 

2022-03-01 13:02:17 | record_time.R ------------------------------------------- 
Timestamp: 2022-03-01 13:02:17 added.
2022-03-01 13:02:17 | record_time.R done.-------------------------------------- 

2022-03-01 13:07:09 | record_time.R ------------------------------------------- 
Timestamp: 2022-03-01 13:07:09 added.
2022-03-01 13:07:09 | record_time.R done.-------------------------------------- 

2022-03-01 13:07:50 | record_time.R ------------------------------------------- 
Timestamp: 2022-03-01 13:07:50 added.
2022-03-01 13:07:50 | record_time.R done.-------------------------------------- 

2022-03-01 14:58:24 | record_time.R ------------------------------------------- 
Timestamp: 2022-03-01 14:58:24 added.
2022-03-01 14:58:24 | record_time.R done.-------------------------------------- 

2022-03-01 15:01:28 | record_time.R ------------------------------------------- 
Timestamp: 2022-03-01 15:01:28 added.
2022-03-01 15:01:28 | record_time.R done.-------------------------------------- 

2022-03-01 15:03:45 | record_time.R ------------------------------------------- 
Timestamp: 2022-03-01 15:03:45 added.
2022-03-01 15:03:45 | record_time.R done.-------------------------------------- 

2022-03-01 15:04:37 | record_time.R ------------------------------------------- 
Timestamp: 2022-03-01 15:04:37 added.
2022-03-01 15:04:37 | record_time.R done.-------------------------------------- 

2022-03-01 15:09:25 | record_time.R ------------------------------------------- 
Timestamp: 2022-03-01 15:09:25 added.
2022-03-01 15:09:25 | record_time.R done.-------------------------------------- 

2022-03-01 15:09:52 | record_time.R ------------------------------------------- 
Timestamp: 2022-03-01 15:09:52 added.
2022-03-01 15:09:52 | record_time.R done.-------------------------------------- 

2022-03-01 15:10:22 | record_time.R ------------------------------------------- 
Timestamp: 2022-03-01 15:10:22 added.
2022-03-01 15:10:22 | record_time.R done.-------------------------------------- 

2022-03-01 15:18:48 | record_time.R ------------------------------------------- 
Timestamp: 2022-03-01 15:18:48 added.
2022-03-01 15:18:48 | record_time.R done.-------------------------------------- 

2022-03-01 15:21:13 | record_time.R ------------------------------------------- 
Timestamp: 2022-03-01 15:21:13 added.
2022-03-01 15:21:13 | record_time.R done.-------------------------------------- 

2022-03-01 15:25:20 | record_time.R ------------------------------------------- 
Timestamp: 2022-03-01 15:25:20 added.
2022-03-01 15:25:20 | record_time.R done.-------------------------------------- 

2022-03-01 15:30:16 | record_time.R ------------------------------------------- 
Timestamp: 2022-03-01 15:30:16 added.
2022-03-01 15:30:16 | record_time.R done.-------------------------------------- 

2022-03-01 15:41:18 | record_time.R ------------------------------------------- 
Timestamp: 2022-03-01 15:41:18 added.
2022-03-01 15:41:18 | record_time.R done.-------------------------------------- 

2022-03-01 15:42:24 | record_time.R ------------------------------------------- 
Timestamp: 2022-03-01 15:42:24 added.
2022-03-01 15:42:24 | record_time.R done.-------------------------------------- 

2022-03-01 15:47:14 | record_time.R ------------------------------------------- 
Timestamp: 2022-03-01 15:47:14 added.
2022-03-01 15:47:14 | record_time.R done.-------------------------------------- 

2022-03-01 15:47:56 | record_time.R ------------------------------------------- 
Timestamp: 2022-03-01 15:47:56 added.
2022-03-01 15:47:56 | record_time.R done.-------------------------------------- 

2022-03-01 17:38:29 | record_time.R ------------------------------------------- 
Timestamp: 2022-03-01 17:38:29 added.
2022-03-01 17:38:29 | record_time.R done.-------------------------------------- 

2022-03-01 17:41:32 | record_time.R ------------------------------------------- 
Timestamp: 2022-03-01 17:41:32 added.
2022-03-01 17:41:32 | record_time.R done.-------------------------------------- 

2022-03-01 17:43:50 | record_time.R ------------------------------------------- 
Timestamp: 2022-03-01 17:43:50 added.
2022-03-01 17:43:50 | record_time.R done.-------------------------------------- 

2022-03-01 17:44:42 | record_time.R ------------------------------------------- 
Timestamp: 2022-03-01 17:44:42 added.
2022-03-01 17:44:42 | record_time.R done.-------------------------------------- 

2022-03-01 17:49:29 | record_time.R ------------------------------------------- 
Timestamp: 2022-03-01 17:49:29 added.
2022-03-01 17:49:29 | record_time.R done.-------------------------------------- 

2022-03-01 17:49:56 | record_time.R ------------------------------------------- 
Timestamp: 2022-03-01 17:49:56 added.
2022-03-01 17:49:56 | record_time.R done.-------------------------------------- 

2022-03-01 17:50:26 | record_time.R ------------------------------------------- 
Timestamp: 2022-03-01 17:50:26 added.
2022-03-01 17:50:26 | record_time.R done.-------------------------------------- 

2022-03-01 17:58:52 | record_time.R ------------------------------------------- 
Timestamp: 2022-03-01 17:58:52 added.
2022-03-01 17:58:52 | record_time.R done.-------------------------------------- 

2022-03-01 18:01:17 | record_time.R ------------------------------------------- 
Timestamp: 2022-03-01 18:01:17 added.
2022-03-01 18:01:17 | record_time.R done.-------------------------------------- 

2022-03-01 18:05:20 | record_time.R ------------------------------------------- 
Timestamp: 2022-03-01 18:05:20 added.
2022-03-01 18:05:20 | record_time.R done.-------------------------------------- 

2022-03-01 18:10:17 | record_time.R ------------------------------------------- 
Timestamp: 2022-03-01 18:10:17 added.
2022-03-01 18:10:17 | record_time.R done.-------------------------------------- 

2022-03-01 18:21:18 | record_time.R ------------------------------------------- 
Timestamp: 2022-03-01 18:21:18 added.
2022-03-01 18:21:18 | record_time.R done.-------------------------------------- 

2022-03-01 18:22:24 | record_time.R ------------------------------------------- 
Timestamp: 2022-03-01 18:22:24 added.
2022-03-01 18:22:24 | record_time.R done.-------------------------------------- 

2022-03-01 18:27:15 | record_time.R ------------------------------------------- 
Timestamp: 2022-03-01 18:27:15 added.
2022-03-01 18:27:15 | record_time.R done.-------------------------------------- 

2022-03-01 18:27:57 | record_time.R ------------------------------------------- 
Timestamp: 2022-03-01 18:27:57 added.
2022-03-01 18:27:57 | record_time.R done.-------------------------------------- 

2022-03-01 20:18:30 | record_time.R ------------------------------------------- 
Timestamp: 2022-03-01 20:18:30 added.
2022-03-01 20:18:30 | record_time.R done.-------------------------------------- 

2022-03-01 20:21:33 | record_time.R ------------------------------------------- 
Timestamp: 2022-03-01 20:21:33 added.
2022-03-01 20:21:33 | record_time.R done.-------------------------------------- 

2022-03-01 20:23:51 | record_time.R ------------------------------------------- 
Timestamp: 2022-03-01 20:23:51 added.
2022-03-01 20:23:51 | record_time.R done.-------------------------------------- 

2022-03-01 20:24:43 | record_time.R ------------------------------------------- 
Timestamp: 2022-03-01 20:24:43 added.
2022-03-01 20:24:43 | record_time.R done.-------------------------------------- 

2022-03-01 20:29:31 | record_time.R ------------------------------------------- 
Timestamp: 2022-03-01 20:29:31 added.
2022-03-01 20:29:31 | record_time.R done.-------------------------------------- 

2022-03-01 20:29:58 | record_time.R ------------------------------------------- 
Timestamp: 2022-03-01 20:29:58 added.
2022-03-01 20:29:58 | record_time.R done.-------------------------------------- 

2022-03-01 20:30:28 | record_time.R ------------------------------------------- 
Timestamp: 2022-03-01 20:30:28 added.
2022-03-01 20:30:28 | record_time.R done.-------------------------------------- 

2022-03-01 20:38:55 | record_time.R ------------------------------------------- 
Timestamp: 2022-03-01 20:38:55 added.
2022-03-01 20:38:55 | record_time.R done.-------------------------------------- 

2022-03-01 20:41:18 | record_time.R ------------------------------------------- 
Timestamp: 2022-03-01 20:41:19 added.
2022-03-01 20:41:19 | record_time.R done.-------------------------------------- 

2022-03-01 20:45:32 | record_time.R ------------------------------------------- 
Timestamp: 2022-03-01 20:45:32 added.
2022-03-01 20:45:32 | record_time.R done.-------------------------------------- 

2022-03-01 20:50:30 | record_time.R ------------------------------------------- 
Timestamp: 2022-03-01 20:50:30 added.
2022-03-01 20:50:30 | record_time.R done.-------------------------------------- 

2022-03-01 21:01:29 | record_time.R ------------------------------------------- 
Timestamp: 2022-03-01 21:01:29 added.
2022-03-01 21:01:29 | record_time.R done.-------------------------------------- 

2022-03-01 21:02:35 | record_time.R ------------------------------------------- 
Timestamp: 2022-03-01 21:02:35 added.
2022-03-01 21:02:35 | record_time.R done.-------------------------------------- 

2022-03-01 21:07:27 | record_time.R ------------------------------------------- 
Timestamp: 2022-03-01 21:07:27 added.
2022-03-01 21:07:27 | record_time.R done.-------------------------------------- 

2022-03-01 21:08:08 | record_time.R ------------------------------------------- 
Timestamp: 2022-03-01 21:08:08 added.
2022-03-01 21:08:08 | record_time.R done.-------------------------------------- 

2022-03-01 22:58:45 | record_time.R ------------------------------------------- 
Timestamp: 2022-03-01 22:58:45 added.
2022-03-01 22:58:45 | record_time.R done.-------------------------------------- 

2022-03-01 23:01:47 | record_time.R ------------------------------------------- 
Timestamp: 2022-03-01 23:01:47 added.
2022-03-01 23:01:47 | record_time.R done.-------------------------------------- 

2022-03-01 23:04:05 | record_time.R ------------------------------------------- 
Timestamp: 2022-03-01 23:04:05 added.
2022-03-01 23:04:06 | record_time.R done.-------------------------------------- 

2022-03-01 23:04:57 | record_time.R ------------------------------------------- 
Timestamp: 2022-03-01 23:04:57 added.
2022-03-01 23:04:57 | record_time.R done.-------------------------------------- 

2022-03-01 23:09:45 | record_time.R ------------------------------------------- 
Timestamp: 2022-03-01 23:09:45 added.
2022-03-01 23:09:45 | record_time.R done.-------------------------------------- 

2022-03-01 23:10:12 | record_time.R ------------------------------------------- 
Timestamp: 2022-03-01 23:10:12 added.
2022-03-01 23:10:12 | record_time.R done.-------------------------------------- 

2022-03-01 23:10:42 | record_time.R ------------------------------------------- 
Timestamp: 2022-03-01 23:10:42 added.
2022-03-01 23:10:42 | record_time.R done.-------------------------------------- 

2022-03-01 23:19:08 | record_time.R ------------------------------------------- 
Timestamp: 2022-03-01 23:19:08 added.
2022-03-01 23:19:08 | record_time.R done.-------------------------------------- 

2022-03-01 23:21:32 | record_time.R ------------------------------------------- 
Timestamp: 2022-03-01 23:21:32 added.
2022-03-01 23:21:32 | record_time.R done.-------------------------------------- 

2022-03-01 23:25:40 | record_time.R ------------------------------------------- 
Timestamp: 2022-03-01 23:25:40 added.
2022-03-01 23:25:40 | record_time.R done.-------------------------------------- 

2022-03-01 23:30:36 | record_time.R ------------------------------------------- 
Timestamp: 2022-03-01 23:30:36 added.
2022-03-01 23:30:36 | record_time.R done.-------------------------------------- 

2022-03-01 23:41:38 | record_time.R ------------------------------------------- 
Timestamp: 2022-03-01 23:41:38 added.
2022-03-01 23:41:38 | record_time.R done.-------------------------------------- 

2022-03-01 23:42:44 | record_time.R ------------------------------------------- 
Timestamp: 2022-03-01 23:42:44 added.
2022-03-01 23:42:44 | record_time.R done.-------------------------------------- 

2022-03-01 23:47:35 | record_time.R ------------------------------------------- 
Timestamp: 2022-03-01 23:47:35 added.
2022-03-01 23:47:35 | record_time.R done.-------------------------------------- 

2022-03-01 23:48:16 | record_time.R ------------------------------------------- 
Timestamp: 2022-03-01 23:48:16 added.
2022-03-01 23:48:16 | record_time.R done.-------------------------------------- 

2022-03-02 01:38:50 | record_time.R ------------------------------------------- 
Timestamp: 2022-03-02 01:38:50 added.
2022-03-02 01:38:50 | record_time.R done.-------------------------------------- 

2022-03-02 01:41:53 | record_time.R ------------------------------------------- 
Timestamp: 2022-03-02 01:41:53 added.
2022-03-02 01:41:53 | record_time.R done.-------------------------------------- 

2022-03-02 01:44:10 | record_time.R ------------------------------------------- 
Timestamp: 2022-03-02 01:44:10 added.
2022-03-02 01:44:11 | record_time.R done.-------------------------------------- 

2022-03-02 01:45:03 | record_time.R ------------------------------------------- 
Timestamp: 2022-03-02 01:45:03 added.
2022-03-02 01:45:03 | record_time.R done.-------------------------------------- 

2022-03-02 01:49:51 | record_time.R ------------------------------------------- 
Timestamp: 2022-03-02 01:49:51 added.
2022-03-02 01:49:51 | record_time.R done.-------------------------------------- 

2022-03-02 01:50:19 | record_time.R ------------------------------------------- 
Timestamp: 2022-03-02 01:50:19 added.
2022-03-02 01:50:19 | record_time.R done.-------------------------------------- 

2022-03-02 01:50:48 | record_time.R ------------------------------------------- 
Timestamp: 2022-03-02 01:50:48 added.
2022-03-02 01:50:48 | record_time.R done.-------------------------------------- 

2022-03-02 01:59:16 | record_time.R ------------------------------------------- 
Timestamp: 2022-03-02 01:59:16 added.
2022-03-02 01:59:16 | record_time.R done.-------------------------------------- 

2022-03-02 02:01:40 | record_time.R ------------------------------------------- 
Timestamp: 2022-03-02 02:01:40 added.
2022-03-02 02:01:40 | record_time.R done.-------------------------------------- 

2022-03-02 02:05:44 | record_time.R ------------------------------------------- 
Timestamp: 2022-03-02 02:05:44 added.
2022-03-02 02:05:44 | record_time.R done.-------------------------------------- 

2022-03-02 02:10:41 | record_time.R ------------------------------------------- 
Timestamp: 2022-03-02 02:10:41 added.
2022-03-02 02:10:41 | record_time.R done.-------------------------------------- 

2022-03-02 02:21:43 | record_time.R ------------------------------------------- 
Timestamp: 2022-03-02 02:21:43 added.
2022-03-02 02:21:43 | record_time.R done.-------------------------------------- 

2022-03-02 02:22:48 | record_time.R ------------------------------------------- 
Timestamp: 2022-03-02 02:22:48 added.
2022-03-02 02:22:48 | record_time.R done.-------------------------------------- 

2022-03-02 02:27:39 | record_time.R ------------------------------------------- 
Timestamp: 2022-03-02 02:27:39 added.
2022-03-02 02:27:39 | record_time.R done.-------------------------------------- 

2022-03-02 02:28:20 | record_time.R ------------------------------------------- 
Timestamp: 2022-03-02 02:28:20 added.
2022-03-02 02:28:20 | record_time.R done.-------------------------------------- 

2022-03-02 04:18:54 | record_time.R ------------------------------------------- 
Timestamp: 2022-03-02 04:18:54 added.
2022-03-02 04:18:54 | record_time.R done.-------------------------------------- 

2022-03-02 04:21:57 | record_time.R ------------------------------------------- 
Timestamp: 2022-03-02 04:21:57 added.
2022-03-02 04:21:57 | record_time.R done.-------------------------------------- 

2022-03-02 04:24:15 | record_time.R ------------------------------------------- 
Timestamp: 2022-03-02 04:24:15 added.
2022-03-02 04:24:15 | record_time.R done.-------------------------------------- 

2022-03-02 04:25:07 | record_time.R ------------------------------------------- 
Timestamp: 2022-03-02 04:25:07 added.
2022-03-02 04:25:07 | record_time.R done.-------------------------------------- 

2022-03-02 04:29:54 | record_time.R ------------------------------------------- 
Timestamp: 2022-03-02 04:29:54 added.
2022-03-02 04:29:54 | record_time.R done.-------------------------------------- 

2022-03-02 04:30:22 | record_time.R ------------------------------------------- 
Timestamp: 2022-03-02 04:30:22 added.
2022-03-02 04:30:22 | record_time.R done.-------------------------------------- 

2022-03-02 04:30:52 | record_time.R ------------------------------------------- 
Timestamp: 2022-03-02 04:30:52 added.
2022-03-02 04:30:52 | record_time.R done.-------------------------------------- 

2022-03-02 04:39:21 | record_time.R ------------------------------------------- 
Timestamp: 2022-03-02 04:39:21 added.
2022-03-02 04:39:21 | record_time.R done.-------------------------------------- 

2022-03-02 04:41:35 | record_time.R ------------------------------------------- 
Timestamp: 2022-03-02 04:41:35 added.
2022-03-02 04:41:35 | record_time.R done.-------------------------------------- 

2022-03-02 13:52:34 | record_time.R ------------------------------------------- 
Timestamp: 2022-03-02 13:52:34 added.
2022-03-02 13:52:34 | record_time.R done.-------------------------------------- 

2022-03-02 16:17:25 | record_time.R ------------------------------------------- 
Timestamp: 2022-03-02 16:17:25 added.
2022-03-02 16:17:25 | record_time.R done.-------------------------------------- 

2022-03-02 18:41:55 | record_time.R ------------------------------------------- 
Timestamp: 2022-03-02 18:41:55 added.
2022-03-02 18:41:55 | record_time.R done.-------------------------------------- 

2022-03-02 21:06:33 | record_time.R ------------------------------------------- 
Timestamp: 2022-03-02 21:06:33 added.
2022-03-02 21:06:33 | record_time.R done.-------------------------------------- 

2022-03-02 23:31:08 | record_time.R ------------------------------------------- 
Timestamp: 2022-03-02 23:31:08 added.
2022-03-02 23:31:08 | record_time.R done.-------------------------------------- 

2022-03-03 01:55:45 | record_time.R ------------------------------------------- 
Timestamp: 2022-03-03 01:55:45 added.
2022-03-03 01:55:45 | record_time.R done.-------------------------------------- 

2022-03-03 10:02:39 | record_time.R ------------------------------------------- 
Timestamp: 2022-03-03 10:02:39 added.
2022-03-03 10:02:39 | record_time.R done.-------------------------------------- 

2022-03-03 11:01:28 | record_time.R ------------------------------------------- 
Timestamp: 2022-03-03 11:01:28 added.
2022-03-03 11:01:28 | record_time.R done.-------------------------------------- 

2022-03-03 11:25:29 | record_time.R ------------------------------------------- 
Timestamp: 2022-03-03 11:25:29 added.
2022-03-03 11:25:29 | record_time.R done.-------------------------------------- 

2022-03-03 11:46:15 | record_time.R ------------------------------------------- 
Timestamp: 2022-03-03 11:46:15 added.
2022-03-03 11:46:15 | record_time.R done.-------------------------------------- 

2022-03-03 12:06:52 | record_time.R ------------------------------------------- 
Timestamp: 2022-03-03 12:06:52 added.
2022-03-03 12:06:52 | record_time.R done.-------------------------------------- 

2022-03-03 12:27:28 | record_time.R ------------------------------------------- 
Timestamp: 2022-03-03 12:27:28 added.
2022-03-03 12:27:28 | record_time.R done.-------------------------------------- 

