2022-02-25 11:27:24 | record_time.R ------------------------------------------- 
Timestamp: 2022-02-25 11:27:24 added.
2022-02-25 11:27:24 | record_time.R done.-------------------------------------- 

2022-02-25 11:27:26 | record_time.R ------------------------------------------- 
Timestamp: 2022-02-25 11:27:26 added.
2022-02-25 11:27:26 | record_time.R done.-------------------------------------- 

2022-02-25 11:37:58 | record_time.R ------------------------------------------- 
Timestamp: 2022-02-25 11:37:58 added.
2022-02-25 11:37:58 | record_time.R done.-------------------------------------- 

2022-02-25 11:38:29 | record_time.R ------------------------------------------- 
Timestamp: 2022-02-25 11:38:29 added.
2022-02-25 11:38:29 | record_time.R done.-------------------------------------- 

2022-02-25 11:59:45 | record_time.R ------------------------------------------- 
Timestamp: 2022-02-25 11:59:45 added.
2022-02-25 11:59:45 | record_time.R done.-------------------------------------- 

2022-02-25 12:00:25 | record_time.R ------------------------------------------- 
Timestamp: 2022-02-25 12:00:25 added.
2022-02-25 12:00:25 | record_time.R done.-------------------------------------- 

2022-02-25 12:25:21 | record_time.R ------------------------------------------- 
Timestamp: 2022-02-25 12:25:21 added.
2022-02-25 12:25:21 | record_time.R done.-------------------------------------- 

2022-02-25 12:26:02 | record_time.R ------------------------------------------- 
Timestamp: 2022-02-25 12:26:02 added.
2022-02-25 12:26:02 | record_time.R done.-------------------------------------- 

2022-02-25 12:51:00 | record_time.R ------------------------------------------- 
Timestamp: 2022-02-25 12:51:00 added.
2022-02-25 12:51:00 | record_time.R done.-------------------------------------- 

2022-02-25 12:51:41 | record_time.R ------------------------------------------- 
Timestamp: 2022-02-25 12:51:41 added.
2022-02-25 12:51:41 | record_time.R done.-------------------------------------- 

2022-02-25 13:16:38 | record_time.R ------------------------------------------- 
Timestamp: 2022-02-25 13:16:38 added.
2022-02-25 13:16:38 | record_time.R done.-------------------------------------- 

2022-02-25 13:17:19 | record_time.R ------------------------------------------- 
Timestamp: 2022-02-25 13:17:19 added.
2022-02-25 13:17:19 | record_time.R done.-------------------------------------- 

2022-02-25 13:42:22 | record_time.R ------------------------------------------- 
Timestamp: 2022-02-25 13:42:22 added.
2022-02-25 13:42:22 | record_time.R done.-------------------------------------- 

2022-02-25 13:43:01 | record_time.R ------------------------------------------- 
Timestamp: 2022-02-25 13:43:01 added.
2022-02-25 13:43:01 | record_time.R done.-------------------------------------- 

2022-02-25 14:26:48 | record_time.R ------------------------------------------- 
Timestamp: 2022-02-25 14:26:48 added.
2022-02-25 14:26:48 | record_time.R done.-------------------------------------- 

2022-02-25 14:29:08 | record_time.R ------------------------------------------- 
Timestamp: 2022-02-25 14:29:08 added.
2022-02-25 14:29:08 | record_time.R done.-------------------------------------- 

2022-02-25 14:39:01 | record_time.R ------------------------------------------- 
Warning: 2 parsing failures.
row      col   expected actual                                    file
  1 plate    an integer   none 'experiments/20220127_output/times.csv'
  1 transfer an integer   none 'experiments/20220127_output/times.csv'

Timestamp: 2022-02-25 14:39:01 added.
2022-02-25 14:39:01 | record_time.R done.-------------------------------------- 

2022-02-25 14:40:55 | record_time.R ------------------------------------------- 
Timestamp: 2022-02-25 14:40:55 added.
2022-02-25 14:40:55 | record_time.R done.-------------------------------------- 

2022-02-25 14:44:55 | record_time.R ------------------------------------------- 
Timestamp: 2022-02-25 14:44:55 added.
2022-02-25 14:44:55 | record_time.R done.-------------------------------------- 

2022-02-25 14:45:17 | record_time.R ------------------------------------------- 
Timestamp: 2022-02-25 14:45:17 added.
2022-02-25 14:45:17 | record_time.R done.-------------------------------------- 

2022-02-25 14:49:26 | record_time.R ------------------------------------------- 
Timestamp: 2022-02-25 14:49:26 added.
2022-02-25 14:49:26 | record_time.R done.-------------------------------------- 

2022-02-25 14:54:24 | record_time.R ------------------------------------------- 
Timestamp: 2022-02-25 14:54:24 added.
2022-02-25 14:54:24 | record_time.R done.-------------------------------------- 

2022-02-25 15:11:09 | record_time.R ------------------------------------------- 
Timestamp: 2022-02-25 15:11:09 added.
2022-02-25 15:11:09 | record_time.R done.-------------------------------------- 

2022-02-25 15:12:16 | record_time.R ------------------------------------------- 
Timestamp: 2022-02-25 15:12:16 added.
2022-02-25 15:12:16 | record_time.R done.-------------------------------------- 

2022-02-25 15:17:07 | record_time.R ------------------------------------------- 
Timestamp: 2022-02-25 15:17:07 added.
2022-02-25 15:17:07 | record_time.R done.-------------------------------------- 

2022-02-25 15:17:48 | record_time.R ------------------------------------------- 
Timestamp: 2022-02-25 15:17:48 added.
2022-02-25 15:17:49 | record_time.R done.-------------------------------------- 

2022-02-25 17:08:19 | record_time.R ------------------------------------------- 
Timestamp: 2022-02-25 17:08:19 added.
2022-02-25 17:08:19 | record_time.R done.-------------------------------------- 

2022-02-25 17:11:55 | record_time.R ------------------------------------------- 
Timestamp: 2022-02-25 17:11:55 added.
2022-02-25 17:11:55 | record_time.R done.-------------------------------------- 

2022-02-25 17:14:12 | record_time.R ------------------------------------------- 
Timestamp: 2022-02-25 17:14:12 added.
2022-02-25 17:14:12 | record_time.R done.-------------------------------------- 

2022-02-25 17:15:05 | record_time.R ------------------------------------------- 
Timestamp: 2022-02-25 17:15:05 added.
2022-02-25 17:15:05 | record_time.R done.-------------------------------------- 

2022-02-25 17:19:52 | record_time.R ------------------------------------------- 
Timestamp: 2022-02-25 17:19:52 added.
2022-02-25 17:19:52 | record_time.R done.-------------------------------------- 

2022-02-25 17:20:22 | record_time.R ------------------------------------------- 
Timestamp: 2022-02-25 17:20:22 added.
2022-02-25 17:20:22 | record_time.R done.-------------------------------------- 

2022-02-25 17:20:52 | record_time.R ------------------------------------------- 
Timestamp: 2022-02-25 17:20:52 added.
2022-02-25 17:20:52 | record_time.R done.-------------------------------------- 

2022-02-25 17:29:22 | record_time.R ------------------------------------------- 
Timestamp: 2022-02-25 17:29:22 added.
2022-02-25 17:29:22 | record_time.R done.-------------------------------------- 

2022-02-25 17:31:47 | record_time.R ------------------------------------------- 
Timestamp: 2022-02-25 17:31:47 added.
2022-02-25 17:31:47 | record_time.R done.-------------------------------------- 

2022-02-25 17:35:48 | record_time.R ------------------------------------------- 
Timestamp: 2022-02-25 17:35:48 added.
2022-02-25 17:35:48 | record_time.R done.-------------------------------------- 

2022-02-25 17:40:44 | record_time.R ------------------------------------------- 
Timestamp: 2022-02-25 17:40:44 added.
2022-02-25 17:40:44 | record_time.R done.-------------------------------------- 

2022-02-25 17:57:30 | record_time.R ------------------------------------------- 
Timestamp: 2022-02-25 17:57:30 added.
2022-02-25 17:57:30 | record_time.R done.-------------------------------------- 

2022-02-25 17:58:35 | record_time.R ------------------------------------------- 
Timestamp: 2022-02-25 17:58:35 added.
2022-02-25 17:58:35 | record_time.R done.-------------------------------------- 

2022-02-25 18:03:27 | record_time.R ------------------------------------------- 
Timestamp: 2022-02-25 18:03:27 added.
2022-02-25 18:03:27 | record_time.R done.-------------------------------------- 

2022-02-25 18:04:08 | record_time.R ------------------------------------------- 
Timestamp: 2022-02-25 18:04:08 added.
2022-02-25 18:04:08 | record_time.R done.-------------------------------------- 

2022-02-25 19:54:36 | record_time.R ------------------------------------------- 
Timestamp: 2022-02-25 19:54:36 added.
2022-02-25 19:54:36 | record_time.R done.-------------------------------------- 

2022-02-25 19:58:12 | record_time.R ------------------------------------------- 
Timestamp: 2022-02-25 19:58:12 added.
2022-02-25 19:58:12 | record_time.R done.-------------------------------------- 

2022-02-25 20:00:30 | record_time.R ------------------------------------------- 
Timestamp: 2022-02-25 20:00:30 added.
2022-02-25 20:00:30 | record_time.R done.-------------------------------------- 

2022-02-25 20:01:22 | record_time.R ------------------------------------------- 
Timestamp: 2022-02-25 20:01:22 added.
2022-02-25 20:01:22 | record_time.R done.-------------------------------------- 

2022-02-25 20:06:10 | record_time.R ------------------------------------------- 
Timestamp: 2022-02-25 20:06:10 added.
2022-02-25 20:06:10 | record_time.R done.-------------------------------------- 

2022-02-25 20:06:40 | record_time.R ------------------------------------------- 
Timestamp: 2022-02-25 20:06:40 added.
2022-02-25 20:06:40 | record_time.R done.-------------------------------------- 

2022-02-25 20:07:10 | record_time.R ------------------------------------------- 
Timestamp: 2022-02-25 20:07:10 added.
2022-02-25 20:07:10 | record_time.R done.-------------------------------------- 

2022-02-25 20:15:40 | record_time.R ------------------------------------------- 
Timestamp: 2022-02-25 20:15:40 added.
2022-02-25 20:15:40 | record_time.R done.-------------------------------------- 

2022-02-25 20:18:04 | record_time.R ------------------------------------------- 
Timestamp: 2022-02-25 20:18:04 added.
2022-02-25 20:18:04 | record_time.R done.-------------------------------------- 

2022-02-25 20:22:02 | record_time.R ------------------------------------------- 
Timestamp: 2022-02-25 20:22:02 added.
2022-02-25 20:22:02 | record_time.R done.-------------------------------------- 

2022-02-25 20:26:59 | record_time.R ------------------------------------------- 
Timestamp: 2022-02-25 20:26:59 added.
2022-02-25 20:26:59 | record_time.R done.-------------------------------------- 

2022-02-25 20:43:45 | record_time.R ------------------------------------------- 
Timestamp: 2022-02-25 20:43:45 added.
2022-02-25 20:43:45 | record_time.R done.-------------------------------------- 

2022-02-25 20:44:52 | record_time.R ------------------------------------------- 
Timestamp: 2022-02-25 20:44:52 added.
2022-02-25 20:44:52 | record_time.R done.-------------------------------------- 

2022-02-25 20:49:43 | record_time.R ------------------------------------------- 
Timestamp: 2022-02-25 20:49:43 added.
2022-02-25 20:49:43 | record_time.R done.-------------------------------------- 

2022-02-25 20:50:24 | record_time.R ------------------------------------------- 
Timestamp: 2022-02-25 20:50:24 added.
2022-02-25 20:50:24 | record_time.R done.-------------------------------------- 

2022-02-25 22:40:53 | record_time.R ------------------------------------------- 
Timestamp: 2022-02-25 22:40:53 added.
2022-02-25 22:40:53 | record_time.R done.-------------------------------------- 

2022-02-25 22:44:29 | record_time.R ------------------------------------------- 
Timestamp: 2022-02-25 22:44:29 added.
2022-02-25 22:44:29 | record_time.R done.-------------------------------------- 

2022-02-25 22:46:47 | record_time.R ------------------------------------------- 
Timestamp: 2022-02-25 22:46:47 added.
2022-02-25 22:46:47 | record_time.R done.-------------------------------------- 

2022-02-25 22:47:39 | record_time.R ------------------------------------------- 
Timestamp: 2022-02-25 22:47:40 added.
2022-02-25 22:47:40 | record_time.R done.-------------------------------------- 

2022-02-25 22:52:27 | record_time.R ------------------------------------------- 
Timestamp: 2022-02-25 22:52:27 added.
2022-02-25 22:52:27 | record_time.R done.-------------------------------------- 

2022-02-25 22:52:56 | record_time.R ------------------------------------------- 
Timestamp: 2022-02-25 22:52:56 added.
2022-02-25 22:52:56 | record_time.R done.-------------------------------------- 

2022-02-25 22:53:26 | record_time.R ------------------------------------------- 
Timestamp: 2022-02-25 22:53:26 added.
2022-02-25 22:53:26 | record_time.R done.-------------------------------------- 

2022-02-25 23:01:56 | record_time.R ------------------------------------------- 
Timestamp: 2022-02-25 23:01:56 added.
2022-02-25 23:01:56 | record_time.R done.-------------------------------------- 

2022-02-25 23:04:20 | record_time.R ------------------------------------------- 
Timestamp: 2022-02-25 23:04:20 added.
2022-02-25 23:04:20 | record_time.R done.-------------------------------------- 

2022-02-25 23:08:25 | record_time.R ------------------------------------------- 
Timestamp: 2022-02-25 23:08:25 added.
2022-02-25 23:08:25 | record_time.R done.-------------------------------------- 

2022-02-25 23:13:21 | record_time.R ------------------------------------------- 
Timestamp: 2022-02-25 23:13:21 added.
2022-02-25 23:13:21 | record_time.R done.-------------------------------------- 

2022-02-25 23:30:08 | record_time.R ------------------------------------------- 
Timestamp: 2022-02-25 23:30:08 added.
2022-02-25 23:30:08 | record_time.R done.-------------------------------------- 

2022-02-25 23:31:15 | record_time.R ------------------------------------------- 
Timestamp: 2022-02-25 23:31:15 added.
2022-02-25 23:31:15 | record_time.R done.-------------------------------------- 

2022-02-25 23:36:06 | record_time.R ------------------------------------------- 
Timestamp: 2022-02-25 23:36:06 added.
2022-02-25 23:36:06 | record_time.R done.-------------------------------------- 

2022-02-25 23:36:47 | record_time.R ------------------------------------------- 
Timestamp: 2022-02-25 23:36:47 added.
2022-02-25 23:36:47 | record_time.R done.-------------------------------------- 

2022-02-26 01:27:16 | record_time.R ------------------------------------------- 
Timestamp: 2022-02-26 01:27:16 added.
2022-02-26 01:27:16 | record_time.R done.-------------------------------------- 

2022-02-26 01:30:51 | record_time.R ------------------------------------------- 
Timestamp: 2022-02-26 01:30:51 added.
2022-02-26 01:30:51 | record_time.R done.-------------------------------------- 

2022-02-26 01:33:09 | record_time.R ------------------------------------------- 
Timestamp: 2022-02-26 01:33:09 added.
2022-02-26 01:33:09 | record_time.R done.-------------------------------------- 

2022-02-26 01:34:01 | record_time.R ------------------------------------------- 
Timestamp: 2022-02-26 01:34:01 added.
2022-02-26 01:34:01 | record_time.R done.-------------------------------------- 

2022-02-26 01:38:48 | record_time.R ------------------------------------------- 
Timestamp: 2022-02-26 01:38:48 added.
2022-02-26 01:38:48 | record_time.R done.-------------------------------------- 

2022-02-26 01:39:18 | record_time.R ------------------------------------------- 
Timestamp: 2022-02-26 01:39:18 added.
2022-02-26 01:39:18 | record_time.R done.-------------------------------------- 

2022-02-26 01:39:48 | record_time.R ------------------------------------------- 
Timestamp: 2022-02-26 01:39:48 added.
2022-02-26 01:39:48 | record_time.R done.-------------------------------------- 

2022-02-26 01:48:18 | record_time.R ------------------------------------------- 
Timestamp: 2022-02-26 01:48:18 added.
2022-02-26 01:48:18 | record_time.R done.-------------------------------------- 

2022-02-26 01:50:42 | record_time.R ------------------------------------------- 
Timestamp: 2022-02-26 01:50:42 added.
2022-02-26 01:50:42 | record_time.R done.-------------------------------------- 

2022-02-26 01:54:43 | record_time.R ------------------------------------------- 
Timestamp: 2022-02-26 01:54:43 added.
2022-02-26 01:54:43 | record_time.R done.-------------------------------------- 

2022-02-26 01:59:39 | record_time.R ------------------------------------------- 
Timestamp: 2022-02-26 01:59:39 added.
2022-02-26 01:59:39 | record_time.R done.-------------------------------------- 

2022-02-26 02:16:26 | record_time.R ------------------------------------------- 
Timestamp: 2022-02-26 02:16:26 added.
2022-02-26 02:16:26 | record_time.R done.-------------------------------------- 

2022-02-26 02:17:32 | record_time.R ------------------------------------------- 
Timestamp: 2022-02-26 02:17:32 added.
2022-02-26 02:17:33 | record_time.R done.-------------------------------------- 

2022-02-26 02:22:24 | record_time.R ------------------------------------------- 
Timestamp: 2022-02-26 02:22:24 added.
2022-02-26 02:22:24 | record_time.R done.-------------------------------------- 

2022-02-26 02:23:05 | record_time.R ------------------------------------------- 
Timestamp: 2022-02-26 02:23:05 added.
2022-02-26 02:23:05 | record_time.R done.-------------------------------------- 

2022-02-26 04:13:34 | record_time.R ------------------------------------------- 
Timestamp: 2022-02-26 04:13:34 added.
2022-02-26 04:13:34 | record_time.R done.-------------------------------------- 

2022-02-26 04:17:09 | record_time.R ------------------------------------------- 
Timestamp: 2022-02-26 04:17:09 added.
2022-02-26 04:17:09 | record_time.R done.-------------------------------------- 

2022-02-26 04:19:27 | record_time.R ------------------------------------------- 
Timestamp: 2022-02-26 04:19:28 added.
2022-02-26 04:19:28 | record_time.R done.-------------------------------------- 

2022-02-26 04:20:20 | record_time.R ------------------------------------------- 
Timestamp: 2022-02-26 04:20:20 added.
2022-02-26 04:20:20 | record_time.R done.-------------------------------------- 

2022-02-26 04:25:07 | record_time.R ------------------------------------------- 
Timestamp: 2022-02-26 04:25:07 added.
2022-02-26 04:25:08 | record_time.R done.-------------------------------------- 

2022-02-26 04:25:37 | record_time.R ------------------------------------------- 
Timestamp: 2022-02-26 04:25:37 added.
2022-02-26 04:25:37 | record_time.R done.-------------------------------------- 

2022-02-26 04:26:07 | record_time.R ------------------------------------------- 
Timestamp: 2022-02-26 04:26:07 added.
2022-02-26 04:26:07 | record_time.R done.-------------------------------------- 

2022-02-26 04:34:37 | record_time.R ------------------------------------------- 
Timestamp: 2022-02-26 04:34:37 added.
2022-02-26 04:34:37 | record_time.R done.-------------------------------------- 

2022-02-26 04:37:00 | record_time.R ------------------------------------------- 
Timestamp: 2022-02-26 04:37:00 added.
2022-02-26 04:37:01 | record_time.R done.-------------------------------------- 

2022-02-26 04:40:59 | record_time.R ------------------------------------------- 
Timestamp: 2022-02-26 04:40:59 added.
2022-02-26 04:40:59 | record_time.R done.-------------------------------------- 

2022-02-26 04:45:54 | record_time.R ------------------------------------------- 
Timestamp: 2022-02-26 04:45:54 added.
2022-02-26 04:45:54 | record_time.R done.-------------------------------------- 

2022-02-26 05:02:42 | record_time.R ------------------------------------------- 
Timestamp: 2022-02-26 05:02:42 added.
2022-02-26 05:02:42 | record_time.R done.-------------------------------------- 

2022-02-26 05:03:49 | record_time.R ------------------------------------------- 
Timestamp: 2022-02-26 05:03:49 added.
2022-02-26 05:03:49 | record_time.R done.-------------------------------------- 

2022-02-26 05:08:40 | record_time.R ------------------------------------------- 
Timestamp: 2022-02-26 05:08:40 added.
2022-02-26 05:08:40 | record_time.R done.-------------------------------------- 

2022-02-26 05:09:21 | record_time.R ------------------------------------------- 
Timestamp: 2022-02-26 05:09:21 added.
2022-02-26 05:09:21 | record_time.R done.-------------------------------------- 

2022-02-26 06:59:48 | record_time.R ------------------------------------------- 
Timestamp: 2022-02-26 06:59:48 added.
2022-02-26 06:59:49 | record_time.R done.-------------------------------------- 

2022-02-26 07:03:24 | record_time.R ------------------------------------------- 
Timestamp: 2022-02-26 07:03:24 added.
2022-02-26 07:03:24 | record_time.R done.-------------------------------------- 

2022-02-26 07:05:42 | record_time.R ------------------------------------------- 
Timestamp: 2022-02-26 07:05:42 added.
2022-02-26 07:05:42 | record_time.R done.-------------------------------------- 

2022-02-26 07:06:35 | record_time.R ------------------------------------------- 
Timestamp: 2022-02-26 07:06:35 added.
2022-02-26 07:06:35 | record_time.R done.-------------------------------------- 

2022-02-26 07:11:23 | record_time.R ------------------------------------------- 
Timestamp: 2022-02-26 07:11:23 added.
2022-02-26 07:11:23 | record_time.R done.-------------------------------------- 

2022-02-26 07:11:52 | record_time.R ------------------------------------------- 
Timestamp: 2022-02-26 07:11:52 added.
2022-02-26 07:11:52 | record_time.R done.-------------------------------------- 

2022-02-26 07:12:22 | record_time.R ------------------------------------------- 
Timestamp: 2022-02-26 07:12:22 added.
2022-02-26 07:12:22 | record_time.R done.-------------------------------------- 

2022-02-26 07:20:49 | record_time.R ------------------------------------------- 
Timestamp: 2022-02-26 07:20:49 added.
2022-02-26 07:20:49 | record_time.R done.-------------------------------------- 

2022-02-26 07:23:04 | record_time.R ------------------------------------------- 
Timestamp: 2022-02-26 07:23:04 added.
2022-02-26 07:23:04 | record_time.R done.-------------------------------------- 

2022-02-26 14:12:06 | record_time.R ------------------------------------------- 
Timestamp: 2022-02-26 14:12:07 added.
2022-02-26 14:12:07 | record_time.R done.-------------------------------------- 

2022-02-26 16:50:07 | record_time.R ------------------------------------------- 
Timestamp: 2022-02-26 16:50:07 added.
2022-02-26 16:50:07 | record_time.R done.-------------------------------------- 

2022-02-26 19:28:07 | record_time.R ------------------------------------------- 
Timestamp: 2022-02-26 19:28:07 added.
2022-02-26 19:28:07 | record_time.R done.-------------------------------------- 

2022-02-26 22:06:10 | record_time.R ------------------------------------------- 
Timestamp: 2022-02-26 22:06:10 added.
2022-02-26 22:06:10 | record_time.R done.-------------------------------------- 

2022-02-27 00:44:14 | record_time.R ------------------------------------------- 
Timestamp: 2022-02-27 00:44:14 added.
2022-02-27 00:44:14 | record_time.R done.-------------------------------------- 

2022-02-27 03:22:15 | record_time.R ------------------------------------------- 
Timestamp: 2022-02-27 03:22:15 added.
2022-02-27 03:22:15 | record_time.R done.-------------------------------------- 

