2022-02-16 11:52:47 | record_time.R ------------------------------------------- 
Timestamp: 2022-02-16 11:52:47 added.
2022-02-16 11:52:47 | record_time.R done.-------------------------------------- 

2022-02-16 11:52:49 | record_time.R ------------------------------------------- 
Timestamp: 2022-02-16 11:52:49 added.
2022-02-16 11:52:49 | record_time.R done.-------------------------------------- 

2022-02-16 12:03:17 | record_time.R ------------------------------------------- 
Timestamp: 2022-02-16 12:03:17 added.
2022-02-16 12:03:17 | record_time.R done.-------------------------------------- 

2022-02-16 12:03:49 | record_time.R ------------------------------------------- 
Timestamp: 2022-02-16 12:03:49 added.
2022-02-16 12:03:49 | record_time.R done.-------------------------------------- 

2022-02-16 12:25:02 | record_time.R ------------------------------------------- 
Timestamp: 2022-02-16 12:25:02 added.
2022-02-16 12:25:02 | record_time.R done.-------------------------------------- 

2022-02-16 12:25:41 | record_time.R ------------------------------------------- 
Timestamp: 2022-02-16 12:25:41 added.
2022-02-16 12:25:41 | record_time.R done.-------------------------------------- 

2022-02-16 12:50:38 | record_time.R ------------------------------------------- 
Timestamp: 2022-02-16 12:50:38 added.
2022-02-16 12:50:38 | record_time.R done.-------------------------------------- 

2022-02-16 12:51:18 | record_time.R ------------------------------------------- 
Timestamp: 2022-02-16 12:51:18 added.
2022-02-16 12:51:18 | record_time.R done.-------------------------------------- 

2022-02-16 13:16:15 | record_time.R ------------------------------------------- 
Timestamp: 2022-02-16 13:16:15 added.
2022-02-16 13:16:15 | record_time.R done.-------------------------------------- 

2022-02-16 13:16:56 | record_time.R ------------------------------------------- 
Timestamp: 2022-02-16 13:16:56 added.
2022-02-16 13:16:56 | record_time.R done.-------------------------------------- 

2022-02-16 13:41:53 | record_time.R ------------------------------------------- 
Timestamp: 2022-02-16 13:41:53 added.
2022-02-16 13:41:53 | record_time.R done.-------------------------------------- 

2022-02-16 13:42:33 | record_time.R ------------------------------------------- 
Timestamp: 2022-02-16 13:42:33 added.
2022-02-16 13:42:33 | record_time.R done.-------------------------------------- 

2022-02-16 14:07:35 | record_time.R ------------------------------------------- 
Timestamp: 2022-02-16 14:07:35 added.
2022-02-16 14:07:35 | record_time.R done.-------------------------------------- 

2022-02-16 14:08:15 | record_time.R ------------------------------------------- 
Timestamp: 2022-02-16 14:08:15 added.
2022-02-16 14:08:15 | record_time.R done.-------------------------------------- 

2022-02-16 14:49:05 | record_time.R ------------------------------------------- 
Timestamp: 2022-02-16 14:49:05 added.
2022-02-16 14:49:06 | record_time.R done.-------------------------------------- 

2022-02-16 14:51:25 | record_time.R ------------------------------------------- 
Timestamp: 2022-02-16 14:51:25 added.
2022-02-16 14:51:25 | record_time.R done.-------------------------------------- 

2022-02-16 15:01:18 | record_time.R ------------------------------------------- 
Warning: 2 parsing failures.
row      col   expected actual                                    file
  1 plate    an integer   none 'experiments/20220127_output/times.csv'
  1 transfer an integer   none 'experiments/20220127_output/times.csv'

Timestamp: 2022-02-16 15:01:18 added.
2022-02-16 15:01:18 | record_time.R done.-------------------------------------- 

2022-02-16 15:03:12 | record_time.R ------------------------------------------- 
Timestamp: 2022-02-16 15:03:12 added.
2022-02-16 15:03:12 | record_time.R done.-------------------------------------- 

2022-02-16 15:07:11 | record_time.R ------------------------------------------- 
Timestamp: 2022-02-16 15:07:11 added.
2022-02-16 15:07:11 | record_time.R done.-------------------------------------- 

2022-02-16 15:07:34 | record_time.R ------------------------------------------- 
Timestamp: 2022-02-16 15:07:34 added.
2022-02-16 15:07:34 | record_time.R done.-------------------------------------- 

2022-02-16 15:11:44 | record_time.R ------------------------------------------- 
Timestamp: 2022-02-16 15:11:44 added.
2022-02-16 15:11:44 | record_time.R done.-------------------------------------- 

2022-02-16 15:16:42 | record_time.R ------------------------------------------- 
Timestamp: 2022-02-16 15:16:42 added.
2022-02-16 15:16:42 | record_time.R done.-------------------------------------- 

2022-02-16 15:30:11 | record_time.R ------------------------------------------- 
Timestamp: 2022-02-16 15:30:11 added.
2022-02-16 15:30:11 | record_time.R done.-------------------------------------- 

2022-02-16 15:31:14 | record_time.R ------------------------------------------- 
Timestamp: 2022-02-16 15:31:14 added.
2022-02-16 15:31:14 | record_time.R done.-------------------------------------- 

2022-02-16 15:36:07 | record_time.R ------------------------------------------- 
Timestamp: 2022-02-16 15:36:07 added.
2022-02-16 15:36:07 | record_time.R done.-------------------------------------- 

2022-02-16 15:36:49 | record_time.R ------------------------------------------- 
Timestamp: 2022-02-16 15:36:49 added.
2022-02-16 15:36:49 | record_time.R done.-------------------------------------- 

2022-02-16 16:53:36 | record_time.R ------------------------------------------- 
Timestamp: 2022-02-16 16:53:36 added.
2022-02-16 16:53:36 | record_time.R done.-------------------------------------- 

2022-02-16 16:56:41 | record_time.R ------------------------------------------- 
Timestamp: 2022-02-16 16:56:41 added.
2022-02-16 16:56:41 | record_time.R done.-------------------------------------- 

2022-02-16 16:59:00 | record_time.R ------------------------------------------- 
Timestamp: 2022-02-16 16:59:00 added.
2022-02-16 16:59:00 | record_time.R done.-------------------------------------- 

2022-02-16 16:59:52 | record_time.R ------------------------------------------- 
Timestamp: 2022-02-16 16:59:53 added.
2022-02-16 16:59:53 | record_time.R done.-------------------------------------- 

2022-02-16 17:04:40 | record_time.R ------------------------------------------- 
Timestamp: 2022-02-16 17:04:40 added.
2022-02-16 17:04:40 | record_time.R done.-------------------------------------- 

2022-02-16 17:05:08 | record_time.R ------------------------------------------- 
Timestamp: 2022-02-16 17:05:08 added.
2022-02-16 17:05:08 | record_time.R done.-------------------------------------- 

2022-02-16 17:05:39 | record_time.R ------------------------------------------- 
Timestamp: 2022-02-16 17:05:39 added.
2022-02-16 17:05:39 | record_time.R done.-------------------------------------- 

2022-02-16 17:14:02 | record_time.R ------------------------------------------- 
Timestamp: 2022-02-16 17:14:02 added.
2022-02-16 17:14:02 | record_time.R done.-------------------------------------- 

2022-02-16 17:16:26 | record_time.R ------------------------------------------- 
Timestamp: 2022-02-16 17:16:26 added.
2022-02-16 17:16:26 | record_time.R done.-------------------------------------- 

2022-02-16 17:20:23 | record_time.R ------------------------------------------- 
Timestamp: 2022-02-16 17:20:23 added.
2022-02-16 17:20:23 | record_time.R done.-------------------------------------- 

2022-02-16 17:25:19 | record_time.R ------------------------------------------- 
Timestamp: 2022-02-16 17:25:19 added.
2022-02-16 17:25:19 | record_time.R done.-------------------------------------- 

2022-02-16 17:38:48 | record_time.R ------------------------------------------- 
Timestamp: 2022-02-16 17:38:48 added.
2022-02-16 17:38:48 | record_time.R done.-------------------------------------- 

2022-02-16 17:39:51 | record_time.R ------------------------------------------- 
Timestamp: 2022-02-16 17:39:51 added.
2022-02-16 17:39:51 | record_time.R done.-------------------------------------- 

2022-02-16 17:44:42 | record_time.R ------------------------------------------- 
Timestamp: 2022-02-16 17:44:42 added.
2022-02-16 17:44:42 | record_time.R done.-------------------------------------- 

2022-02-16 17:45:24 | record_time.R ------------------------------------------- 
Timestamp: 2022-02-16 17:45:24 added.
2022-02-16 17:45:24 | record_time.R done.-------------------------------------- 

2022-02-16 19:02:11 | record_time.R ------------------------------------------- 
Timestamp: 2022-02-16 19:02:11 added.
2022-02-16 19:02:11 | record_time.R done.-------------------------------------- 

2022-02-16 19:05:14 | record_time.R ------------------------------------------- 
Timestamp: 2022-02-16 19:05:14 added.
2022-02-16 19:05:14 | record_time.R done.-------------------------------------- 

2022-02-16 19:07:31 | record_time.R ------------------------------------------- 
Timestamp: 2022-02-16 19:07:31 added.
2022-02-16 19:07:31 | record_time.R done.-------------------------------------- 

2022-02-16 19:08:23 | record_time.R ------------------------------------------- 
Timestamp: 2022-02-16 19:08:23 added.
2022-02-16 19:08:23 | record_time.R done.-------------------------------------- 

2022-02-16 19:13:10 | record_time.R ------------------------------------------- 
Timestamp: 2022-02-16 19:13:10 added.
2022-02-16 19:13:10 | record_time.R done.-------------------------------------- 

2022-02-16 19:13:39 | record_time.R ------------------------------------------- 
Timestamp: 2022-02-16 19:13:39 added.
2022-02-16 19:13:39 | record_time.R done.-------------------------------------- 

2022-02-16 19:14:09 | record_time.R ------------------------------------------- 
Timestamp: 2022-02-16 19:14:09 added.
2022-02-16 19:14:09 | record_time.R done.-------------------------------------- 

2022-02-16 19:22:31 | record_time.R ------------------------------------------- 
Timestamp: 2022-02-16 19:22:31 added.
2022-02-16 19:22:32 | record_time.R done.-------------------------------------- 

2022-02-16 19:24:56 | record_time.R ------------------------------------------- 
Timestamp: 2022-02-16 19:24:56 added.
2022-02-16 19:24:56 | record_time.R done.-------------------------------------- 

2022-02-16 19:28:49 | record_time.R ------------------------------------------- 
Timestamp: 2022-02-16 19:28:49 added.
2022-02-16 19:28:49 | record_time.R done.-------------------------------------- 

2022-02-16 19:33:46 | record_time.R ------------------------------------------- 
Timestamp: 2022-02-16 19:33:46 added.
2022-02-16 19:33:46 | record_time.R done.-------------------------------------- 

2022-02-16 19:47:13 | record_time.R ------------------------------------------- 
Timestamp: 2022-02-16 19:47:13 added.
2022-02-16 19:47:13 | record_time.R done.-------------------------------------- 

2022-02-16 19:48:17 | record_time.R ------------------------------------------- 
Timestamp: 2022-02-16 19:48:17 added.
2022-02-16 19:48:17 | record_time.R done.-------------------------------------- 

2022-02-16 19:53:09 | record_time.R ------------------------------------------- 
Timestamp: 2022-02-16 19:53:09 added.
2022-02-16 19:53:09 | record_time.R done.-------------------------------------- 

2022-02-16 19:53:50 | record_time.R ------------------------------------------- 
Timestamp: 2022-02-16 19:53:50 added.
2022-02-16 19:53:50 | record_time.R done.-------------------------------------- 

2022-02-16 21:10:40 | record_time.R ------------------------------------------- 
Timestamp: 2022-02-16 21:10:40 added.
2022-02-16 21:10:40 | record_time.R done.-------------------------------------- 

2022-02-16 21:13:43 | record_time.R ------------------------------------------- 
Timestamp: 2022-02-16 21:13:43 added.
2022-02-16 21:13:43 | record_time.R done.-------------------------------------- 

2022-02-16 21:16:01 | record_time.R ------------------------------------------- 
Timestamp: 2022-02-16 21:16:01 added.
2022-02-16 21:16:01 | record_time.R done.-------------------------------------- 

2022-02-16 21:16:54 | record_time.R ------------------------------------------- 
Timestamp: 2022-02-16 21:16:54 added.
2022-02-16 21:16:54 | record_time.R done.-------------------------------------- 

2022-02-16 21:21:42 | record_time.R ------------------------------------------- 
Timestamp: 2022-02-16 21:21:42 added.
2022-02-16 21:21:42 | record_time.R done.-------------------------------------- 

2022-02-16 21:22:10 | record_time.R ------------------------------------------- 
Timestamp: 2022-02-16 21:22:10 added.
2022-02-16 21:22:10 | record_time.R done.-------------------------------------- 

2022-02-16 21:22:39 | record_time.R ------------------------------------------- 
Timestamp: 2022-02-16 21:22:39 added.
2022-02-16 21:22:40 | record_time.R done.-------------------------------------- 

2022-02-16 21:31:03 | record_time.R ------------------------------------------- 
Timestamp: 2022-02-16 21:31:03 added.
2022-02-16 21:31:03 | record_time.R done.-------------------------------------- 

2022-02-16 21:33:27 | record_time.R ------------------------------------------- 
Timestamp: 2022-02-16 21:33:27 added.
2022-02-16 21:33:27 | record_time.R done.-------------------------------------- 

2022-02-16 21:37:27 | record_time.R ------------------------------------------- 
Timestamp: 2022-02-16 21:37:27 added.
2022-02-16 21:37:27 | record_time.R done.-------------------------------------- 

2022-02-16 21:42:24 | record_time.R ------------------------------------------- 
Timestamp: 2022-02-16 21:42:24 added.
2022-02-16 21:42:24 | record_time.R done.-------------------------------------- 

2022-02-16 21:55:52 | record_time.R ------------------------------------------- 
Timestamp: 2022-02-16 21:55:52 added.
2022-02-16 21:55:52 | record_time.R done.-------------------------------------- 

2022-02-16 21:56:55 | record_time.R ------------------------------------------- 
Timestamp: 2022-02-16 21:56:55 added.
2022-02-16 21:56:55 | record_time.R done.-------------------------------------- 

2022-02-16 22:01:47 | record_time.R ------------------------------------------- 
Timestamp: 2022-02-16 22:01:47 added.
2022-02-16 22:01:47 | record_time.R done.-------------------------------------- 

2022-02-16 22:02:29 | record_time.R ------------------------------------------- 
Timestamp: 2022-02-16 22:02:29 added.
2022-02-16 22:02:29 | record_time.R done.-------------------------------------- 

2022-02-16 23:19:17 | record_time.R ------------------------------------------- 
Timestamp: 2022-02-16 23:19:17 added.
2022-02-16 23:19:17 | record_time.R done.-------------------------------------- 

2022-02-16 23:22:21 | record_time.R ------------------------------------------- 
Timestamp: 2022-02-16 23:22:21 added.
2022-02-16 23:22:21 | record_time.R done.-------------------------------------- 

2022-02-16 23:24:41 | record_time.R ------------------------------------------- 
Timestamp: 2022-02-16 23:24:41 added.
2022-02-16 23:24:41 | record_time.R done.-------------------------------------- 

2022-02-16 23:25:33 | record_time.R ------------------------------------------- 
Timestamp: 2022-02-16 23:25:33 added.
2022-02-16 23:25:33 | record_time.R done.-------------------------------------- 

2022-02-16 23:30:21 | record_time.R ------------------------------------------- 
Timestamp: 2022-02-16 23:30:21 added.
2022-02-16 23:30:21 | record_time.R done.-------------------------------------- 

2022-02-16 23:30:55 | record_time.R ------------------------------------------- 
Timestamp: 2022-02-16 23:30:55 added.
2022-02-16 23:30:55 | record_time.R done.-------------------------------------- 

2022-02-16 23:31:25 | record_time.R ------------------------------------------- 
Timestamp: 2022-02-16 23:31:25 added.
2022-02-16 23:31:25 | record_time.R done.-------------------------------------- 

2022-02-16 23:39:49 | record_time.R ------------------------------------------- 
Timestamp: 2022-02-16 23:39:49 added.
2022-02-16 23:39:49 | record_time.R done.-------------------------------------- 

2022-02-16 23:42:13 | record_time.R ------------------------------------------- 
Timestamp: 2022-02-16 23:42:13 added.
2022-02-16 23:42:13 | record_time.R done.-------------------------------------- 

2022-02-16 23:46:10 | record_time.R ------------------------------------------- 
Timestamp: 2022-02-16 23:46:10 added.
2022-02-16 23:46:10 | record_time.R done.-------------------------------------- 

2022-02-16 23:51:06 | record_time.R ------------------------------------------- 
Timestamp: 2022-02-16 23:51:06 added.
2022-02-16 23:51:06 | record_time.R done.-------------------------------------- 

2022-02-17 00:04:35 | record_time.R ------------------------------------------- 
Timestamp: 2022-02-17 00:04:35 added.
2022-02-17 00:04:35 | record_time.R done.-------------------------------------- 

2022-02-17 00:05:38 | record_time.R ------------------------------------------- 
Timestamp: 2022-02-17 00:05:38 added.
2022-02-17 00:05:38 | record_time.R done.-------------------------------------- 

2022-02-17 00:10:31 | record_time.R ------------------------------------------- 
Timestamp: 2022-02-17 00:10:31 added.
2022-02-17 00:10:31 | record_time.R done.-------------------------------------- 

2022-02-17 00:11:11 | record_time.R ------------------------------------------- 
Timestamp: 2022-02-17 00:11:11 added.
2022-02-17 00:11:11 | record_time.R done.-------------------------------------- 

2022-02-17 01:28:01 | record_time.R ------------------------------------------- 
Timestamp: 2022-02-17 01:28:01 added.
2022-02-17 01:28:01 | record_time.R done.-------------------------------------- 

2022-02-17 01:31:04 | record_time.R ------------------------------------------- 
Timestamp: 2022-02-17 01:31:04 added.
2022-02-17 01:31:04 | record_time.R done.-------------------------------------- 

2022-02-17 01:33:22 | record_time.R ------------------------------------------- 
Timestamp: 2022-02-17 01:33:22 added.
2022-02-17 01:33:22 | record_time.R done.-------------------------------------- 

2022-02-17 01:34:14 | record_time.R ------------------------------------------- 
Timestamp: 2022-02-17 01:34:14 added.
2022-02-17 01:34:14 | record_time.R done.-------------------------------------- 

2022-02-17 01:39:02 | record_time.R ------------------------------------------- 
Timestamp: 2022-02-17 01:39:02 added.
2022-02-17 01:39:02 | record_time.R done.-------------------------------------- 

2022-02-17 01:39:36 | record_time.R ------------------------------------------- 
Timestamp: 2022-02-17 01:39:36 added.
2022-02-17 01:39:36 | record_time.R done.-------------------------------------- 

2022-02-17 01:40:06 | record_time.R ------------------------------------------- 
Timestamp: 2022-02-17 01:40:06 added.
2022-02-17 01:40:06 | record_time.R done.-------------------------------------- 

2022-02-17 01:48:30 | record_time.R ------------------------------------------- 
Timestamp: 2022-02-17 01:48:30 added.
2022-02-17 01:48:30 | record_time.R done.-------------------------------------- 

2022-02-17 01:50:54 | record_time.R ------------------------------------------- 
Timestamp: 2022-02-17 01:50:54 added.
2022-02-17 01:50:54 | record_time.R done.-------------------------------------- 

2022-02-17 01:54:49 | record_time.R ------------------------------------------- 
Timestamp: 2022-02-17 01:54:49 added.
2022-02-17 01:54:49 | record_time.R done.-------------------------------------- 

2022-02-17 01:59:45 | record_time.R ------------------------------------------- 
Timestamp: 2022-02-17 01:59:45 added.
2022-02-17 01:59:45 | record_time.R done.-------------------------------------- 

2022-02-17 02:13:14 | record_time.R ------------------------------------------- 
Timestamp: 2022-02-17 02:13:14 added.
2022-02-17 02:13:14 | record_time.R done.-------------------------------------- 

2022-02-17 02:14:18 | record_time.R ------------------------------------------- 
Timestamp: 2022-02-17 02:14:18 added.
2022-02-17 02:14:18 | record_time.R done.-------------------------------------- 

2022-02-17 02:19:10 | record_time.R ------------------------------------------- 
Timestamp: 2022-02-17 02:19:10 added.
2022-02-17 02:19:10 | record_time.R done.-------------------------------------- 

2022-02-17 02:19:52 | record_time.R ------------------------------------------- 
Timestamp: 2022-02-17 02:19:52 added.
2022-02-17 02:19:52 | record_time.R done.-------------------------------------- 

2022-02-17 03:36:41 | record_time.R ------------------------------------------- 
Timestamp: 2022-02-17 03:36:41 added.
2022-02-17 03:36:41 | record_time.R done.-------------------------------------- 

2022-02-17 03:39:44 | record_time.R ------------------------------------------- 
Timestamp: 2022-02-17 03:39:44 added.
2022-02-17 03:39:44 | record_time.R done.-------------------------------------- 

2022-02-17 03:42:01 | record_time.R ------------------------------------------- 
Timestamp: 2022-02-17 03:42:02 added.
2022-02-17 03:42:02 | record_time.R done.-------------------------------------- 

2022-02-17 03:42:55 | record_time.R ------------------------------------------- 
Timestamp: 2022-02-17 03:42:55 added.
2022-02-17 03:42:55 | record_time.R done.-------------------------------------- 

2022-02-17 03:47:42 | record_time.R ------------------------------------------- 
Timestamp: 2022-02-17 03:47:43 added.
2022-02-17 03:47:43 | record_time.R done.-------------------------------------- 

2022-02-17 03:48:17 | record_time.R ------------------------------------------- 
Timestamp: 2022-02-17 03:48:17 added.
2022-02-17 03:48:17 | record_time.R done.-------------------------------------- 

2022-02-17 03:48:47 | record_time.R ------------------------------------------- 
Timestamp: 2022-02-17 03:48:47 added.
2022-02-17 03:48:47 | record_time.R done.-------------------------------------- 

2022-02-17 03:57:11 | record_time.R ------------------------------------------- 
Timestamp: 2022-02-17 03:57:11 added.
2022-02-17 03:57:11 | record_time.R done.-------------------------------------- 

2022-02-17 03:59:26 | record_time.R ------------------------------------------- 
Timestamp: 2022-02-17 03:59:26 added.
2022-02-17 03:59:26 | record_time.R done.-------------------------------------- 

2022-02-17 16:11:54 | record_time.R ------------------------------------------- 
Timestamp: 2022-02-17 16:11:54 added.
2022-02-17 16:11:54 | record_time.R done.-------------------------------------- 

2022-02-17 18:28:51 | record_time.R ------------------------------------------- 
Timestamp: 2022-02-17 18:28:51 added.
2022-02-17 18:28:51 | record_time.R done.-------------------------------------- 

2022-02-17 20:45:46 | record_time.R ------------------------------------------- 
Timestamp: 2022-02-17 20:45:46 added.
2022-02-17 20:45:46 | record_time.R done.-------------------------------------- 

2022-02-17 23:02:48 | record_time.R ------------------------------------------- 
Timestamp: 2022-02-17 23:02:48 added.
2022-02-17 23:02:48 | record_time.R done.-------------------------------------- 

2022-02-18 01:19:49 | record_time.R ------------------------------------------- 
Timestamp: 2022-02-18 01:19:49 added.
2022-02-18 01:19:49 | record_time.R done.-------------------------------------- 

2022-02-18 03:36:45 | record_time.R ------------------------------------------- 
Timestamp: 2022-02-18 03:36:45 added.
2022-02-18 03:36:45 | record_time.R done.-------------------------------------- 

