2022-02-26 10:32:43 | record_time.R ------------------------------------------- 
Timestamp: 2022-02-26 10:32:43 added.
2022-02-26 10:32:43 | record_time.R done.-------------------------------------- 

2022-02-26 10:32:45 | record_time.R ------------------------------------------- 
Timestamp: 2022-02-26 10:32:45 added.
2022-02-26 10:32:45 | record_time.R done.-------------------------------------- 

2022-02-26 10:43:12 | record_time.R ------------------------------------------- 
Timestamp: 2022-02-26 10:43:12 added.
2022-02-26 10:43:12 | record_time.R done.-------------------------------------- 

2022-02-26 10:43:43 | record_time.R ------------------------------------------- 
Timestamp: 2022-02-26 10:43:43 added.
2022-02-26 10:43:43 | record_time.R done.-------------------------------------- 

2022-02-26 11:04:23 | record_time.R ------------------------------------------- 
Timestamp: 2022-02-26 11:04:23 added.
2022-02-26 11:04:23 | record_time.R done.-------------------------------------- 

2022-02-26 11:05:02 | record_time.R ------------------------------------------- 
Timestamp: 2022-02-26 11:05:02 added.
2022-02-26 11:05:02 | record_time.R done.-------------------------------------- 

2022-02-26 11:29:19 | record_time.R ------------------------------------------- 
Timestamp: 2022-02-26 11:29:19 added.
2022-02-26 11:29:19 | record_time.R done.-------------------------------------- 

2022-02-26 11:29:58 | record_time.R ------------------------------------------- 
Timestamp: 2022-02-26 11:29:58 added.
2022-02-26 11:29:58 | record_time.R done.-------------------------------------- 

2022-02-26 11:54:19 | record_time.R ------------------------------------------- 
Timestamp: 2022-02-26 11:54:19 added.
2022-02-26 11:54:19 | record_time.R done.-------------------------------------- 

2022-02-26 11:54:58 | record_time.R ------------------------------------------- 
Timestamp: 2022-02-26 11:54:58 added.
2022-02-26 11:54:58 | record_time.R done.-------------------------------------- 

2022-02-26 12:19:18 | record_time.R ------------------------------------------- 
Timestamp: 2022-02-26 12:19:18 added.
2022-02-26 12:19:18 | record_time.R done.-------------------------------------- 

2022-02-26 12:19:58 | record_time.R ------------------------------------------- 
Timestamp: 2022-02-26 12:19:58 added.
2022-02-26 12:19:58 | record_time.R done.-------------------------------------- 

2022-02-26 12:44:23 | record_time.R ------------------------------------------- 
Timestamp: 2022-02-26 12:44:23 added.
2022-02-26 12:44:23 | record_time.R done.-------------------------------------- 

2022-02-26 12:45:02 | record_time.R ------------------------------------------- 
Timestamp: 2022-02-26 12:45:02 added.
2022-02-26 12:45:02 | record_time.R done.-------------------------------------- 

2022-02-26 13:31:43 | record_time.R ------------------------------------------- 
Timestamp: 2022-02-26 13:31:43 added.
2022-02-26 13:31:43 | record_time.R done.-------------------------------------- 

2022-02-26 13:33:59 | record_time.R ------------------------------------------- 
Timestamp: 2022-02-26 13:33:59 added.
2022-02-26 13:33:59 | record_time.R done.-------------------------------------- 

2022-02-26 13:43:55 | record_time.R ------------------------------------------- 
Warning: 2 parsing failures.
row      col   expected actual                                    file
  1 plate    an integer   none 'experiments/20220127_output/times.csv'
  1 transfer an integer   none 'experiments/20220127_output/times.csv'

Timestamp: 2022-02-26 13:43:55 added.
2022-02-26 13:43:55 | record_time.R done.-------------------------------------- 

2022-02-26 13:45:49 | record_time.R ------------------------------------------- 
Timestamp: 2022-02-26 13:45:49 added.
2022-02-26 13:45:49 | record_time.R done.-------------------------------------- 

2022-02-26 13:49:52 | record_time.R ------------------------------------------- 
Timestamp: 2022-02-26 13:49:52 added.
2022-02-26 13:49:52 | record_time.R done.-------------------------------------- 

2022-02-26 13:50:14 | record_time.R ------------------------------------------- 
Timestamp: 2022-02-26 13:50:14 added.
2022-02-26 13:50:14 | record_time.R done.-------------------------------------- 

2022-02-26 13:54:19 | record_time.R ------------------------------------------- 
Timestamp: 2022-02-26 13:54:19 added.
2022-02-26 13:54:19 | record_time.R done.-------------------------------------- 

2022-02-26 13:59:16 | record_time.R ------------------------------------------- 
Timestamp: 2022-02-26 13:59:16 added.
2022-02-26 13:59:16 | record_time.R done.-------------------------------------- 

2022-02-26 14:11:03 | record_time.R ------------------------------------------- 
Timestamp: 2022-02-26 14:11:03 added.
2022-02-26 14:11:03 | record_time.R done.-------------------------------------- 

2022-02-26 14:12:09 | record_time.R ------------------------------------------- 
Timestamp: 2022-02-26 14:12:09 added.
2022-02-26 14:12:09 | record_time.R done.-------------------------------------- 

2022-02-26 14:17:00 | record_time.R ------------------------------------------- 
Timestamp: 2022-02-26 14:17:00 added.
2022-02-26 14:17:00 | record_time.R done.-------------------------------------- 

2022-02-26 14:17:41 | record_time.R ------------------------------------------- 
Timestamp: 2022-02-26 14:17:41 added.
2022-02-26 14:17:41 | record_time.R done.-------------------------------------- 

2022-02-26 16:05:25 | record_time.R ------------------------------------------- 
Timestamp: 2022-02-26 16:05:25 added.
2022-02-26 16:05:25 | record_time.R done.-------------------------------------- 

2022-02-26 16:08:33 | record_time.R ------------------------------------------- 
Timestamp: 2022-02-26 16:08:33 added.
2022-02-26 16:08:33 | record_time.R done.-------------------------------------- 

2022-02-26 16:10:51 | record_time.R ------------------------------------------- 
Timestamp: 2022-02-26 16:10:51 added.
2022-02-26 16:10:51 | record_time.R done.-------------------------------------- 

2022-02-26 16:11:42 | record_time.R ------------------------------------------- 
Timestamp: 2022-02-26 16:11:42 added.
2022-02-26 16:11:42 | record_time.R done.-------------------------------------- 

2022-02-26 16:16:30 | record_time.R ------------------------------------------- 
Timestamp: 2022-02-26 16:16:30 added.
2022-02-26 16:16:30 | record_time.R done.-------------------------------------- 

2022-02-26 16:16:57 | record_time.R ------------------------------------------- 
Timestamp: 2022-02-26 16:16:57 added.
2022-02-26 16:16:57 | record_time.R done.-------------------------------------- 

2022-02-26 16:17:27 | record_time.R ------------------------------------------- 
Timestamp: 2022-02-26 16:17:27 added.
2022-02-26 16:17:27 | record_time.R done.-------------------------------------- 

2022-02-26 16:25:50 | record_time.R ------------------------------------------- 
Timestamp: 2022-02-26 16:25:50 added.
2022-02-26 16:25:50 | record_time.R done.-------------------------------------- 

2022-02-26 16:28:15 | record_time.R ------------------------------------------- 
Timestamp: 2022-02-26 16:28:15 added.
2022-02-26 16:28:15 | record_time.R done.-------------------------------------- 

2022-02-26 16:32:20 | record_time.R ------------------------------------------- 
Timestamp: 2022-02-26 16:32:20 added.
2022-02-26 16:32:20 | record_time.R done.-------------------------------------- 

2022-02-26 16:37:16 | record_time.R ------------------------------------------- 
Timestamp: 2022-02-26 16:37:16 added.
2022-02-26 16:37:16 | record_time.R done.-------------------------------------- 

2022-02-26 16:49:03 | record_time.R ------------------------------------------- 
Timestamp: 2022-02-26 16:49:03 added.
2022-02-26 16:49:03 | record_time.R done.-------------------------------------- 

2022-02-26 16:50:09 | record_time.R ------------------------------------------- 
Timestamp: 2022-02-26 16:50:09 added.
2022-02-26 16:50:09 | record_time.R done.-------------------------------------- 

2022-02-26 16:54:59 | record_time.R ------------------------------------------- 
Timestamp: 2022-02-26 16:54:59 added.
2022-02-26 16:55:00 | record_time.R done.-------------------------------------- 

2022-02-26 16:55:41 | record_time.R ------------------------------------------- 
Timestamp: 2022-02-26 16:55:41 added.
2022-02-26 16:55:41 | record_time.R done.-------------------------------------- 

2022-02-26 18:43:24 | record_time.R ------------------------------------------- 
Timestamp: 2022-02-26 18:43:24 added.
2022-02-26 18:43:24 | record_time.R done.-------------------------------------- 

2022-02-26 18:46:33 | record_time.R ------------------------------------------- 
Timestamp: 2022-02-26 18:46:33 added.
2022-02-26 18:46:33 | record_time.R done.-------------------------------------- 

2022-02-26 18:48:50 | record_time.R ------------------------------------------- 
Timestamp: 2022-02-26 18:48:50 added.
2022-02-26 18:48:50 | record_time.R done.-------------------------------------- 

2022-02-26 18:49:42 | record_time.R ------------------------------------------- 
Timestamp: 2022-02-26 18:49:42 added.
2022-02-26 18:49:42 | record_time.R done.-------------------------------------- 

2022-02-26 18:54:30 | record_time.R ------------------------------------------- 
Timestamp: 2022-02-26 18:54:30 added.
2022-02-26 18:54:30 | record_time.R done.-------------------------------------- 

2022-02-26 18:54:59 | record_time.R ------------------------------------------- 
Timestamp: 2022-02-26 18:54:59 added.
2022-02-26 18:54:59 | record_time.R done.-------------------------------------- 

2022-02-26 18:55:29 | record_time.R ------------------------------------------- 
Timestamp: 2022-02-26 18:55:29 added.
2022-02-26 18:55:29 | record_time.R done.-------------------------------------- 

2022-02-26 19:03:55 | record_time.R ------------------------------------------- 
Timestamp: 2022-02-26 19:03:55 added.
2022-02-26 19:03:55 | record_time.R done.-------------------------------------- 

2022-02-26 19:06:19 | record_time.R ------------------------------------------- 
Timestamp: 2022-02-26 19:06:19 added.
2022-02-26 19:06:19 | record_time.R done.-------------------------------------- 

2022-02-26 19:10:21 | record_time.R ------------------------------------------- 
Timestamp: 2022-02-26 19:10:21 added.
2022-02-26 19:10:21 | record_time.R done.-------------------------------------- 

2022-02-26 19:15:17 | record_time.R ------------------------------------------- 
Timestamp: 2022-02-26 19:15:18 added.
2022-02-26 19:15:18 | record_time.R done.-------------------------------------- 

2022-02-26 19:27:03 | record_time.R ------------------------------------------- 
Timestamp: 2022-02-26 19:27:03 added.
2022-02-26 19:27:03 | record_time.R done.-------------------------------------- 

2022-02-26 19:28:09 | record_time.R ------------------------------------------- 
Timestamp: 2022-02-26 19:28:09 added.
2022-02-26 19:28:09 | record_time.R done.-------------------------------------- 

2022-02-26 19:33:00 | record_time.R ------------------------------------------- 
Timestamp: 2022-02-26 19:33:00 added.
2022-02-26 19:33:00 | record_time.R done.-------------------------------------- 

2022-02-26 19:33:41 | record_time.R ------------------------------------------- 
Timestamp: 2022-02-26 19:33:41 added.
2022-02-26 19:33:41 | record_time.R done.-------------------------------------- 

2022-02-26 21:21:23 | record_time.R ------------------------------------------- 
Timestamp: 2022-02-26 21:21:23 added.
2022-02-26 21:21:23 | record_time.R done.-------------------------------------- 

2022-02-26 21:24:32 | record_time.R ------------------------------------------- 
Timestamp: 2022-02-26 21:24:32 added.
2022-02-26 21:24:32 | record_time.R done.-------------------------------------- 

2022-02-26 21:26:50 | record_time.R ------------------------------------------- 
Timestamp: 2022-02-26 21:26:50 added.
2022-02-26 21:26:50 | record_time.R done.-------------------------------------- 

2022-02-26 21:27:42 | record_time.R ------------------------------------------- 
Timestamp: 2022-02-26 21:27:42 added.
2022-02-26 21:27:42 | record_time.R done.-------------------------------------- 

2022-02-26 21:32:30 | record_time.R ------------------------------------------- 
Timestamp: 2022-02-26 21:32:30 added.
2022-02-26 21:32:30 | record_time.R done.-------------------------------------- 

2022-02-26 21:32:58 | record_time.R ------------------------------------------- 
Timestamp: 2022-02-26 21:32:58 added.
2022-02-26 21:32:58 | record_time.R done.-------------------------------------- 

2022-02-26 21:33:27 | record_time.R ------------------------------------------- 
Timestamp: 2022-02-26 21:33:27 added.
2022-02-26 21:33:27 | record_time.R done.-------------------------------------- 

2022-02-26 21:41:52 | record_time.R ------------------------------------------- 
Timestamp: 2022-02-26 21:41:52 added.
2022-02-26 21:41:52 | record_time.R done.-------------------------------------- 

2022-02-26 21:44:16 | record_time.R ------------------------------------------- 
Timestamp: 2022-02-26 21:44:16 added.
2022-02-26 21:44:16 | record_time.R done.-------------------------------------- 

2022-02-26 21:48:24 | record_time.R ------------------------------------------- 
Timestamp: 2022-02-26 21:48:24 added.
2022-02-26 21:48:24 | record_time.R done.-------------------------------------- 

2022-02-26 21:53:20 | record_time.R ------------------------------------------- 
Timestamp: 2022-02-26 21:53:20 added.
2022-02-26 21:53:20 | record_time.R done.-------------------------------------- 

2022-02-26 22:05:07 | record_time.R ------------------------------------------- 
Timestamp: 2022-02-26 22:05:07 added.
2022-02-26 22:05:07 | record_time.R done.-------------------------------------- 

2022-02-26 22:06:12 | record_time.R ------------------------------------------- 
Timestamp: 2022-02-26 22:06:12 added.
2022-02-26 22:06:13 | record_time.R done.-------------------------------------- 

2022-02-26 22:11:03 | record_time.R ------------------------------------------- 
Timestamp: 2022-02-26 22:11:03 added.
2022-02-26 22:11:03 | record_time.R done.-------------------------------------- 

2022-02-26 22:11:44 | record_time.R ------------------------------------------- 
Timestamp: 2022-02-26 22:11:44 added.
2022-02-26 22:11:44 | record_time.R done.-------------------------------------- 

2022-02-26 23:59:22 | record_time.R ------------------------------------------- 
Timestamp: 2022-02-26 23:59:22 added.
2022-02-26 23:59:22 | record_time.R done.-------------------------------------- 

2022-02-27 00:02:32 | record_time.R ------------------------------------------- 
Timestamp: 2022-02-27 00:02:32 added.
2022-02-27 00:02:32 | record_time.R done.-------------------------------------- 

2022-02-27 00:04:52 | record_time.R ------------------------------------------- 
Timestamp: 2022-02-27 00:04:52 added.
2022-02-27 00:04:52 | record_time.R done.-------------------------------------- 

2022-02-27 00:05:44 | record_time.R ------------------------------------------- 
Timestamp: 2022-02-27 00:05:44 added.
2022-02-27 00:05:44 | record_time.R done.-------------------------------------- 

2022-02-27 00:10:32 | record_time.R ------------------------------------------- 
Timestamp: 2022-02-27 00:10:32 added.
2022-02-27 00:10:32 | record_time.R done.-------------------------------------- 

2022-02-27 00:11:01 | record_time.R ------------------------------------------- 
Timestamp: 2022-02-27 00:11:01 added.
2022-02-27 00:11:01 | record_time.R done.-------------------------------------- 

2022-02-27 00:11:31 | record_time.R ------------------------------------------- 
Timestamp: 2022-02-27 00:11:31 added.
2022-02-27 00:11:31 | record_time.R done.-------------------------------------- 

2022-02-27 00:19:58 | record_time.R ------------------------------------------- 
Timestamp: 2022-02-27 00:19:58 added.
2022-02-27 00:19:58 | record_time.R done.-------------------------------------- 

2022-02-27 00:22:22 | record_time.R ------------------------------------------- 
Timestamp: 2022-02-27 00:22:22 added.
2022-02-27 00:22:22 | record_time.R done.-------------------------------------- 

2022-02-27 00:26:28 | record_time.R ------------------------------------------- 
Timestamp: 2022-02-27 00:26:28 added.
2022-02-27 00:26:28 | record_time.R done.-------------------------------------- 

2022-02-27 00:31:23 | record_time.R ------------------------------------------- 
Timestamp: 2022-02-27 00:31:23 added.
2022-02-27 00:31:23 | record_time.R done.-------------------------------------- 

2022-02-27 00:43:11 | record_time.R ------------------------------------------- 
Timestamp: 2022-02-27 00:43:11 added.
2022-02-27 00:43:11 | record_time.R done.-------------------------------------- 

2022-02-27 00:44:16 | record_time.R ------------------------------------------- 
Timestamp: 2022-02-27 00:44:16 added.
2022-02-27 00:44:16 | record_time.R done.-------------------------------------- 

2022-02-27 00:49:07 | record_time.R ------------------------------------------- 
Timestamp: 2022-02-27 00:49:07 added.
2022-02-27 00:49:07 | record_time.R done.-------------------------------------- 

2022-02-27 00:49:48 | record_time.R ------------------------------------------- 
Timestamp: 2022-02-27 00:49:48 added.
2022-02-27 00:49:48 | record_time.R done.-------------------------------------- 

2022-02-27 02:37:33 | record_time.R ------------------------------------------- 
Timestamp: 2022-02-27 02:37:33 added.
2022-02-27 02:37:33 | record_time.R done.-------------------------------------- 

2022-02-27 02:40:42 | record_time.R ------------------------------------------- 
Timestamp: 2022-02-27 02:40:42 added.
2022-02-27 02:40:42 | record_time.R done.-------------------------------------- 

2022-02-27 02:42:59 | record_time.R ------------------------------------------- 
Timestamp: 2022-02-27 02:42:59 added.
2022-02-27 02:42:59 | record_time.R done.-------------------------------------- 

2022-02-27 02:43:52 | record_time.R ------------------------------------------- 
Timestamp: 2022-02-27 02:43:52 added.
2022-02-27 02:43:52 | record_time.R done.-------------------------------------- 

2022-02-27 02:48:39 | record_time.R ------------------------------------------- 
Timestamp: 2022-02-27 02:48:39 added.
2022-02-27 02:48:39 | record_time.R done.-------------------------------------- 

2022-02-27 02:49:07 | record_time.R ------------------------------------------- 
Timestamp: 2022-02-27 02:49:07 added.
2022-02-27 02:49:07 | record_time.R done.-------------------------------------- 

2022-02-27 02:49:37 | record_time.R ------------------------------------------- 
Timestamp: 2022-02-27 02:49:37 added.
2022-02-27 02:49:37 | record_time.R done.-------------------------------------- 

2022-02-27 02:58:03 | record_time.R ------------------------------------------- 
Timestamp: 2022-02-27 02:58:03 added.
2022-02-27 02:58:03 | record_time.R done.-------------------------------------- 

2022-02-27 03:00:26 | record_time.R ------------------------------------------- 
Timestamp: 2022-02-27 03:00:26 added.
2022-02-27 03:00:26 | record_time.R done.-------------------------------------- 

2022-02-27 03:04:30 | record_time.R ------------------------------------------- 
Timestamp: 2022-02-27 03:04:30 added.
2022-02-27 03:04:30 | record_time.R done.-------------------------------------- 

2022-02-27 03:09:25 | record_time.R ------------------------------------------- 
Timestamp: 2022-02-27 03:09:25 added.
2022-02-27 03:09:25 | record_time.R done.-------------------------------------- 

2022-02-27 03:21:12 | record_time.R ------------------------------------------- 
Timestamp: 2022-02-27 03:21:12 added.
2022-02-27 03:21:12 | record_time.R done.-------------------------------------- 

2022-02-27 03:22:17 | record_time.R ------------------------------------------- 
Timestamp: 2022-02-27 03:22:17 added.
2022-02-27 03:22:17 | record_time.R done.-------------------------------------- 

2022-02-27 03:27:09 | record_time.R ------------------------------------------- 
Timestamp: 2022-02-27 03:27:09 added.
2022-02-27 03:27:09 | record_time.R done.-------------------------------------- 

2022-02-27 03:27:50 | record_time.R ------------------------------------------- 
Timestamp: 2022-02-27 03:27:50 added.
2022-02-27 03:27:50 | record_time.R done.-------------------------------------- 

2022-02-27 05:15:35 | record_time.R ------------------------------------------- 
Timestamp: 2022-02-27 05:15:35 added.
2022-02-27 05:15:35 | record_time.R done.-------------------------------------- 

2022-02-27 05:18:44 | record_time.R ------------------------------------------- 
Timestamp: 2022-02-27 05:18:44 added.
2022-02-27 05:18:44 | record_time.R done.-------------------------------------- 

2022-02-27 05:21:02 | record_time.R ------------------------------------------- 
Timestamp: 2022-02-27 05:21:02 added.
2022-02-27 05:21:02 | record_time.R done.-------------------------------------- 

2022-02-27 05:21:55 | record_time.R ------------------------------------------- 
Timestamp: 2022-02-27 05:21:55 added.
2022-02-27 05:21:55 | record_time.R done.-------------------------------------- 

2022-02-27 05:26:43 | record_time.R ------------------------------------------- 
Timestamp: 2022-02-27 05:26:43 added.
2022-02-27 05:26:43 | record_time.R done.-------------------------------------- 

2022-02-27 05:27:10 | record_time.R ------------------------------------------- 
Timestamp: 2022-02-27 05:27:10 added.
2022-02-27 05:27:10 | record_time.R done.-------------------------------------- 

2022-02-27 05:27:40 | record_time.R ------------------------------------------- 
Timestamp: 2022-02-27 05:27:40 added.
2022-02-27 05:27:40 | record_time.R done.-------------------------------------- 

2022-02-27 05:36:07 | record_time.R ------------------------------------------- 
Timestamp: 2022-02-27 05:36:07 added.
2022-02-27 05:36:07 | record_time.R done.-------------------------------------- 

2022-02-27 05:38:21 | record_time.R ------------------------------------------- 
Timestamp: 2022-02-27 05:38:22 added.
2022-02-27 05:38:22 | record_time.R done.-------------------------------------- 

2022-02-27 14:15:14 | record_time.R ------------------------------------------- 
Timestamp: 2022-02-27 14:15:14 added.
2022-02-27 14:15:14 | record_time.R done.-------------------------------------- 

2022-02-27 16:24:54 | record_time.R ------------------------------------------- 
Timestamp: 2022-02-27 16:24:54 added.
2022-02-27 16:24:54 | record_time.R done.-------------------------------------- 

2022-02-27 18:34:28 | record_time.R ------------------------------------------- 
Timestamp: 2022-02-27 18:34:28 added.
2022-02-27 18:34:28 | record_time.R done.-------------------------------------- 

2022-02-27 20:44:09 | record_time.R ------------------------------------------- 
Timestamp: 2022-02-27 20:44:09 added.
2022-02-27 20:44:09 | record_time.R done.-------------------------------------- 

2022-02-27 22:53:45 | record_time.R ------------------------------------------- 
Timestamp: 2022-02-27 22:53:45 added.
2022-02-27 22:53:45 | record_time.R done.-------------------------------------- 

2022-02-28 01:03:22 | record_time.R ------------------------------------------- 
Timestamp: 2022-02-28 01:03:22 added.
2022-02-28 01:03:22 | record_time.R done.-------------------------------------- 

2022-02-28 13:40:44 | record_time.R ------------------------------------------- 
Timestamp: 2022-02-28 13:40:44 added.
2022-02-28 13:40:44 | record_time.R done.-------------------------------------- 

2022-02-28 15:46:17 | record_time.R ------------------------------------------- 
Timestamp: 2022-02-28 15:46:17 added.
2022-02-28 15:46:17 | record_time.R done.-------------------------------------- 

2022-02-28 17:51:54 | record_time.R ------------------------------------------- 
Timestamp: 2022-02-28 17:51:54 added.
2022-02-28 17:51:54 | record_time.R done.-------------------------------------- 

2022-02-28 19:57:32 | record_time.R ------------------------------------------- 
Timestamp: 2022-02-28 19:57:32 added.
2022-02-28 19:57:32 | record_time.R done.-------------------------------------- 

2022-02-28 22:02:55 | record_time.R ------------------------------------------- 
Timestamp: 2022-02-28 22:02:55 added.
2022-02-28 22:02:55 | record_time.R done.-------------------------------------- 

2022-03-01 00:08:32 | record_time.R ------------------------------------------- 
Timestamp: 2022-03-01 00:08:32 added.
2022-03-01 00:08:32 | record_time.R done.-------------------------------------- 

