2022-02-27 10:39:47 | record_time.R ------------------------------------------- 
Timestamp: 2022-02-27 10:39:47 added.
2022-02-27 10:39:47 | record_time.R done.-------------------------------------- 

2022-02-27 10:39:49 | record_time.R ------------------------------------------- 
Timestamp: 2022-02-27 10:39:49 added.
2022-02-27 10:39:49 | record_time.R done.-------------------------------------- 

2022-02-27 10:50:19 | record_time.R ------------------------------------------- 
Timestamp: 2022-02-27 10:50:19 added.
2022-02-27 10:50:19 | record_time.R done.-------------------------------------- 

2022-02-27 10:50:50 | record_time.R ------------------------------------------- 
Timestamp: 2022-02-27 10:50:50 added.
2022-02-27 10:50:50 | record_time.R done.-------------------------------------- 

2022-02-27 11:11:22 | record_time.R ------------------------------------------- 
Timestamp: 2022-02-27 11:11:22 added.
2022-02-27 11:11:22 | record_time.R done.-------------------------------------- 

2022-02-27 11:12:02 | record_time.R ------------------------------------------- 
Timestamp: 2022-02-27 11:12:02 added.
2022-02-27 11:12:02 | record_time.R done.-------------------------------------- 

2022-02-27 11:36:11 | record_time.R ------------------------------------------- 
Timestamp: 2022-02-27 11:36:11 added.
2022-02-27 11:36:11 | record_time.R done.-------------------------------------- 

2022-02-27 11:36:50 | record_time.R ------------------------------------------- 
Timestamp: 2022-02-27 11:36:50 added.
2022-02-27 11:36:50 | record_time.R done.-------------------------------------- 

2022-02-27 12:01:02 | record_time.R ------------------------------------------- 
Timestamp: 2022-02-27 12:01:02 added.
2022-02-27 12:01:02 | record_time.R done.-------------------------------------- 

2022-02-27 12:01:42 | record_time.R ------------------------------------------- 
Timestamp: 2022-02-27 12:01:42 added.
2022-02-27 12:01:42 | record_time.R done.-------------------------------------- 

2022-02-27 12:25:53 | record_time.R ------------------------------------------- 
Timestamp: 2022-02-27 12:25:53 added.
2022-02-27 12:25:53 | record_time.R done.-------------------------------------- 

2022-02-27 12:26:33 | record_time.R ------------------------------------------- 
Timestamp: 2022-02-27 12:26:33 added.
2022-02-27 12:26:33 | record_time.R done.-------------------------------------- 

2022-02-27 12:50:49 | record_time.R ------------------------------------------- 
Timestamp: 2022-02-27 12:50:49 added.
2022-02-27 12:50:49 | record_time.R done.-------------------------------------- 

2022-02-27 12:51:29 | record_time.R ------------------------------------------- 
Timestamp: 2022-02-27 12:51:29 added.
2022-02-27 12:51:29 | record_time.R done.-------------------------------------- 

2022-02-27 13:35:00 | record_time.R ------------------------------------------- 
Timestamp: 2022-02-27 13:35:00 added.
2022-02-27 13:35:00 | record_time.R done.-------------------------------------- 

2022-02-27 13:37:16 | record_time.R ------------------------------------------- 
Timestamp: 2022-02-27 13:37:16 added.
2022-02-27 13:37:16 | record_time.R done.-------------------------------------- 

2022-02-27 13:47:07 | record_time.R ------------------------------------------- 
Warning: 2 parsing failures.
row      col   expected actual                                    file
  1 plate    an integer   none 'experiments/20220127_output/times.csv'
  1 transfer an integer   none 'experiments/20220127_output/times.csv'

Timestamp: 2022-02-27 13:47:07 added.
2022-02-27 13:47:07 | record_time.R done.-------------------------------------- 

2022-02-27 13:49:01 | record_time.R ------------------------------------------- 
Timestamp: 2022-02-27 13:49:01 added.
2022-02-27 13:49:01 | record_time.R done.-------------------------------------- 

2022-02-27 13:52:58 | record_time.R ------------------------------------------- 
Timestamp: 2022-02-27 13:52:58 added.
2022-02-27 13:52:58 | record_time.R done.-------------------------------------- 

2022-02-27 13:53:21 | record_time.R ------------------------------------------- 
Timestamp: 2022-02-27 13:53:21 added.
2022-02-27 13:53:21 | record_time.R done.-------------------------------------- 

2022-02-27 13:57:31 | record_time.R ------------------------------------------- 
Timestamp: 2022-02-27 13:57:31 added.
2022-02-27 13:57:31 | record_time.R done.-------------------------------------- 

2022-02-27 14:02:28 | record_time.R ------------------------------------------- 
Timestamp: 2022-02-27 14:02:28 added.
2022-02-27 14:02:28 | record_time.R done.-------------------------------------- 

2022-02-27 14:14:13 | record_time.R ------------------------------------------- 
Timestamp: 2022-02-27 14:14:13 added.
2022-02-27 14:14:13 | record_time.R done.-------------------------------------- 

2022-02-27 14:15:16 | record_time.R ------------------------------------------- 
Timestamp: 2022-02-27 14:15:16 added.
2022-02-27 14:15:16 | record_time.R done.-------------------------------------- 

2022-02-27 14:20:07 | record_time.R ------------------------------------------- 
Timestamp: 2022-02-27 14:20:08 added.
2022-02-27 14:20:08 | record_time.R done.-------------------------------------- 

2022-02-27 14:20:49 | record_time.R ------------------------------------------- 
Timestamp: 2022-02-27 14:20:49 added.
2022-02-27 14:20:49 | record_time.R done.-------------------------------------- 

2022-02-27 15:40:22 | record_time.R ------------------------------------------- 
Timestamp: 2022-02-27 15:40:22 added.
2022-02-27 15:40:22 | record_time.R done.-------------------------------------- 

2022-02-27 15:43:25 | record_time.R ------------------------------------------- 
Timestamp: 2022-02-27 15:43:25 added.
2022-02-27 15:43:25 | record_time.R done.-------------------------------------- 

2022-02-27 15:45:42 | record_time.R ------------------------------------------- 
Timestamp: 2022-02-27 15:45:42 added.
2022-02-27 15:45:42 | record_time.R done.-------------------------------------- 

2022-02-27 15:46:35 | record_time.R ------------------------------------------- 
Timestamp: 2022-02-27 15:46:35 added.
2022-02-27 15:46:35 | record_time.R done.-------------------------------------- 

2022-02-27 15:51:23 | record_time.R ------------------------------------------- 
Timestamp: 2022-02-27 15:51:23 added.
2022-02-27 15:51:23 | record_time.R done.-------------------------------------- 

2022-02-27 15:51:53 | record_time.R ------------------------------------------- 
Timestamp: 2022-02-27 15:51:53 added.
2022-02-27 15:51:53 | record_time.R done.-------------------------------------- 

2022-02-27 15:52:22 | record_time.R ------------------------------------------- 
Timestamp: 2022-02-27 15:52:22 added.
2022-02-27 15:52:22 | record_time.R done.-------------------------------------- 

2022-02-27 16:00:50 | record_time.R ------------------------------------------- 
Timestamp: 2022-02-27 16:00:50 added.
2022-02-27 16:00:50 | record_time.R done.-------------------------------------- 

2022-02-27 16:03:14 | record_time.R ------------------------------------------- 
Timestamp: 2022-02-27 16:03:14 added.
2022-02-27 16:03:14 | record_time.R done.-------------------------------------- 

2022-02-27 16:07:12 | record_time.R ------------------------------------------- 
Timestamp: 2022-02-27 16:07:12 added.
2022-02-27 16:07:12 | record_time.R done.-------------------------------------- 

2022-02-27 16:12:08 | record_time.R ------------------------------------------- 
Timestamp: 2022-02-27 16:12:08 added.
2022-02-27 16:12:08 | record_time.R done.-------------------------------------- 

2022-02-27 16:23:52 | record_time.R ------------------------------------------- 
Timestamp: 2022-02-27 16:23:52 added.
2022-02-27 16:23:52 | record_time.R done.-------------------------------------- 

2022-02-27 16:24:56 | record_time.R ------------------------------------------- 
Timestamp: 2022-02-27 16:24:56 added.
2022-02-27 16:24:56 | record_time.R done.-------------------------------------- 

2022-02-27 16:29:47 | record_time.R ------------------------------------------- 
Timestamp: 2022-02-27 16:29:47 added.
2022-02-27 16:29:47 | record_time.R done.-------------------------------------- 

2022-02-27 16:30:28 | record_time.R ------------------------------------------- 
Timestamp: 2022-02-27 16:30:28 added.
2022-02-27 16:30:28 | record_time.R done.-------------------------------------- 

2022-02-27 17:50:05 | record_time.R ------------------------------------------- 
Timestamp: 2022-02-27 17:50:05 added.
2022-02-27 17:50:05 | record_time.R done.-------------------------------------- 

2022-02-27 17:53:08 | record_time.R ------------------------------------------- 
Timestamp: 2022-02-27 17:53:08 added.
2022-02-27 17:53:08 | record_time.R done.-------------------------------------- 

2022-02-27 17:55:26 | record_time.R ------------------------------------------- 
Timestamp: 2022-02-27 17:55:26 added.
2022-02-27 17:55:26 | record_time.R done.-------------------------------------- 

2022-02-27 17:56:18 | record_time.R ------------------------------------------- 
Timestamp: 2022-02-27 17:56:18 added.
2022-02-27 17:56:18 | record_time.R done.-------------------------------------- 

2022-02-27 18:01:05 | record_time.R ------------------------------------------- 
Timestamp: 2022-02-27 18:01:05 added.
2022-02-27 18:01:05 | record_time.R done.-------------------------------------- 

2022-02-27 18:01:35 | record_time.R ------------------------------------------- 
Timestamp: 2022-02-27 18:01:35 added.
2022-02-27 18:01:35 | record_time.R done.-------------------------------------- 

2022-02-27 18:02:04 | record_time.R ------------------------------------------- 
Timestamp: 2022-02-27 18:02:04 added.
2022-02-27 18:02:04 | record_time.R done.-------------------------------------- 

2022-02-27 18:10:29 | record_time.R ------------------------------------------- 
Timestamp: 2022-02-27 18:10:29 added.
2022-02-27 18:10:29 | record_time.R done.-------------------------------------- 

2022-02-27 18:12:53 | record_time.R ------------------------------------------- 
Timestamp: 2022-02-27 18:12:53 added.
2022-02-27 18:12:53 | record_time.R done.-------------------------------------- 

2022-02-27 18:16:47 | record_time.R ------------------------------------------- 
Timestamp: 2022-02-27 18:16:47 added.
2022-02-27 18:16:47 | record_time.R done.-------------------------------------- 

2022-02-27 18:21:43 | record_time.R ------------------------------------------- 
Timestamp: 2022-02-27 18:21:43 added.
2022-02-27 18:21:43 | record_time.R done.-------------------------------------- 

2022-02-27 18:33:27 | record_time.R ------------------------------------------- 
Timestamp: 2022-02-27 18:33:27 added.
2022-02-27 18:33:27 | record_time.R done.-------------------------------------- 

2022-02-27 18:34:30 | record_time.R ------------------------------------------- 
Timestamp: 2022-02-27 18:34:31 added.
2022-02-27 18:34:31 | record_time.R done.-------------------------------------- 

2022-02-27 18:39:21 | record_time.R ------------------------------------------- 
Timestamp: 2022-02-27 18:39:21 added.
2022-02-27 18:39:21 | record_time.R done.-------------------------------------- 

2022-02-27 18:40:02 | record_time.R ------------------------------------------- 
Timestamp: 2022-02-27 18:40:02 added.
2022-02-27 18:40:02 | record_time.R done.-------------------------------------- 

2022-02-27 19:59:40 | record_time.R ------------------------------------------- 
Timestamp: 2022-02-27 19:59:40 added.
2022-02-27 19:59:40 | record_time.R done.-------------------------------------- 

2022-02-27 20:02:42 | record_time.R ------------------------------------------- 
Timestamp: 2022-02-27 20:02:42 added.
2022-02-27 20:02:42 | record_time.R done.-------------------------------------- 

2022-02-27 20:04:59 | record_time.R ------------------------------------------- 
Timestamp: 2022-02-27 20:04:59 added.
2022-02-27 20:04:59 | record_time.R done.-------------------------------------- 

2022-02-27 20:05:52 | record_time.R ------------------------------------------- 
Timestamp: 2022-02-27 20:05:52 added.
2022-02-27 20:05:52 | record_time.R done.-------------------------------------- 

2022-02-27 20:10:40 | record_time.R ------------------------------------------- 
Timestamp: 2022-02-27 20:10:40 added.
2022-02-27 20:10:40 | record_time.R done.-------------------------------------- 

2022-02-27 20:11:09 | record_time.R ------------------------------------------- 
Timestamp: 2022-02-27 20:11:09 added.
2022-02-27 20:11:09 | record_time.R done.-------------------------------------- 

2022-02-27 20:11:39 | record_time.R ------------------------------------------- 
Timestamp: 2022-02-27 20:11:39 added.
2022-02-27 20:11:39 | record_time.R done.-------------------------------------- 

2022-02-27 20:20:03 | record_time.R ------------------------------------------- 
Timestamp: 2022-02-27 20:20:03 added.
2022-02-27 20:20:03 | record_time.R done.-------------------------------------- 

2022-02-27 20:22:27 | record_time.R ------------------------------------------- 
Timestamp: 2022-02-27 20:22:27 added.
2022-02-27 20:22:27 | record_time.R done.-------------------------------------- 

2022-02-27 20:26:28 | record_time.R ------------------------------------------- 
Timestamp: 2022-02-27 20:26:28 added.
2022-02-27 20:26:28 | record_time.R done.-------------------------------------- 

2022-02-27 20:31:24 | record_time.R ------------------------------------------- 
Timestamp: 2022-02-27 20:31:24 added.
2022-02-27 20:31:24 | record_time.R done.-------------------------------------- 

2022-02-27 20:43:08 | record_time.R ------------------------------------------- 
Timestamp: 2022-02-27 20:43:08 added.
2022-02-27 20:43:08 | record_time.R done.-------------------------------------- 

2022-02-27 20:44:11 | record_time.R ------------------------------------------- 
Timestamp: 2022-02-27 20:44:11 added.
2022-02-27 20:44:11 | record_time.R done.-------------------------------------- 

2022-02-27 20:49:02 | record_time.R ------------------------------------------- 
Timestamp: 2022-02-27 20:49:02 added.
2022-02-27 20:49:02 | record_time.R done.-------------------------------------- 

2022-02-27 20:49:43 | record_time.R ------------------------------------------- 
Timestamp: 2022-02-27 20:49:43 added.
2022-02-27 20:49:43 | record_time.R done.-------------------------------------- 

2022-02-27 22:09:14 | record_time.R ------------------------------------------- 
Timestamp: 2022-02-27 22:09:14 added.
2022-02-27 22:09:14 | record_time.R done.-------------------------------------- 

2022-02-27 22:12:18 | record_time.R ------------------------------------------- 
Timestamp: 2022-02-27 22:12:18 added.
2022-02-27 22:12:18 | record_time.R done.-------------------------------------- 

2022-02-27 22:14:38 | record_time.R ------------------------------------------- 
Timestamp: 2022-02-27 22:14:38 added.
2022-02-27 22:14:38 | record_time.R done.-------------------------------------- 

2022-02-27 22:15:29 | record_time.R ------------------------------------------- 
Timestamp: 2022-02-27 22:15:29 added.
2022-02-27 22:15:30 | record_time.R done.-------------------------------------- 

2022-02-27 22:20:18 | record_time.R ------------------------------------------- 
Timestamp: 2022-02-27 22:20:18 added.
2022-02-27 22:20:18 | record_time.R done.-------------------------------------- 

2022-02-27 22:20:47 | record_time.R ------------------------------------------- 
Timestamp: 2022-02-27 22:20:47 added.
2022-02-27 22:20:47 | record_time.R done.-------------------------------------- 

2022-02-27 22:21:17 | record_time.R ------------------------------------------- 
Timestamp: 2022-02-27 22:21:17 added.
2022-02-27 22:21:17 | record_time.R done.-------------------------------------- 

2022-02-27 22:29:42 | record_time.R ------------------------------------------- 
Timestamp: 2022-02-27 22:29:42 added.
2022-02-27 22:29:42 | record_time.R done.-------------------------------------- 

2022-02-27 22:32:06 | record_time.R ------------------------------------------- 
Timestamp: 2022-02-27 22:32:06 added.
2022-02-27 22:32:06 | record_time.R done.-------------------------------------- 

2022-02-27 22:36:04 | record_time.R ------------------------------------------- 
Timestamp: 2022-02-27 22:36:04 added.
2022-02-27 22:36:04 | record_time.R done.-------------------------------------- 

2022-02-27 22:40:59 | record_time.R ------------------------------------------- 
Timestamp: 2022-02-27 22:40:59 added.
2022-02-27 22:40:59 | record_time.R done.-------------------------------------- 

2022-02-27 22:52:44 | record_time.R ------------------------------------------- 
Timestamp: 2022-02-27 22:52:44 added.
2022-02-27 22:52:44 | record_time.R done.-------------------------------------- 

2022-02-27 22:53:47 | record_time.R ------------------------------------------- 
Timestamp: 2022-02-27 22:53:48 added.
2022-02-27 22:53:48 | record_time.R done.-------------------------------------- 

2022-02-27 22:58:39 | record_time.R ------------------------------------------- 
Timestamp: 2022-02-27 22:58:39 added.
2022-02-27 22:58:39 | record_time.R done.-------------------------------------- 

2022-02-27 22:59:20 | record_time.R ------------------------------------------- 
Timestamp: 2022-02-27 22:59:20 added.
2022-02-27 22:59:20 | record_time.R done.-------------------------------------- 

2022-02-28 00:18:56 | record_time.R ------------------------------------------- 
Timestamp: 2022-02-28 00:18:56 added.
2022-02-28 00:18:56 | record_time.R done.-------------------------------------- 

2022-02-28 00:21:59 | record_time.R ------------------------------------------- 
Timestamp: 2022-02-28 00:21:59 added.
2022-02-28 00:21:59 | record_time.R done.-------------------------------------- 

2022-02-28 00:24:16 | record_time.R ------------------------------------------- 
Timestamp: 2022-02-28 00:24:16 added.
2022-02-28 00:24:16 | record_time.R done.-------------------------------------- 

2022-02-28 00:25:09 | record_time.R ------------------------------------------- 
Timestamp: 2022-02-28 00:25:09 added.
2022-02-28 00:25:09 | record_time.R done.-------------------------------------- 

2022-02-28 00:29:58 | record_time.R ------------------------------------------- 
Timestamp: 2022-02-28 00:29:58 added.
2022-02-28 00:29:58 | record_time.R done.-------------------------------------- 

2022-02-28 00:30:27 | record_time.R ------------------------------------------- 
Timestamp: 2022-02-28 00:30:27 added.
2022-02-28 00:30:27 | record_time.R done.-------------------------------------- 

2022-02-28 00:30:57 | record_time.R ------------------------------------------- 
Timestamp: 2022-02-28 00:30:57 added.
2022-02-28 00:30:57 | record_time.R done.-------------------------------------- 

2022-02-28 00:39:22 | record_time.R ------------------------------------------- 
Timestamp: 2022-02-28 00:39:22 added.
2022-02-28 00:39:22 | record_time.R done.-------------------------------------- 

2022-02-28 00:41:45 | record_time.R ------------------------------------------- 
Timestamp: 2022-02-28 00:41:45 added.
2022-02-28 00:41:45 | record_time.R done.-------------------------------------- 

2022-02-28 00:45:40 | record_time.R ------------------------------------------- 
Timestamp: 2022-02-28 00:45:40 added.
2022-02-28 00:45:40 | record_time.R done.-------------------------------------- 

2022-02-28 00:50:36 | record_time.R ------------------------------------------- 
Timestamp: 2022-02-28 00:50:36 added.
2022-02-28 00:50:36 | record_time.R done.-------------------------------------- 

2022-02-28 01:02:21 | record_time.R ------------------------------------------- 
Timestamp: 2022-02-28 01:02:21 added.
2022-02-28 01:02:21 | record_time.R done.-------------------------------------- 

2022-02-28 01:03:24 | record_time.R ------------------------------------------- 
Timestamp: 2022-02-28 01:03:24 added.
2022-02-28 01:03:24 | record_time.R done.-------------------------------------- 

2022-02-28 01:08:15 | record_time.R ------------------------------------------- 
Timestamp: 2022-02-28 01:08:15 added.
2022-02-28 01:08:15 | record_time.R done.-------------------------------------- 

2022-02-28 01:08:57 | record_time.R ------------------------------------------- 
Timestamp: 2022-02-28 01:08:57 added.
2022-02-28 01:08:57 | record_time.R done.-------------------------------------- 

2022-02-28 02:28:34 | record_time.R ------------------------------------------- 
Timestamp: 2022-02-28 02:28:34 added.
2022-02-28 02:28:34 | record_time.R done.-------------------------------------- 

2022-02-28 02:31:37 | record_time.R ------------------------------------------- 
Timestamp: 2022-02-28 02:31:37 added.
2022-02-28 02:31:37 | record_time.R done.-------------------------------------- 

2022-02-28 02:33:54 | record_time.R ------------------------------------------- 
Timestamp: 2022-02-28 02:33:54 added.
2022-02-28 02:33:54 | record_time.R done.-------------------------------------- 

2022-02-28 02:34:47 | record_time.R ------------------------------------------- 
Timestamp: 2022-02-28 02:34:47 added.
2022-02-28 02:34:47 | record_time.R done.-------------------------------------- 

2022-02-28 02:39:35 | record_time.R ------------------------------------------- 
Timestamp: 2022-02-28 02:39:35 added.
2022-02-28 02:39:35 | record_time.R done.-------------------------------------- 

2022-02-28 02:40:05 | record_time.R ------------------------------------------- 
Timestamp: 2022-02-28 02:40:05 added.
2022-02-28 02:40:05 | record_time.R done.-------------------------------------- 

2022-02-28 02:40:35 | record_time.R ------------------------------------------- 
Timestamp: 2022-02-28 02:40:35 added.
2022-02-28 02:40:35 | record_time.R done.-------------------------------------- 

2022-02-28 02:49:00 | record_time.R ------------------------------------------- 
Timestamp: 2022-02-28 02:49:00 added.
2022-02-28 02:49:00 | record_time.R done.-------------------------------------- 

2022-02-28 02:51:14 | record_time.R ------------------------------------------- 
Timestamp: 2022-02-28 02:51:14 added.
2022-02-28 02:51:14 | record_time.R done.-------------------------------------- 

2022-02-28 10:12:55 | record_time.R ------------------------------------------- 
Timestamp: 2022-02-28 10:12:55 added.
2022-02-28 10:12:55 | record_time.R done.-------------------------------------- 

2022-02-28 10:12:57 | record_time.R ------------------------------------------- 
Timestamp: 2022-02-28 10:12:57 added.
2022-02-28 10:12:57 | record_time.R done.-------------------------------------- 

2022-02-28 10:23:27 | record_time.R ------------------------------------------- 
Timestamp: 2022-02-28 10:23:27 added.
2022-02-28 10:23:27 | record_time.R done.-------------------------------------- 

2022-02-28 10:23:58 | record_time.R ------------------------------------------- 
Timestamp: 2022-02-28 10:23:58 added.
2022-02-28 10:23:58 | record_time.R done.-------------------------------------- 

2022-02-28 10:44:38 | record_time.R ------------------------------------------- 
Timestamp: 2022-02-28 10:44:38 added.
2022-02-28 10:44:38 | record_time.R done.-------------------------------------- 

2022-02-28 10:45:17 | record_time.R ------------------------------------------- 
Timestamp: 2022-02-28 10:45:17 added.
2022-02-28 10:45:17 | record_time.R done.-------------------------------------- 

2022-02-28 11:09:36 | record_time.R ------------------------------------------- 
Timestamp: 2022-02-28 11:09:36 added.
2022-02-28 11:09:36 | record_time.R done.-------------------------------------- 

2022-02-28 11:10:16 | record_time.R ------------------------------------------- 
Timestamp: 2022-02-28 11:10:16 added.
2022-02-28 11:10:16 | record_time.R done.-------------------------------------- 

2022-02-28 11:34:37 | record_time.R ------------------------------------------- 
Timestamp: 2022-02-28 11:34:37 added.
2022-02-28 11:34:37 | record_time.R done.-------------------------------------- 

2022-02-28 11:35:16 | record_time.R ------------------------------------------- 
Timestamp: 2022-02-28 11:35:16 added.
2022-02-28 11:35:16 | record_time.R done.-------------------------------------- 

2022-02-28 11:59:40 | record_time.R ------------------------------------------- 
Timestamp: 2022-02-28 11:59:40 added.
2022-02-28 11:59:40 | record_time.R done.-------------------------------------- 

2022-02-28 12:00:20 | record_time.R ------------------------------------------- 
Timestamp: 2022-02-28 12:00:20 added.
2022-02-28 12:00:20 | record_time.R done.-------------------------------------- 

2022-02-28 12:24:45 | record_time.R ------------------------------------------- 
Timestamp: 2022-02-28 12:24:45 added.
2022-02-28 12:24:45 | record_time.R done.-------------------------------------- 

2022-02-28 12:25:25 | record_time.R ------------------------------------------- 
Timestamp: 2022-02-28 12:25:25 added.
2022-02-28 12:25:25 | record_time.R done.-------------------------------------- 

2022-02-28 13:09:12 | record_time.R ------------------------------------------- 
Timestamp: 2022-02-28 13:09:12 added.
2022-02-28 13:09:12 | record_time.R done.-------------------------------------- 

2022-02-28 13:11:27 | record_time.R ------------------------------------------- 
Timestamp: 2022-02-28 13:11:28 added.
2022-02-28 13:11:28 | record_time.R done.-------------------------------------- 

2022-02-28 13:21:11 | record_time.R ------------------------------------------- 
Warning: 2 parsing failures.
row      col   expected actual                                    file
  1 plate    an integer   none 'experiments/20220127_output/times.csv'
  1 transfer an integer   none 'experiments/20220127_output/times.csv'

Timestamp: 2022-02-28 13:21:11 added.
2022-02-28 13:21:11 | record_time.R done.-------------------------------------- 

2022-02-28 13:28:02 | record_time.R ------------------------------------------- 
Timestamp: 2022-02-28 13:28:02 added.
2022-02-28 13:28:02 | record_time.R done.-------------------------------------- 

2022-02-28 13:39:46 | record_time.R ------------------------------------------- 
Timestamp: 2022-02-28 13:39:46 added.
2022-02-28 13:39:46 | record_time.R done.-------------------------------------- 

2022-02-28 13:40:46 | record_time.R ------------------------------------------- 
Timestamp: 2022-02-28 13:40:46 added.
2022-02-28 13:40:46 | record_time.R done.-------------------------------------- 

2022-02-28 13:45:37 | record_time.R ------------------------------------------- 
Timestamp: 2022-02-28 13:45:37 added.
2022-02-28 13:45:37 | record_time.R done.-------------------------------------- 

2022-02-28 13:46:18 | record_time.R ------------------------------------------- 
Timestamp: 2022-02-28 13:46:18 added.
2022-02-28 13:46:18 | record_time.R done.-------------------------------------- 

2022-02-28 15:05:53 | record_time.R ------------------------------------------- 
Timestamp: 2022-02-28 15:05:53 added.
2022-02-28 15:05:53 | record_time.R done.-------------------------------------- 

2022-02-28 15:08:57 | record_time.R ------------------------------------------- 
Timestamp: 2022-02-28 15:08:57 added.
2022-02-28 15:08:57 | record_time.R done.-------------------------------------- 

2022-02-28 15:11:15 | record_time.R ------------------------------------------- 
Timestamp: 2022-02-28 15:11:15 added.
2022-02-28 15:11:15 | record_time.R done.-------------------------------------- 

2022-02-28 15:12:07 | record_time.R ------------------------------------------- 
Timestamp: 2022-02-28 15:12:07 added.
2022-02-28 15:12:07 | record_time.R done.-------------------------------------- 

2022-02-28 15:16:55 | record_time.R ------------------------------------------- 
Timestamp: 2022-02-28 15:16:55 added.
2022-02-28 15:16:55 | record_time.R done.-------------------------------------- 

2022-02-28 15:17:24 | record_time.R ------------------------------------------- 
Timestamp: 2022-02-28 15:17:24 added.
2022-02-28 15:17:24 | record_time.R done.-------------------------------------- 

2022-02-28 15:17:53 | record_time.R ------------------------------------------- 
Timestamp: 2022-02-28 15:17:53 added.
2022-02-28 15:17:54 | record_time.R done.-------------------------------------- 

2022-02-28 15:26:16 | record_time.R ------------------------------------------- 
Timestamp: 2022-02-28 15:26:16 added.
2022-02-28 15:26:16 | record_time.R done.-------------------------------------- 

2022-02-28 15:33:27 | record_time.R ------------------------------------------- 
Timestamp: 2022-02-28 15:33:27 added.
2022-02-28 15:33:27 | record_time.R done.-------------------------------------- 

2022-02-28 15:45:12 | record_time.R ------------------------------------------- 
Timestamp: 2022-02-28 15:45:12 added.
2022-02-28 15:45:12 | record_time.R done.-------------------------------------- 

2022-02-28 15:46:19 | record_time.R ------------------------------------------- 
Timestamp: 2022-02-28 15:46:19 added.
2022-02-28 15:46:19 | record_time.R done.-------------------------------------- 

2022-02-28 15:51:14 | record_time.R ------------------------------------------- 
Timestamp: 2022-02-28 15:51:14 added.
2022-02-28 15:51:14 | record_time.R done.-------------------------------------- 

2022-02-28 15:51:54 | record_time.R ------------------------------------------- 
Timestamp: 2022-02-28 15:51:54 added.
2022-02-28 15:51:54 | record_time.R done.-------------------------------------- 

2022-02-28 17:11:27 | record_time.R ------------------------------------------- 
Timestamp: 2022-02-28 17:11:27 added.
2022-02-28 17:11:27 | record_time.R done.-------------------------------------- 

2022-02-28 17:14:29 | record_time.R ------------------------------------------- 
Timestamp: 2022-02-28 17:14:29 added.
2022-02-28 17:14:29 | record_time.R done.-------------------------------------- 

2022-02-28 17:16:47 | record_time.R ------------------------------------------- 
Timestamp: 2022-02-28 17:16:47 added.
2022-02-28 17:16:47 | record_time.R done.-------------------------------------- 

2022-02-28 17:17:40 | record_time.R ------------------------------------------- 
Timestamp: 2022-02-28 17:17:40 added.
2022-02-28 17:17:40 | record_time.R done.-------------------------------------- 

2022-02-28 17:22:27 | record_time.R ------------------------------------------- 
Timestamp: 2022-02-28 17:22:27 added.
2022-02-28 17:22:27 | record_time.R done.-------------------------------------- 

2022-02-28 17:22:56 | record_time.R ------------------------------------------- 
Timestamp: 2022-02-28 17:22:56 added.
2022-02-28 17:22:56 | record_time.R done.-------------------------------------- 

2022-02-28 17:23:26 | record_time.R ------------------------------------------- 
Timestamp: 2022-02-28 17:23:26 added.
2022-02-28 17:23:26 | record_time.R done.-------------------------------------- 

2022-02-28 17:31:49 | record_time.R ------------------------------------------- 
Timestamp: 2022-02-28 17:31:49 added.
2022-02-28 17:31:49 | record_time.R done.-------------------------------------- 

2022-02-28 17:39:02 | record_time.R ------------------------------------------- 
Timestamp: 2022-02-28 17:39:02 added.
2022-02-28 17:39:02 | record_time.R done.-------------------------------------- 

2022-02-28 17:50:46 | record_time.R ------------------------------------------- 
Timestamp: 2022-02-28 17:50:46 added.
2022-02-28 17:50:46 | record_time.R done.-------------------------------------- 

2022-02-28 17:51:56 | record_time.R ------------------------------------------- 
Timestamp: 2022-02-28 17:51:56 added.
2022-02-28 17:51:56 | record_time.R done.-------------------------------------- 

2022-02-28 17:56:46 | record_time.R ------------------------------------------- 
Timestamp: 2022-02-28 17:56:46 added.
2022-02-28 17:56:46 | record_time.R done.-------------------------------------- 

2022-02-28 17:57:27 | record_time.R ------------------------------------------- 
Timestamp: 2022-02-28 17:57:27 added.
2022-02-28 17:57:27 | record_time.R done.-------------------------------------- 

2022-02-28 19:17:01 | record_time.R ------------------------------------------- 
Timestamp: 2022-02-28 19:17:01 added.
2022-02-28 19:17:01 | record_time.R done.-------------------------------------- 

2022-02-28 19:20:05 | record_time.R ------------------------------------------- 
Timestamp: 2022-02-28 19:20:05 added.
2022-02-28 19:20:05 | record_time.R done.-------------------------------------- 

2022-02-28 19:22:24 | record_time.R ------------------------------------------- 
Timestamp: 2022-02-28 19:22:24 added.
2022-02-28 19:22:24 | record_time.R done.-------------------------------------- 

2022-02-28 19:23:17 | record_time.R ------------------------------------------- 
Timestamp: 2022-02-28 19:23:17 added.
2022-02-28 19:23:17 | record_time.R done.-------------------------------------- 

2022-02-28 19:28:04 | record_time.R ------------------------------------------- 
Timestamp: 2022-02-28 19:28:04 added.
2022-02-28 19:28:04 | record_time.R done.-------------------------------------- 

2022-02-28 19:28:33 | record_time.R ------------------------------------------- 
Timestamp: 2022-02-28 19:28:33 added.
2022-02-28 19:28:33 | record_time.R done.-------------------------------------- 

2022-02-28 19:29:03 | record_time.R ------------------------------------------- 
Timestamp: 2022-02-28 19:29:03 added.
2022-02-28 19:29:03 | record_time.R done.-------------------------------------- 

2022-02-28 19:37:28 | record_time.R ------------------------------------------- 
Timestamp: 2022-02-28 19:37:28 added.
2022-02-28 19:37:28 | record_time.R done.-------------------------------------- 

2022-02-28 19:44:40 | record_time.R ------------------------------------------- 
Timestamp: 2022-02-28 19:44:40 added.
2022-02-28 19:44:40 | record_time.R done.-------------------------------------- 

2022-02-28 19:56:23 | record_time.R ------------------------------------------- 
Timestamp: 2022-02-28 19:56:23 added.
2022-02-28 19:56:23 | record_time.R done.-------------------------------------- 

2022-02-28 19:57:34 | record_time.R ------------------------------------------- 
Timestamp: 2022-02-28 19:57:34 added.
2022-02-28 19:57:34 | record_time.R done.-------------------------------------- 

2022-02-28 20:02:25 | record_time.R ------------------------------------------- 
Timestamp: 2022-02-28 20:02:25 added.
2022-02-28 20:02:25 | record_time.R done.-------------------------------------- 

2022-02-28 20:03:06 | record_time.R ------------------------------------------- 
Timestamp: 2022-02-28 20:03:06 added.
2022-02-28 20:03:06 | record_time.R done.-------------------------------------- 

2022-02-28 21:22:42 | record_time.R ------------------------------------------- 
Timestamp: 2022-02-28 21:22:42 added.
2022-02-28 21:22:42 | record_time.R done.-------------------------------------- 

2022-02-28 21:25:44 | record_time.R ------------------------------------------- 
Timestamp: 2022-02-28 21:25:44 added.
2022-02-28 21:25:44 | record_time.R done.-------------------------------------- 

2022-02-28 21:28:02 | record_time.R ------------------------------------------- 
Timestamp: 2022-02-28 21:28:02 added.
2022-02-28 21:28:02 | record_time.R done.-------------------------------------- 

2022-02-28 21:28:54 | record_time.R ------------------------------------------- 
Timestamp: 2022-02-28 21:28:54 added.
2022-02-28 21:28:54 | record_time.R done.-------------------------------------- 

2022-02-28 21:33:42 | record_time.R ------------------------------------------- 
Timestamp: 2022-02-28 21:33:42 added.
2022-02-28 21:33:42 | record_time.R done.-------------------------------------- 

2022-02-28 21:34:11 | record_time.R ------------------------------------------- 
Timestamp: 2022-02-28 21:34:11 added.
2022-02-28 21:34:11 | record_time.R done.-------------------------------------- 

2022-02-28 21:34:41 | record_time.R ------------------------------------------- 
Timestamp: 2022-02-28 21:34:41 added.
2022-02-28 21:34:41 | record_time.R done.-------------------------------------- 

2022-02-28 21:43:06 | record_time.R ------------------------------------------- 
Timestamp: 2022-02-28 21:43:06 added.
2022-02-28 21:43:06 | record_time.R done.-------------------------------------- 

2022-02-28 21:50:16 | record_time.R ------------------------------------------- 
Timestamp: 2022-02-28 21:50:16 added.
2022-02-28 21:50:16 | record_time.R done.-------------------------------------- 

2022-02-28 22:02:02 | record_time.R ------------------------------------------- 
Timestamp: 2022-02-28 22:02:02 added.
2022-02-28 22:02:02 | record_time.R done.-------------------------------------- 

2022-02-28 22:02:57 | record_time.R ------------------------------------------- 
Timestamp: 2022-02-28 22:02:57 added.
2022-02-28 22:02:57 | record_time.R done.-------------------------------------- 

2022-02-28 22:07:48 | record_time.R ------------------------------------------- 
Timestamp: 2022-02-28 22:07:48 added.
2022-02-28 22:07:48 | record_time.R done.-------------------------------------- 

2022-02-28 22:08:29 | record_time.R ------------------------------------------- 
Timestamp: 2022-02-28 22:08:29 added.
2022-02-28 22:08:29 | record_time.R done.-------------------------------------- 

2022-02-28 23:28:04 | record_time.R ------------------------------------------- 
Timestamp: 2022-02-28 23:28:04 added.
2022-02-28 23:28:04 | record_time.R done.-------------------------------------- 

2022-02-28 23:31:06 | record_time.R ------------------------------------------- 
Timestamp: 2022-02-28 23:31:06 added.
2022-02-28 23:31:06 | record_time.R done.-------------------------------------- 

2022-02-28 23:33:25 | record_time.R ------------------------------------------- 
Timestamp: 2022-02-28 23:33:25 added.
2022-02-28 23:33:25 | record_time.R done.-------------------------------------- 

2022-02-28 23:34:16 | record_time.R ------------------------------------------- 
Timestamp: 2022-02-28 23:34:16 added.
2022-02-28 23:34:16 | record_time.R done.-------------------------------------- 

2022-02-28 23:39:03 | record_time.R ------------------------------------------- 
Timestamp: 2022-02-28 23:39:03 added.
2022-02-28 23:39:03 | record_time.R done.-------------------------------------- 

2022-02-28 23:39:33 | record_time.R ------------------------------------------- 
Timestamp: 2022-02-28 23:39:33 added.
2022-02-28 23:39:33 | record_time.R done.-------------------------------------- 

2022-02-28 23:40:02 | record_time.R ------------------------------------------- 
Timestamp: 2022-02-28 23:40:02 added.
2022-02-28 23:40:02 | record_time.R done.-------------------------------------- 

2022-02-28 23:48:29 | record_time.R ------------------------------------------- 
Timestamp: 2022-02-28 23:48:29 added.
2022-02-28 23:48:29 | record_time.R done.-------------------------------------- 

2022-02-28 23:55:39 | record_time.R ------------------------------------------- 
Timestamp: 2022-02-28 23:55:39 added.
2022-02-28 23:55:39 | record_time.R done.-------------------------------------- 

2022-03-01 00:07:25 | record_time.R ------------------------------------------- 
Timestamp: 2022-03-01 00:07:25 added.
2022-03-01 00:07:25 | record_time.R done.-------------------------------------- 

2022-03-01 00:08:34 | record_time.R ------------------------------------------- 
Timestamp: 2022-03-01 00:08:34 added.
2022-03-01 00:08:34 | record_time.R done.-------------------------------------- 

2022-03-01 00:13:25 | record_time.R ------------------------------------------- 
Timestamp: 2022-03-01 00:13:25 added.
2022-03-01 00:13:25 | record_time.R done.-------------------------------------- 

2022-03-01 00:14:06 | record_time.R ------------------------------------------- 
Timestamp: 2022-03-01 00:14:06 added.
2022-03-01 00:14:06 | record_time.R done.-------------------------------------- 

2022-03-01 01:33:43 | record_time.R ------------------------------------------- 
Timestamp: 2022-03-01 01:33:43 added.
2022-03-01 01:33:43 | record_time.R done.-------------------------------------- 

2022-03-01 01:36:46 | record_time.R ------------------------------------------- 
Timestamp: 2022-03-01 01:36:46 added.
2022-03-01 01:36:46 | record_time.R done.-------------------------------------- 

2022-03-01 01:39:04 | record_time.R ------------------------------------------- 
Timestamp: 2022-03-01 01:39:04 added.
2022-03-01 01:39:04 | record_time.R done.-------------------------------------- 

2022-03-01 01:39:58 | record_time.R ------------------------------------------- 
Timestamp: 2022-03-01 01:39:58 added.
2022-03-01 01:39:58 | record_time.R done.-------------------------------------- 

2022-03-01 01:44:45 | record_time.R ------------------------------------------- 
Timestamp: 2022-03-01 01:44:45 added.
2022-03-01 01:44:45 | record_time.R done.-------------------------------------- 

2022-03-01 01:45:15 | record_time.R ------------------------------------------- 
Timestamp: 2022-03-01 01:45:15 added.
2022-03-01 01:45:15 | record_time.R done.-------------------------------------- 

2022-03-01 01:45:45 | record_time.R ------------------------------------------- 
Timestamp: 2022-03-01 01:45:45 added.
2022-03-01 01:45:45 | record_time.R done.-------------------------------------- 

2022-03-01 01:54:10 | record_time.R ------------------------------------------- 
Timestamp: 2022-03-01 01:54:10 added.
2022-03-01 01:54:10 | record_time.R done.-------------------------------------- 

2022-03-01 01:56:24 | record_time.R ------------------------------------------- 
Timestamp: 2022-03-01 01:56:24 added.
2022-03-01 01:56:24 | record_time.R done.-------------------------------------- 

2022-03-01 13:02:15 | record_time.R ------------------------------------------- 
Timestamp: 2022-03-01 13:02:15 added.
2022-03-01 13:02:15 | record_time.R done.-------------------------------------- 

2022-03-01 15:42:22 | record_time.R ------------------------------------------- 
Timestamp: 2022-03-01 15:42:22 added.
2022-03-01 15:42:22 | record_time.R done.-------------------------------------- 

2022-03-01 18:22:22 | record_time.R ------------------------------------------- 
Timestamp: 2022-03-01 18:22:22 added.
2022-03-01 18:22:22 | record_time.R done.-------------------------------------- 

2022-03-01 21:02:33 | record_time.R ------------------------------------------- 
Timestamp: 2022-03-01 21:02:33 added.
2022-03-01 21:02:33 | record_time.R done.-------------------------------------- 

2022-03-01 23:42:41 | record_time.R ------------------------------------------- 
Timestamp: 2022-03-01 23:42:41 added.
2022-03-01 23:42:41 | record_time.R done.-------------------------------------- 

2022-03-02 02:22:46 | record_time.R ------------------------------------------- 
Timestamp: 2022-03-02 02:22:46 added.
2022-03-02 02:22:46 | record_time.R done.-------------------------------------- 

