2022-02-09 11:33:25 | record_time.R ------------------------------------------- 
Timestamp: 2022-02-09 11:33:25 added.
2022-02-09 11:33:25 | record_time.R done.-------------------------------------- 

2022-02-09 11:33:27 | record_time.R ------------------------------------------- 
Timestamp: 2022-02-09 11:33:27 added.
2022-02-09 11:33:27 | record_time.R done.-------------------------------------- 

2022-02-09 11:44:02 | record_time.R ------------------------------------------- 
Timestamp: 2022-02-09 11:44:02 added.
2022-02-09 11:44:02 | record_time.R done.-------------------------------------- 

2022-02-09 11:44:34 | record_time.R ------------------------------------------- 
Timestamp: 2022-02-09 11:44:34 added.
2022-02-09 11:44:34 | record_time.R done.-------------------------------------- 

2022-02-09 12:05:43 | record_time.R ------------------------------------------- 
Timestamp: 2022-02-09 12:05:43 added.
2022-02-09 12:05:43 | record_time.R done.-------------------------------------- 

2022-02-09 12:06:23 | record_time.R ------------------------------------------- 
Timestamp: 2022-02-09 12:06:23 added.
2022-02-09 12:06:23 | record_time.R done.-------------------------------------- 

2022-02-09 12:31:13 | record_time.R ------------------------------------------- 
Timestamp: 2022-02-09 12:31:13 added.
2022-02-09 12:31:13 | record_time.R done.-------------------------------------- 

2022-02-09 12:31:53 | record_time.R ------------------------------------------- 
Timestamp: 2022-02-09 12:31:53 added.
2022-02-09 12:31:53 | record_time.R done.-------------------------------------- 

2022-02-09 12:56:46 | record_time.R ------------------------------------------- 
Timestamp: 2022-02-09 12:56:46 added.
2022-02-09 12:56:46 | record_time.R done.-------------------------------------- 

2022-02-09 12:57:25 | record_time.R ------------------------------------------- 
Timestamp: 2022-02-09 12:57:25 added.
2022-02-09 12:57:25 | record_time.R done.-------------------------------------- 

2022-02-09 13:22:21 | record_time.R ------------------------------------------- 
Timestamp: 2022-02-09 13:22:21 added.
2022-02-09 13:22:21 | record_time.R done.-------------------------------------- 

2022-02-09 13:23:01 | record_time.R ------------------------------------------- 
Timestamp: 2022-02-09 13:23:01 added.
2022-02-09 13:23:01 | record_time.R done.-------------------------------------- 

2022-02-09 13:47:58 | record_time.R ------------------------------------------- 
Timestamp: 2022-02-09 13:47:58 added.
2022-02-09 13:47:58 | record_time.R done.-------------------------------------- 

2022-02-09 13:48:38 | record_time.R ------------------------------------------- 
Timestamp: 2022-02-09 13:48:38 added.
2022-02-09 13:48:38 | record_time.R done.-------------------------------------- 

2022-02-09 14:28:14 | record_time.R ------------------------------------------- 
Timestamp: 2022-02-09 14:28:14 added.
2022-02-09 14:28:14 | record_time.R done.-------------------------------------- 

2022-02-09 14:30:34 | record_time.R ------------------------------------------- 
Timestamp: 2022-02-09 14:30:34 added.
2022-02-09 14:30:34 | record_time.R done.-------------------------------------- 

2022-02-09 14:40:42 | record_time.R ------------------------------------------- 
Warning: 2 parsing failures.
row      col   expected actual                                    file
  1 plate    an integer   none 'experiments/20220127_output/times.csv'
  1 transfer an integer   none 'experiments/20220127_output/times.csv'

Timestamp: 2022-02-09 14:40:42 added.
2022-02-09 14:40:42 | record_time.R done.-------------------------------------- 

2022-02-09 14:42:36 | record_time.R ------------------------------------------- 
Timestamp: 2022-02-09 14:42:36 added.
2022-02-09 14:42:36 | record_time.R done.-------------------------------------- 

2022-02-09 14:46:38 | record_time.R ------------------------------------------- 
Timestamp: 2022-02-09 14:46:38 added.
2022-02-09 14:46:38 | record_time.R done.-------------------------------------- 

2022-02-09 14:47:01 | record_time.R ------------------------------------------- 
Timestamp: 2022-02-09 14:47:01 added.
2022-02-09 14:47:01 | record_time.R done.-------------------------------------- 

2022-02-09 14:51:10 | record_time.R ------------------------------------------- 
Timestamp: 2022-02-09 14:51:10 added.
2022-02-09 14:51:10 | record_time.R done.-------------------------------------- 

2022-02-09 14:56:08 | record_time.R ------------------------------------------- 
Timestamp: 2022-02-09 14:56:08 added.
2022-02-09 14:56:08 | record_time.R done.-------------------------------------- 

2022-02-09 15:10:22 | record_time.R ------------------------------------------- 
Timestamp: 2022-02-09 15:10:22 added.
2022-02-09 15:10:22 | record_time.R done.-------------------------------------- 

2022-02-09 15:11:25 | record_time.R ------------------------------------------- 
Timestamp: 2022-02-09 15:11:25 added.
2022-02-09 15:11:25 | record_time.R done.-------------------------------------- 

2022-02-09 15:16:15 | record_time.R ------------------------------------------- 
Timestamp: 2022-02-09 15:16:15 added.
2022-02-09 15:16:15 | record_time.R done.-------------------------------------- 

2022-02-09 15:16:56 | record_time.R ------------------------------------------- 
Timestamp: 2022-02-09 15:16:56 added.
2022-02-09 15:16:56 | record_time.R done.-------------------------------------- 

2022-02-09 17:04:34 | record_time.R ------------------------------------------- 
Timestamp: 2022-02-09 17:04:34 added.
2022-02-09 17:04:34 | record_time.R done.-------------------------------------- 

2022-02-09 17:07:46 | record_time.R ------------------------------------------- 
Timestamp: 2022-02-09 17:07:46 added.
2022-02-09 17:07:46 | record_time.R done.-------------------------------------- 

2022-02-09 17:10:06 | record_time.R ------------------------------------------- 
Timestamp: 2022-02-09 17:10:06 added.
2022-02-09 17:10:06 | record_time.R done.-------------------------------------- 

2022-02-09 17:10:58 | record_time.R ------------------------------------------- 
Timestamp: 2022-02-09 17:10:58 added.
2022-02-09 17:10:58 | record_time.R done.-------------------------------------- 

2022-02-09 17:15:45 | record_time.R ------------------------------------------- 
Timestamp: 2022-02-09 17:15:46 added.
2022-02-09 17:15:46 | record_time.R done.-------------------------------------- 

2022-02-09 17:16:15 | record_time.R ------------------------------------------- 
Timestamp: 2022-02-09 17:16:15 added.
2022-02-09 17:16:15 | record_time.R done.-------------------------------------- 

2022-02-09 17:16:45 | record_time.R ------------------------------------------- 
Timestamp: 2022-02-09 17:16:45 added.
2022-02-09 17:16:45 | record_time.R done.-------------------------------------- 

2022-02-09 17:25:10 | record_time.R ------------------------------------------- 
Timestamp: 2022-02-09 17:25:10 added.
2022-02-09 17:25:10 | record_time.R done.-------------------------------------- 

2022-02-09 17:27:34 | record_time.R ------------------------------------------- 
Timestamp: 2022-02-09 17:27:34 added.
2022-02-09 17:27:34 | record_time.R done.-------------------------------------- 

2022-02-09 17:31:29 | record_time.R ------------------------------------------- 
Timestamp: 2022-02-09 17:31:29 added.
2022-02-09 17:31:29 | record_time.R done.-------------------------------------- 

2022-02-09 17:36:25 | record_time.R ------------------------------------------- 
Timestamp: 2022-02-09 17:36:25 added.
2022-02-09 17:36:25 | record_time.R done.-------------------------------------- 

2022-02-09 17:50:40 | record_time.R ------------------------------------------- 
Timestamp: 2022-02-09 17:50:40 added.
2022-02-09 17:50:40 | record_time.R done.-------------------------------------- 

2022-02-09 17:51:44 | record_time.R ------------------------------------------- 
Timestamp: 2022-02-09 17:51:44 added.
2022-02-09 17:51:44 | record_time.R done.-------------------------------------- 

2022-02-09 17:56:33 | record_time.R ------------------------------------------- 
Timestamp: 2022-02-09 17:56:33 added.
2022-02-09 17:56:33 | record_time.R done.-------------------------------------- 

2022-02-09 17:57:15 | record_time.R ------------------------------------------- 
Timestamp: 2022-02-09 17:57:15 added.
2022-02-09 17:57:15 | record_time.R done.-------------------------------------- 

2022-02-09 19:44:50 | record_time.R ------------------------------------------- 
Timestamp: 2022-02-09 19:44:50 added.
2022-02-09 19:44:50 | record_time.R done.-------------------------------------- 

2022-02-09 19:48:02 | record_time.R ------------------------------------------- 
Timestamp: 2022-02-09 19:48:02 added.
2022-02-09 19:48:02 | record_time.R done.-------------------------------------- 

2022-02-09 19:50:21 | record_time.R ------------------------------------------- 
Timestamp: 2022-02-09 19:50:21 added.
2022-02-09 19:50:21 | record_time.R done.-------------------------------------- 

2022-02-09 19:51:14 | record_time.R ------------------------------------------- 
Timestamp: 2022-02-09 19:51:14 added.
2022-02-09 19:51:14 | record_time.R done.-------------------------------------- 

2022-02-09 19:56:01 | record_time.R ------------------------------------------- 
Timestamp: 2022-02-09 19:56:01 added.
2022-02-09 19:56:01 | record_time.R done.-------------------------------------- 

2022-02-09 19:56:30 | record_time.R ------------------------------------------- 
Timestamp: 2022-02-09 19:56:30 added.
2022-02-09 19:56:30 | record_time.R done.-------------------------------------- 

2022-02-09 19:57:01 | record_time.R ------------------------------------------- 
Timestamp: 2022-02-09 19:57:01 added.
2022-02-09 19:57:01 | record_time.R done.-------------------------------------- 

2022-02-09 20:05:23 | record_time.R ------------------------------------------- 
Timestamp: 2022-02-09 20:05:23 added.
2022-02-09 20:05:23 | record_time.R done.-------------------------------------- 

2022-02-10 07:44:05 | record_time.R ------------------------------------------- 
Timestamp: 2022-02-10 07:44:05 added.
2022-02-10 07:44:05 | record_time.R done.-------------------------------------- 

2022-02-10 07:48:04 | record_time.R ------------------------------------------- 
Timestamp: 2022-02-10 07:48:04 added.
2022-02-10 07:48:04 | record_time.R done.-------------------------------------- 

2022-02-10 07:53:01 | record_time.R ------------------------------------------- 
Timestamp: 2022-02-10 07:53:01 added.
2022-02-10 07:53:01 | record_time.R done.-------------------------------------- 

2022-02-10 08:07:15 | record_time.R ------------------------------------------- 
Timestamp: 2022-02-10 08:07:15 added.
2022-02-10 08:07:15 | record_time.R done.-------------------------------------- 

2022-02-10 08:08:18 | record_time.R ------------------------------------------- 
Timestamp: 2022-02-10 08:08:18 added.
2022-02-10 08:08:18 | record_time.R done.-------------------------------------- 

2022-02-10 08:13:07 | record_time.R ------------------------------------------- 
Timestamp: 2022-02-10 08:13:07 added.
2022-02-10 08:13:07 | record_time.R done.-------------------------------------- 

2022-02-10 08:13:48 | record_time.R ------------------------------------------- 
Timestamp: 2022-02-10 08:13:48 added.
2022-02-10 08:13:48 | record_time.R done.-------------------------------------- 

2022-02-10 10:01:31 | record_time.R ------------------------------------------- 
Timestamp: 2022-02-10 10:01:31 added.
2022-02-10 10:01:31 | record_time.R done.-------------------------------------- 

2022-02-10 10:04:42 | record_time.R ------------------------------------------- 
Timestamp: 2022-02-10 10:04:42 added.
2022-02-10 10:04:42 | record_time.R done.-------------------------------------- 

2022-02-10 10:07:01 | record_time.R ------------------------------------------- 
Timestamp: 2022-02-10 10:07:01 added.
2022-02-10 10:07:01 | record_time.R done.-------------------------------------- 

2022-02-10 10:07:54 | record_time.R ------------------------------------------- 
Timestamp: 2022-02-10 10:07:54 added.
2022-02-10 10:07:54 | record_time.R done.-------------------------------------- 

2022-02-10 10:12:41 | record_time.R ------------------------------------------- 
Timestamp: 2022-02-10 10:12:41 added.
2022-02-10 10:12:41 | record_time.R done.-------------------------------------- 

2022-02-10 10:13:09 | record_time.R ------------------------------------------- 
Timestamp: 2022-02-10 10:13:09 added.
2022-02-10 10:13:09 | record_time.R done.-------------------------------------- 

2022-02-10 10:13:40 | record_time.R ------------------------------------------- 
Timestamp: 2022-02-10 10:13:40 added.
2022-02-10 10:13:40 | record_time.R done.-------------------------------------- 

2022-02-10 10:22:02 | record_time.R ------------------------------------------- 
Timestamp: 2022-02-10 10:22:02 added.
2022-02-10 10:22:02 | record_time.R done.-------------------------------------- 

2022-02-10 10:24:26 | record_time.R ------------------------------------------- 
Timestamp: 2022-02-10 10:24:26 added.
2022-02-10 10:24:26 | record_time.R done.-------------------------------------- 

2022-02-10 10:28:25 | record_time.R ------------------------------------------- 
Timestamp: 2022-02-10 10:28:25 added.
2022-02-10 10:28:25 | record_time.R done.-------------------------------------- 

2022-02-10 10:33:22 | record_time.R ------------------------------------------- 
Timestamp: 2022-02-10 10:33:22 added.
2022-02-10 10:33:22 | record_time.R done.-------------------------------------- 

2022-02-10 10:47:37 | record_time.R ------------------------------------------- 
Timestamp: 2022-02-10 10:47:37 added.
2022-02-10 10:47:37 | record_time.R done.-------------------------------------- 

2022-02-10 10:48:40 | record_time.R ------------------------------------------- 
Timestamp: 2022-02-10 10:48:40 added.
2022-02-10 10:48:40 | record_time.R done.-------------------------------------- 

2022-02-10 10:53:30 | record_time.R ------------------------------------------- 
Timestamp: 2022-02-10 10:53:30 added.
2022-02-10 10:53:30 | record_time.R done.-------------------------------------- 

2022-02-10 10:54:11 | record_time.R ------------------------------------------- 
Timestamp: 2022-02-10 10:54:11 added.
2022-02-10 10:54:11 | record_time.R done.-------------------------------------- 

2022-02-10 12:41:46 | record_time.R ------------------------------------------- 
Timestamp: 2022-02-10 12:41:46 added.
2022-02-10 12:41:46 | record_time.R done.-------------------------------------- 

2022-02-10 12:44:59 | record_time.R ------------------------------------------- 
Timestamp: 2022-02-10 12:44:59 added.
2022-02-10 12:44:59 | record_time.R done.-------------------------------------- 

2022-02-10 12:47:18 | record_time.R ------------------------------------------- 
Timestamp: 2022-02-10 12:47:18 added.
2022-02-10 12:47:18 | record_time.R done.-------------------------------------- 

2022-02-10 12:48:10 | record_time.R ------------------------------------------- 
Timestamp: 2022-02-10 12:48:10 added.
2022-02-10 12:48:10 | record_time.R done.-------------------------------------- 

2022-02-10 12:52:58 | record_time.R ------------------------------------------- 
Timestamp: 2022-02-10 12:52:58 added.
2022-02-10 12:52:58 | record_time.R done.-------------------------------------- 

2022-02-10 12:53:26 | record_time.R ------------------------------------------- 
Timestamp: 2022-02-10 12:53:26 added.
2022-02-10 12:53:26 | record_time.R done.-------------------------------------- 

2022-02-10 12:53:57 | record_time.R ------------------------------------------- 
Timestamp: 2022-02-10 12:53:57 added.
2022-02-10 12:53:57 | record_time.R done.-------------------------------------- 

2022-02-10 13:02:19 | record_time.R ------------------------------------------- 
Timestamp: 2022-02-10 13:02:19 added.
2022-02-10 13:02:19 | record_time.R done.-------------------------------------- 

2022-02-10 13:04:43 | record_time.R ------------------------------------------- 
Timestamp: 2022-02-10 13:04:43 added.
2022-02-10 13:04:43 | record_time.R done.-------------------------------------- 

2022-02-10 13:08:39 | record_time.R ------------------------------------------- 
Timestamp: 2022-02-10 13:08:39 added.
2022-02-10 13:08:39 | record_time.R done.-------------------------------------- 

2022-02-10 13:13:34 | record_time.R ------------------------------------------- 
Timestamp: 2022-02-10 13:13:34 added.
2022-02-10 13:13:34 | record_time.R done.-------------------------------------- 

2022-02-10 13:27:49 | record_time.R ------------------------------------------- 
Timestamp: 2022-02-10 13:27:49 added.
2022-02-10 13:27:49 | record_time.R done.-------------------------------------- 

2022-02-10 13:28:53 | record_time.R ------------------------------------------- 
Timestamp: 2022-02-10 13:28:53 added.
2022-02-10 13:28:53 | record_time.R done.-------------------------------------- 

2022-02-10 13:33:42 | record_time.R ------------------------------------------- 
Timestamp: 2022-02-10 13:33:42 added.
2022-02-10 13:33:42 | record_time.R done.-------------------------------------- 

2022-02-10 13:34:23 | record_time.R ------------------------------------------- 
Timestamp: 2022-02-10 13:34:23 added.
2022-02-10 13:34:23 | record_time.R done.-------------------------------------- 

2022-02-10 15:22:03 | record_time.R ------------------------------------------- 
Timestamp: 2022-02-10 15:22:03 added.
2022-02-10 15:22:03 | record_time.R done.-------------------------------------- 

2022-02-10 15:25:15 | record_time.R ------------------------------------------- 
Timestamp: 2022-02-10 15:25:15 added.
2022-02-10 15:25:15 | record_time.R done.-------------------------------------- 

2022-02-10 15:27:34 | record_time.R ------------------------------------------- 
Timestamp: 2022-02-10 15:27:34 added.
2022-02-10 15:27:34 | record_time.R done.-------------------------------------- 

2022-02-10 15:28:26 | record_time.R ------------------------------------------- 
Timestamp: 2022-02-10 15:28:26 added.
2022-02-10 15:28:26 | record_time.R done.-------------------------------------- 

2022-02-10 15:33:13 | record_time.R ------------------------------------------- 
Timestamp: 2022-02-10 15:33:13 added.
2022-02-10 15:33:13 | record_time.R done.-------------------------------------- 

2022-02-10 15:33:41 | record_time.R ------------------------------------------- 
Timestamp: 2022-02-10 15:33:41 added.
2022-02-10 15:33:41 | record_time.R done.-------------------------------------- 

2022-02-10 15:34:12 | record_time.R ------------------------------------------- 
Timestamp: 2022-02-10 15:34:12 added.
2022-02-10 15:34:12 | record_time.R done.-------------------------------------- 

2022-02-10 15:42:34 | record_time.R ------------------------------------------- 
Timestamp: 2022-02-10 15:42:34 added.
2022-02-10 15:42:34 | record_time.R done.-------------------------------------- 

2022-02-10 15:44:57 | record_time.R ------------------------------------------- 
Timestamp: 2022-02-10 15:44:57 added.
2022-02-10 15:44:57 | record_time.R done.-------------------------------------- 

2022-02-10 15:48:53 | record_time.R ------------------------------------------- 
Timestamp: 2022-02-10 15:48:53 added.
2022-02-10 15:48:53 | record_time.R done.-------------------------------------- 

2022-02-10 15:53:49 | record_time.R ------------------------------------------- 
Timestamp: 2022-02-10 15:53:49 added.
2022-02-10 15:53:49 | record_time.R done.-------------------------------------- 

2022-02-10 16:08:05 | record_time.R ------------------------------------------- 
Timestamp: 2022-02-10 16:08:05 added.
2022-02-10 16:08:05 | record_time.R done.-------------------------------------- 

2022-02-10 16:09:07 | record_time.R ------------------------------------------- 
Timestamp: 2022-02-10 16:09:07 added.
2022-02-10 16:09:07 | record_time.R done.-------------------------------------- 

2022-02-10 16:13:57 | record_time.R ------------------------------------------- 
Timestamp: 2022-02-10 16:13:57 added.
2022-02-10 16:13:57 | record_time.R done.-------------------------------------- 

2022-02-10 16:14:38 | record_time.R ------------------------------------------- 
Timestamp: 2022-02-10 16:14:38 added.
2022-02-10 16:14:38 | record_time.R done.-------------------------------------- 

2022-02-10 18:02:19 | record_time.R ------------------------------------------- 
Timestamp: 2022-02-10 18:02:19 added.
2022-02-10 18:02:19 | record_time.R done.-------------------------------------- 

2022-02-10 18:05:31 | record_time.R ------------------------------------------- 
Timestamp: 2022-02-10 18:05:31 added.
2022-02-10 18:05:31 | record_time.R done.-------------------------------------- 

2022-02-10 18:07:50 | record_time.R ------------------------------------------- 
Timestamp: 2022-02-10 18:07:50 added.
2022-02-10 18:07:50 | record_time.R done.-------------------------------------- 

2022-02-10 18:08:42 | record_time.R ------------------------------------------- 
Timestamp: 2022-02-10 18:08:42 added.
2022-02-10 18:08:42 | record_time.R done.-------------------------------------- 

2022-02-10 18:13:30 | record_time.R ------------------------------------------- 
Timestamp: 2022-02-10 18:13:30 added.
2022-02-10 18:13:30 | record_time.R done.-------------------------------------- 

2022-02-10 18:13:58 | record_time.R ------------------------------------------- 
Timestamp: 2022-02-10 18:13:59 added.
2022-02-10 18:13:59 | record_time.R done.-------------------------------------- 

2022-02-10 18:14:29 | record_time.R ------------------------------------------- 
Timestamp: 2022-02-10 18:14:29 added.
2022-02-10 18:14:29 | record_time.R done.-------------------------------------- 

2022-02-10 18:22:52 | record_time.R ------------------------------------------- 
Timestamp: 2022-02-10 18:22:52 added.
2022-02-10 18:22:52 | record_time.R done.-------------------------------------- 

2022-02-10 18:25:06 | record_time.R ------------------------------------------- 
Timestamp: 2022-02-10 18:25:06 added.
2022-02-10 18:25:06 | record_time.R done.-------------------------------------- 

2022-02-10 22:49:29 | record_time.R ------------------------------------------- 
Timestamp: 2022-02-10 22:49:29 added.
2022-02-10 22:49:29 | record_time.R done.-------------------------------------- 

2022-02-11 01:17:23 | record_time.R ------------------------------------------- 
Timestamp: 2022-02-11 01:17:23 added.
2022-02-11 01:17:23 | record_time.R done.-------------------------------------- 

2022-02-11 03:45:07 | record_time.R ------------------------------------------- 
Timestamp: 2022-02-11 03:45:07 added.
2022-02-11 03:45:07 | record_time.R done.-------------------------------------- 

2022-02-11 06:13:04 | record_time.R ------------------------------------------- 
Timestamp: 2022-02-11 06:13:04 added.
2022-02-11 06:13:04 | record_time.R done.-------------------------------------- 

2022-02-11 08:40:53 | record_time.R ------------------------------------------- 
Timestamp: 2022-02-11 08:40:53 added.
2022-02-11 08:40:53 | record_time.R done.-------------------------------------- 

2022-02-11 11:08:40 | record_time.R ------------------------------------------- 
Timestamp: 2022-02-11 11:08:40 added.
2022-02-11 11:08:40 | record_time.R done.-------------------------------------- 

