2022-03-02 10:15:52 | record_time.R ------------------------------------------- 
Timestamp: 2022-03-02 10:15:52 added.
2022-03-02 10:15:52 | record_time.R done.-------------------------------------- 

2022-03-02 10:15:53 | record_time.R ------------------------------------------- 
Timestamp: 2022-03-02 10:15:53 added.
2022-03-02 10:15:53 | record_time.R done.-------------------------------------- 

2022-03-02 10:26:25 | record_time.R ------------------------------------------- 
Timestamp: 2022-03-02 10:26:25 added.
2022-03-02 10:26:25 | record_time.R done.-------------------------------------- 

2022-03-02 10:26:56 | record_time.R ------------------------------------------- 
Timestamp: 2022-03-02 10:26:56 added.
2022-03-02 10:26:56 | record_time.R done.-------------------------------------- 

2022-03-02 10:47:47 | record_time.R ------------------------------------------- 
Timestamp: 2022-03-02 10:47:47 added.
2022-03-02 10:47:47 | record_time.R done.-------------------------------------- 

2022-03-02 10:48:27 | record_time.R ------------------------------------------- 
Timestamp: 2022-03-02 10:48:27 added.
2022-03-02 10:48:27 | record_time.R done.-------------------------------------- 

2022-03-02 11:12:58 | record_time.R ------------------------------------------- 
Timestamp: 2022-03-02 11:12:58 added.
2022-03-02 11:12:58 | record_time.R done.-------------------------------------- 

2022-03-02 11:13:38 | record_time.R ------------------------------------------- 
Timestamp: 2022-03-02 11:13:38 added.
2022-03-02 11:13:38 | record_time.R done.-------------------------------------- 

2022-03-02 11:38:13 | record_time.R ------------------------------------------- 
Timestamp: 2022-03-02 11:38:13 added.
2022-03-02 11:38:13 | record_time.R done.-------------------------------------- 

2022-03-02 11:38:52 | record_time.R ------------------------------------------- 
Timestamp: 2022-03-02 11:38:52 added.
2022-03-02 11:38:52 | record_time.R done.-------------------------------------- 

2022-03-02 12:03:29 | record_time.R ------------------------------------------- 
Timestamp: 2022-03-02 12:03:29 added.
2022-03-02 12:03:29 | record_time.R done.-------------------------------------- 

2022-03-02 12:04:09 | record_time.R ------------------------------------------- 
Timestamp: 2022-03-02 12:04:09 added.
2022-03-02 12:04:09 | record_time.R done.-------------------------------------- 

2022-03-02 12:28:48 | record_time.R ------------------------------------------- 
Timestamp: 2022-03-02 12:28:48 added.
2022-03-02 12:28:48 | record_time.R done.-------------------------------------- 

2022-03-02 12:29:27 | record_time.R ------------------------------------------- 
Timestamp: 2022-03-02 12:29:27 added.
2022-03-02 12:29:27 | record_time.R done.-------------------------------------- 

2022-03-02 13:08:46 | record_time.R ------------------------------------------- 
Timestamp: 2022-03-02 13:08:46 added.
2022-03-02 13:08:46 | record_time.R done.-------------------------------------- 

2022-03-02 13:11:02 | record_time.R ------------------------------------------- 
Timestamp: 2022-03-02 13:11:02 added.
2022-03-02 13:11:02 | record_time.R done.-------------------------------------- 

2022-03-02 13:20:59 | record_time.R ------------------------------------------- 
Warning: 2 parsing failures.
row      col   expected actual                                    file
  1 plate    an integer   none 'experiments/20220127_output/times.csv'
  1 transfer an integer   none 'experiments/20220127_output/times.csv'

Timestamp: 2022-03-02 13:20:59 added.
2022-03-02 13:20:59 | record_time.R done.-------------------------------------- 

2022-03-02 13:22:53 | record_time.R ------------------------------------------- 
Timestamp: 2022-03-02 13:22:53 added.
2022-03-02 13:22:53 | record_time.R done.-------------------------------------- 

2022-03-02 13:26:52 | record_time.R ------------------------------------------- 
Timestamp: 2022-03-02 13:26:52 added.
2022-03-02 13:26:52 | record_time.R done.-------------------------------------- 

2022-03-02 13:27:14 | record_time.R ------------------------------------------- 
Timestamp: 2022-03-02 13:27:14 added.
2022-03-02 13:27:14 | record_time.R done.-------------------------------------- 

2022-03-02 13:31:25 | record_time.R ------------------------------------------- 
Timestamp: 2022-03-02 13:31:25 added.
2022-03-02 13:31:25 | record_time.R done.-------------------------------------- 

2022-03-02 13:36:22 | record_time.R ------------------------------------------- 
Timestamp: 2022-03-02 13:36:22 added.
2022-03-02 13:36:22 | record_time.R done.-------------------------------------- 

2022-03-02 13:51:40 | record_time.R ------------------------------------------- 
Timestamp: 2022-03-02 13:51:40 added.
2022-03-02 13:51:40 | record_time.R done.-------------------------------------- 

2022-03-02 13:52:36 | record_time.R ------------------------------------------- 
Timestamp: 2022-03-02 13:52:36 added.
2022-03-02 13:52:36 | record_time.R done.-------------------------------------- 

2022-03-02 13:57:38 | record_time.R ------------------------------------------- 
Timestamp: 2022-03-02 13:57:38 added.
2022-03-02 13:57:38 | record_time.R done.-------------------------------------- 

2022-03-02 13:58:20 | record_time.R ------------------------------------------- 
Timestamp: 2022-03-02 13:58:20 added.
2022-03-02 13:58:20 | record_time.R done.-------------------------------------- 

2022-03-02 15:29:09 | record_time.R ------------------------------------------- 
Timestamp: 2022-03-02 15:29:09 added.
2022-03-02 15:29:09 | record_time.R done.-------------------------------------- 

2022-03-02 15:32:29 | record_time.R ------------------------------------------- 
Timestamp: 2022-03-02 15:32:29 added.
2022-03-02 15:32:29 | record_time.R done.-------------------------------------- 

2022-03-02 15:34:47 | record_time.R ------------------------------------------- 
Timestamp: 2022-03-02 15:34:47 added.
2022-03-02 15:34:47 | record_time.R done.-------------------------------------- 

2022-03-02 15:35:39 | record_time.R ------------------------------------------- 
Timestamp: 2022-03-02 15:35:39 added.
2022-03-02 15:35:39 | record_time.R done.-------------------------------------- 

2022-03-02 15:40:26 | record_time.R ------------------------------------------- 
Timestamp: 2022-03-02 15:40:26 added.
2022-03-02 15:40:26 | record_time.R done.-------------------------------------- 

2022-03-02 15:41:00 | record_time.R ------------------------------------------- 
Timestamp: 2022-03-02 15:41:00 added.
2022-03-02 15:41:00 | record_time.R done.-------------------------------------- 

2022-03-02 15:41:30 | record_time.R ------------------------------------------- 
Timestamp: 2022-03-02 15:41:30 added.
2022-03-02 15:41:30 | record_time.R done.-------------------------------------- 

2022-03-02 15:49:55 | record_time.R ------------------------------------------- 
Timestamp: 2022-03-02 15:49:55 added.
2022-03-02 15:49:55 | record_time.R done.-------------------------------------- 

2022-03-02 15:52:19 | record_time.R ------------------------------------------- 
Timestamp: 2022-03-02 15:52:19 added.
2022-03-02 15:52:19 | record_time.R done.-------------------------------------- 

2022-03-02 15:56:16 | record_time.R ------------------------------------------- 
Timestamp: 2022-03-02 15:56:16 added.
2022-03-02 15:56:16 | record_time.R done.-------------------------------------- 

2022-03-02 16:01:12 | record_time.R ------------------------------------------- 
Timestamp: 2022-03-02 16:01:12 added.
2022-03-02 16:01:12 | record_time.R done.-------------------------------------- 

2022-03-02 16:16:31 | record_time.R ------------------------------------------- 
Timestamp: 2022-03-02 16:16:31 added.
2022-03-02 16:16:31 | record_time.R done.-------------------------------------- 

2022-03-02 16:17:27 | record_time.R ------------------------------------------- 
Timestamp: 2022-03-02 16:17:27 added.
2022-03-02 16:17:27 | record_time.R done.-------------------------------------- 

2022-03-02 16:22:17 | record_time.R ------------------------------------------- 
Timestamp: 2022-03-02 16:22:17 added.
2022-03-02 16:22:17 | record_time.R done.-------------------------------------- 

2022-03-02 16:22:59 | record_time.R ------------------------------------------- 
Timestamp: 2022-03-02 16:22:59 added.
2022-03-02 16:22:59 | record_time.R done.-------------------------------------- 

2022-03-02 17:53:48 | record_time.R ------------------------------------------- 
Timestamp: 2022-03-02 17:53:48 added.
2022-03-02 17:53:48 | record_time.R done.-------------------------------------- 

2022-03-02 17:57:07 | record_time.R ------------------------------------------- 
Timestamp: 2022-03-02 17:57:07 added.
2022-03-02 17:57:07 | record_time.R done.-------------------------------------- 

2022-03-02 17:59:26 | record_time.R ------------------------------------------- 
Timestamp: 2022-03-02 17:59:26 added.
2022-03-02 17:59:26 | record_time.R done.-------------------------------------- 

2022-03-02 18:00:18 | record_time.R ------------------------------------------- 
Timestamp: 2022-03-02 18:00:18 added.
2022-03-02 18:00:18 | record_time.R done.-------------------------------------- 

2022-03-02 18:05:06 | record_time.R ------------------------------------------- 
Timestamp: 2022-03-02 18:05:06 added.
2022-03-02 18:05:06 | record_time.R done.-------------------------------------- 

2022-03-02 18:05:35 | record_time.R ------------------------------------------- 
Timestamp: 2022-03-02 18:05:35 added.
2022-03-02 18:05:35 | record_time.R done.-------------------------------------- 

2022-03-02 18:06:05 | record_time.R ------------------------------------------- 
Timestamp: 2022-03-02 18:06:05 added.
2022-03-02 18:06:05 | record_time.R done.-------------------------------------- 

2022-03-02 18:14:30 | record_time.R ------------------------------------------- 
Timestamp: 2022-03-02 18:14:30 added.
2022-03-02 18:14:30 | record_time.R done.-------------------------------------- 

2022-03-02 18:16:54 | record_time.R ------------------------------------------- 
Timestamp: 2022-03-02 18:16:54 added.
2022-03-02 18:16:55 | record_time.R done.-------------------------------------- 

2022-03-02 18:20:47 | record_time.R ------------------------------------------- 
Timestamp: 2022-03-02 18:20:47 added.
2022-03-02 18:20:47 | record_time.R done.-------------------------------------- 

2022-03-02 18:25:44 | record_time.R ------------------------------------------- 
Timestamp: 2022-03-02 18:25:44 added.
2022-03-02 18:25:44 | record_time.R done.-------------------------------------- 

2022-03-02 18:41:01 | record_time.R ------------------------------------------- 
Timestamp: 2022-03-02 18:41:01 added.
2022-03-02 18:41:01 | record_time.R done.-------------------------------------- 

2022-03-02 18:41:57 | record_time.R ------------------------------------------- 
Timestamp: 2022-03-02 18:41:57 added.
2022-03-02 18:41:57 | record_time.R done.-------------------------------------- 

2022-03-02 18:46:48 | record_time.R ------------------------------------------- 
Timestamp: 2022-03-02 18:46:48 added.
2022-03-02 18:46:48 | record_time.R done.-------------------------------------- 

2022-03-02 18:47:29 | record_time.R ------------------------------------------- 
Timestamp: 2022-03-02 18:47:29 added.
2022-03-02 18:47:29 | record_time.R done.-------------------------------------- 

2022-03-02 20:18:19 | record_time.R ------------------------------------------- 
Timestamp: 2022-03-02 20:18:19 added.
2022-03-02 20:18:19 | record_time.R done.-------------------------------------- 

2022-03-02 20:21:39 | record_time.R ------------------------------------------- 
Timestamp: 2022-03-02 20:21:39 added.
2022-03-02 20:21:39 | record_time.R done.-------------------------------------- 

2022-03-02 20:23:56 | record_time.R ------------------------------------------- 
Timestamp: 2022-03-02 20:23:56 added.
2022-03-02 20:23:56 | record_time.R done.-------------------------------------- 

2022-03-02 20:24:48 | record_time.R ------------------------------------------- 
Timestamp: 2022-03-02 20:24:48 added.
2022-03-02 20:24:48 | record_time.R done.-------------------------------------- 

2022-03-02 20:29:36 | record_time.R ------------------------------------------- 
Timestamp: 2022-03-02 20:29:36 added.
2022-03-02 20:29:36 | record_time.R done.-------------------------------------- 

2022-03-02 20:30:05 | record_time.R ------------------------------------------- 
Timestamp: 2022-03-02 20:30:06 added.
2022-03-02 20:30:06 | record_time.R done.-------------------------------------- 

2022-03-02 20:30:35 | record_time.R ------------------------------------------- 
Timestamp: 2022-03-02 20:30:35 added.
2022-03-02 20:30:35 | record_time.R done.-------------------------------------- 

2022-03-02 20:39:01 | record_time.R ------------------------------------------- 
Timestamp: 2022-03-02 20:39:01 added.
2022-03-02 20:39:01 | record_time.R done.-------------------------------------- 

2022-03-02 20:41:25 | record_time.R ------------------------------------------- 
Timestamp: 2022-03-02 20:41:25 added.
2022-03-02 20:41:25 | record_time.R done.-------------------------------------- 

2022-03-02 20:45:26 | record_time.R ------------------------------------------- 
Timestamp: 2022-03-02 20:45:26 added.
2022-03-02 20:45:26 | record_time.R done.-------------------------------------- 

2022-03-02 20:50:23 | record_time.R ------------------------------------------- 
Timestamp: 2022-03-02 20:50:23 added.
2022-03-02 20:50:23 | record_time.R done.-------------------------------------- 

2022-03-02 21:05:39 | record_time.R ------------------------------------------- 
Timestamp: 2022-03-02 21:05:39 added.
2022-03-02 21:05:39 | record_time.R done.-------------------------------------- 

2022-03-02 21:06:35 | record_time.R ------------------------------------------- 
Timestamp: 2022-03-02 21:06:35 added.
2022-03-02 21:06:35 | record_time.R done.-------------------------------------- 

2022-03-02 21:11:26 | record_time.R ------------------------------------------- 
Timestamp: 2022-03-02 21:11:26 added.
2022-03-02 21:11:26 | record_time.R done.-------------------------------------- 

2022-03-02 21:12:07 | record_time.R ------------------------------------------- 
Timestamp: 2022-03-02 21:12:07 added.
2022-03-02 21:12:07 | record_time.R done.-------------------------------------- 

2022-03-02 22:42:56 | record_time.R ------------------------------------------- 
Timestamp: 2022-03-02 22:42:56 added.
2022-03-02 22:42:56 | record_time.R done.-------------------------------------- 

2022-03-02 22:46:16 | record_time.R ------------------------------------------- 
Timestamp: 2022-03-02 22:46:16 added.
2022-03-02 22:46:16 | record_time.R done.-------------------------------------- 

2022-03-02 22:48:33 | record_time.R ------------------------------------------- 
Timestamp: 2022-03-02 22:48:33 added.
2022-03-02 22:48:33 | record_time.R done.-------------------------------------- 

2022-03-02 22:49:26 | record_time.R ------------------------------------------- 
Timestamp: 2022-03-02 22:49:26 added.
2022-03-02 22:49:26 | record_time.R done.-------------------------------------- 

2022-03-02 22:54:14 | record_time.R ------------------------------------------- 
Timestamp: 2022-03-02 22:54:14 added.
2022-03-02 22:54:14 | record_time.R done.-------------------------------------- 

2022-03-02 22:54:43 | record_time.R ------------------------------------------- 
Timestamp: 2022-03-02 22:54:43 added.
2022-03-02 22:54:43 | record_time.R done.-------------------------------------- 

2022-03-02 22:55:13 | record_time.R ------------------------------------------- 
Timestamp: 2022-03-02 22:55:13 added.
2022-03-02 22:55:13 | record_time.R done.-------------------------------------- 

2022-03-02 23:03:41 | record_time.R ------------------------------------------- 
Timestamp: 2022-03-02 23:03:41 added.
2022-03-02 23:03:41 | record_time.R done.-------------------------------------- 

2022-03-02 23:06:04 | record_time.R ------------------------------------------- 
Timestamp: 2022-03-02 23:06:04 added.
2022-03-02 23:06:04 | record_time.R done.-------------------------------------- 

2022-03-02 23:10:02 | record_time.R ------------------------------------------- 
Timestamp: 2022-03-02 23:10:02 added.
2022-03-02 23:10:02 | record_time.R done.-------------------------------------- 

2022-03-02 23:14:57 | record_time.R ------------------------------------------- 
Timestamp: 2022-03-02 23:14:57 added.
2022-03-02 23:14:57 | record_time.R done.-------------------------------------- 

2022-03-02 23:30:15 | record_time.R ------------------------------------------- 
Timestamp: 2022-03-02 23:30:15 added.
2022-03-02 23:30:15 | record_time.R done.-------------------------------------- 

2022-03-02 23:31:10 | record_time.R ------------------------------------------- 
Timestamp: 2022-03-02 23:31:10 added.
2022-03-02 23:31:10 | record_time.R done.-------------------------------------- 

2022-03-02 23:36:01 | record_time.R ------------------------------------------- 
Timestamp: 2022-03-02 23:36:01 added.
2022-03-02 23:36:01 | record_time.R done.-------------------------------------- 

2022-03-02 23:36:42 | record_time.R ------------------------------------------- 
Timestamp: 2022-03-02 23:36:42 added.
2022-03-02 23:36:42 | record_time.R done.-------------------------------------- 

2022-03-03 01:07:32 | record_time.R ------------------------------------------- 
Timestamp: 2022-03-03 01:07:32 added.
2022-03-03 01:07:32 | record_time.R done.-------------------------------------- 

2022-03-03 01:10:51 | record_time.R ------------------------------------------- 
Timestamp: 2022-03-03 01:10:52 added.
2022-03-03 01:10:52 | record_time.R done.-------------------------------------- 

2022-03-03 01:13:10 | record_time.R ------------------------------------------- 
Timestamp: 2022-03-03 01:13:10 added.
2022-03-03 01:13:10 | record_time.R done.-------------------------------------- 

2022-03-03 01:14:03 | record_time.R ------------------------------------------- 
Timestamp: 2022-03-03 01:14:03 added.
2022-03-03 01:14:03 | record_time.R done.-------------------------------------- 

2022-03-03 01:18:50 | record_time.R ------------------------------------------- 
Timestamp: 2022-03-03 01:18:50 added.
2022-03-03 01:18:50 | record_time.R done.-------------------------------------- 

2022-03-03 01:19:20 | record_time.R ------------------------------------------- 
Timestamp: 2022-03-03 01:19:20 added.
2022-03-03 01:19:20 | record_time.R done.-------------------------------------- 

2022-03-03 01:19:50 | record_time.R ------------------------------------------- 
Timestamp: 2022-03-03 01:19:50 added.
2022-03-03 01:19:50 | record_time.R done.-------------------------------------- 

2022-03-03 01:28:19 | record_time.R ------------------------------------------- 
Timestamp: 2022-03-03 01:28:19 added.
2022-03-03 01:28:19 | record_time.R done.-------------------------------------- 

2022-03-03 01:30:43 | record_time.R ------------------------------------------- 
Timestamp: 2022-03-03 01:30:43 added.
2022-03-03 01:30:43 | record_time.R done.-------------------------------------- 

2022-03-03 01:34:38 | record_time.R ------------------------------------------- 
Timestamp: 2022-03-03 01:34:38 added.
2022-03-03 01:34:38 | record_time.R done.-------------------------------------- 

2022-03-03 01:39:33 | record_time.R ------------------------------------------- 
Timestamp: 2022-03-03 01:39:33 added.
2022-03-03 01:39:33 | record_time.R done.-------------------------------------- 

2022-03-03 01:54:51 | record_time.R ------------------------------------------- 
Timestamp: 2022-03-03 01:54:51 added.
2022-03-03 01:54:51 | record_time.R done.-------------------------------------- 

2022-03-03 01:55:47 | record_time.R ------------------------------------------- 
Timestamp: 2022-03-03 01:55:47 added.
2022-03-03 01:55:47 | record_time.R done.-------------------------------------- 

2022-03-03 02:00:38 | record_time.R ------------------------------------------- 
Timestamp: 2022-03-03 02:00:38 added.
2022-03-03 02:00:38 | record_time.R done.-------------------------------------- 

2022-03-03 02:01:19 | record_time.R ------------------------------------------- 
Timestamp: 2022-03-03 02:01:19 added.
2022-03-03 02:01:19 | record_time.R done.-------------------------------------- 

2022-03-03 03:32:09 | record_time.R ------------------------------------------- 
Timestamp: 2022-03-03 03:32:09 added.
2022-03-03 03:32:09 | record_time.R done.-------------------------------------- 

2022-03-03 03:35:29 | record_time.R ------------------------------------------- 
Timestamp: 2022-03-03 03:35:29 added.
2022-03-03 03:35:29 | record_time.R done.-------------------------------------- 

2022-03-03 03:37:46 | record_time.R ------------------------------------------- 
Timestamp: 2022-03-03 03:37:46 added.
2022-03-03 03:37:46 | record_time.R done.-------------------------------------- 

2022-03-03 03:38:39 | record_time.R ------------------------------------------- 
Timestamp: 2022-03-03 03:38:39 added.
2022-03-03 03:38:39 | record_time.R done.-------------------------------------- 

2022-03-03 03:43:28 | record_time.R ------------------------------------------- 
Timestamp: 2022-03-03 03:43:28 added.
2022-03-03 03:43:28 | record_time.R done.-------------------------------------- 

2022-03-03 03:43:57 | record_time.R ------------------------------------------- 
Timestamp: 2022-03-03 03:43:57 added.
2022-03-03 03:43:57 | record_time.R done.-------------------------------------- 

2022-03-03 03:44:27 | record_time.R ------------------------------------------- 
Timestamp: 2022-03-03 03:44:27 added.
2022-03-03 03:44:27 | record_time.R done.-------------------------------------- 

2022-03-03 03:52:55 | record_time.R ------------------------------------------- 
Timestamp: 2022-03-03 03:52:55 added.
2022-03-03 03:52:55 | record_time.R done.-------------------------------------- 

2022-03-03 03:55:09 | record_time.R ------------------------------------------- 
Timestamp: 2022-03-03 03:55:09 added.
2022-03-03 03:55:09 | record_time.R done.-------------------------------------- 

2022-03-03 09:58:05 | record_time.R ------------------------------------------- 
Timestamp: 2022-03-03 09:58:05 added.
2022-03-03 09:58:05 | record_time.R done.-------------------------------------- 

2022-03-03 10:02:13 | record_time.R ------------------------------------------- 
Timestamp: 2022-03-03 10:02:13 added.
2022-03-03 10:02:13 | record_time.R done.-------------------------------------- 

2022-03-03 10:02:41 | record_time.R ------------------------------------------- 
Timestamp: 2022-03-03 10:02:41 added.
2022-03-03 10:02:41 | record_time.R done.-------------------------------------- 

2022-03-03 10:07:29 | record_time.R ------------------------------------------- 
Timestamp: 2022-03-03 10:07:29 added.
2022-03-03 10:07:29 | record_time.R done.-------------------------------------- 

2022-03-03 10:07:57 | record_time.R ------------------------------------------- 
Timestamp: 2022-03-03 10:07:57 added.
2022-03-03 10:07:57 | record_time.R done.-------------------------------------- 

2022-03-03 10:54:32 | record_time.R ------------------------------------------- 
Timestamp: 2022-03-03 10:54:32 added.
2022-03-03 10:54:32 | record_time.R done.-------------------------------------- 

2022-03-03 10:57:00 | record_time.R ------------------------------------------- 
Timestamp: 2022-03-03 10:57:00 added.
2022-03-03 10:57:00 | record_time.R done.-------------------------------------- 

2022-03-03 11:01:02 | record_time.R ------------------------------------------- 
Timestamp: 2022-03-03 11:01:02 added.
2022-03-03 11:01:02 | record_time.R done.-------------------------------------- 

2022-03-03 11:01:30 | record_time.R ------------------------------------------- 
Timestamp: 2022-03-03 11:01:30 added.
2022-03-03 11:01:30 | record_time.R done.-------------------------------------- 

2022-03-03 11:06:20 | record_time.R ------------------------------------------- 
Timestamp: 2022-03-03 11:06:20 added.
2022-03-03 11:06:20 | record_time.R done.-------------------------------------- 

2022-03-03 11:07:26 | record_time.R ------------------------------------------- 
Timestamp: 2022-03-03 11:07:26 added.
2022-03-03 11:07:26 | record_time.R done.-------------------------------------- 

2022-03-03 11:15:09 | record_time.R ------------------------------------------- 
Timestamp: 2022-03-03 11:15:09 added.
2022-03-03 11:15:09 | record_time.R done.-------------------------------------- 

2022-03-03 11:21:04 | record_time.R ------------------------------------------- 
Timestamp: 2022-03-03 11:21:04 added.
2022-03-03 11:21:04 | record_time.R done.-------------------------------------- 

2022-03-03 11:25:03 | record_time.R ------------------------------------------- 
Timestamp: 2022-03-03 11:25:03 added.
2022-03-03 11:25:03 | record_time.R done.-------------------------------------- 

2022-03-03 11:25:31 | record_time.R ------------------------------------------- 
Timestamp: 2022-03-03 11:25:31 added.
2022-03-03 11:25:31 | record_time.R done.-------------------------------------- 

2022-03-03 11:30:26 | record_time.R ------------------------------------------- 
Timestamp: 2022-03-03 11:30:26 added.
2022-03-03 11:30:26 | record_time.R done.-------------------------------------- 

2022-03-03 11:30:50 | record_time.R ------------------------------------------- 
Timestamp: 2022-03-03 11:30:51 added.
2022-03-03 11:30:51 | record_time.R done.-------------------------------------- 

2022-03-03 11:39:12 | record_time.R ------------------------------------------- 
Timestamp: 2022-03-03 11:39:12 added.
2022-03-03 11:39:12 | record_time.R done.-------------------------------------- 

2022-03-03 11:41:37 | record_time.R ------------------------------------------- 
Timestamp: 2022-03-03 11:41:37 added.
2022-03-03 11:41:37 | record_time.R done.-------------------------------------- 

2022-03-03 11:45:49 | record_time.R ------------------------------------------- 
Timestamp: 2022-03-03 11:45:49 added.
2022-03-03 11:45:49 | record_time.R done.-------------------------------------- 

2022-03-03 11:46:17 | record_time.R ------------------------------------------- 
Timestamp: 2022-03-03 11:46:17 added.
2022-03-03 11:46:17 | record_time.R done.-------------------------------------- 

2022-03-03 11:51:09 | record_time.R ------------------------------------------- 
Timestamp: 2022-03-03 11:51:09 added.
2022-03-03 11:51:09 | record_time.R done.-------------------------------------- 

2022-03-03 11:51:34 | record_time.R ------------------------------------------- 
Timestamp: 2022-03-03 11:51:34 added.
2022-03-03 11:51:34 | record_time.R done.-------------------------------------- 

2022-03-03 11:59:54 | record_time.R ------------------------------------------- 
Timestamp: 2022-03-03 11:59:55 added.
2022-03-03 11:59:55 | record_time.R done.-------------------------------------- 

2022-03-03 12:02:18 | record_time.R ------------------------------------------- 
Timestamp: 2022-03-03 12:02:18 added.
2022-03-03 12:02:18 | record_time.R done.-------------------------------------- 

2022-03-03 12:06:26 | record_time.R ------------------------------------------- 
Timestamp: 2022-03-03 12:06:26 added.
2022-03-03 12:06:26 | record_time.R done.-------------------------------------- 

2022-03-03 12:06:54 | record_time.R ------------------------------------------- 
Timestamp: 2022-03-03 12:06:54 added.
2022-03-03 12:06:54 | record_time.R done.-------------------------------------- 

2022-03-03 12:11:44 | record_time.R ------------------------------------------- 
Timestamp: 2022-03-03 12:11:44 added.
2022-03-03 12:11:44 | record_time.R done.-------------------------------------- 

2022-03-03 12:12:09 | record_time.R ------------------------------------------- 
Timestamp: 2022-03-03 12:12:09 added.
2022-03-03 12:12:09 | record_time.R done.-------------------------------------- 

2022-03-03 12:20:31 | record_time.R ------------------------------------------- 
Timestamp: 2022-03-03 12:20:31 added.
2022-03-03 12:20:32 | record_time.R done.-------------------------------------- 

2022-03-03 12:22:55 | record_time.R ------------------------------------------- 
Timestamp: 2022-03-03 12:22:55 added.
2022-03-03 12:22:55 | record_time.R done.-------------------------------------- 

2022-03-03 12:27:02 | record_time.R ------------------------------------------- 
Timestamp: 2022-03-03 12:27:02 added.
2022-03-03 12:27:02 | record_time.R done.-------------------------------------- 

2022-03-03 12:27:30 | record_time.R ------------------------------------------- 
Timestamp: 2022-03-03 12:27:30 added.
2022-03-03 12:27:30 | record_time.R done.-------------------------------------- 

2022-03-03 12:32:20 | record_time.R ------------------------------------------- 
Timestamp: 2022-03-03 12:32:20 added.
2022-03-03 12:32:20 | record_time.R done.-------------------------------------- 

2022-03-03 12:32:45 | record_time.R ------------------------------------------- 
Timestamp: 2022-03-03 12:32:45 added.
2022-03-03 12:32:45 | record_time.R done.-------------------------------------- 

2022-03-03 12:41:06 | record_time.R ------------------------------------------- 
Timestamp: 2022-03-03 12:41:06 added.
2022-03-03 12:41:06 | record_time.R done.-------------------------------------- 

2022-03-03 12:43:20 | record_time.R ------------------------------------------- 
Timestamp: 2022-03-03 12:43:20 added.
2022-03-03 12:43:20 | record_time.R done.-------------------------------------- 

2022-03-04 08:52:23 | record_time.R ------------------------------------------- 
Timestamp: 2022-03-04 08:52:23 added.
2022-03-04 08:52:23 | record_time.R done.-------------------------------------- 

2022-03-04 08:56:29 | record_time.R ------------------------------------------- 
Timestamp: 2022-03-04 08:56:29 added.
2022-03-04 08:56:29 | record_time.R done.-------------------------------------- 

2022-03-04 08:56:35 | record_time.R ------------------------------------------- 
Timestamp: 2022-03-04 08:56:35 added.
2022-03-04 08:56:35 | record_time.R done.-------------------------------------- 

2022-03-04 09:00:30 | record_time.R ------------------------------------------- 
Timestamp: 2022-03-04 09:00:30 added.
2022-03-04 09:00:30 | record_time.R done.-------------------------------------- 

2022-03-04 09:00:35 | record_time.R ------------------------------------------- 
Timestamp: 2022-03-04 09:00:35 added.
2022-03-04 09:00:35 | record_time.R done.-------------------------------------- 

2022-03-04 09:04:41 | record_time.R ------------------------------------------- 
Timestamp: 2022-03-04 09:04:41 added.
2022-03-04 09:04:41 | record_time.R done.-------------------------------------- 

2022-03-04 09:04:46 | record_time.R ------------------------------------------- 
Timestamp: 2022-03-04 09:04:46 added.
2022-03-04 09:04:46 | record_time.R done.-------------------------------------- 

2022-03-04 09:08:56 | record_time.R ------------------------------------------- 
Timestamp: 2022-03-04 09:08:56 added.
2022-03-04 09:08:57 | record_time.R done.-------------------------------------- 

2022-03-04 09:09:02 | record_time.R ------------------------------------------- 
Timestamp: 2022-03-04 09:09:02 added.
2022-03-04 09:09:02 | record_time.R done.-------------------------------------- 

2022-03-04 09:13:10 | record_time.R ------------------------------------------- 
Timestamp: 2022-03-04 09:13:10 added.
2022-03-04 09:13:10 | record_time.R done.-------------------------------------- 

2022-03-04 09:13:16 | record_time.R ------------------------------------------- 
Timestamp: 2022-03-04 09:13:16 added.
2022-03-04 09:13:16 | record_time.R done.-------------------------------------- 

2022-03-04 09:17:22 | record_time.R ------------------------------------------- 
Timestamp: 2022-03-04 09:17:22 added.
2022-03-04 09:17:22 | record_time.R done.-------------------------------------- 

