2022-02-20 12:53:11 | record_time.R ------------------------------------------- 
Timestamp: 2022-02-20 12:53:11 added.
2022-02-20 12:53:11 | record_time.R done.-------------------------------------- 

2022-02-20 12:53:13 | record_time.R ------------------------------------------- 
Timestamp: 2022-02-20 12:53:13 added.
2022-02-20 12:53:13 | record_time.R done.-------------------------------------- 

2022-02-20 13:03:41 | record_time.R ------------------------------------------- 
Timestamp: 2022-02-20 13:03:41 added.
2022-02-20 13:03:41 | record_time.R done.-------------------------------------- 

2022-02-20 13:04:12 | record_time.R ------------------------------------------- 
Timestamp: 2022-02-20 13:04:12 added.
2022-02-20 13:04:12 | record_time.R done.-------------------------------------- 

2022-02-20 13:25:12 | record_time.R ------------------------------------------- 
Timestamp: 2022-02-20 13:25:12 added.
2022-02-20 13:25:12 | record_time.R done.-------------------------------------- 

2022-02-20 13:25:52 | record_time.R ------------------------------------------- 
Timestamp: 2022-02-20 13:25:52 added.
2022-02-20 13:25:52 | record_time.R done.-------------------------------------- 

2022-02-20 13:50:33 | record_time.R ------------------------------------------- 
Timestamp: 2022-02-20 13:50:33 added.
2022-02-20 13:50:33 | record_time.R done.-------------------------------------- 

2022-02-20 13:51:12 | record_time.R ------------------------------------------- 
Timestamp: 2022-02-20 13:51:12 added.
2022-02-20 13:51:12 | record_time.R done.-------------------------------------- 

2022-02-20 14:15:57 | record_time.R ------------------------------------------- 
Timestamp: 2022-02-20 14:15:57 added.
2022-02-20 14:15:57 | record_time.R done.-------------------------------------- 

2022-02-20 14:16:36 | record_time.R ------------------------------------------- 
Timestamp: 2022-02-20 14:16:36 added.
2022-02-20 14:16:36 | record_time.R done.-------------------------------------- 

2022-02-20 14:41:23 | record_time.R ------------------------------------------- 
Timestamp: 2022-02-20 14:41:23 added.
2022-02-20 14:41:23 | record_time.R done.-------------------------------------- 

2022-02-20 14:42:03 | record_time.R ------------------------------------------- 
Timestamp: 2022-02-20 14:42:03 added.
2022-02-20 14:42:03 | record_time.R done.-------------------------------------- 

2022-02-20 15:06:51 | record_time.R ------------------------------------------- 
Timestamp: 2022-02-20 15:06:51 added.
2022-02-20 15:06:51 | record_time.R done.-------------------------------------- 

2022-02-20 15:07:31 | record_time.R ------------------------------------------- 
Timestamp: 2022-02-20 15:07:31 added.
2022-02-20 15:07:31 | record_time.R done.-------------------------------------- 

2022-02-20 15:51:15 | record_time.R ------------------------------------------- 
Timestamp: 2022-02-20 15:51:15 added.
2022-02-20 15:51:15 | record_time.R done.-------------------------------------- 

2022-02-20 15:53:33 | record_time.R ------------------------------------------- 
Timestamp: 2022-02-20 15:53:33 added.
2022-02-20 15:53:33 | record_time.R done.-------------------------------------- 

2022-02-20 16:03:29 | record_time.R ------------------------------------------- 
Warning: 2 parsing failures.
row      col   expected actual                                    file
  1 plate    an integer   none 'experiments/20220127_output/times.csv'
  1 transfer an integer   none 'experiments/20220127_output/times.csv'

Timestamp: 2022-02-20 16:03:29 added.
2022-02-20 16:03:29 | record_time.R done.-------------------------------------- 

2022-02-20 16:05:23 | record_time.R ------------------------------------------- 
Timestamp: 2022-02-20 16:05:23 added.
2022-02-20 16:05:23 | record_time.R done.-------------------------------------- 

2022-02-20 16:09:21 | record_time.R ------------------------------------------- 
Timestamp: 2022-02-20 16:09:21 added.
2022-02-20 16:09:21 | record_time.R done.-------------------------------------- 

2022-02-20 16:09:44 | record_time.R ------------------------------------------- 
Timestamp: 2022-02-20 16:09:44 added.
2022-02-20 16:09:44 | record_time.R done.-------------------------------------- 

2022-02-20 16:13:52 | record_time.R ------------------------------------------- 
Timestamp: 2022-02-20 16:13:52 added.
2022-02-20 16:13:52 | record_time.R done.-------------------------------------- 

2022-02-20 16:18:49 | record_time.R ------------------------------------------- 
Timestamp: 2022-02-20 16:18:49 added.
2022-02-20 16:18:49 | record_time.R done.-------------------------------------- 

2022-02-20 16:33:20 | record_time.R ------------------------------------------- 
Timestamp: 2022-02-20 16:33:20 added.
2022-02-20 16:33:20 | record_time.R done.-------------------------------------- 

2022-02-20 16:34:22 | record_time.R ------------------------------------------- 
Timestamp: 2022-02-20 16:34:22 added.
2022-02-20 16:34:22 | record_time.R done.-------------------------------------- 

2022-02-20 16:39:13 | record_time.R ------------------------------------------- 
Timestamp: 2022-02-20 16:39:13 added.
2022-02-20 16:39:13 | record_time.R done.-------------------------------------- 

2022-02-20 16:39:54 | record_time.R ------------------------------------------- 
Timestamp: 2022-02-20 16:39:54 added.
2022-02-20 16:39:54 | record_time.R done.-------------------------------------- 

2022-02-20 18:33:08 | record_time.R ------------------------------------------- 
Timestamp: 2022-02-20 18:33:09 added.
2022-02-20 18:33:09 | record_time.R done.-------------------------------------- 

2022-02-20 18:36:20 | record_time.R ------------------------------------------- 
Timestamp: 2022-02-20 18:36:20 added.
2022-02-20 18:36:20 | record_time.R done.-------------------------------------- 

2022-02-20 18:38:38 | record_time.R ------------------------------------------- 
Timestamp: 2022-02-20 18:38:38 added.
2022-02-20 18:38:38 | record_time.R done.-------------------------------------- 

2022-02-20 18:39:31 | record_time.R ------------------------------------------- 
Timestamp: 2022-02-20 18:39:31 added.
2022-02-20 18:39:31 | record_time.R done.-------------------------------------- 

2022-02-20 18:44:18 | record_time.R ------------------------------------------- 
Timestamp: 2022-02-20 18:44:19 added.
2022-02-20 18:44:19 | record_time.R done.-------------------------------------- 

2022-02-20 18:44:47 | record_time.R ------------------------------------------- 
Timestamp: 2022-02-20 18:44:47 added.
2022-02-20 18:44:47 | record_time.R done.-------------------------------------- 

2022-02-20 18:45:17 | record_time.R ------------------------------------------- 
Timestamp: 2022-02-20 18:45:17 added.
2022-02-20 18:45:17 | record_time.R done.-------------------------------------- 

2022-02-20 18:53:41 | record_time.R ------------------------------------------- 
Timestamp: 2022-02-20 18:53:41 added.
2022-02-20 18:53:41 | record_time.R done.-------------------------------------- 

2022-02-20 18:56:05 | record_time.R ------------------------------------------- 
Timestamp: 2022-02-20 18:56:05 added.
2022-02-20 18:56:05 | record_time.R done.-------------------------------------- 

2022-02-20 19:00:02 | record_time.R ------------------------------------------- 
Timestamp: 2022-02-20 19:00:02 added.
2022-02-20 19:00:02 | record_time.R done.-------------------------------------- 

2022-02-20 19:04:57 | record_time.R ------------------------------------------- 
Timestamp: 2022-02-20 19:04:57 added.
2022-02-20 19:04:57 | record_time.R done.-------------------------------------- 

2022-02-20 19:19:30 | record_time.R ------------------------------------------- 
Timestamp: 2022-02-20 19:19:30 added.
2022-02-20 19:19:30 | record_time.R done.-------------------------------------- 

2022-02-20 19:20:32 | record_time.R ------------------------------------------- 
Timestamp: 2022-02-20 19:20:32 added.
2022-02-20 19:20:32 | record_time.R done.-------------------------------------- 

2022-02-20 19:25:22 | record_time.R ------------------------------------------- 
Timestamp: 2022-02-20 19:25:22 added.
2022-02-20 19:25:22 | record_time.R done.-------------------------------------- 

2022-02-20 19:26:03 | record_time.R ------------------------------------------- 
Timestamp: 2022-02-20 19:26:03 added.
2022-02-20 19:26:03 | record_time.R done.-------------------------------------- 

2022-02-20 21:19:16 | record_time.R ------------------------------------------- 
Timestamp: 2022-02-20 21:19:16 added.
2022-02-20 21:19:16 | record_time.R done.-------------------------------------- 

2022-02-20 21:22:28 | record_time.R ------------------------------------------- 
Timestamp: 2022-02-20 21:22:28 added.
2022-02-20 21:22:28 | record_time.R done.-------------------------------------- 

2022-02-20 21:24:48 | record_time.R ------------------------------------------- 
Timestamp: 2022-02-20 21:24:48 added.
2022-02-20 21:24:48 | record_time.R done.-------------------------------------- 

2022-02-20 21:25:41 | record_time.R ------------------------------------------- 
Timestamp: 2022-02-20 21:25:41 added.
2022-02-20 21:25:41 | record_time.R done.-------------------------------------- 

2022-02-20 21:30:28 | record_time.R ------------------------------------------- 
Timestamp: 2022-02-20 21:30:28 added.
2022-02-20 21:30:28 | record_time.R done.-------------------------------------- 

2022-02-20 21:30:56 | record_time.R ------------------------------------------- 
Timestamp: 2022-02-20 21:30:56 added.
2022-02-20 21:30:56 | record_time.R done.-------------------------------------- 

2022-02-20 21:31:26 | record_time.R ------------------------------------------- 
Timestamp: 2022-02-20 21:31:26 added.
2022-02-20 21:31:26 | record_time.R done.-------------------------------------- 

2022-02-20 21:39:50 | record_time.R ------------------------------------------- 
Timestamp: 2022-02-20 21:39:50 added.
2022-02-20 21:39:50 | record_time.R done.-------------------------------------- 

2022-02-20 21:42:14 | record_time.R ------------------------------------------- 
Timestamp: 2022-02-20 21:42:14 added.
2022-02-20 21:42:14 | record_time.R done.-------------------------------------- 

2022-02-20 21:46:06 | record_time.R ------------------------------------------- 
Timestamp: 2022-02-20 21:46:06 added.
2022-02-20 21:46:06 | record_time.R done.-------------------------------------- 

2022-02-20 21:51:02 | record_time.R ------------------------------------------- 
Timestamp: 2022-02-20 21:51:02 added.
2022-02-20 21:51:02 | record_time.R done.-------------------------------------- 

2022-02-20 22:05:35 | record_time.R ------------------------------------------- 
Timestamp: 2022-02-20 22:05:35 added.
2022-02-20 22:05:35 | record_time.R done.-------------------------------------- 

2022-02-20 22:06:36 | record_time.R ------------------------------------------- 
Timestamp: 2022-02-20 22:06:36 added.
2022-02-20 22:06:36 | record_time.R done.-------------------------------------- 

2022-02-20 22:11:27 | record_time.R ------------------------------------------- 
Timestamp: 2022-02-20 22:11:27 added.
2022-02-20 22:11:27 | record_time.R done.-------------------------------------- 

2022-02-20 22:12:08 | record_time.R ------------------------------------------- 
Timestamp: 2022-02-20 22:12:08 added.
2022-02-20 22:12:08 | record_time.R done.-------------------------------------- 

2022-02-21 00:05:26 | record_time.R ------------------------------------------- 
Timestamp: 2022-02-21 00:05:26 added.
2022-02-21 00:05:26 | record_time.R done.-------------------------------------- 

2022-02-21 00:08:37 | record_time.R ------------------------------------------- 
Timestamp: 2022-02-21 00:08:37 added.
2022-02-21 00:08:37 | record_time.R done.-------------------------------------- 

2022-02-21 00:10:55 | record_time.R ------------------------------------------- 
Timestamp: 2022-02-21 00:10:56 added.
2022-02-21 00:10:56 | record_time.R done.-------------------------------------- 

2022-02-21 00:11:48 | record_time.R ------------------------------------------- 
Timestamp: 2022-02-21 00:11:48 added.
2022-02-21 00:11:48 | record_time.R done.-------------------------------------- 

2022-02-21 00:16:35 | record_time.R ------------------------------------------- 
Timestamp: 2022-02-21 00:16:35 added.
2022-02-21 00:16:35 | record_time.R done.-------------------------------------- 

2022-02-21 00:17:03 | record_time.R ------------------------------------------- 
Timestamp: 2022-02-21 00:17:03 added.
2022-02-21 00:17:03 | record_time.R done.-------------------------------------- 

2022-02-21 00:17:33 | record_time.R ------------------------------------------- 
Timestamp: 2022-02-21 00:17:33 added.
2022-02-21 00:17:33 | record_time.R done.-------------------------------------- 

2022-02-21 00:25:56 | record_time.R ------------------------------------------- 
Timestamp: 2022-02-21 00:25:56 added.
2022-02-21 00:25:56 | record_time.R done.-------------------------------------- 

2022-02-21 00:28:20 | record_time.R ------------------------------------------- 
Timestamp: 2022-02-21 00:28:20 added.
2022-02-21 00:28:20 | record_time.R done.-------------------------------------- 

2022-02-21 00:32:20 | record_time.R ------------------------------------------- 
Timestamp: 2022-02-21 00:32:20 added.
2022-02-21 00:32:20 | record_time.R done.-------------------------------------- 

2022-02-21 00:37:15 | record_time.R ------------------------------------------- 
Timestamp: 2022-02-21 00:37:15 added.
2022-02-21 00:37:15 | record_time.R done.-------------------------------------- 

2022-02-21 00:51:49 | record_time.R ------------------------------------------- 
Timestamp: 2022-02-21 00:51:49 added.
2022-02-21 00:51:49 | record_time.R done.-------------------------------------- 

2022-02-21 00:52:51 | record_time.R ------------------------------------------- 
Timestamp: 2022-02-21 00:52:51 added.
2022-02-21 00:52:51 | record_time.R done.-------------------------------------- 

2022-02-21 00:57:43 | record_time.R ------------------------------------------- 
Timestamp: 2022-02-21 00:57:43 added.
2022-02-21 00:57:43 | record_time.R done.-------------------------------------- 

2022-02-21 00:58:24 | record_time.R ------------------------------------------- 
Timestamp: 2022-02-21 00:58:24 added.
2022-02-21 00:58:24 | record_time.R done.-------------------------------------- 

2022-02-21 02:51:40 | record_time.R ------------------------------------------- 
Timestamp: 2022-02-21 02:51:40 added.
2022-02-21 02:51:40 | record_time.R done.-------------------------------------- 

2022-02-21 02:54:52 | record_time.R ------------------------------------------- 
Timestamp: 2022-02-21 02:54:52 added.
2022-02-21 02:54:52 | record_time.R done.-------------------------------------- 

2022-02-21 02:57:10 | record_time.R ------------------------------------------- 
Timestamp: 2022-02-21 02:57:10 added.
2022-02-21 02:57:10 | record_time.R done.-------------------------------------- 

2022-02-21 02:58:02 | record_time.R ------------------------------------------- 
Timestamp: 2022-02-21 02:58:02 added.
2022-02-21 02:58:02 | record_time.R done.-------------------------------------- 

2022-02-21 03:02:50 | record_time.R ------------------------------------------- 
Timestamp: 2022-02-21 03:02:50 added.
2022-02-21 03:02:50 | record_time.R done.-------------------------------------- 

2022-02-21 03:03:18 | record_time.R ------------------------------------------- 
Timestamp: 2022-02-21 03:03:18 added.
2022-02-21 03:03:18 | record_time.R done.-------------------------------------- 

2022-02-21 03:03:47 | record_time.R ------------------------------------------- 
Timestamp: 2022-02-21 03:03:48 added.
2022-02-21 03:03:48 | record_time.R done.-------------------------------------- 

2022-02-21 03:12:11 | record_time.R ------------------------------------------- 
Timestamp: 2022-02-21 03:12:11 added.
2022-02-21 03:12:11 | record_time.R done.-------------------------------------- 

2022-02-21 03:14:36 | record_time.R ------------------------------------------- 
Timestamp: 2022-02-21 03:14:36 added.
2022-02-21 03:14:36 | record_time.R done.-------------------------------------- 

2022-02-21 03:18:32 | record_time.R ------------------------------------------- 
Timestamp: 2022-02-21 03:18:32 added.
2022-02-21 03:18:32 | record_time.R done.-------------------------------------- 

2022-02-21 03:23:27 | record_time.R ------------------------------------------- 
Timestamp: 2022-02-21 03:23:27 added.
2022-02-21 03:23:27 | record_time.R done.-------------------------------------- 

2022-02-21 03:38:02 | record_time.R ------------------------------------------- 
Timestamp: 2022-02-21 03:38:02 added.
2022-02-21 03:38:02 | record_time.R done.-------------------------------------- 

2022-02-21 03:39:04 | record_time.R ------------------------------------------- 
Timestamp: 2022-02-21 03:39:04 added.
2022-02-21 03:39:04 | record_time.R done.-------------------------------------- 

2022-02-21 03:43:55 | record_time.R ------------------------------------------- 
Timestamp: 2022-02-21 03:43:55 added.
2022-02-21 03:43:55 | record_time.R done.-------------------------------------- 

2022-02-21 03:44:36 | record_time.R ------------------------------------------- 
Timestamp: 2022-02-21 03:44:36 added.
2022-02-21 03:44:36 | record_time.R done.-------------------------------------- 

2022-02-21 05:37:55 | record_time.R ------------------------------------------- 
Timestamp: 2022-02-21 05:37:55 added.
2022-02-21 05:37:55 | record_time.R done.-------------------------------------- 

2022-02-21 05:41:06 | record_time.R ------------------------------------------- 
Timestamp: 2022-02-21 05:41:06 added.
2022-02-21 05:41:06 | record_time.R done.-------------------------------------- 

2022-02-21 05:43:25 | record_time.R ------------------------------------------- 
Timestamp: 2022-02-21 05:43:25 added.
2022-02-21 05:43:25 | record_time.R done.-------------------------------------- 

2022-02-21 05:44:17 | record_time.R ------------------------------------------- 
Timestamp: 2022-02-21 05:44:17 added.
2022-02-21 05:44:17 | record_time.R done.-------------------------------------- 

2022-02-21 05:49:05 | record_time.R ------------------------------------------- 
Timestamp: 2022-02-21 05:49:05 added.
2022-02-21 05:49:05 | record_time.R done.-------------------------------------- 

2022-02-21 05:49:33 | record_time.R ------------------------------------------- 
Timestamp: 2022-02-21 05:49:33 added.
2022-02-21 05:49:33 | record_time.R done.-------------------------------------- 

2022-02-21 05:50:04 | record_time.R ------------------------------------------- 
Timestamp: 2022-02-21 05:50:04 added.
2022-02-21 05:50:04 | record_time.R done.-------------------------------------- 

2022-02-21 05:58:27 | record_time.R ------------------------------------------- 
Timestamp: 2022-02-21 05:58:27 added.
2022-02-21 05:58:28 | record_time.R done.-------------------------------------- 

2022-02-21 06:00:51 | record_time.R ------------------------------------------- 
Timestamp: 2022-02-21 06:00:51 added.
2022-02-21 06:00:51 | record_time.R done.-------------------------------------- 

2022-02-21 06:04:45 | record_time.R ------------------------------------------- 
Timestamp: 2022-02-21 06:04:45 added.
2022-02-21 06:04:45 | record_time.R done.-------------------------------------- 

2022-02-21 06:09:40 | record_time.R ------------------------------------------- 
Timestamp: 2022-02-21 06:09:40 added.
2022-02-21 06:09:41 | record_time.R done.-------------------------------------- 

2022-02-21 06:24:15 | record_time.R ------------------------------------------- 
Timestamp: 2022-02-21 06:24:15 added.
2022-02-21 06:24:15 | record_time.R done.-------------------------------------- 

2022-02-21 06:25:16 | record_time.R ------------------------------------------- 
Timestamp: 2022-02-21 06:25:16 added.
2022-02-21 06:25:16 | record_time.R done.-------------------------------------- 

2022-02-21 06:30:08 | record_time.R ------------------------------------------- 
Timestamp: 2022-02-21 06:30:08 added.
2022-02-21 06:30:08 | record_time.R done.-------------------------------------- 

2022-02-21 06:30:49 | record_time.R ------------------------------------------- 
Timestamp: 2022-02-21 06:30:49 added.
2022-02-21 06:30:49 | record_time.R done.-------------------------------------- 

2022-02-21 08:24:08 | record_time.R ------------------------------------------- 
Timestamp: 2022-02-21 08:24:08 added.
2022-02-21 08:24:08 | record_time.R done.-------------------------------------- 

2022-02-21 08:27:18 | record_time.R ------------------------------------------- 
Timestamp: 2022-02-21 08:27:19 added.
2022-02-21 08:27:19 | record_time.R done.-------------------------------------- 

2022-02-21 08:29:40 | record_time.R ------------------------------------------- 
Timestamp: 2022-02-21 08:29:40 added.
2022-02-21 08:29:40 | record_time.R done.-------------------------------------- 

2022-02-21 08:30:32 | record_time.R ------------------------------------------- 
Timestamp: 2022-02-21 08:30:32 added.
2022-02-21 08:30:32 | record_time.R done.-------------------------------------- 

2022-02-21 08:35:19 | record_time.R ------------------------------------------- 
Timestamp: 2022-02-21 08:35:20 added.
2022-02-21 08:35:20 | record_time.R done.-------------------------------------- 

2022-02-21 08:35:48 | record_time.R ------------------------------------------- 
Timestamp: 2022-02-21 08:35:48 added.
2022-02-21 08:35:48 | record_time.R done.-------------------------------------- 

2022-02-21 08:36:18 | record_time.R ------------------------------------------- 
Timestamp: 2022-02-21 08:36:18 added.
2022-02-21 08:36:18 | record_time.R done.-------------------------------------- 

2022-02-21 08:44:43 | record_time.R ------------------------------------------- 
Timestamp: 2022-02-21 08:44:43 added.
2022-02-21 08:44:43 | record_time.R done.-------------------------------------- 

2022-02-21 08:46:58 | record_time.R ------------------------------------------- 
Timestamp: 2022-02-21 08:46:58 added.
2022-02-21 08:46:58 | record_time.R done.-------------------------------------- 

2022-02-21 16:16:28 | record_time.R ------------------------------------------- 
Timestamp: 2022-02-21 16:16:28 added.
2022-02-21 16:16:28 | record_time.R done.-------------------------------------- 

2022-02-21 18:33:28 | record_time.R ------------------------------------------- 
Timestamp: 2022-02-21 18:33:28 added.
2022-02-21 18:33:28 | record_time.R done.-------------------------------------- 

2022-02-21 20:50:27 | record_time.R ------------------------------------------- 
Timestamp: 2022-02-21 20:50:27 added.
2022-02-21 20:50:27 | record_time.R done.-------------------------------------- 

2022-02-21 23:07:37 | record_time.R ------------------------------------------- 
Timestamp: 2022-02-21 23:07:37 added.
2022-02-21 23:07:37 | record_time.R done.-------------------------------------- 

2022-02-22 01:24:50 | record_time.R ------------------------------------------- 
Timestamp: 2022-02-22 01:24:50 added.
2022-02-22 01:24:50 | record_time.R done.-------------------------------------- 

2022-02-22 03:42:01 | record_time.R ------------------------------------------- 
Timestamp: 2022-02-22 03:42:01 added.
2022-02-22 03:42:01 | record_time.R done.-------------------------------------- 

